
*** Running vivado
    with args -log design_1_axi_iic_0_0.vds -m64 -product Vivado -mode batch -messageDb vivado.pb -notrace -source design_1_axi_iic_0_0.tcl



****** Vivado v2022.1 (64-bit)
  **** SW Build 3526262 on Mon Apr 18 15:48:16 MDT 2022
  **** IP Build 3524634 on Mon Apr 18 20:55:01 MDT 2022
    ** Copyright 1986-2022 Xilinx, Inc. All Rights Reserved.

source design_1_axi_iic_0_0.tcl -notrace
INFO: [IP_Flow 19-234] Refreshing IP repositories
INFO: [IP_Flow 19-1700] Loaded user IP repository 'd:/zynqmp_cam_isp_demo/xil_ip_repo'.
INFO: [IP_Flow 19-2313] Loaded Vivado IP repository 'D:/Xilinx/Vivado/2022.1/data/ip'.
Command: synth_design -top design_1_axi_iic_0_0 -part xck26-sfvc784-2LV-c -incremental_mode off -mode out_of_context
Starting synth_design
Attempting to get a license for feature 'Synthesis' and/or device 'xck26'
INFO: [Common 17-349] Got license for feature 'Synthesis' and/or device 'xck26'
INFO: [Device 21-403] Loading part xck26-sfvc784-2LV-c
INFO: [Synth 8-7079] Multithreading enabled for synth_design using a maximum of 2 processes.
INFO: [Synth 8-7078] Launching helper process for spawning children vivado processes
INFO: [Synth 8-7075] Helper process launched with PID 7916
WARNING: [Synth 8-9501] generate block is allowed only inside loop and conditional generate in SystemVerilog mode [D:/Xilinx/Vivado/2022.1/data/ip/xpm/xpm_fifo/hdl/xpm_fifo.sv:4023]
---------------------------------------------------------------------------------
Starting RTL Elaboration : Time (s): cpu = 00:00:07 ; elapsed = 00:00:08 . Memory (MB): peak = 1701.297 ; gain = 319.781
---------------------------------------------------------------------------------
INFO: [Synth 8-638] synthesizing module 'design_1_axi_iic_0_0' [d:/zynqmp_cam_isp_demo/zynqmp_cam_isp_demo.gen/sources_1/bd/design_1/ip/design_1_axi_iic_0_0/synth/design_1_axi_iic_0_0.vhd:91]
	Parameter C_FAMILY bound to: zynquplus - type: string 
	Parameter C_S_AXI_ADDR_WIDTH bound to: 9 - type: integer 
	Parameter C_S_AXI_DATA_WIDTH bound to: 32 - type: integer 
	Parameter C_IIC_FREQ bound to: 100000 - type: integer 
	Parameter C_TEN_BIT_ADR bound to: 0 - type: integer 
	Parameter C_GPO_WIDTH bound to: 1 - type: integer 
	Parameter C_S_AXI_ACLK_FREQ_HZ bound to: 150074602 - type: integer 
	Parameter C_SCL_INERTIAL_DELAY bound to: 0 - type: integer 
	Parameter C_SDA_INERTIAL_DELAY bound to: 0 - type: integer 
	Parameter C_SDA_LEVEL bound to: 1 - type: integer 
	Parameter C_SMBUS_PMBUS_HOST bound to: 0 - type: integer 
	Parameter C_DISABLE_SETUP_VIOLATION_CHECK bound to: 0 - type: integer 
	Parameter C_STATIC_TIMING_REG_WIDTH bound to: 0 - type: integer 
	Parameter C_TIMING_REG_WIDTH bound to: 32 - type: integer 
	Parameter C_DEFAULT_VALUE bound to: 8'b00000000 
INFO: [Synth 8-3491] module 'axi_iic' declared at 'd:/zynqmp_cam_isp_demo/zynqmp_cam_isp_demo.gen/sources_1/bd/design_1/ipshared/eddf/hdl/axi_iic_v2_1_vh_rfs.vhd:6832' bound to instance 'U0' of component 'axi_iic' [d:/zynqmp_cam_isp_demo/zynqmp_cam_isp_demo.gen/sources_1/bd/design_1/ip/design_1_axi_iic_0_0/synth/design_1_axi_iic_0_0.vhd:184]
INFO: [Synth 8-638] synthesizing module 'axi_iic' [d:/zynqmp_cam_isp_demo/zynqmp_cam_isp_demo.gen/sources_1/bd/design_1/ipshared/eddf/hdl/axi_iic_v2_1_vh_rfs.vhd:6906]
INFO: [Synth 8-638] synthesizing module 'iic' [d:/zynqmp_cam_isp_demo/zynqmp_cam_isp_demo.gen/sources_1/bd/design_1/ipshared/eddf/hdl/axi_iic_v2_1_vh_rfs.vhd:6210]
INFO: [Synth 8-638] synthesizing module 'axi_ipif_ssp1' [d:/zynqmp_cam_isp_demo/zynqmp_cam_isp_demo.gen/sources_1/bd/design_1/ipshared/eddf/hdl/axi_iic_v2_1_vh_rfs.vhd:5677]
INFO: [Synth 8-638] synthesizing module 'axi_lite_ipif' [d:/zynqmp_cam_isp_demo/zynqmp_cam_isp_demo.gen/sources_1/bd/design_1/ipshared/66ea/hdl/axi_lite_ipif_v3_0_vh_rfs.vhd:2948]
INFO: [Synth 8-638] synthesizing module 'slave_attachment' [d:/zynqmp_cam_isp_demo/zynqmp_cam_isp_demo.gen/sources_1/bd/design_1/ipshared/66ea/hdl/axi_lite_ipif_v3_0_vh_rfs.vhd:2341]
INFO: [Synth 8-638] synthesizing module 'address_decoder' [d:/zynqmp_cam_isp_demo/zynqmp_cam_isp_demo.gen/sources_1/bd/design_1/ipshared/66ea/hdl/axi_lite_ipif_v3_0_vh_rfs.vhd:1775]
INFO: [Synth 8-638] synthesizing module 'pselect_f' [d:/zynqmp_cam_isp_demo/zynqmp_cam_isp_demo.gen/sources_1/bd/design_1/ipshared/66ea/hdl/axi_lite_ipif_v3_0_vh_rfs.vhd:1534]
INFO: [Synth 8-256] done synthesizing module 'pselect_f' (0#1) [d:/zynqmp_cam_isp_demo/zynqmp_cam_isp_demo.gen/sources_1/bd/design_1/ipshared/66ea/hdl/axi_lite_ipif_v3_0_vh_rfs.vhd:1534]
INFO: [Synth 8-638] synthesizing module 'pselect_f__parameterized0' [d:/zynqmp_cam_isp_demo/zynqmp_cam_isp_demo.gen/sources_1/bd/design_1/ipshared/66ea/hdl/axi_lite_ipif_v3_0_vh_rfs.vhd:1534]
INFO: [Synth 8-256] done synthesizing module 'pselect_f__parameterized0' (0#1) [d:/zynqmp_cam_isp_demo/zynqmp_cam_isp_demo.gen/sources_1/bd/design_1/ipshared/66ea/hdl/axi_lite_ipif_v3_0_vh_rfs.vhd:1534]
INFO: [Synth 8-638] synthesizing module 'pselect_f__parameterized1' [d:/zynqmp_cam_isp_demo/zynqmp_cam_isp_demo.gen/sources_1/bd/design_1/ipshared/66ea/hdl/axi_lite_ipif_v3_0_vh_rfs.vhd:1534]
INFO: [Synth 8-256] done synthesizing module 'pselect_f__parameterized1' (0#1) [d:/zynqmp_cam_isp_demo/zynqmp_cam_isp_demo.gen/sources_1/bd/design_1/ipshared/66ea/hdl/axi_lite_ipif_v3_0_vh_rfs.vhd:1534]
INFO: [Synth 8-638] synthesizing module 'pselect_f__parameterized2' [d:/zynqmp_cam_isp_demo/zynqmp_cam_isp_demo.gen/sources_1/bd/design_1/ipshared/66ea/hdl/axi_lite_ipif_v3_0_vh_rfs.vhd:1534]
INFO: [Synth 8-256] done synthesizing module 'pselect_f__parameterized2' (0#1) [d:/zynqmp_cam_isp_demo/zynqmp_cam_isp_demo.gen/sources_1/bd/design_1/ipshared/66ea/hdl/axi_lite_ipif_v3_0_vh_rfs.vhd:1534]
INFO: [Synth 8-638] synthesizing module 'pselect_f__parameterized3' [d:/zynqmp_cam_isp_demo/zynqmp_cam_isp_demo.gen/sources_1/bd/design_1/ipshared/66ea/hdl/axi_lite_ipif_v3_0_vh_rfs.vhd:1534]
INFO: [Synth 8-256] done synthesizing module 'pselect_f__parameterized3' (0#1) [d:/zynqmp_cam_isp_demo/zynqmp_cam_isp_demo.gen/sources_1/bd/design_1/ipshared/66ea/hdl/axi_lite_ipif_v3_0_vh_rfs.vhd:1534]
INFO: [Synth 8-638] synthesizing module 'pselect_f__parameterized4' [d:/zynqmp_cam_isp_demo/zynqmp_cam_isp_demo.gen/sources_1/bd/design_1/ipshared/66ea/hdl/axi_lite_ipif_v3_0_vh_rfs.vhd:1534]
INFO: [Synth 8-256] done synthesizing module 'pselect_f__parameterized4' (0#1) [d:/zynqmp_cam_isp_demo/zynqmp_cam_isp_demo.gen/sources_1/bd/design_1/ipshared/66ea/hdl/axi_lite_ipif_v3_0_vh_rfs.vhd:1534]
INFO: [Synth 8-638] synthesizing module 'pselect_f__parameterized5' [d:/zynqmp_cam_isp_demo/zynqmp_cam_isp_demo.gen/sources_1/bd/design_1/ipshared/66ea/hdl/axi_lite_ipif_v3_0_vh_rfs.vhd:1534]
INFO: [Synth 8-256] done synthesizing module 'pselect_f__parameterized5' (0#1) [d:/zynqmp_cam_isp_demo/zynqmp_cam_isp_demo.gen/sources_1/bd/design_1/ipshared/66ea/hdl/axi_lite_ipif_v3_0_vh_rfs.vhd:1534]
INFO: [Synth 8-638] synthesizing module 'pselect_f__parameterized6' [d:/zynqmp_cam_isp_demo/zynqmp_cam_isp_demo.gen/sources_1/bd/design_1/ipshared/66ea/hdl/axi_lite_ipif_v3_0_vh_rfs.vhd:1534]
INFO: [Synth 8-256] done synthesizing module 'pselect_f__parameterized6' (0#1) [d:/zynqmp_cam_isp_demo/zynqmp_cam_isp_demo.gen/sources_1/bd/design_1/ipshared/66ea/hdl/axi_lite_ipif_v3_0_vh_rfs.vhd:1534]
INFO: [Synth 8-638] synthesizing module 'pselect_f__parameterized7' [d:/zynqmp_cam_isp_demo/zynqmp_cam_isp_demo.gen/sources_1/bd/design_1/ipshared/66ea/hdl/axi_lite_ipif_v3_0_vh_rfs.vhd:1534]
INFO: [Synth 8-256] done synthesizing module 'pselect_f__parameterized7' (0#1) [d:/zynqmp_cam_isp_demo/zynqmp_cam_isp_demo.gen/sources_1/bd/design_1/ipshared/66ea/hdl/axi_lite_ipif_v3_0_vh_rfs.vhd:1534]
INFO: [Synth 8-638] synthesizing module 'pselect_f__parameterized8' [d:/zynqmp_cam_isp_demo/zynqmp_cam_isp_demo.gen/sources_1/bd/design_1/ipshared/66ea/hdl/axi_lite_ipif_v3_0_vh_rfs.vhd:1534]
INFO: [Synth 8-256] done synthesizing module 'pselect_f__parameterized8' (0#1) [d:/zynqmp_cam_isp_demo/zynqmp_cam_isp_demo.gen/sources_1/bd/design_1/ipshared/66ea/hdl/axi_lite_ipif_v3_0_vh_rfs.vhd:1534]
INFO: [Synth 8-638] synthesizing module 'pselect_f__parameterized9' [d:/zynqmp_cam_isp_demo/zynqmp_cam_isp_demo.gen/sources_1/bd/design_1/ipshared/66ea/hdl/axi_lite_ipif_v3_0_vh_rfs.vhd:1534]
INFO: [Synth 8-256] done synthesizing module 'pselect_f__parameterized9' (0#1) [d:/zynqmp_cam_isp_demo/zynqmp_cam_isp_demo.gen/sources_1/bd/design_1/ipshared/66ea/hdl/axi_lite_ipif_v3_0_vh_rfs.vhd:1534]
INFO: [Synth 8-638] synthesizing module 'pselect_f__parameterized10' [d:/zynqmp_cam_isp_demo/zynqmp_cam_isp_demo.gen/sources_1/bd/design_1/ipshared/66ea/hdl/axi_lite_ipif_v3_0_vh_rfs.vhd:1534]
INFO: [Synth 8-256] done synthesizing module 'pselect_f__parameterized10' (0#1) [d:/zynqmp_cam_isp_demo/zynqmp_cam_isp_demo.gen/sources_1/bd/design_1/ipshared/66ea/hdl/axi_lite_ipif_v3_0_vh_rfs.vhd:1534]
INFO: [Synth 8-638] synthesizing module 'pselect_f__parameterized11' [d:/zynqmp_cam_isp_demo/zynqmp_cam_isp_demo.gen/sources_1/bd/design_1/ipshared/66ea/hdl/axi_lite_ipif_v3_0_vh_rfs.vhd:1534]
INFO: [Synth 8-256] done synthesizing module 'pselect_f__parameterized11' (0#1) [d:/zynqmp_cam_isp_demo/zynqmp_cam_isp_demo.gen/sources_1/bd/design_1/ipshared/66ea/hdl/axi_lite_ipif_v3_0_vh_rfs.vhd:1534]
INFO: [Synth 8-638] synthesizing module 'pselect_f__parameterized12' [d:/zynqmp_cam_isp_demo/zynqmp_cam_isp_demo.gen/sources_1/bd/design_1/ipshared/66ea/hdl/axi_lite_ipif_v3_0_vh_rfs.vhd:1534]
INFO: [Synth 8-256] done synthesizing module 'pselect_f__parameterized12' (0#1) [d:/zynqmp_cam_isp_demo/zynqmp_cam_isp_demo.gen/sources_1/bd/design_1/ipshared/66ea/hdl/axi_lite_ipif_v3_0_vh_rfs.vhd:1534]
INFO: [Synth 8-638] synthesizing module 'pselect_f__parameterized13' [d:/zynqmp_cam_isp_demo/zynqmp_cam_isp_demo.gen/sources_1/bd/design_1/ipshared/66ea/hdl/axi_lite_ipif_v3_0_vh_rfs.vhd:1534]
INFO: [Synth 8-256] done synthesizing module 'pselect_f__parameterized13' (0#1) [d:/zynqmp_cam_isp_demo/zynqmp_cam_isp_demo.gen/sources_1/bd/design_1/ipshared/66ea/hdl/axi_lite_ipif_v3_0_vh_rfs.vhd:1534]
INFO: [Synth 8-638] synthesizing module 'pselect_f__parameterized14' [d:/zynqmp_cam_isp_demo/zynqmp_cam_isp_demo.gen/sources_1/bd/design_1/ipshared/66ea/hdl/axi_lite_ipif_v3_0_vh_rfs.vhd:1534]
INFO: [Synth 8-256] done synthesizing module 'pselect_f__parameterized14' (0#1) [d:/zynqmp_cam_isp_demo/zynqmp_cam_isp_demo.gen/sources_1/bd/design_1/ipshared/66ea/hdl/axi_lite_ipif_v3_0_vh_rfs.vhd:1534]
INFO: [Synth 8-638] synthesizing module 'pselect_f__parameterized15' [d:/zynqmp_cam_isp_demo/zynqmp_cam_isp_demo.gen/sources_1/bd/design_1/ipshared/66ea/hdl/axi_lite_ipif_v3_0_vh_rfs.vhd:1534]
INFO: [Synth 8-256] done synthesizing module 'pselect_f__parameterized15' (0#1) [d:/zynqmp_cam_isp_demo/zynqmp_cam_isp_demo.gen/sources_1/bd/design_1/ipshared/66ea/hdl/axi_lite_ipif_v3_0_vh_rfs.vhd:1534]
INFO: [Synth 8-638] synthesizing module 'pselect_f__parameterized16' [d:/zynqmp_cam_isp_demo/zynqmp_cam_isp_demo.gen/sources_1/bd/design_1/ipshared/66ea/hdl/axi_lite_ipif_v3_0_vh_rfs.vhd:1534]
INFO: [Synth 8-256] done synthesizing module 'pselect_f__parameterized16' (0#1) [d:/zynqmp_cam_isp_demo/zynqmp_cam_isp_demo.gen/sources_1/bd/design_1/ipshared/66ea/hdl/axi_lite_ipif_v3_0_vh_rfs.vhd:1534]
INFO: [Synth 8-638] synthesizing module 'pselect_f__parameterized17' [d:/zynqmp_cam_isp_demo/zynqmp_cam_isp_demo.gen/sources_1/bd/design_1/ipshared/66ea/hdl/axi_lite_ipif_v3_0_vh_rfs.vhd:1534]
INFO: [Synth 8-256] done synthesizing module 'pselect_f__parameterized17' (0#1) [d:/zynqmp_cam_isp_demo/zynqmp_cam_isp_demo.gen/sources_1/bd/design_1/ipshared/66ea/hdl/axi_lite_ipif_v3_0_vh_rfs.vhd:1534]
INFO: [Synth 8-638] synthesizing module 'pselect_f__parameterized18' [d:/zynqmp_cam_isp_demo/zynqmp_cam_isp_demo.gen/sources_1/bd/design_1/ipshared/66ea/hdl/axi_lite_ipif_v3_0_vh_rfs.vhd:1534]
INFO: [Synth 8-256] done synthesizing module 'pselect_f__parameterized18' (0#1) [d:/zynqmp_cam_isp_demo/zynqmp_cam_isp_demo.gen/sources_1/bd/design_1/ipshared/66ea/hdl/axi_lite_ipif_v3_0_vh_rfs.vhd:1534]
INFO: [Synth 8-638] synthesizing module 'pselect_f__parameterized19' [d:/zynqmp_cam_isp_demo/zynqmp_cam_isp_demo.gen/sources_1/bd/design_1/ipshared/66ea/hdl/axi_lite_ipif_v3_0_vh_rfs.vhd:1534]
INFO: [Synth 8-256] done synthesizing module 'pselect_f__parameterized19' (0#1) [d:/zynqmp_cam_isp_demo/zynqmp_cam_isp_demo.gen/sources_1/bd/design_1/ipshared/66ea/hdl/axi_lite_ipif_v3_0_vh_rfs.vhd:1534]
INFO: [Synth 8-638] synthesizing module 'pselect_f__parameterized20' [d:/zynqmp_cam_isp_demo/zynqmp_cam_isp_demo.gen/sources_1/bd/design_1/ipshared/66ea/hdl/axi_lite_ipif_v3_0_vh_rfs.vhd:1534]
INFO: [Synth 8-256] done synthesizing module 'pselect_f__parameterized20' (0#1) [d:/zynqmp_cam_isp_demo/zynqmp_cam_isp_demo.gen/sources_1/bd/design_1/ipshared/66ea/hdl/axi_lite_ipif_v3_0_vh_rfs.vhd:1534]
INFO: [Synth 8-638] synthesizing module 'pselect_f__parameterized21' [d:/zynqmp_cam_isp_demo/zynqmp_cam_isp_demo.gen/sources_1/bd/design_1/ipshared/66ea/hdl/axi_lite_ipif_v3_0_vh_rfs.vhd:1534]
INFO: [Synth 8-256] done synthesizing module 'pselect_f__parameterized21' (0#1) [d:/zynqmp_cam_isp_demo/zynqmp_cam_isp_demo.gen/sources_1/bd/design_1/ipshared/66ea/hdl/axi_lite_ipif_v3_0_vh_rfs.vhd:1534]
INFO: [Synth 8-638] synthesizing module 'pselect_f__parameterized22' [d:/zynqmp_cam_isp_demo/zynqmp_cam_isp_demo.gen/sources_1/bd/design_1/ipshared/66ea/hdl/axi_lite_ipif_v3_0_vh_rfs.vhd:1534]
INFO: [Synth 8-256] done synthesizing module 'pselect_f__parameterized22' (0#1) [d:/zynqmp_cam_isp_demo/zynqmp_cam_isp_demo.gen/sources_1/bd/design_1/ipshared/66ea/hdl/axi_lite_ipif_v3_0_vh_rfs.vhd:1534]
INFO: [Synth 8-638] synthesizing module 'pselect_f__parameterized23' [d:/zynqmp_cam_isp_demo/zynqmp_cam_isp_demo.gen/sources_1/bd/design_1/ipshared/66ea/hdl/axi_lite_ipif_v3_0_vh_rfs.vhd:1534]
INFO: [Synth 8-256] done synthesizing module 'pselect_f__parameterized23' (0#1) [d:/zynqmp_cam_isp_demo/zynqmp_cam_isp_demo.gen/sources_1/bd/design_1/ipshared/66ea/hdl/axi_lite_ipif_v3_0_vh_rfs.vhd:1534]
INFO: [Synth 8-638] synthesizing module 'pselect_f__parameterized24' [d:/zynqmp_cam_isp_demo/zynqmp_cam_isp_demo.gen/sources_1/bd/design_1/ipshared/66ea/hdl/axi_lite_ipif_v3_0_vh_rfs.vhd:1534]
INFO: [Synth 8-256] done synthesizing module 'pselect_f__parameterized24' (0#1) [d:/zynqmp_cam_isp_demo/zynqmp_cam_isp_demo.gen/sources_1/bd/design_1/ipshared/66ea/hdl/axi_lite_ipif_v3_0_vh_rfs.vhd:1534]
INFO: [Synth 8-638] synthesizing module 'pselect_f__parameterized25' [d:/zynqmp_cam_isp_demo/zynqmp_cam_isp_demo.gen/sources_1/bd/design_1/ipshared/66ea/hdl/axi_lite_ipif_v3_0_vh_rfs.vhd:1534]
INFO: [Synth 8-256] done synthesizing module 'pselect_f__parameterized25' (0#1) [d:/zynqmp_cam_isp_demo/zynqmp_cam_isp_demo.gen/sources_1/bd/design_1/ipshared/66ea/hdl/axi_lite_ipif_v3_0_vh_rfs.vhd:1534]
INFO: [Synth 8-638] synthesizing module 'pselect_f__parameterized26' [d:/zynqmp_cam_isp_demo/zynqmp_cam_isp_demo.gen/sources_1/bd/design_1/ipshared/66ea/hdl/axi_lite_ipif_v3_0_vh_rfs.vhd:1534]
INFO: [Synth 8-256] done synthesizing module 'pselect_f__parameterized26' (0#1) [d:/zynqmp_cam_isp_demo/zynqmp_cam_isp_demo.gen/sources_1/bd/design_1/ipshared/66ea/hdl/axi_lite_ipif_v3_0_vh_rfs.vhd:1534]
INFO: [Synth 8-638] synthesizing module 'pselect_f__parameterized27' [d:/zynqmp_cam_isp_demo/zynqmp_cam_isp_demo.gen/sources_1/bd/design_1/ipshared/66ea/hdl/axi_lite_ipif_v3_0_vh_rfs.vhd:1534]
INFO: [Synth 8-256] done synthesizing module 'pselect_f__parameterized27' (0#1) [d:/zynqmp_cam_isp_demo/zynqmp_cam_isp_demo.gen/sources_1/bd/design_1/ipshared/66ea/hdl/axi_lite_ipif_v3_0_vh_rfs.vhd:1534]
INFO: [Synth 8-638] synthesizing module 'pselect_f__parameterized28' [d:/zynqmp_cam_isp_demo/zynqmp_cam_isp_demo.gen/sources_1/bd/design_1/ipshared/66ea/hdl/axi_lite_ipif_v3_0_vh_rfs.vhd:1534]
INFO: [Synth 8-256] done synthesizing module 'pselect_f__parameterized28' (0#1) [d:/zynqmp_cam_isp_demo/zynqmp_cam_isp_demo.gen/sources_1/bd/design_1/ipshared/66ea/hdl/axi_lite_ipif_v3_0_vh_rfs.vhd:1534]
INFO: [Synth 8-638] synthesizing module 'pselect_f__parameterized29' [d:/zynqmp_cam_isp_demo/zynqmp_cam_isp_demo.gen/sources_1/bd/design_1/ipshared/66ea/hdl/axi_lite_ipif_v3_0_vh_rfs.vhd:1534]
INFO: [Synth 8-256] done synthesizing module 'pselect_f__parameterized29' (0#1) [d:/zynqmp_cam_isp_demo/zynqmp_cam_isp_demo.gen/sources_1/bd/design_1/ipshared/66ea/hdl/axi_lite_ipif_v3_0_vh_rfs.vhd:1534]
INFO: [Synth 8-638] synthesizing module 'pselect_f__parameterized30' [d:/zynqmp_cam_isp_demo/zynqmp_cam_isp_demo.gen/sources_1/bd/design_1/ipshared/66ea/hdl/axi_lite_ipif_v3_0_vh_rfs.vhd:1534]
INFO: [Synth 8-256] done synthesizing module 'pselect_f__parameterized30' (0#1) [d:/zynqmp_cam_isp_demo/zynqmp_cam_isp_demo.gen/sources_1/bd/design_1/ipshared/66ea/hdl/axi_lite_ipif_v3_0_vh_rfs.vhd:1534]
INFO: [Synth 8-638] synthesizing module 'pselect_f__parameterized31' [d:/zynqmp_cam_isp_demo/zynqmp_cam_isp_demo.gen/sources_1/bd/design_1/ipshared/66ea/hdl/axi_lite_ipif_v3_0_vh_rfs.vhd:1534]
INFO: [Synth 8-256] done synthesizing module 'pselect_f__parameterized31' (0#1) [d:/zynqmp_cam_isp_demo/zynqmp_cam_isp_demo.gen/sources_1/bd/design_1/ipshared/66ea/hdl/axi_lite_ipif_v3_0_vh_rfs.vhd:1534]
INFO: [Synth 8-638] synthesizing module 'pselect_f__parameterized32' [d:/zynqmp_cam_isp_demo/zynqmp_cam_isp_demo.gen/sources_1/bd/design_1/ipshared/66ea/hdl/axi_lite_ipif_v3_0_vh_rfs.vhd:1534]
INFO: [Synth 8-256] done synthesizing module 'pselect_f__parameterized32' (0#1) [d:/zynqmp_cam_isp_demo/zynqmp_cam_isp_demo.gen/sources_1/bd/design_1/ipshared/66ea/hdl/axi_lite_ipif_v3_0_vh_rfs.vhd:1534]
INFO: [Synth 8-638] synthesizing module 'pselect_f__parameterized33' [d:/zynqmp_cam_isp_demo/zynqmp_cam_isp_demo.gen/sources_1/bd/design_1/ipshared/66ea/hdl/axi_lite_ipif_v3_0_vh_rfs.vhd:1534]
INFO: [Synth 8-256] done synthesizing module 'pselect_f__parameterized33' (0#1) [d:/zynqmp_cam_isp_demo/zynqmp_cam_isp_demo.gen/sources_1/bd/design_1/ipshared/66ea/hdl/axi_lite_ipif_v3_0_vh_rfs.vhd:1534]
INFO: [Synth 8-638] synthesizing module 'pselect_f__parameterized34' [d:/zynqmp_cam_isp_demo/zynqmp_cam_isp_demo.gen/sources_1/bd/design_1/ipshared/66ea/hdl/axi_lite_ipif_v3_0_vh_rfs.vhd:1534]
INFO: [Synth 8-256] done synthesizing module 'pselect_f__parameterized34' (0#1) [d:/zynqmp_cam_isp_demo/zynqmp_cam_isp_demo.gen/sources_1/bd/design_1/ipshared/66ea/hdl/axi_lite_ipif_v3_0_vh_rfs.vhd:1534]
INFO: [Synth 8-638] synthesizing module 'pselect_f__parameterized35' [d:/zynqmp_cam_isp_demo/zynqmp_cam_isp_demo.gen/sources_1/bd/design_1/ipshared/66ea/hdl/axi_lite_ipif_v3_0_vh_rfs.vhd:1534]
INFO: [Synth 8-256] done synthesizing module 'pselect_f__parameterized35' (0#1) [d:/zynqmp_cam_isp_demo/zynqmp_cam_isp_demo.gen/sources_1/bd/design_1/ipshared/66ea/hdl/axi_lite_ipif_v3_0_vh_rfs.vhd:1534]
INFO: [Synth 8-256] done synthesizing module 'address_decoder' (0#1) [d:/zynqmp_cam_isp_demo/zynqmp_cam_isp_demo.gen/sources_1/bd/design_1/ipshared/66ea/hdl/axi_lite_ipif_v3_0_vh_rfs.vhd:1775]
INFO: [Synth 8-226] default block is never used [d:/zynqmp_cam_isp_demo/zynqmp_cam_isp_demo.gen/sources_1/bd/design_1/ipshared/66ea/hdl/axi_lite_ipif_v3_0_vh_rfs.vhd:2550]
INFO: [Synth 8-256] done synthesizing module 'slave_attachment' (0#1) [d:/zynqmp_cam_isp_demo/zynqmp_cam_isp_demo.gen/sources_1/bd/design_1/ipshared/66ea/hdl/axi_lite_ipif_v3_0_vh_rfs.vhd:2341]
INFO: [Synth 8-256] done synthesizing module 'axi_lite_ipif' (0#1) [d:/zynqmp_cam_isp_demo/zynqmp_cam_isp_demo.gen/sources_1/bd/design_1/ipshared/66ea/hdl/axi_lite_ipif_v3_0_vh_rfs.vhd:2948]
INFO: [Synth 8-638] synthesizing module 'interrupt_control' [d:/zynqmp_cam_isp_demo/zynqmp_cam_isp_demo.gen/sources_1/bd/design_1/ipshared/a040/hdl/interrupt_control_v3_1_vh_rfs.vhd:259]
INFO: [Synth 8-256] done synthesizing module 'interrupt_control' (0#1) [d:/zynqmp_cam_isp_demo/zynqmp_cam_isp_demo.gen/sources_1/bd/design_1/ipshared/a040/hdl/interrupt_control_v3_1_vh_rfs.vhd:259]
INFO: [Synth 8-638] synthesizing module 'soft_reset' [d:/zynqmp_cam_isp_demo/zynqmp_cam_isp_demo.gen/sources_1/bd/design_1/ipshared/eddf/hdl/axi_iic_v2_1_vh_rfs.vhd:141]
INFO: [Synth 8-113] binding component instance 'RST_FLOPS' to cell 'FDRSE' [d:/zynqmp_cam_isp_demo/zynqmp_cam_isp_demo.gen/sources_1/bd/design_1/ipshared/eddf/hdl/axi_iic_v2_1_vh_rfs.vhd:272]
INFO: [Synth 8-113] binding component instance 'RST_FLOPS' to cell 'FDRSE' [d:/zynqmp_cam_isp_demo/zynqmp_cam_isp_demo.gen/sources_1/bd/design_1/ipshared/eddf/hdl/axi_iic_v2_1_vh_rfs.vhd:272]
INFO: [Synth 8-113] binding component instance 'RST_FLOPS' to cell 'FDRSE' [d:/zynqmp_cam_isp_demo/zynqmp_cam_isp_demo.gen/sources_1/bd/design_1/ipshared/eddf/hdl/axi_iic_v2_1_vh_rfs.vhd:272]
INFO: [Synth 8-113] binding component instance 'RST_FLOPS' to cell 'FDRSE' [d:/zynqmp_cam_isp_demo/zynqmp_cam_isp_demo.gen/sources_1/bd/design_1/ipshared/eddf/hdl/axi_iic_v2_1_vh_rfs.vhd:272]
INFO: [Synth 8-113] binding component instance 'FF_WRACK' to cell 'FDRSE' [d:/zynqmp_cam_isp_demo/zynqmp_cam_isp_demo.gen/sources_1/bd/design_1/ipshared/eddf/hdl/axi_iic_v2_1_vh_rfs.vhd:295]
INFO: [Synth 8-256] done synthesizing module 'soft_reset' (0#1) [d:/zynqmp_cam_isp_demo/zynqmp_cam_isp_demo.gen/sources_1/bd/design_1/ipshared/eddf/hdl/axi_iic_v2_1_vh_rfs.vhd:141]
INFO: [Synth 8-256] done synthesizing module 'axi_ipif_ssp1' (0#1) [d:/zynqmp_cam_isp_demo/zynqmp_cam_isp_demo.gen/sources_1/bd/design_1/ipshared/eddf/hdl/axi_iic_v2_1_vh_rfs.vhd:5677]
INFO: [Synth 8-638] synthesizing module 'reg_interface' [d:/zynqmp_cam_isp_demo/zynqmp_cam_isp_demo.gen/sources_1/bd/design_1/ipshared/eddf/hdl/axi_iic_v2_1_vh_rfs.vhd:1685]
INFO: [Synth 8-256] done synthesizing module 'reg_interface' (0#1) [d:/zynqmp_cam_isp_demo/zynqmp_cam_isp_demo.gen/sources_1/bd/design_1/ipshared/eddf/hdl/axi_iic_v2_1_vh_rfs.vhd:1685]
INFO: [Synth 8-638] synthesizing module 'filter' [d:/zynqmp_cam_isp_demo/zynqmp_cam_isp_demo.gen/sources_1/bd/design_1/ipshared/eddf/hdl/axi_iic_v2_1_vh_rfs.vhd:5001]
INFO: [Synth 8-638] synthesizing module 'debounce' [d:/zynqmp_cam_isp_demo/zynqmp_cam_isp_demo.gen/sources_1/bd/design_1/ipshared/eddf/hdl/axi_iic_v2_1_vh_rfs.vhd:1315]
INFO: [Synth 8-638] synthesizing module 'cdc_sync' [d:/zynqmp_cam_isp_demo/zynqmp_cam_isp_demo.gen/sources_1/bd/design_1/ipshared/ef1e/hdl/lib_cdc_v1_0_rfs.vhd:106]
	Parameter INIT bound to: 1'b0 
INFO: [Synth 8-113] binding component instance 'CROSS_PLEVEL_IN2SCNDRY_IN_cdc_to' to cell 'FDR' [d:/zynqmp_cam_isp_demo/zynqmp_cam_isp_demo.gen/sources_1/bd/design_1/ipshared/ef1e/hdl/lib_cdc_v1_0_rfs.vhd:514]
	Parameter INIT bound to: 1'b0 
INFO: [Synth 8-113] binding component instance 'CROSS_PLEVEL_IN2SCNDRY_s_level_out_d2' to cell 'FDR' [d:/zynqmp_cam_isp_demo/zynqmp_cam_isp_demo.gen/sources_1/bd/design_1/ipshared/ef1e/hdl/lib_cdc_v1_0_rfs.vhd:545]
	Parameter INIT bound to: 1'b0 
INFO: [Synth 8-113] binding component instance 'CROSS_PLEVEL_IN2SCNDRY_s_level_out_d3' to cell 'FDR' [d:/zynqmp_cam_isp_demo/zynqmp_cam_isp_demo.gen/sources_1/bd/design_1/ipshared/ef1e/hdl/lib_cdc_v1_0_rfs.vhd:554]
	Parameter INIT bound to: 1'b0 
INFO: [Synth 8-113] binding component instance 'CROSS_PLEVEL_IN2SCNDRY_s_level_out_d4' to cell 'FDR' [d:/zynqmp_cam_isp_demo/zynqmp_cam_isp_demo.gen/sources_1/bd/design_1/ipshared/ef1e/hdl/lib_cdc_v1_0_rfs.vhd:564]
	Parameter INIT bound to: 1'b0 
INFO: [Synth 8-113] binding component instance 'CROSS_PLEVEL_IN2SCNDRY_s_level_out_d5' to cell 'FDR' [d:/zynqmp_cam_isp_demo/zynqmp_cam_isp_demo.gen/sources_1/bd/design_1/ipshared/ef1e/hdl/lib_cdc_v1_0_rfs.vhd:574]
	Parameter INIT bound to: 1'b0 
INFO: [Synth 8-113] binding component instance 'CROSS_PLEVEL_IN2SCNDRY_s_level_out_d6' to cell 'FDR' [d:/zynqmp_cam_isp_demo/zynqmp_cam_isp_demo.gen/sources_1/bd/design_1/ipshared/ef1e/hdl/lib_cdc_v1_0_rfs.vhd:584]
INFO: [Synth 8-256] done synthesizing module 'cdc_sync' (0#1) [d:/zynqmp_cam_isp_demo/zynqmp_cam_isp_demo.gen/sources_1/bd/design_1/ipshared/ef1e/hdl/lib_cdc_v1_0_rfs.vhd:106]
INFO: [Synth 8-256] done synthesizing module 'debounce' (0#1) [d:/zynqmp_cam_isp_demo/zynqmp_cam_isp_demo.gen/sources_1/bd/design_1/ipshared/eddf/hdl/axi_iic_v2_1_vh_rfs.vhd:1315]
INFO: [Synth 8-256] done synthesizing module 'filter' (0#1) [d:/zynqmp_cam_isp_demo/zynqmp_cam_isp_demo.gen/sources_1/bd/design_1/ipshared/eddf/hdl/axi_iic_v2_1_vh_rfs.vhd:5001]
INFO: [Synth 8-638] synthesizing module 'iic_control' [d:/zynqmp_cam_isp_demo/zynqmp_cam_isp_demo.gen/sources_1/bd/design_1/ipshared/eddf/hdl/axi_iic_v2_1_vh_rfs.vhd:2919]
INFO: [Synth 8-638] synthesizing module 'upcnt_n' [d:/zynqmp_cam_isp_demo/zynqmp_cam_isp_demo.gen/sources_1/bd/design_1/ipshared/eddf/hdl/axi_iic_v2_1_vh_rfs.vhd:740]
INFO: [Synth 8-256] done synthesizing module 'upcnt_n' (0#1) [d:/zynqmp_cam_isp_demo/zynqmp_cam_isp_demo.gen/sources_1/bd/design_1/ipshared/eddf/hdl/axi_iic_v2_1_vh_rfs.vhd:740]
INFO: [Synth 8-638] synthesizing module 'shift8' [d:/zynqmp_cam_isp_demo/zynqmp_cam_isp_demo.gen/sources_1/bd/design_1/ipshared/eddf/hdl/axi_iic_v2_1_vh_rfs.vhd:897]
INFO: [Synth 8-256] done synthesizing module 'shift8' (0#1) [d:/zynqmp_cam_isp_demo/zynqmp_cam_isp_demo.gen/sources_1/bd/design_1/ipshared/eddf/hdl/axi_iic_v2_1_vh_rfs.vhd:897]
INFO: [Synth 8-638] synthesizing module 'upcnt_n__parameterized0' [d:/zynqmp_cam_isp_demo/zynqmp_cam_isp_demo.gen/sources_1/bd/design_1/ipshared/eddf/hdl/axi_iic_v2_1_vh_rfs.vhd:740]
INFO: [Synth 8-256] done synthesizing module 'upcnt_n__parameterized0' (0#1) [d:/zynqmp_cam_isp_demo/zynqmp_cam_isp_demo.gen/sources_1/bd/design_1/ipshared/eddf/hdl/axi_iic_v2_1_vh_rfs.vhd:740]
INFO: [Synth 8-256] done synthesizing module 'iic_control' (0#1) [d:/zynqmp_cam_isp_demo/zynqmp_cam_isp_demo.gen/sources_1/bd/design_1/ipshared/eddf/hdl/axi_iic_v2_1_vh_rfs.vhd:2919]
INFO: [Synth 8-638] synthesizing module 'SRL_FIFO' [d:/zynqmp_cam_isp_demo/zynqmp_cam_isp_demo.gen/sources_1/bd/design_1/ipshared/eddf/hdl/axi_iic_v2_1_vh_rfs.vhd:449]
INFO: [Synth 8-3491] module 'FDR' declared at 'D:/Xilinx/Vivado/2022.1/scripts/rt/data/unisim_comp.v:27823' bound to instance 'Data_Exists_DFF' of component 'FDR' [d:/zynqmp_cam_isp_demo/zynqmp_cam_isp_demo.gen/sources_1/bd/design_1/ipshared/eddf/hdl/axi_iic_v2_1_vh_rfs.vhd:543]
INFO: [Synth 8-6157] synthesizing module 'FDR' [D:/Xilinx/Vivado/2022.1/scripts/rt/data/unisim_comp.v:27823]
INFO: [Synth 8-6155] done synthesizing module 'FDR' (0#1) [D:/Xilinx/Vivado/2022.1/scripts/rt/data/unisim_comp.v:27823]
INFO: [Synth 8-3491] module 'MUXCY_L' declared at 'D:/Xilinx/Vivado/2022.1/scripts/rt/data/unisim_comp.v:66487' bound to instance 'MUXCY_L_I' of component 'MUXCY_L' [d:/zynqmp_cam_isp_demo/zynqmp_cam_isp_demo.gen/sources_1/bd/design_1/ipshared/eddf/hdl/axi_iic_v2_1_vh_rfs.vhd:560]
INFO: [Synth 8-6157] synthesizing module 'MUXCY_L' [D:/Xilinx/Vivado/2022.1/scripts/rt/data/unisim_comp.v:66487]
INFO: [Synth 8-6155] done synthesizing module 'MUXCY_L' (0#1) [D:/Xilinx/Vivado/2022.1/scripts/rt/data/unisim_comp.v:66487]
INFO: [Synth 8-3491] module 'XORCY' declared at 'D:/Xilinx/Vivado/2022.1/scripts/rt/data/unisim_comp.v:110336' bound to instance 'XORCY_I' of component 'XORCY' [d:/zynqmp_cam_isp_demo/zynqmp_cam_isp_demo.gen/sources_1/bd/design_1/ipshared/eddf/hdl/axi_iic_v2_1_vh_rfs.vhd:567]
INFO: [Synth 8-6157] synthesizing module 'XORCY' [D:/Xilinx/Vivado/2022.1/scripts/rt/data/unisim_comp.v:110336]
INFO: [Synth 8-6155] done synthesizing module 'XORCY' (0#1) [D:/Xilinx/Vivado/2022.1/scripts/rt/data/unisim_comp.v:110336]
INFO: [Synth 8-3491] module 'FDRE' declared at 'D:/Xilinx/Vivado/2022.1/scripts/rt/data/unisim_comp.v:27836' bound to instance 'FDRE_I' of component 'FDRE' [d:/zynqmp_cam_isp_demo/zynqmp_cam_isp_demo.gen/sources_1/bd/design_1/ipshared/eddf/hdl/axi_iic_v2_1_vh_rfs.vhd:573]
INFO: [Synth 8-6157] synthesizing module 'FDRE' [D:/Xilinx/Vivado/2022.1/scripts/rt/data/unisim_comp.v:27836]
INFO: [Synth 8-6155] done synthesizing module 'FDRE' (0#1) [D:/Xilinx/Vivado/2022.1/scripts/rt/data/unisim_comp.v:27836]
INFO: [Synth 8-3491] module 'MUXCY_L' declared at 'D:/Xilinx/Vivado/2022.1/scripts/rt/data/unisim_comp.v:66487' bound to instance 'MUXCY_L_I' of component 'MUXCY_L' [d:/zynqmp_cam_isp_demo/zynqmp_cam_isp_demo.gen/sources_1/bd/design_1/ipshared/eddf/hdl/axi_iic_v2_1_vh_rfs.vhd:560]
INFO: [Synth 8-3491] module 'XORCY' declared at 'D:/Xilinx/Vivado/2022.1/scripts/rt/data/unisim_comp.v:110336' bound to instance 'XORCY_I' of component 'XORCY' [d:/zynqmp_cam_isp_demo/zynqmp_cam_isp_demo.gen/sources_1/bd/design_1/ipshared/eddf/hdl/axi_iic_v2_1_vh_rfs.vhd:567]
INFO: [Synth 8-3491] module 'FDRE' declared at 'D:/Xilinx/Vivado/2022.1/scripts/rt/data/unisim_comp.v:27836' bound to instance 'FDRE_I' of component 'FDRE' [d:/zynqmp_cam_isp_demo/zynqmp_cam_isp_demo.gen/sources_1/bd/design_1/ipshared/eddf/hdl/axi_iic_v2_1_vh_rfs.vhd:573]
INFO: [Synth 8-3491] module 'MUXCY_L' declared at 'D:/Xilinx/Vivado/2022.1/scripts/rt/data/unisim_comp.v:66487' bound to instance 'MUXCY_L_I' of component 'MUXCY_L' [d:/zynqmp_cam_isp_demo/zynqmp_cam_isp_demo.gen/sources_1/bd/design_1/ipshared/eddf/hdl/axi_iic_v2_1_vh_rfs.vhd:560]
INFO: [Synth 8-3491] module 'XORCY' declared at 'D:/Xilinx/Vivado/2022.1/scripts/rt/data/unisim_comp.v:110336' bound to instance 'XORCY_I' of component 'XORCY' [d:/zynqmp_cam_isp_demo/zynqmp_cam_isp_demo.gen/sources_1/bd/design_1/ipshared/eddf/hdl/axi_iic_v2_1_vh_rfs.vhd:567]
INFO: [Synth 8-3491] module 'FDRE' declared at 'D:/Xilinx/Vivado/2022.1/scripts/rt/data/unisim_comp.v:27836' bound to instance 'FDRE_I' of component 'FDRE' [d:/zynqmp_cam_isp_demo/zynqmp_cam_isp_demo.gen/sources_1/bd/design_1/ipshared/eddf/hdl/axi_iic_v2_1_vh_rfs.vhd:573]
INFO: [Synth 8-3491] module 'MUXCY_L' declared at 'D:/Xilinx/Vivado/2022.1/scripts/rt/data/unisim_comp.v:66487' bound to instance 'MUXCY_L_I' of component 'MUXCY_L' [d:/zynqmp_cam_isp_demo/zynqmp_cam_isp_demo.gen/sources_1/bd/design_1/ipshared/eddf/hdl/axi_iic_v2_1_vh_rfs.vhd:560]
INFO: [Synth 8-3491] module 'XORCY' declared at 'D:/Xilinx/Vivado/2022.1/scripts/rt/data/unisim_comp.v:110336' bound to instance 'XORCY_I' of component 'XORCY' [d:/zynqmp_cam_isp_demo/zynqmp_cam_isp_demo.gen/sources_1/bd/design_1/ipshared/eddf/hdl/axi_iic_v2_1_vh_rfs.vhd:567]
INFO: [Synth 8-3491] module 'FDRE' declared at 'D:/Xilinx/Vivado/2022.1/scripts/rt/data/unisim_comp.v:27836' bound to instance 'FDRE_I' of component 'FDRE' [d:/zynqmp_cam_isp_demo/zynqmp_cam_isp_demo.gen/sources_1/bd/design_1/ipshared/eddf/hdl/axi_iic_v2_1_vh_rfs.vhd:573]
INFO: [Synth 8-3491] module 'SRL16E' declared at 'D:/Xilinx/Vivado/2022.1/scripts/rt/data/unisim_comp.v:105998' bound to instance 'SRL16E_I' of component 'SRL16E' [d:/zynqmp_cam_isp_demo/zynqmp_cam_isp_demo.gen/sources_1/bd/design_1/ipshared/eddf/hdl/axi_iic_v2_1_vh_rfs.vhd:584]
INFO: [Synth 8-6157] synthesizing module 'SRL16E' [D:/Xilinx/Vivado/2022.1/scripts/rt/data/unisim_comp.v:105998]
INFO: [Synth 8-6155] done synthesizing module 'SRL16E' (0#1) [D:/Xilinx/Vivado/2022.1/scripts/rt/data/unisim_comp.v:105998]
INFO: [Synth 8-3491] module 'SRL16E' declared at 'D:/Xilinx/Vivado/2022.1/scripts/rt/data/unisim_comp.v:105998' bound to instance 'SRL16E_I' of component 'SRL16E' [d:/zynqmp_cam_isp_demo/zynqmp_cam_isp_demo.gen/sources_1/bd/design_1/ipshared/eddf/hdl/axi_iic_v2_1_vh_rfs.vhd:584]
INFO: [Synth 8-3491] module 'SRL16E' declared at 'D:/Xilinx/Vivado/2022.1/scripts/rt/data/unisim_comp.v:105998' bound to instance 'SRL16E_I' of component 'SRL16E' [d:/zynqmp_cam_isp_demo/zynqmp_cam_isp_demo.gen/sources_1/bd/design_1/ipshared/eddf/hdl/axi_iic_v2_1_vh_rfs.vhd:584]
INFO: [Synth 8-3491] module 'SRL16E' declared at 'D:/Xilinx/Vivado/2022.1/scripts/rt/data/unisim_comp.v:105998' bound to instance 'SRL16E_I' of component 'SRL16E' [d:/zynqmp_cam_isp_demo/zynqmp_cam_isp_demo.gen/sources_1/bd/design_1/ipshared/eddf/hdl/axi_iic_v2_1_vh_rfs.vhd:584]
INFO: [Synth 8-3491] module 'SRL16E' declared at 'D:/Xilinx/Vivado/2022.1/scripts/rt/data/unisim_comp.v:105998' bound to instance 'SRL16E_I' of component 'SRL16E' [d:/zynqmp_cam_isp_demo/zynqmp_cam_isp_demo.gen/sources_1/bd/design_1/ipshared/eddf/hdl/axi_iic_v2_1_vh_rfs.vhd:584]
INFO: [Synth 8-3491] module 'SRL16E' declared at 'D:/Xilinx/Vivado/2022.1/scripts/rt/data/unisim_comp.v:105998' bound to instance 'SRL16E_I' of component 'SRL16E' [d:/zynqmp_cam_isp_demo/zynqmp_cam_isp_demo.gen/sources_1/bd/design_1/ipshared/eddf/hdl/axi_iic_v2_1_vh_rfs.vhd:584]
INFO: [Synth 8-3491] module 'SRL16E' declared at 'D:/Xilinx/Vivado/2022.1/scripts/rt/data/unisim_comp.v:105998' bound to instance 'SRL16E_I' of component 'SRL16E' [d:/zynqmp_cam_isp_demo/zynqmp_cam_isp_demo.gen/sources_1/bd/design_1/ipshared/eddf/hdl/axi_iic_v2_1_vh_rfs.vhd:584]
INFO: [Synth 8-3491] module 'SRL16E' declared at 'D:/Xilinx/Vivado/2022.1/scripts/rt/data/unisim_comp.v:105998' bound to instance 'SRL16E_I' of component 'SRL16E' [d:/zynqmp_cam_isp_demo/zynqmp_cam_isp_demo.gen/sources_1/bd/design_1/ipshared/eddf/hdl/axi_iic_v2_1_vh_rfs.vhd:584]
INFO: [Synth 8-256] done synthesizing module 'SRL_FIFO' (0#1) [d:/zynqmp_cam_isp_demo/zynqmp_cam_isp_demo.gen/sources_1/bd/design_1/ipshared/eddf/hdl/axi_iic_v2_1_vh_rfs.vhd:449]
INFO: [Synth 8-638] synthesizing module 'dynamic_master' [d:/zynqmp_cam_isp_demo/zynqmp_cam_isp_demo.gen/sources_1/bd/design_1/ipshared/eddf/hdl/axi_iic_v2_1_vh_rfs.vhd:5220]
INFO: [Synth 8-256] done synthesizing module 'dynamic_master' (0#1) [d:/zynqmp_cam_isp_demo/zynqmp_cam_isp_demo.gen/sources_1/bd/design_1/ipshared/eddf/hdl/axi_iic_v2_1_vh_rfs.vhd:5220]
INFO: [Synth 8-638] synthesizing module 'SRL_FIFO__parameterized0' [d:/zynqmp_cam_isp_demo/zynqmp_cam_isp_demo.gen/sources_1/bd/design_1/ipshared/eddf/hdl/axi_iic_v2_1_vh_rfs.vhd:449]
INFO: [Synth 8-3491] module 'FDR' declared at 'D:/Xilinx/Vivado/2022.1/scripts/rt/data/unisim_comp.v:27823' bound to instance 'Data_Exists_DFF' of component 'FDR' [d:/zynqmp_cam_isp_demo/zynqmp_cam_isp_demo.gen/sources_1/bd/design_1/ipshared/eddf/hdl/axi_iic_v2_1_vh_rfs.vhd:543]
INFO: [Synth 8-3491] module 'MUXCY_L' declared at 'D:/Xilinx/Vivado/2022.1/scripts/rt/data/unisim_comp.v:66487' bound to instance 'MUXCY_L_I' of component 'MUXCY_L' [d:/zynqmp_cam_isp_demo/zynqmp_cam_isp_demo.gen/sources_1/bd/design_1/ipshared/eddf/hdl/axi_iic_v2_1_vh_rfs.vhd:560]
INFO: [Synth 8-3491] module 'XORCY' declared at 'D:/Xilinx/Vivado/2022.1/scripts/rt/data/unisim_comp.v:110336' bound to instance 'XORCY_I' of component 'XORCY' [d:/zynqmp_cam_isp_demo/zynqmp_cam_isp_demo.gen/sources_1/bd/design_1/ipshared/eddf/hdl/axi_iic_v2_1_vh_rfs.vhd:567]
INFO: [Synth 8-3491] module 'FDRE' declared at 'D:/Xilinx/Vivado/2022.1/scripts/rt/data/unisim_comp.v:27836' bound to instance 'FDRE_I' of component 'FDRE' [d:/zynqmp_cam_isp_demo/zynqmp_cam_isp_demo.gen/sources_1/bd/design_1/ipshared/eddf/hdl/axi_iic_v2_1_vh_rfs.vhd:573]
INFO: [Synth 8-3491] module 'MUXCY_L' declared at 'D:/Xilinx/Vivado/2022.1/scripts/rt/data/unisim_comp.v:66487' bound to instance 'MUXCY_L_I' of component 'MUXCY_L' [d:/zynqmp_cam_isp_demo/zynqmp_cam_isp_demo.gen/sources_1/bd/design_1/ipshared/eddf/hdl/axi_iic_v2_1_vh_rfs.vhd:560]
INFO: [Synth 8-3491] module 'XORCY' declared at 'D:/Xilinx/Vivado/2022.1/scripts/rt/data/unisim_comp.v:110336' bound to instance 'XORCY_I' of component 'XORCY' [d:/zynqmp_cam_isp_demo/zynqmp_cam_isp_demo.gen/sources_1/bd/design_1/ipshared/eddf/hdl/axi_iic_v2_1_vh_rfs.vhd:567]
INFO: [Synth 8-3491] module 'FDRE' declared at 'D:/Xilinx/Vivado/2022.1/scripts/rt/data/unisim_comp.v:27836' bound to instance 'FDRE_I' of component 'FDRE' [d:/zynqmp_cam_isp_demo/zynqmp_cam_isp_demo.gen/sources_1/bd/design_1/ipshared/eddf/hdl/axi_iic_v2_1_vh_rfs.vhd:573]
INFO: [Synth 8-3491] module 'MUXCY_L' declared at 'D:/Xilinx/Vivado/2022.1/scripts/rt/data/unisim_comp.v:66487' bound to instance 'MUXCY_L_I' of component 'MUXCY_L' [d:/zynqmp_cam_isp_demo/zynqmp_cam_isp_demo.gen/sources_1/bd/design_1/ipshared/eddf/hdl/axi_iic_v2_1_vh_rfs.vhd:560]
INFO: [Synth 8-3491] module 'XORCY' declared at 'D:/Xilinx/Vivado/2022.1/scripts/rt/data/unisim_comp.v:110336' bound to instance 'XORCY_I' of component 'XORCY' [d:/zynqmp_cam_isp_demo/zynqmp_cam_isp_demo.gen/sources_1/bd/design_1/ipshared/eddf/hdl/axi_iic_v2_1_vh_rfs.vhd:567]
INFO: [Synth 8-3491] module 'FDRE' declared at 'D:/Xilinx/Vivado/2022.1/scripts/rt/data/unisim_comp.v:27836' bound to instance 'FDRE_I' of component 'FDRE' [d:/zynqmp_cam_isp_demo/zynqmp_cam_isp_demo.gen/sources_1/bd/design_1/ipshared/eddf/hdl/axi_iic_v2_1_vh_rfs.vhd:573]
INFO: [Synth 8-3491] module 'MUXCY_L' declared at 'D:/Xilinx/Vivado/2022.1/scripts/rt/data/unisim_comp.v:66487' bound to instance 'MUXCY_L_I' of component 'MUXCY_L' [d:/zynqmp_cam_isp_demo/zynqmp_cam_isp_demo.gen/sources_1/bd/design_1/ipshared/eddf/hdl/axi_iic_v2_1_vh_rfs.vhd:560]
INFO: [Synth 8-3491] module 'XORCY' declared at 'D:/Xilinx/Vivado/2022.1/scripts/rt/data/unisim_comp.v:110336' bound to instance 'XORCY_I' of component 'XORCY' [d:/zynqmp_cam_isp_demo/zynqmp_cam_isp_demo.gen/sources_1/bd/design_1/ipshared/eddf/hdl/axi_iic_v2_1_vh_rfs.vhd:567]
INFO: [Synth 8-3491] module 'FDRE' declared at 'D:/Xilinx/Vivado/2022.1/scripts/rt/data/unisim_comp.v:27836' bound to instance 'FDRE_I' of component 'FDRE' [d:/zynqmp_cam_isp_demo/zynqmp_cam_isp_demo.gen/sources_1/bd/design_1/ipshared/eddf/hdl/axi_iic_v2_1_vh_rfs.vhd:573]
INFO: [Synth 8-3491] module 'SRL16E' declared at 'D:/Xilinx/Vivado/2022.1/scripts/rt/data/unisim_comp.v:105998' bound to instance 'SRL16E_I' of component 'SRL16E' [d:/zynqmp_cam_isp_demo/zynqmp_cam_isp_demo.gen/sources_1/bd/design_1/ipshared/eddf/hdl/axi_iic_v2_1_vh_rfs.vhd:584]
INFO: [Synth 8-3491] module 'SRL16E' declared at 'D:/Xilinx/Vivado/2022.1/scripts/rt/data/unisim_comp.v:105998' bound to instance 'SRL16E_I' of component 'SRL16E' [d:/zynqmp_cam_isp_demo/zynqmp_cam_isp_demo.gen/sources_1/bd/design_1/ipshared/eddf/hdl/axi_iic_v2_1_vh_rfs.vhd:584]
INFO: [Synth 8-256] done synthesizing module 'SRL_FIFO__parameterized0' (0#1) [d:/zynqmp_cam_isp_demo/zynqmp_cam_isp_demo.gen/sources_1/bd/design_1/ipshared/eddf/hdl/axi_iic_v2_1_vh_rfs.vhd:449]
INFO: [Synth 8-256] done synthesizing module 'iic' (0#1) [d:/zynqmp_cam_isp_demo/zynqmp_cam_isp_demo.gen/sources_1/bd/design_1/ipshared/eddf/hdl/axi_iic_v2_1_vh_rfs.vhd:6210]
INFO: [Synth 8-256] done synthesizing module 'axi_iic' (0#1) [d:/zynqmp_cam_isp_demo/zynqmp_cam_isp_demo.gen/sources_1/bd/design_1/ipshared/eddf/hdl/axi_iic_v2_1_vh_rfs.vhd:6906]
INFO: [Synth 8-256] done synthesizing module 'design_1_axi_iic_0_0' (0#1) [d:/zynqmp_cam_isp_demo/zynqmp_cam_isp_demo.gen/sources_1/bd/design_1/ip/design_1_axi_iic_0_0/synth/design_1_axi_iic_0_0.vhd:91]
WARNING: [Synth 8-6014] Unused sequential element ro_a_reg was removed.  [d:/zynqmp_cam_isp_demo/zynqmp_cam_isp_demo.gen/sources_1/bd/design_1/ipshared/eddf/hdl/axi_iic_v2_1_vh_rfs.vhd:2281]
WARNING: [Synth 8-6014] Unused sequential element sda_cout_reg_d1_reg was removed.  [d:/zynqmp_cam_isp_demo/zynqmp_cam_isp_demo.gen/sources_1/bd/design_1/ipshared/eddf/hdl/axi_iic_v2_1_vh_rfs.vhd:3669]
WARNING: [Synth 8-6014] Unused sequential element gen_stop_and_scl_hi_reg was removed.  [d:/zynqmp_cam_isp_demo/zynqmp_cam_isp_demo.gen/sources_1/bd/design_1/ipshared/eddf/hdl/axi_iic_v2_1_vh_rfs.vhd:3890]
WARNING: [Synth 8-6014] Unused sequential element dynamic_MSMS_d_reg was removed.  [d:/zynqmp_cam_isp_demo/zynqmp_cam_isp_demo.gen/sources_1/bd/design_1/ipshared/eddf/hdl/axi_iic_v2_1_vh_rfs.vhd:5281]
WARNING: [Synth 8-7129] Port Cr[0] in module dynamic_master is either unconnected or has no load
WARNING: [Synth 8-7129] Port Cr[1] in module dynamic_master is either unconnected or has no load
WARNING: [Synth 8-7129] Port Cr[2] in module dynamic_master is either unconnected or has no load
WARNING: [Synth 8-7129] Port Cr[4] in module dynamic_master is either unconnected or has no load
WARNING: [Synth 8-7129] Port Cr[6] in module dynamic_master is either unconnected or has no load
WARNING: [Synth 8-7129] Port Cr[7] in module dynamic_master is either unconnected or has no load
WARNING: [Synth 8-7129] Port Adr[0] in module iic_control is either unconnected or has no load
WARNING: [Synth 8-7129] Port Ten_adr[7] in module iic_control is either unconnected or has no load
WARNING: [Synth 8-7129] Port Ten_adr[6] in module iic_control is either unconnected or has no load
WARNING: [Synth 8-7129] Port Ten_adr[5] in module iic_control is either unconnected or has no load
WARNING: [Synth 8-7129] Port prmry_aclk in module cdc_sync is either unconnected or has no load
WARNING: [Synth 8-7129] Port prmry_resetn in module cdc_sync is either unconnected or has no load
WARNING: [Synth 8-7129] Port prmry_vect_in[31] in module cdc_sync is either unconnected or has no load
WARNING: [Synth 8-7129] Port prmry_vect_in[30] in module cdc_sync is either unconnected or has no load
WARNING: [Synth 8-7129] Port prmry_vect_in[29] in module cdc_sync is either unconnected or has no load
WARNING: [Synth 8-7129] Port prmry_vect_in[28] in module cdc_sync is either unconnected or has no load
WARNING: [Synth 8-7129] Port prmry_vect_in[27] in module cdc_sync is either unconnected or has no load
WARNING: [Synth 8-7129] Port prmry_vect_in[26] in module cdc_sync is either unconnected or has no load
WARNING: [Synth 8-7129] Port prmry_vect_in[25] in module cdc_sync is either unconnected or has no load
WARNING: [Synth 8-7129] Port prmry_vect_in[24] in module cdc_sync is either unconnected or has no load
WARNING: [Synth 8-7129] Port prmry_vect_in[23] in module cdc_sync is either unconnected or has no load
WARNING: [Synth 8-7129] Port prmry_vect_in[22] in module cdc_sync is either unconnected or has no load
WARNING: [Synth 8-7129] Port prmry_vect_in[21] in module cdc_sync is either unconnected or has no load
WARNING: [Synth 8-7129] Port prmry_vect_in[20] in module cdc_sync is either unconnected or has no load
WARNING: [Synth 8-7129] Port prmry_vect_in[19] in module cdc_sync is either unconnected or has no load
WARNING: [Synth 8-7129] Port prmry_vect_in[18] in module cdc_sync is either unconnected or has no load
WARNING: [Synth 8-7129] Port prmry_vect_in[17] in module cdc_sync is either unconnected or has no load
WARNING: [Synth 8-7129] Port prmry_vect_in[16] in module cdc_sync is either unconnected or has no load
WARNING: [Synth 8-7129] Port prmry_vect_in[15] in module cdc_sync is either unconnected or has no load
WARNING: [Synth 8-7129] Port prmry_vect_in[14] in module cdc_sync is either unconnected or has no load
WARNING: [Synth 8-7129] Port prmry_vect_in[13] in module cdc_sync is either unconnected or has no load
WARNING: [Synth 8-7129] Port prmry_vect_in[12] in module cdc_sync is either unconnected or has no load
WARNING: [Synth 8-7129] Port prmry_vect_in[11] in module cdc_sync is either unconnected or has no load
WARNING: [Synth 8-7129] Port prmry_vect_in[10] in module cdc_sync is either unconnected or has no load
WARNING: [Synth 8-7129] Port prmry_vect_in[9] in module cdc_sync is either unconnected or has no load
WARNING: [Synth 8-7129] Port prmry_vect_in[8] in module cdc_sync is either unconnected or has no load
WARNING: [Synth 8-7129] Port prmry_vect_in[7] in module cdc_sync is either unconnected or has no load
WARNING: [Synth 8-7129] Port prmry_vect_in[6] in module cdc_sync is either unconnected or has no load
WARNING: [Synth 8-7129] Port prmry_vect_in[5] in module cdc_sync is either unconnected or has no load
WARNING: [Synth 8-7129] Port prmry_vect_in[4] in module cdc_sync is either unconnected or has no load
WARNING: [Synth 8-7129] Port prmry_vect_in[3] in module cdc_sync is either unconnected or has no load
WARNING: [Synth 8-7129] Port prmry_vect_in[2] in module cdc_sync is either unconnected or has no load
WARNING: [Synth 8-7129] Port prmry_vect_in[1] in module cdc_sync is either unconnected or has no load
WARNING: [Synth 8-7129] Port prmry_vect_in[0] in module cdc_sync is either unconnected or has no load
WARNING: [Synth 8-7129] Port scndry_resetn in module cdc_sync is either unconnected or has no load
WARNING: [Synth 8-7129] Port Rst in module debounce is either unconnected or has no load
WARNING: [Synth 8-7129] Port Stable in module debounce is either unconnected or has no load
WARNING: [Synth 8-7129] Port Bus2IIC_Addr[0] in module reg_interface is either unconnected or has no load
WARNING: [Synth 8-7129] Port Bus2IIC_Data[0] in module reg_interface is either unconnected or has no load
WARNING: [Synth 8-7129] Port Bus2IIC_Data[1] in module reg_interface is either unconnected or has no load
WARNING: [Synth 8-7129] Port Bus2IIC_Data[2] in module reg_interface is either unconnected or has no load
WARNING: [Synth 8-7129] Port Bus2IIC_Data[3] in module reg_interface is either unconnected or has no load
WARNING: [Synth 8-7129] Port Bus2IIC_Data[4] in module reg_interface is either unconnected or has no load
WARNING: [Synth 8-7129] Port Bus2IIC_Data[5] in module reg_interface is either unconnected or has no load
WARNING: [Synth 8-7129] Port Bus2IIC_Data[6] in module reg_interface is either unconnected or has no load
WARNING: [Synth 8-7129] Port Bus2IIC_Data[7] in module reg_interface is either unconnected or has no load
WARNING: [Synth 8-7129] Port Bus2IIC_Data[8] in module reg_interface is either unconnected or has no load
WARNING: [Synth 8-7129] Port Bus2IIC_Data[9] in module reg_interface is either unconnected or has no load
WARNING: [Synth 8-7129] Port Bus2IIC_Data[10] in module reg_interface is either unconnected or has no load
WARNING: [Synth 8-7129] Port Bus2IIC_Data[11] in module reg_interface is either unconnected or has no load
WARNING: [Synth 8-7129] Port Bus2IIC_Data[12] in module reg_interface is either unconnected or has no load
WARNING: [Synth 8-7129] Port Bus2IIC_Data[13] in module reg_interface is either unconnected or has no load
WARNING: [Synth 8-7129] Port Bus2IIC_Data[14] in module reg_interface is either unconnected or has no load
WARNING: [Synth 8-7129] Port Bus2IIC_Data[15] in module reg_interface is either unconnected or has no load
WARNING: [Synth 8-7129] Port Bus2IIC_Data[16] in module reg_interface is either unconnected or has no load
WARNING: [Synth 8-7129] Port Bus2IIC_Data[17] in module reg_interface is either unconnected or has no load
WARNING: [Synth 8-7129] Port Bus2IIC_Data[18] in module reg_interface is either unconnected or has no load
WARNING: [Synth 8-7129] Port Bus2IIC_Data[19] in module reg_interface is either unconnected or has no load
WARNING: [Synth 8-7129] Port Bus2IIC_Data[20] in module reg_interface is either unconnected or has no load
WARNING: [Synth 8-7129] Port Bus2IIC_WrCE[1] in module reg_interface is either unconnected or has no load
WARNING: [Synth 8-7129] Port Bus2IIC_WrCE[3] in module reg_interface is either unconnected or has no load
WARNING: [Synth 8-7129] Port Bus2IIC_WrCE[5] in module reg_interface is either unconnected or has no load
WARNING: [Synth 8-7129] Port Bus2IIC_WrCE[6] in module reg_interface is either unconnected or has no load
WARNING: [Synth 8-7129] Port Bus2IIC_WrCE[7] in module reg_interface is either unconnected or has no load
WARNING: [Synth 8-7129] Port Data_i2c[0] in module reg_interface is either unconnected or has no load
WARNING: [Synth 8-7129] Port Data_i2c[1] in module reg_interface is either unconnected or has no load
WARNING: [Synth 8-7129] Port Data_i2c[2] in module reg_interface is either unconnected or has no load
WARNING: [Synth 8-7129] Port Data_i2c[3] in module reg_interface is either unconnected or has no load
WARNING: [Synth 8-7129] Port Data_i2c[4] in module reg_interface is either unconnected or has no load
WARNING: [Synth 8-7129] Port Data_i2c[5] in module reg_interface is either unconnected or has no load
WARNING: [Synth 8-7129] Port Data_i2c[6] in module reg_interface is either unconnected or has no load
WARNING: [Synth 8-7129] Port Data_i2c[7] in module reg_interface is either unconnected or has no load
WARNING: [Synth 8-7129] Port reg_empty in module reg_interface is either unconnected or has no load
WARNING: [Synth 8-7129] Port Bus2IP_Data[0] in module soft_reset is either unconnected or has no load
WARNING: [Synth 8-7129] Port Bus2IP_Data[1] in module soft_reset is either unconnected or has no load
WARNING: [Synth 8-7129] Port Bus2IP_Data[2] in module soft_reset is either unconnected or has no load
WARNING: [Synth 8-7129] Port Bus2IP_Data[3] in module soft_reset is either unconnected or has no load
WARNING: [Synth 8-7129] Port Bus2IP_Data[4] in module soft_reset is either unconnected or has no load
WARNING: [Synth 8-7129] Port Bus2IP_Data[5] in module soft_reset is either unconnected or has no load
WARNING: [Synth 8-7129] Port Bus2IP_Data[6] in module soft_reset is either unconnected or has no load
WARNING: [Synth 8-7129] Port Bus2IP_Data[7] in module soft_reset is either unconnected or has no load
WARNING: [Synth 8-7129] Port Bus2IP_Data[8] in module soft_reset is either unconnected or has no load
WARNING: [Synth 8-7129] Port Bus2IP_Data[9] in module soft_reset is either unconnected or has no load
WARNING: [Synth 8-7129] Port Bus2IP_Data[10] in module soft_reset is either unconnected or has no load
WARNING: [Synth 8-7129] Port Bus2IP_Data[11] in module soft_reset is either unconnected or has no load
WARNING: [Synth 8-7129] Port Bus2IP_Data[12] in module soft_reset is either unconnected or has no load
WARNING: [Synth 8-7129] Port Bus2IP_Data[13] in module soft_reset is either unconnected or has no load
WARNING: [Synth 8-7129] Port Bus2IP_Data[14] in module soft_reset is either unconnected or has no load
WARNING: [Synth 8-7129] Port Bus2IP_Data[15] in module soft_reset is either unconnected or has no load
WARNING: [Synth 8-7129] Port Bus2IP_Data[16] in module soft_reset is either unconnected or has no load
INFO: [Common 17-14] Message 'Synth 8-7129' appears 100 times and further instances of the messages will be disabled. Use the Tcl command set_msg_config to change the current settings.
---------------------------------------------------------------------------------
Finished RTL Elaboration : Time (s): cpu = 00:00:11 ; elapsed = 00:00:15 . Memory (MB): peak = 1808.273 ; gain = 426.758
---------------------------------------------------------------------------------
---------------------------------------------------------------------------------
Start Handling Custom Attributes
---------------------------------------------------------------------------------
---------------------------------------------------------------------------------
Finished Handling Custom Attributes : Time (s): cpu = 00:00:11 ; elapsed = 00:00:16 . Memory (MB): peak = 1826.156 ; gain = 444.641
---------------------------------------------------------------------------------
---------------------------------------------------------------------------------
Finished RTL Optimization Phase 1 : Time (s): cpu = 00:00:11 ; elapsed = 00:00:16 . Memory (MB): peak = 1826.156 ; gain = 444.641
---------------------------------------------------------------------------------
Netlist sorting complete. Time (s): cpu = 00:00:00 ; elapsed = 00:00:00.045 . Memory (MB): peak = 1838.230 ; gain = 0.000
INFO: [Netlist 29-17] Analyzing 44 Unisim elements for replacement
INFO: [Netlist 29-28] Unisim Transformation completed in 0 CPU seconds
INFO: [Project 1-570] Preparing netlist for logic optimization

Processing XDC Constraints
Initializing timing engine
Parsing XDC File [d:/zynqmp_cam_isp_demo/zynqmp_cam_isp_demo.gen/sources_1/bd/design_1/ip/design_1_axi_iic_0_0/design_1_axi_iic_0_0_ooc.xdc] for cell 'U0'
create_clock: Time (s): cpu = 00:00:05 ; elapsed = 00:00:07 . Memory (MB): peak = 1943.555 ; gain = 0.055
Finished Parsing XDC File [d:/zynqmp_cam_isp_demo/zynqmp_cam_isp_demo.gen/sources_1/bd/design_1/ip/design_1_axi_iic_0_0/design_1_axi_iic_0_0_ooc.xdc] for cell 'U0'
Parsing XDC File [d:/zynqmp_cam_isp_demo/zynqmp_cam_isp_demo.gen/sources_1/bd/design_1/ip/design_1_axi_iic_0_0/design_1_axi_iic_0_0_board.xdc] for cell 'U0'
Finished Parsing XDC File [d:/zynqmp_cam_isp_demo/zynqmp_cam_isp_demo.gen/sources_1/bd/design_1/ip/design_1_axi_iic_0_0/design_1_axi_iic_0_0_board.xdc] for cell 'U0'
Parsing XDC File [D:/zynqmp_cam_isp_demo/zynqmp_cam_isp_demo.runs/design_1_axi_iic_0_0_synth_1/dont_touch.xdc]
Finished Parsing XDC File [D:/zynqmp_cam_isp_demo/zynqmp_cam_isp_demo.runs/design_1_axi_iic_0_0_synth_1/dont_touch.xdc]
Completed Processing XDC Constraints

Netlist sorting complete. Time (s): cpu = 00:00:00 ; elapsed = 00:00:00.001 . Memory (MB): peak = 1943.555 ; gain = 0.000
INFO: [Project 1-111] Unisim Transformation Summary:
  A total of 32 instances were transformed.
  FDR => FDRE: 15 instances
  FDRSE => FDRSE (FDRE, LUT4, VCC): 5 instances
  MUXCY_L => MUXCY: 12 instances

Constraint Validation Runtime : Time (s): cpu = 00:00:00 ; elapsed = 00:00:00.058 . Memory (MB): peak = 1943.555 ; gain = 0.000
INFO: [Designutils 20-5008] Incremental synthesis strategy off
---------------------------------------------------------------------------------
Finished Constraint Validation : Time (s): cpu = 00:00:27 ; elapsed = 00:00:35 . Memory (MB): peak = 1943.555 ; gain = 562.039
---------------------------------------------------------------------------------
---------------------------------------------------------------------------------
Start Loading Part and Timing Information
---------------------------------------------------------------------------------
Loading part: xck26-sfvc784-2LV-c
INFO: [Synth 8-6742] Reading net delay rules and data
---------------------------------------------------------------------------------
Finished Loading Part and Timing Information : Time (s): cpu = 00:00:27 ; elapsed = 00:00:35 . Memory (MB): peak = 1943.555 ; gain = 562.039
---------------------------------------------------------------------------------
---------------------------------------------------------------------------------
Start Applying 'set_property' XDC Constraints
---------------------------------------------------------------------------------
Applied set_property KEEP_HIERARCHY = SOFT for U0. (constraint file  D:/zynqmp_cam_isp_demo/zynqmp_cam_isp_demo.runs/design_1_axi_iic_0_0_synth_1/dont_touch.xdc, line 9).
---------------------------------------------------------------------------------
Finished applying 'set_property' XDC Constraints : Time (s): cpu = 00:00:27 ; elapsed = 00:00:35 . Memory (MB): peak = 1943.555 ; gain = 562.039
---------------------------------------------------------------------------------
INFO: [Synth 8-802] inferred FSM for state register 'state_reg' in module 'slave_attachment'
INFO: [Synth 8-802] inferred FSM for state register 'scl_state_reg' in module 'iic_control'
INFO: [Synth 8-802] inferred FSM for state register 'state_reg' in module 'iic_control'
---------------------------------------------------------------------------------------------------
                   State |                     New Encoding |                Previous Encoding 
---------------------------------------------------------------------------------------------------
                 iSTATE2 |                             0001 |                               00
                  iSTATE |                             0010 |                               01
                 iSTATE0 |                             0100 |                               10
                 iSTATE1 |                             1000 |                               11
---------------------------------------------------------------------------------------------------
INFO: [Synth 8-3354] encoded FSM with state register 'state_reg' using encoding 'one-hot' in module 'slave_attachment'
---------------------------------------------------------------------------------------------------
                   State |                     New Encoding |                Previous Encoding 
---------------------------------------------------------------------------------------------------
                    idle |                              000 |                              000
                  header |                              101 |                              001
              ack_header |                              110 |                              010
                rcv_data |                              100 |                              011
                ack_data |                              011 |                              100
               xmit_data |                              010 |                              101
                wait_ack |                              001 |                              110
---------------------------------------------------------------------------------------------------
INFO: [Synth 8-3354] encoded FSM with state register 'state_reg' using encoding 'sequential' in module 'iic_control'
---------------------------------------------------------------------------------------------------
                   State |                     New Encoding |                Previous Encoding 
---------------------------------------------------------------------------------------------------
                scl_idle |                       0000000001 |                             0000
              start_wait |                       0000000010 |                             0001
                   start |                       0000000100 |                             0010
              start_edge |                       0000001000 |                             0011
            scl_low_edge |                       0000010000 |                             0100
                 scl_low |                       0000100000 |                             0101
           scl_high_edge |                       0001000000 |                             0110
                scl_high |                       0010000000 |                             0111
               stop_edge |                       0100000000 |                             1000
               stop_wait |                       1000000000 |                             1001
---------------------------------------------------------------------------------------------------
INFO: [Synth 8-3354] encoded FSM with state register 'scl_state_reg' using encoding 'one-hot' in module 'iic_control'
---------------------------------------------------------------------------------
Finished RTL Optimization Phase 2 : Time (s): cpu = 00:00:29 ; elapsed = 00:00:36 . Memory (MB): peak = 1943.555 ; gain = 562.039
---------------------------------------------------------------------------------
---------------------------------------------------------------------------------
Start RTL Component Statistics 
---------------------------------------------------------------------------------
Detailed RTL Component Info : 
+---Adders : 
	   2 Input   11 Bit       Adders := 2     
	   2 Input    8 Bit       Adders := 1     
	   2 Input    4 Bit       Adders := 2     
+---XORs : 
	   2 Input      1 Bit         XORs := 20    
+---Registers : 
	               32 Bit    Registers := 1     
	               11 Bit    Registers := 10    
	                9 Bit    Registers := 2     
	                8 Bit    Registers := 8     
	                7 Bit    Registers := 1     
	                4 Bit    Registers := 3     
	                2 Bit    Registers := 3     
	                1 Bit    Registers := 143   
+---Muxes : 
	   2 Input   32 Bit        Muxes := 5     
	   2 Input   11 Bit        Muxes := 2     
	  10 Input   10 Bit        Muxes := 1     
	   2 Input   10 Bit        Muxes := 13    
	   2 Input    9 Bit        Muxes := 1     
	   3 Input    9 Bit        Muxes := 1     
	   2 Input    8 Bit        Muxes := 4     
	   4 Input    4 Bit        Muxes := 1     
	   2 Input    4 Bit        Muxes := 6     
	  21 Input    3 Bit        Muxes := 1     
	   2 Input    2 Bit        Muxes := 4     
	   3 Input    2 Bit        Muxes := 1     
	   4 Input    2 Bit        Muxes := 1     
	   2 Input    1 Bit        Muxes := 106   
	   4 Input    1 Bit        Muxes := 3     
	   7 Input    1 Bit        Muxes := 3     
	   3 Input    1 Bit        Muxes := 1     
	  10 Input    1 Bit        Muxes := 10    
---------------------------------------------------------------------------------
Finished RTL Component Statistics 
---------------------------------------------------------------------------------
---------------------------------------------------------------------------------
Start Part Resource Summary
---------------------------------------------------------------------------------
Part Resources:
DSPs: 1248 (col length:96)
BRAMs: 288 (col length: RAMB18 96 RAMB36 48)
---------------------------------------------------------------------------------
Finished Part Resource Summary
---------------------------------------------------------------------------------
---------------------------------------------------------------------------------
Start Cross Boundary and Area Optimization
---------------------------------------------------------------------------------
WARNING: [Synth 8-7080] Parallel synthesis criteria is not met
INFO: [Synth 8-3332] Sequential element (X_IIC/FILTER_I/SCL_DEBOUNCE/INPUT_DOUBLE_REGS/GENERATE_LEVEL_P_S_CDC.SINGLE_BIT.CROSS_PLEVEL_IN2SCNDRY_s_level_out_d5) is unused and will be removed from module axi_iic.
INFO: [Synth 8-3332] Sequential element (X_IIC/FILTER_I/SCL_DEBOUNCE/INPUT_DOUBLE_REGS/GENERATE_LEVEL_P_S_CDC.SINGLE_BIT.CROSS_PLEVEL_IN2SCNDRY_s_level_out_d6) is unused and will be removed from module axi_iic.
INFO: [Synth 8-3332] Sequential element (X_IIC/FILTER_I/SDA_DEBOUNCE/INPUT_DOUBLE_REGS/GENERATE_LEVEL_P_S_CDC.SINGLE_BIT.CROSS_PLEVEL_IN2SCNDRY_s_level_out_d5) is unused and will be removed from module axi_iic.
INFO: [Synth 8-3332] Sequential element (X_IIC/FILTER_I/SDA_DEBOUNCE/INPUT_DOUBLE_REGS/GENERATE_LEVEL_P_S_CDC.SINGLE_BIT.CROSS_PLEVEL_IN2SCNDRY_s_level_out_d6) is unused and will be removed from module axi_iic.
---------------------------------------------------------------------------------
Finished Cross Boundary and Area Optimization : Time (s): cpu = 00:00:37 ; elapsed = 00:00:46 . Memory (MB): peak = 1943.555 ; gain = 562.039
---------------------------------------------------------------------------------
---------------------------------------------------------------------------------
Start Applying XDC Timing Constraints
---------------------------------------------------------------------------------
---------------------------------------------------------------------------------
Finished Applying XDC Timing Constraints : Time (s): cpu = 00:00:52 ; elapsed = 00:01:03 . Memory (MB): peak = 2370.934 ; gain = 989.418
---------------------------------------------------------------------------------
---------------------------------------------------------------------------------
Start Timing Optimization
---------------------------------------------------------------------------------
---------------------------------------------------------------------------------
Finished Timing Optimization : Time (s): cpu = 00:00:56 ; elapsed = 00:01:08 . Memory (MB): peak = 2449.277 ; gain = 1067.762
---------------------------------------------------------------------------------
---------------------------------------------------------------------------------
Start Technology Mapping
---------------------------------------------------------------------------------
---------------------------------------------------------------------------------
Finished Technology Mapping : Time (s): cpu = 00:00:57 ; elapsed = 00:01:09 . Memory (MB): peak = 2451.238 ; gain = 1069.723
---------------------------------------------------------------------------------
---------------------------------------------------------------------------------
Start IO Insertion
---------------------------------------------------------------------------------
---------------------------------------------------------------------------------
Start Flattening Before IO Insertion
---------------------------------------------------------------------------------
---------------------------------------------------------------------------------
Finished Flattening Before IO Insertion
---------------------------------------------------------------------------------
---------------------------------------------------------------------------------
Start Final Netlist Cleanup
---------------------------------------------------------------------------------
---------------------------------------------------------------------------------
Finished Final Netlist Cleanup
---------------------------------------------------------------------------------
---------------------------------------------------------------------------------
Finished IO Insertion : Time (s): cpu = 00:01:03 ; elapsed = 00:01:18 . Memory (MB): peak = 2451.238 ; gain = 1069.723
---------------------------------------------------------------------------------
---------------------------------------------------------------------------------
Start Renaming Generated Instances
---------------------------------------------------------------------------------
---------------------------------------------------------------------------------
Finished Renaming Generated Instances : Time (s): cpu = 00:01:03 ; elapsed = 00:01:18 . Memory (MB): peak = 2451.238 ; gain = 1069.723
---------------------------------------------------------------------------------
---------------------------------------------------------------------------------
Start Rebuilding User Hierarchy
---------------------------------------------------------------------------------
---------------------------------------------------------------------------------
Finished Rebuilding User Hierarchy : Time (s): cpu = 00:01:03 ; elapsed = 00:01:18 . Memory (MB): peak = 2451.238 ; gain = 1069.723
---------------------------------------------------------------------------------
---------------------------------------------------------------------------------
Start Renaming Generated Ports
---------------------------------------------------------------------------------
---------------------------------------------------------------------------------
Finished Renaming Generated Ports : Time (s): cpu = 00:01:03 ; elapsed = 00:01:18 . Memory (MB): peak = 2451.238 ; gain = 1069.723
---------------------------------------------------------------------------------
---------------------------------------------------------------------------------
Start Handling Custom Attributes
---------------------------------------------------------------------------------
---------------------------------------------------------------------------------
Finished Handling Custom Attributes : Time (s): cpu = 00:01:04 ; elapsed = 00:01:18 . Memory (MB): peak = 2451.238 ; gain = 1069.723
---------------------------------------------------------------------------------
---------------------------------------------------------------------------------
Start Renaming Generated Nets
---------------------------------------------------------------------------------
---------------------------------------------------------------------------------
Finished Renaming Generated Nets : Time (s): cpu = 00:01:04 ; elapsed = 00:01:18 . Memory (MB): peak = 2451.238 ; gain = 1069.723
---------------------------------------------------------------------------------
---------------------------------------------------------------------------------
Start Writing Synthesis Report
---------------------------------------------------------------------------------

Report BlackBoxes: 
+-+--------------+----------+
| |BlackBox name |Instances |
+-+--------------+----------+
+-+--------------+----------+

Report Cell Usage: 
+------+--------+------+
|      |Cell    |Count |
+------+--------+------+
|1     |CARRY8  |     1|
|2     |LUT1    |     8|
|3     |LUT2    |    49|
|4     |LUT3    |    52|
|5     |LUT4    |   104|
|6     |LUT5    |    69|
|7     |LUT6    |   187|
|8     |MUXCY_L |     9|
|9     |MUXF7   |     8|
|10    |MUXF8   |     4|
|11    |SRL16E  |    18|
|12    |XORCY   |    12|
|13    |FDR     |    11|
|14    |FDRE    |   324|
|15    |FDSE    |    50|
+------+--------+------+
---------------------------------------------------------------------------------
Finished Writing Synthesis Report : Time (s): cpu = 00:01:04 ; elapsed = 00:01:18 . Memory (MB): peak = 2451.238 ; gain = 1069.723
---------------------------------------------------------------------------------
Synthesis finished with 0 errors, 0 critical warnings and 25 warnings.
Synthesis Optimization Runtime : Time (s): cpu = 00:00:45 ; elapsed = 00:01:07 . Memory (MB): peak = 2451.238 ; gain = 952.324
Synthesis Optimization Complete : Time (s): cpu = 00:01:04 ; elapsed = 00:01:18 . Memory (MB): peak = 2451.238 ; gain = 1069.723
INFO: [Project 1-571] Translating synthesized netlist
Netlist sorting complete. Time (s): cpu = 00:00:00 ; elapsed = 00:00:00.046 . Memory (MB): peak = 2451.238 ; gain = 0.000
INFO: [Netlist 29-17] Analyzing 45 Unisim elements for replacement
INFO: [Netlist 29-28] Unisim Transformation completed in 0 CPU seconds
INFO: [Project 1-570] Preparing netlist for logic optimization
INFO: [Opt 31-138] Pushed 0 inverter(s) to 0 load pin(s).
Netlist sorting complete. Time (s): cpu = 00:00:00 ; elapsed = 00:00:00 . Memory (MB): peak = 2479.961 ; gain = 0.000
INFO: [Project 1-111] Unisim Transformation Summary:
  A total of 14 instances were transformed.
  (CARRY4) => CARRY8: 3 instances
  FDR => FDRE: 11 instances

Synth Design complete, checksum: b1421ade
INFO: [Common 17-83] Releasing license: Synthesis
205 Infos, 106 Warnings, 0 Critical Warnings and 0 Errors encountered.
synth_design completed successfully
synth_design: Time (s): cpu = 00:01:13 ; elapsed = 00:01:32 . Memory (MB): peak = 2479.961 ; gain = 1200.883
INFO: [Common 17-1381] The checkpoint 'D:/zynqmp_cam_isp_demo/zynqmp_cam_isp_demo.runs/design_1_axi_iic_0_0_synth_1/design_1_axi_iic_0_0.dcp' has been generated.
INFO: [Coretcl 2-1648] Added synthesis output to IP cache for IP design_1_axi_iic_0_0, cache-ID = f6f0168cd40f5662
INFO: [Coretcl 2-1174] Renamed 24 cell refs.
INFO: [Common 17-1381] The checkpoint 'D:/zynqmp_cam_isp_demo/zynqmp_cam_isp_demo.runs/design_1_axi_iic_0_0_synth_1/design_1_axi_iic_0_0.dcp' has been generated.
INFO: [runtcl-4] Executing : report_utilization -file design_1_axi_iic_0_0_utilization_synth.rpt -pb design_1_axi_iic_0_0_utilization_synth.pb
INFO: [Common 17-206] Exiting Vivado at Fri Nov 25 21:06:05 2022...
