

================================================================
== Vitis HLS Report for 'Bytes2AXIMMvideo'
================================================================
* Date:           Sat Dec 17 00:31:42 2022

* Version:        2022.1 (Build 3526262 on Mon Apr 18 15:48:16 MDT 2022)
* Project:        prj
* Solution:       sol (Vivado IP Flow Target)
* Product family: zynquplus
* Target device:  xck26-sfvc784-2LV-c


================================================================
== Performance Estimates
================================================================
+ Timing: 
    * Summary: 
    +--------+---------+----------+------------+
    |  Clock |  Target | Estimated| Uncertainty|
    +--------+---------+----------+------------+
    |ap_clk  |  3.33 ns|  2.433 ns|     0.90 ns|
    +--------+---------+----------+------------+

+ Latency: 
    * Summary: 
    +---------+----------+----------+-----------+-----+----------+---------+
    |  Latency (cycles)  |  Latency (absolute)  |    Interval    | Pipeline|
    |   min   |    max   |    min   |    max    | min |    max   |   Type  |
    +---------+----------+----------+-----------+-----+----------+---------+
    |        2|  71733602|  6.666 ns|  0.239 sec|    2|  71733602|       no|
    +---------+----------+----------+-----------+-----+----------+---------+

    + Detail: 
        * Instance: 
        +--------------------------------------------------------+---------------------------------------------+---------+---------+-----------+-----------+-----+------+---------+
        |                                                        |                                             |  Latency (cycles) |   Latency (absolute)  |  Interval  | Pipeline|
        |                        Instance                        |                    Module                   |   min   |   max   |    min    |    max    | min |  max |   Type  |
        +--------------------------------------------------------+---------------------------------------------+---------+---------+-----------+-----------+-----+------+---------+
        |grp_Bytes2AXIMMvideo_Pipeline_VITIS_LOOP_1117_1_fu_202  |Bytes2AXIMMvideo_Pipeline_VITIS_LOOP_1117_1  |        4|     8195|  13.332 ns|  27.314 us|    4|  8195|       no|
        |grp_Bytes2AXIMMvideo_Pipeline_VITIS_LOOP_1127_2_fu_212  |Bytes2AXIMMvideo_Pipeline_VITIS_LOOP_1127_2  |        4|     8195|  13.332 ns|  27.314 us|    4|  8195|       no|
        +--------------------------------------------------------+---------------------------------------------+---------+---------+-----------+-----------+-----+------+---------+

        * Loop: 
        +---------------------------------+---------+----------+-----------+-----------+-----------+----------+----------+
        |                                 |  Latency (cycles)  | Iteration |  Initiation Interval  |   Trip   |          |
        |            Loop Name            |   min   |    max   |  Latency  |  achieved |   target  |   Count  | Pipelined|
        +---------------------------------+---------+----------+-----------+-----------+-----------+----------+----------+
        |- loop_Bytes2AXIMMvideo_2planes  |        0|  71733600|  3 ~ 16605|          -|          -|  0 ~ 4320|        no|
        +---------------------------------+---------+----------+-----------+-----------+-----------+----------+----------+



================================================================
== Utilization Estimates
================================================================
* Summary: 
+-----------------+---------+------+--------+--------+-----+
|       Name      | BRAM_18K|  DSP |   FF   |   LUT  | URAM|
+-----------------+---------+------+--------+--------+-----+
|DSP              |        -|     -|       -|       -|    -|
|Expression       |        -|     -|       0|     375|    -|
|FIFO             |        -|     -|       -|       -|    -|
|Instance         |        -|     -|     166|     188|    -|
|Memory           |        -|     -|       -|       -|    -|
|Multiplexer      |        -|     -|       -|    1579|    -|
|Register         |        -|     -|     536|       -|    -|
+-----------------+---------+------+--------+--------+-----+
|Total            |        0|     0|     702|    2142|    0|
+-----------------+---------+------+--------+--------+-----+
|Available        |      288|  1248|  234240|  117120|   64|
+-----------------+---------+------+--------+--------+-----+
|Utilization (%)  |        0|     0|      ~0|       1|    0|
+-----------------+---------+------+--------+--------+-----+

+ Detail: 
    * Instance: 
    +--------------------------------------------------------+---------------------------------------------+---------+----+----+----+-----+
    |                        Instance                        |                    Module                   | BRAM_18K| DSP| FF | LUT| URAM|
    +--------------------------------------------------------+---------------------------------------------+---------+----+----+----+-----+
    |grp_Bytes2AXIMMvideo_Pipeline_VITIS_LOOP_1117_1_fu_202  |Bytes2AXIMMvideo_Pipeline_VITIS_LOOP_1117_1  |        0|   0|  83|  94|    0|
    |grp_Bytes2AXIMMvideo_Pipeline_VITIS_LOOP_1127_2_fu_212  |Bytes2AXIMMvideo_Pipeline_VITIS_LOOP_1127_2  |        0|   0|  83|  94|    0|
    +--------------------------------------------------------+---------------------------------------------+---------+----+----+----+-----+
    |Total                                                   |                                             |        0|   0| 166| 188|    0|
    +--------------------------------------------------------+---------------------------------------------+---------+----+----+----+-----+

    * DSP: 
    N/A

    * Memory: 
    N/A

    * FIFO: 
    N/A

    * Expression: 
    +---------------------------------------+----------+----+---+----+------------+------------+
    |             Variable Name             | Operation| DSP| FF| LUT| Bitwidth P0| Bitwidth P1|
    +---------------------------------------+----------+----+---+----+------------+------------+
    |add_ln1117_fu_342_p2                   |         +|   0|  0|  39|          32|          32|
    |add_ln1123_fu_367_p2                   |         +|   0|  0|  32|          25|          25|
    |add_ln1125_fu_290_p2                   |         +|   0|  0|  14|           7|           7|
    |add_ln1127_fu_487_p2                   |         +|   0|  0|  39|          32|          32|
    |offsetUV_1_fu_512_p2                   |         +|   0|  0|  39|          32|          32|
    |sub_fu_232_p2                          |         +|   0|  0|  23|          16|           3|
    |y_16_fu_324_p2                         |         +|   0|  0|  19|          12|           1|
    |ap_block_state110                      |       and|   0|  0|   2|           1|           1|
    |ap_block_state217                      |       and|   0|  0|   2|           1|           1|
    |cmp33_fu_282_p2                        |      icmp|   0|  0|  12|          13|           1|
    |empty_144_fu_372_p2                    |      icmp|   0|  0|  10|           6|           6|
    |empty_145_fu_377_p2                    |      icmp|   0|  0|  10|           6|           7|
    |empty_147_fu_388_p2                    |      icmp|   0|  0|  10|           6|           5|
    |empty_149_fu_399_p2                    |      icmp|   0|  0|  10|           6|           5|
    |empty_151_fu_410_p2                    |      icmp|   0|  0|  10|           6|           5|
    |empty_153_fu_421_p2                    |      icmp|   0|  0|  10|           6|           5|
    |empty_155_fu_432_p2                    |      icmp|   0|  0|  10|           6|           6|
    |empty_156_fu_437_p2                    |      icmp|   0|  0|  10|           6|           6|
    |empty_158_fu_448_p2                    |      icmp|   0|  0|  10|           6|           5|
    |empty_160_fu_459_p2                    |      icmp|   0|  0|  10|           6|           5|
    |empty_162_fu_470_p2                    |      icmp|   0|  0|  10|           6|           2|
    |icmp_ln1113_fu_319_p2                  |      icmp|   0|  0|  12|          12|          12|
    |icmp_ln1125_fu_306_p2                  |      icmp|   0|  0|  10|           6|           1|
    |ap_block_state1                        |        or|   0|  0|   2|           1|           1|
    |ap_predicate_op520_writeresp_state217  |        or|   0|  0|   2|           1|           1|
    |empty_146_fu_382_p2                    |        or|   0|  0|   2|           1|           1|
    |empty_148_fu_393_p2                    |        or|   0|  0|   2|           1|           1|
    |empty_150_fu_404_p2                    |        or|   0|  0|   2|           1|           1|
    |empty_152_fu_415_p2                    |        or|   0|  0|   2|           1|           1|
    |empty_154_fu_426_p2                    |        or|   0|  0|   2|           1|           1|
    |empty_157_fu_442_p2                    |        or|   0|  0|   2|           1|           1|
    |empty_159_fu_453_p2                    |        or|   0|  0|   2|           1|           1|
    |empty_161_fu_464_p2                    |        or|   0|  0|   2|           1|           1|
    |empty_163_fu_475_p2                    |        or|   0|  0|   2|           1|           1|
    +---------------------------------------+----------+----+---+----+------------+------------+
    |Total                                  |          |   0|  0| 375|         266|         216|
    +---------------------------------------+----------+----+---+----+------------+------------+

    * Multiplexer: 
    +-------------------------+------+-----------+-----+-----------+
    |           Name          |  LUT | Input Size| Bits| Total Bits|
    +-------------------------+------+-----------+-----+-----------+
    |Height_blk_n             |     9|          2|    1|          2|
    |StrideInBytes_blk_n      |     9|          2|    1|          2|
    |VideoFormat_blk_n        |     9|          2|    1|          2|
    |WidthInBytes_blk_n       |     9|          2|    1|          2|
    |ap_NS_fsm                |  1157|        218|    1|        218|
    |ap_done                  |     9|          2|    1|          2|
    |bytePlanes_plane01_read  |     9|          2|    1|          2|
    |bytePlanes_plane12_read  |     9|          2|    1|          2|
    |dstImg2_blk_n            |     9|          2|    1|          2|
    |dstImg_blk_n             |     9|          2|    1|          2|
    |m_axi_mm_video_AWADDR    |    26|          5|   32|        160|
    |m_axi_mm_video_AWBURST   |    14|          3|    2|          6|
    |m_axi_mm_video_AWCACHE   |    14|          3|    4|         12|
    |m_axi_mm_video_AWID      |    14|          3|    1|          3|
    |m_axi_mm_video_AWLEN     |    20|          4|   32|        128|
    |m_axi_mm_video_AWLOCK    |    14|          3|    2|          6|
    |m_axi_mm_video_AWPROT    |    14|          3|    3|          9|
    |m_axi_mm_video_AWQOS     |    14|          3|    4|         12|
    |m_axi_mm_video_AWREGION  |    14|          3|    4|         12|
    |m_axi_mm_video_AWSIZE    |    14|          3|    3|          9|
    |m_axi_mm_video_AWUSER    |    14|          3|    1|          3|
    |m_axi_mm_video_AWVALID   |    20|          4|    1|          4|
    |m_axi_mm_video_BREADY    |    20|          4|    1|          4|
    |m_axi_mm_video_WDATA     |    14|          3|   64|        192|
    |m_axi_mm_video_WID       |    14|          3|    1|          3|
    |m_axi_mm_video_WLAST     |    14|          3|    1|          3|
    |m_axi_mm_video_WSTRB     |    14|          3|    8|         24|
    |m_axi_mm_video_WUSER     |    14|          3|    1|          3|
    |m_axi_mm_video_WVALID    |    14|          3|    1|          3|
    |mm_video_blk_n_AW        |     9|          2|    1|          2|
    |mm_video_blk_n_B         |     9|          2|    1|          2|
    |offsetUV_fu_148          |     9|          2|   32|         64|
    |offsetY_fu_144           |     9|          2|   25|         50|
    |y_fu_140                 |     9|          2|   12|         24|
    +-------------------------+------+-----------+-----+-----------+
    |Total                    |  1579|        308|  247|        974|
    +-------------------------+------+-----------+-----+-----------+

    * Register: 
    +---------------------------------------------------------------------+-----+----+-----+-----------+
    |                                 Name                                |  FF | LUT| Bits| Const Bits|
    +---------------------------------------------------------------------+-----+----+-----+-----------+
    |Height_read_reg_567                                                  |   12|   0|   12|          0|
    |VideoFormat_read_reg_551                                             |    6|   0|    6|          0|
    |add_ln1123_reg_643                                                   |   25|   0|   25|          0|
    |ap_CS_fsm                                                            |  217|   0|  217|          0|
    |ap_done_reg                                                          |    1|   0|    1|          0|
    |cmp33_reg_607                                                        |    1|   0|    1|          0|
    |div8_cast3_reg_602                                                   |   13|   0|   32|         19|
    |div8_reg_590                                                         |   13|   0|   13|          0|
    |div_cast2_reg_596                                                    |   13|   0|   32|         19|
    |div_reg_582                                                          |   13|   0|   13|          0|
    |dstImg2_read_reg_572                                                 |   32|   0|   32|          0|
    |dstImg_read_reg_577                                                  |   32|   0|   32|          0|
    |empty_154_reg_648                                                    |    1|   0|    1|          0|
    |empty_163_reg_652                                                    |    1|   0|    1|          0|
    |grp_Bytes2AXIMMvideo_Pipeline_VITIS_LOOP_1117_1_fu_202_ap_start_reg  |    1|   0|    1|          0|
    |grp_Bytes2AXIMMvideo_Pipeline_VITIS_LOOP_1127_2_fu_212_ap_start_reg  |    1|   0|    1|          0|
    |icmp_ln1125_reg_616                                                  |    1|   0|    1|          0|
    |offsetUV_fu_148                                                      |   32|   0|   32|          0|
    |offsetY_fu_144                                                       |   25|   0|   25|          0|
    |trunc_ln1113_reg_620                                                 |    1|   0|    1|          0|
    |trunc_ln7_reg_632                                                    |   29|   0|   29|          0|
    |trunc_ln8_reg_656                                                    |   29|   0|   29|          0|
    |y_16_reg_627                                                         |   12|   0|   12|          0|
    |y_fu_140                                                             |   12|   0|   12|          0|
    |zext_ln1125_reg_611                                                  |   13|   0|   25|         12|
    +---------------------------------------------------------------------+-----+----+-----+-----------+
    |Total                                                                |  536|   0|  586|         50|
    +---------------------------------------------------------------------+-----+----+-----+-----------+



================================================================
== Interface
================================================================
* Summary: 
+-----------------------------------+-----+-----+------------+--------------------+--------------+
|             RTL Ports             | Dir | Bits|  Protocol  |    Source Object   |    C Type    |
+-----------------------------------+-----+-----+------------+--------------------+--------------+
|ap_clk                             |   in|    1|  ap_ctrl_hs|    Bytes2AXIMMvideo|  return value|
|ap_rst                             |   in|    1|  ap_ctrl_hs|    Bytes2AXIMMvideo|  return value|
|ap_start                           |   in|    1|  ap_ctrl_hs|    Bytes2AXIMMvideo|  return value|
|ap_done                            |  out|    1|  ap_ctrl_hs|    Bytes2AXIMMvideo|  return value|
|ap_continue                        |   in|    1|  ap_ctrl_hs|    Bytes2AXIMMvideo|  return value|
|ap_idle                            |  out|    1|  ap_ctrl_hs|    Bytes2AXIMMvideo|  return value|
|ap_ready                           |  out|    1|  ap_ctrl_hs|    Bytes2AXIMMvideo|  return value|
|bytePlanes_plane01_dout            |   in|   64|     ap_fifo|  bytePlanes_plane01|       pointer|
|bytePlanes_plane01_num_data_valid  |   in|   11|     ap_fifo|  bytePlanes_plane01|       pointer|
|bytePlanes_plane01_fifo_cap        |   in|   11|     ap_fifo|  bytePlanes_plane01|       pointer|
|bytePlanes_plane01_empty_n         |   in|    1|     ap_fifo|  bytePlanes_plane01|       pointer|
|bytePlanes_plane01_read            |  out|    1|     ap_fifo|  bytePlanes_plane01|       pointer|
|bytePlanes_plane12_dout            |   in|   64|     ap_fifo|  bytePlanes_plane12|       pointer|
|bytePlanes_plane12_num_data_valid  |   in|   11|     ap_fifo|  bytePlanes_plane12|       pointer|
|bytePlanes_plane12_fifo_cap        |   in|   11|     ap_fifo|  bytePlanes_plane12|       pointer|
|bytePlanes_plane12_empty_n         |   in|    1|     ap_fifo|  bytePlanes_plane12|       pointer|
|bytePlanes_plane12_read            |  out|    1|     ap_fifo|  bytePlanes_plane12|       pointer|
|m_axi_mm_video_AWVALID             |  out|    1|       m_axi|            mm_video|       pointer|
|m_axi_mm_video_AWREADY             |   in|    1|       m_axi|            mm_video|       pointer|
|m_axi_mm_video_AWADDR              |  out|   32|       m_axi|            mm_video|       pointer|
|m_axi_mm_video_AWID                |  out|    1|       m_axi|            mm_video|       pointer|
|m_axi_mm_video_AWLEN               |  out|   32|       m_axi|            mm_video|       pointer|
|m_axi_mm_video_AWSIZE              |  out|    3|       m_axi|            mm_video|       pointer|
|m_axi_mm_video_AWBURST             |  out|    2|       m_axi|            mm_video|       pointer|
|m_axi_mm_video_AWLOCK              |  out|    2|       m_axi|            mm_video|       pointer|
|m_axi_mm_video_AWCACHE             |  out|    4|       m_axi|            mm_video|       pointer|
|m_axi_mm_video_AWPROT              |  out|    3|       m_axi|            mm_video|       pointer|
|m_axi_mm_video_AWQOS               |  out|    4|       m_axi|            mm_video|       pointer|
|m_axi_mm_video_AWREGION            |  out|    4|       m_axi|            mm_video|       pointer|
|m_axi_mm_video_AWUSER              |  out|    1|       m_axi|            mm_video|       pointer|
|m_axi_mm_video_WVALID              |  out|    1|       m_axi|            mm_video|       pointer|
|m_axi_mm_video_WREADY              |   in|    1|       m_axi|            mm_video|       pointer|
|m_axi_mm_video_WDATA               |  out|   64|       m_axi|            mm_video|       pointer|
|m_axi_mm_video_WSTRB               |  out|    8|       m_axi|            mm_video|       pointer|
|m_axi_mm_video_WLAST               |  out|    1|       m_axi|            mm_video|       pointer|
|m_axi_mm_video_WID                 |  out|    1|       m_axi|            mm_video|       pointer|
|m_axi_mm_video_WUSER               |  out|    1|       m_axi|            mm_video|       pointer|
|m_axi_mm_video_ARVALID             |  out|    1|       m_axi|            mm_video|       pointer|
|m_axi_mm_video_ARREADY             |   in|    1|       m_axi|            mm_video|       pointer|
|m_axi_mm_video_ARADDR              |  out|   32|       m_axi|            mm_video|       pointer|
|m_axi_mm_video_ARID                |  out|    1|       m_axi|            mm_video|       pointer|
|m_axi_mm_video_ARLEN               |  out|   32|       m_axi|            mm_video|       pointer|
|m_axi_mm_video_ARSIZE              |  out|    3|       m_axi|            mm_video|       pointer|
|m_axi_mm_video_ARBURST             |  out|    2|       m_axi|            mm_video|       pointer|
|m_axi_mm_video_ARLOCK              |  out|    2|       m_axi|            mm_video|       pointer|
|m_axi_mm_video_ARCACHE             |  out|    4|       m_axi|            mm_video|       pointer|
|m_axi_mm_video_ARPROT              |  out|    3|       m_axi|            mm_video|       pointer|
|m_axi_mm_video_ARQOS               |  out|    4|       m_axi|            mm_video|       pointer|
|m_axi_mm_video_ARREGION            |  out|    4|       m_axi|            mm_video|       pointer|
|m_axi_mm_video_ARUSER              |  out|    1|       m_axi|            mm_video|       pointer|
|m_axi_mm_video_RVALID              |   in|    1|       m_axi|            mm_video|       pointer|
|m_axi_mm_video_RREADY              |  out|    1|       m_axi|            mm_video|       pointer|
|m_axi_mm_video_RDATA               |   in|   64|       m_axi|            mm_video|       pointer|
|m_axi_mm_video_RLAST               |   in|    1|       m_axi|            mm_video|       pointer|
|m_axi_mm_video_RID                 |   in|    1|       m_axi|            mm_video|       pointer|
|m_axi_mm_video_RFIFONUM            |   in|    9|       m_axi|            mm_video|       pointer|
|m_axi_mm_video_RUSER               |   in|    1|       m_axi|            mm_video|       pointer|
|m_axi_mm_video_RRESP               |   in|    2|       m_axi|            mm_video|       pointer|
|m_axi_mm_video_BVALID              |   in|    1|       m_axi|            mm_video|       pointer|
|m_axi_mm_video_BREADY              |  out|    1|       m_axi|            mm_video|       pointer|
|m_axi_mm_video_BRESP               |   in|    2|       m_axi|            mm_video|       pointer|
|m_axi_mm_video_BID                 |   in|    1|       m_axi|            mm_video|       pointer|
|m_axi_mm_video_BUSER               |   in|    1|       m_axi|            mm_video|       pointer|
|dstImg_dout                        |   in|   32|     ap_fifo|              dstImg|       pointer|
|dstImg_num_data_valid              |   in|    3|     ap_fifo|              dstImg|       pointer|
|dstImg_fifo_cap                    |   in|    3|     ap_fifo|              dstImg|       pointer|
|dstImg_empty_n                     |   in|    1|     ap_fifo|              dstImg|       pointer|
|dstImg_read                        |  out|    1|     ap_fifo|              dstImg|       pointer|
|dstImg2_dout                       |   in|   32|     ap_fifo|             dstImg2|       pointer|
|dstImg2_num_data_valid             |   in|    3|     ap_fifo|             dstImg2|       pointer|
|dstImg2_fifo_cap                   |   in|    3|     ap_fifo|             dstImg2|       pointer|
|dstImg2_empty_n                    |   in|    1|     ap_fifo|             dstImg2|       pointer|
|dstImg2_read                       |  out|    1|     ap_fifo|             dstImg2|       pointer|
|Height_dout                        |   in|   12|     ap_fifo|              Height|       pointer|
|Height_num_data_valid              |   in|    2|     ap_fifo|              Height|       pointer|
|Height_fifo_cap                    |   in|    2|     ap_fifo|              Height|       pointer|
|Height_empty_n                     |   in|    1|     ap_fifo|              Height|       pointer|
|Height_read                        |  out|    1|     ap_fifo|              Height|       pointer|
|WidthInBytes_dout                  |   in|   15|     ap_fifo|        WidthInBytes|       pointer|
|WidthInBytes_num_data_valid        |   in|    2|     ap_fifo|        WidthInBytes|       pointer|
|WidthInBytes_fifo_cap              |   in|    2|     ap_fifo|        WidthInBytes|       pointer|
|WidthInBytes_empty_n               |   in|    1|     ap_fifo|        WidthInBytes|       pointer|
|WidthInBytes_read                  |  out|    1|     ap_fifo|        WidthInBytes|       pointer|
|StrideInBytes_dout                 |   in|   16|     ap_fifo|       StrideInBytes|       pointer|
|StrideInBytes_num_data_valid       |   in|    3|     ap_fifo|       StrideInBytes|       pointer|
|StrideInBytes_fifo_cap             |   in|    3|     ap_fifo|       StrideInBytes|       pointer|
|StrideInBytes_empty_n              |   in|    1|     ap_fifo|       StrideInBytes|       pointer|
|StrideInBytes_read                 |  out|    1|     ap_fifo|       StrideInBytes|       pointer|
|VideoFormat_dout                   |   in|    6|     ap_fifo|         VideoFormat|       pointer|
|VideoFormat_num_data_valid         |   in|    2|     ap_fifo|         VideoFormat|       pointer|
|VideoFormat_fifo_cap               |   in|    2|     ap_fifo|         VideoFormat|       pointer|
|VideoFormat_empty_n                |   in|    1|     ap_fifo|         VideoFormat|       pointer|
|VideoFormat_read                   |  out|    1|     ap_fifo|         VideoFormat|       pointer|
+-----------------------------------+-----+-----+------------+--------------------+--------------+

