

================================================================
== Vitis HLS Report for 'FrmbufWrHlsDataFlow'
================================================================
* Date:           Sat Dec 17 00:31:43 2022

* Version:        2022.1 (Build 3526262 on Mon Apr 18 15:48:16 MDT 2022)
* Project:        prj
* Solution:       sol (Vivado IP Flow Target)
* Product family: zynquplus
* Target device:  xck26-sfvc784-2LV-c


================================================================
== Performance Estimates
================================================================
+ Timing: 
    * Summary: 
    +--------+---------+----------+------------+
    |  Clock |  Target | Estimated| Uncertainty|
    +--------+---------+----------+------------+
    |ap_clk  |  3.33 ns|  2.433 ns|     0.90 ns|
    +--------+---------+----------+------------+

+ Latency: 
    * Summary: 
    +---------+-----------+-----------+-----------+-----+-----------+----------+
    |   Latency (cycles)  |   Latency (absolute)  |     Interval    | Pipeline |
    |   min   |    max    |    min    |    max    | min |    max    |   Type   |
    +---------+-----------+-----------+-----------+-----+-----------+----------+
    |       12|  283145765|  39.996 ns|  0.944 sec|    7|  283145764|  dataflow|
    +---------+-----------+-----------+-----------+-----+-----------+----------+

    + Detail: 
        * Instance: 
        +----------------------------+-------------------------+---------+-----------+-----------+-----------+-----+-----------+---------+
        |                            |                         |   Latency (cycles)  |   Latency (absolute)  |     Interval    | Pipeline|
        |          Instance          |          Module         |   min   |    max    |    min    |    max    | min |    max    |   Type  |
        +----------------------------+-------------------------+---------+-----------+-----------+-----------+-----+-----------+---------+
        |AXIvideo2MultiPixStream_U0  |AXIvideo2MultiPixStream  |        6|    8316006|  19.998 ns|  27.717 ms|    6|    8316006|       no|
        |entry_proc_U0               |entry_proc               |        0|          0|       0 ns|       0 ns|    0|          0|       no|
        |MultiPixStream2Bytes_U0     |MultiPixStream2Bytes     |        1|  283145763|   3.333 ns|  0.944 sec|    1|  283145763|       no|
        |Bytes2AXIMMvideo_U0         |Bytes2AXIMMvideo         |        2|   71733602|   6.666 ns|  0.239 sec|    2|   71733602|       no|
        +----------------------------+-------------------------+---------+-----------+-----------+-----------+-----+-----------+---------+

        * Loop: 
        N/A



================================================================
== Utilization Estimates
================================================================
* Summary: 
+-----------------+---------+------+--------+--------+-----+
|       Name      | BRAM_18K|  DSP |   FF   |   LUT  | URAM|
+-----------------+---------+------+--------+--------+-----+
|DSP              |        -|     -|       -|       -|    -|
|Expression       |        -|     -|       0|      14|    -|
|FIFO             |        8|     -|    1417|     867|    -|
|Instance         |        -|     2|    2773|    6048|    -|
|Memory           |        -|     -|       -|       -|    -|
|Multiplexer      |        -|     -|       -|      18|    -|
|Register         |        -|     -|       2|       -|    -|
+-----------------+---------+------+--------+--------+-----+
|Total            |        8|     2|    4192|    6947|    0|
+-----------------+---------+------+--------+--------+-----+
|Available        |      288|  1248|  234240|  117120|   64|
+-----------------+---------+------+--------+--------+-----+
|Utilization (%)  |        2|    ~0|       1|       5|    0|
+-----------------+---------+------+--------+--------+-----+

+ Detail: 
    * Instance: 
    +----------------------------+-------------------------+---------+----+------+------+-----+
    |          Instance          |          Module         | BRAM_18K| DSP|  FF  |  LUT | URAM|
    +----------------------------+-------------------------+---------+----+------+------+-----+
    |AXIvideo2MultiPixStream_U0  |AXIvideo2MultiPixStream  |        0|   0|   190|   485|    0|
    |Bytes2AXIMMvideo_U0         |Bytes2AXIMMvideo         |        0|   0|   702|  2142|    0|
    |MultiPixStream2Bytes_U0     |MultiPixStream2Bytes     |        0|   2|  1878|  3356|    0|
    |entry_proc_U0               |entry_proc               |        0|   0|     3|    65|    0|
    +----------------------------+-------------------------+---------+----+------+------+-----+
    |Total                       |                         |        0|   2|  2773|  6048|    0|
    +----------------------------+-------------------------+---------+----+------+------+-----+

    * DSP: 
    N/A

    * Memory: 
    N/A

    * FIFO: 
    +-----------------------+---------+-----+----+-----+------+-----+---------+
    |          Name         | BRAM_18K|  FF | LUT| URAM| Depth| Bits| Size:D*B|
    +-----------------------+---------+-----+----+-----+------+-----+---------+
    |HwReg_frm_buffer2_c_U  |        0|   99|   0|    -|     4|   32|      128|
    |HwReg_frm_buffer_c_U   |        0|   99|   0|    -|     4|   32|      128|
    |WidthInBytes_c9_U      |        0|   99|   0|    -|     3|   15|       45|
    |WidthInBytes_c_U       |        0|   99|   0|    -|     2|   15|       30|
    |bytePlanes_plane0_U    |        4|  164|   0|    -|   960|   64|    61440|
    |bytePlanes_plane1_U    |        4|  164|   0|    -|   960|   64|    61440|
    |height_c10_U           |        0|   99|   0|    -|     2|   12|       24|
    |height_c_U             |        0|   99|   0|    -|     2|   12|       24|
    |img_U                  |        0|   99|   0|    -|     2|   24|       48|
    |stride_c_U             |        0|   99|   0|    -|     4|   16|       64|
    |video_format_c11_U     |        0|   99|   0|    -|     3|    6|       18|
    |video_format_c_U       |        0|   99|   0|    -|     2|    6|       12|
    |width_c_U              |        0|   99|   0|    -|     2|    3|        6|
    +-----------------------+---------+-----+----+-----+------+-----+---------+
    |Total                  |        8| 1417|   0|    0|  1950|  301|   123407|
    +-----------------------+---------+-----+----+-----+------+-----+---------+

    * Expression: 
    +---------------------------------------------+----------+----+---+----+------------+------------+
    |                Variable Name                | Operation| DSP| FF| LUT| Bitwidth P0| Bitwidth P1|
    +---------------------------------------------+----------+----+---+----+------------+------------+
    |AXIvideo2MultiPixStream_U0_ap_start          |       and|   0|  0|   2|           1|           1|
    |ap_idle                                      |       and|   0|  0|   2|           1|           1|
    |ap_sync_ready                                |       and|   0|  0|   2|           1|           1|
    |entry_proc_U0_ap_start                       |       and|   0|  0|   2|           1|           1|
    |entry_proc_U0_start_full_n                   |       and|   0|  0|   2|           1|           1|
    |ap_sync_AXIvideo2MultiPixStream_U0_ap_ready  |        or|   0|  0|   2|           1|           1|
    |ap_sync_entry_proc_U0_ap_ready               |        or|   0|  0|   2|           1|           1|
    +---------------------------------------------+----------+----+---+----+------------+------------+
    |Total                                        |          |   0|  0|  14|           7|           7|
    +---------------------------------------------+----------+----+---+----+------------+------------+

    * Multiplexer: 
    +-------------------------------------------------+----+-----------+-----+-----------+
    |                       Name                      | LUT| Input Size| Bits| Total Bits|
    +-------------------------------------------------+----+-----------+-----+-----------+
    |ap_sync_reg_AXIvideo2MultiPixStream_U0_ap_ready  |   9|          2|    1|          2|
    |ap_sync_reg_entry_proc_U0_ap_ready               |   9|          2|    1|          2|
    +-------------------------------------------------+----+-----------+-----+-----------+
    |Total                                            |  18|          4|    2|          4|
    +-------------------------------------------------+----+-----------+-----+-----------+

    * Register: 
    +-------------------------------------------------+---+----+-----+-----------+
    |                       Name                      | FF| LUT| Bits| Const Bits|
    +-------------------------------------------------+---+----+-----+-----------+
    |ap_sync_reg_AXIvideo2MultiPixStream_U0_ap_ready  |  1|   0|    1|          0|
    |ap_sync_reg_entry_proc_U0_ap_ready               |  1|   0|    1|          0|
    +-------------------------------------------------+---+----+-----+-----------+
    |Total                                            |  2|   0|    2|          0|
    +-------------------------------------------------+---+----+-----+-----------+



================================================================
== Interface
================================================================
* Summary: 
+--------------------------+-----+-----+------------+-----------------------+--------------+
|         RTL Ports        | Dir | Bits|  Protocol  |     Source Object     |    C Type    |
+--------------------------+-----+-----+------------+-----------------------+--------------+
|s_axis_video_TDATA        |   in|   24|        axis|  s_axis_video_V_data_V|       pointer|
|s_axis_video_TKEEP        |   in|    3|        axis|  s_axis_video_V_keep_V|       pointer|
|s_axis_video_TSTRB        |   in|    3|        axis|  s_axis_video_V_strb_V|       pointer|
|s_axis_video_TUSER        |   in|    1|        axis|  s_axis_video_V_user_V|       pointer|
|s_axis_video_TLAST        |   in|    1|        axis|  s_axis_video_V_last_V|       pointer|
|s_axis_video_TID          |   in|    1|        axis|    s_axis_video_V_id_V|       pointer|
|s_axis_video_TDEST        |   in|    1|        axis|  s_axis_video_V_dest_V|       pointer|
|s_axis_video_TVALID       |   in|    1|        axis|  s_axis_video_V_dest_V|       pointer|
|s_axis_video_TREADY       |  out|    1|        axis|  s_axis_video_V_dest_V|       pointer|
|m_axi_mm_video_AWVALID    |  out|    1|       m_axi|               mm_video|       pointer|
|m_axi_mm_video_AWREADY    |   in|    1|       m_axi|               mm_video|       pointer|
|m_axi_mm_video_AWADDR     |  out|   32|       m_axi|               mm_video|       pointer|
|m_axi_mm_video_AWID       |  out|    1|       m_axi|               mm_video|       pointer|
|m_axi_mm_video_AWLEN      |  out|   32|       m_axi|               mm_video|       pointer|
|m_axi_mm_video_AWSIZE     |  out|    3|       m_axi|               mm_video|       pointer|
|m_axi_mm_video_AWBURST    |  out|    2|       m_axi|               mm_video|       pointer|
|m_axi_mm_video_AWLOCK     |  out|    2|       m_axi|               mm_video|       pointer|
|m_axi_mm_video_AWCACHE    |  out|    4|       m_axi|               mm_video|       pointer|
|m_axi_mm_video_AWPROT     |  out|    3|       m_axi|               mm_video|       pointer|
|m_axi_mm_video_AWQOS      |  out|    4|       m_axi|               mm_video|       pointer|
|m_axi_mm_video_AWREGION   |  out|    4|       m_axi|               mm_video|       pointer|
|m_axi_mm_video_AWUSER     |  out|    1|       m_axi|               mm_video|       pointer|
|m_axi_mm_video_WVALID     |  out|    1|       m_axi|               mm_video|       pointer|
|m_axi_mm_video_WREADY     |   in|    1|       m_axi|               mm_video|       pointer|
|m_axi_mm_video_WDATA      |  out|   64|       m_axi|               mm_video|       pointer|
|m_axi_mm_video_WSTRB      |  out|    8|       m_axi|               mm_video|       pointer|
|m_axi_mm_video_WLAST      |  out|    1|       m_axi|               mm_video|       pointer|
|m_axi_mm_video_WID        |  out|    1|       m_axi|               mm_video|       pointer|
|m_axi_mm_video_WUSER      |  out|    1|       m_axi|               mm_video|       pointer|
|m_axi_mm_video_ARVALID    |  out|    1|       m_axi|               mm_video|       pointer|
|m_axi_mm_video_ARREADY    |   in|    1|       m_axi|               mm_video|       pointer|
|m_axi_mm_video_ARADDR     |  out|   32|       m_axi|               mm_video|       pointer|
|m_axi_mm_video_ARID       |  out|    1|       m_axi|               mm_video|       pointer|
|m_axi_mm_video_ARLEN      |  out|   32|       m_axi|               mm_video|       pointer|
|m_axi_mm_video_ARSIZE     |  out|    3|       m_axi|               mm_video|       pointer|
|m_axi_mm_video_ARBURST    |  out|    2|       m_axi|               mm_video|       pointer|
|m_axi_mm_video_ARLOCK     |  out|    2|       m_axi|               mm_video|       pointer|
|m_axi_mm_video_ARCACHE    |  out|    4|       m_axi|               mm_video|       pointer|
|m_axi_mm_video_ARPROT     |  out|    3|       m_axi|               mm_video|       pointer|
|m_axi_mm_video_ARQOS      |  out|    4|       m_axi|               mm_video|       pointer|
|m_axi_mm_video_ARREGION   |  out|    4|       m_axi|               mm_video|       pointer|
|m_axi_mm_video_ARUSER     |  out|    1|       m_axi|               mm_video|       pointer|
|m_axi_mm_video_RVALID     |   in|    1|       m_axi|               mm_video|       pointer|
|m_axi_mm_video_RREADY     |  out|    1|       m_axi|               mm_video|       pointer|
|m_axi_mm_video_RDATA      |   in|   64|       m_axi|               mm_video|       pointer|
|m_axi_mm_video_RLAST      |   in|    1|       m_axi|               mm_video|       pointer|
|m_axi_mm_video_RID        |   in|    1|       m_axi|               mm_video|       pointer|
|m_axi_mm_video_RFIFONUM   |   in|    9|       m_axi|               mm_video|       pointer|
|m_axi_mm_video_RUSER      |   in|    1|       m_axi|               mm_video|       pointer|
|m_axi_mm_video_RRESP      |   in|    2|       m_axi|               mm_video|       pointer|
|m_axi_mm_video_BVALID     |   in|    1|       m_axi|               mm_video|       pointer|
|m_axi_mm_video_BREADY     |  out|    1|       m_axi|               mm_video|       pointer|
|m_axi_mm_video_BRESP      |   in|    2|       m_axi|               mm_video|       pointer|
|m_axi_mm_video_BID        |   in|    1|       m_axi|               mm_video|       pointer|
|m_axi_mm_video_BUSER      |   in|    1|       m_axi|               mm_video|       pointer|
|HwReg_frm_buffer          |   in|   32|     ap_none|       HwReg_frm_buffer|        scalar|
|HwReg_frm_buffer_ap_vld   |   in|    1|     ap_none|       HwReg_frm_buffer|        scalar|
|HwReg_frm_buffer2         |   in|   32|     ap_none|      HwReg_frm_buffer2|        scalar|
|HwReg_frm_buffer2_ap_vld  |   in|    1|     ap_none|      HwReg_frm_buffer2|        scalar|
|p_read                    |   in|   15|     ap_none|                 p_read|        scalar|
|p_read_ap_vld             |   in|    1|     ap_none|                 p_read|        scalar|
|p_read1                   |   in|    3|     ap_none|                p_read1|        scalar|
|p_read1_ap_vld            |   in|    1|     ap_none|                p_read1|        scalar|
|p_read2                   |   in|   12|     ap_none|                p_read2|        scalar|
|p_read2_ap_vld            |   in|    1|     ap_none|                p_read2|        scalar|
|p_read3                   |   in|   12|     ap_none|                p_read3|        scalar|
|p_read3_ap_vld            |   in|    1|     ap_none|                p_read3|        scalar|
|p_read14                  |   in|   16|     ap_none|               p_read14|        scalar|
|p_read14_ap_vld           |   in|    1|     ap_none|               p_read14|        scalar|
|p_read25                  |   in|    6|     ap_none|               p_read25|        scalar|
|p_read25_ap_vld           |   in|    1|     ap_none|               p_read25|        scalar|
|ap_clk                    |   in|    1|  ap_ctrl_hs|    FrmbufWrHlsDataFlow|  return value|
|ap_rst                    |   in|    1|  ap_ctrl_hs|    FrmbufWrHlsDataFlow|  return value|
|ap_start                  |   in|    1|  ap_ctrl_hs|    FrmbufWrHlsDataFlow|  return value|
|ap_done                   |  out|    1|  ap_ctrl_hs|    FrmbufWrHlsDataFlow|  return value|
|ap_ready                  |  out|    1|  ap_ctrl_hs|    FrmbufWrHlsDataFlow|  return value|
|ap_idle                   |  out|    1|  ap_ctrl_hs|    FrmbufWrHlsDataFlow|  return value|
|ap_continue               |   in|    1|  ap_ctrl_hs|    FrmbufWrHlsDataFlow|  return value|
+--------------------------+-----+-----+------------+-----------------------+--------------+

