

================================================================
== Vitis HLS Report for 'AXIvideo2MultiPixStream'
================================================================
* Date:           Fri Nov 25 21:03:44 2022

* Version:        2022.1 (Build 3526262 on Mon Apr 18 15:48:16 MDT 2022)
* Project:        prj
* Solution:       sol (Vivado IP Flow Target)
* Product family: zynquplus
* Target device:  xck26-sfvc784-2LV-c


================================================================
== Performance Estimates
================================================================
+ Timing: 
    * Summary: 
    +--------+---------+----------+------------+
    |  Clock |  Target | Estimated| Uncertainty|
    +--------+---------+----------+------------+
    |ap_clk  |  6.66 ns|  2.378 ns|     1.80 ns|
    +--------+---------+----------+------------+

+ Latency: 
    * Summary: 
    +---------+---------+-----------+-----------+-----+---------+---------+
    |  Latency (cycles) |   Latency (absolute)  |    Interval   | Pipeline|
    |   min   |   max   |    min    |    max    | min |   max   |   Type  |
    +---------+---------+-----------+-----------+-----+---------+---------+
    |        6|  8316006|  39.978 ns|  55.410 ms|    6|  8316006|       no|
    +---------+---------+-----------+-----------+-----+---------+---------+

    + Detail: 
        * Instance: 
        +-----------------------------------------------------------------+------------------------------------------------------+---------+---------+-----------+-----------+-----+------+---------+
        |                                                                 |                                                      |  Latency (cycles) |   Latency (absolute)  |  Interval  | Pipeline|
        |                             Instance                            |                        Module                        |   min   |   max   |    min    |    max    | min |  max |   Type  |
        +-----------------------------------------------------------------+------------------------------------------------------+---------+---------+-----------+-----------+-----+------+---------+
        |grp_AXIvideo2MultiPixStream_Pipeline_loop_wait_for_start_fu_194  |AXIvideo2MultiPixStream_Pipeline_loop_wait_for_start  |        2|        2|  13.326 ns|  13.326 ns|    2|     2|       no|
        |grp_AXIvideo2MultiPixStream_Pipeline_loop_width_fu_214           |AXIvideo2MultiPixStream_Pipeline_loop_width           |        3|     3842|  19.989 ns|  25.599 us|    3|  3842|       no|
        |grp_AXIvideo2MultiPixStream_Pipeline_loop_wait_for_eol_fu_242    |AXIvideo2MultiPixStream_Pipeline_loop_wait_for_eol    |        2|        2|  13.326 ns|  13.326 ns|    2|     2|       no|
        |grp_reg_unsigned_short_s_fu_289                                  |reg_unsigned_short_s                                  |        1|        1|   6.663 ns|   6.663 ns|    1|     1|      yes|
        |grp_reg_unsigned_short_s_fu_294                                  |reg_unsigned_short_s                                  |        1|        1|   6.663 ns|   6.663 ns|    1|     1|      yes|
        +-----------------------------------------------------------------+------------------------------------------------------+---------+---------+-----------+-----------+-----+------+---------+

        * Loop: 
        +---------------+---------+---------+----------+-----------+-----------+----------+----------+
        |               |  Latency (cycles) | Iteration|  Initiation Interval  |   Trip   |          |
        |   Loop Name   |   min   |   max   |  Latency |  achieved |   target  |   Count  | Pipelined|
        +---------------+---------+---------+----------+-----------+-----------+----------+----------+
        |- loop_height  |        0|  8316000|  7 ~ 3850|          -|          -|  0 ~ 2160|        no|
        +---------------+---------+---------+----------+-----------+-----------+----------+----------+



================================================================
== Utilization Estimates
================================================================
* Summary: 
+-----------------+---------+------+--------+--------+-----+
|       Name      | BRAM_18K|  DSP |   FF   |   LUT  | URAM|
+-----------------+---------+------+--------+--------+-----+
|DSP              |        -|     -|       -|       -|    -|
|Expression       |        -|     -|       0|      53|    -|
|FIFO             |        -|     -|       -|       -|    -|
|Instance         |        -|     -|      73|     263|    -|
|Memory           |        -|     -|       -|       -|    -|
|Multiplexer      |        -|     -|       -|     169|    -|
|Register         |        -|     -|     117|       -|    -|
+-----------------+---------+------+--------+--------+-----+
|Total            |        0|     0|     190|     485|    0|
+-----------------+---------+------+--------+--------+-----+
|Available        |      288|  1248|  234240|  117120|   64|
+-----------------+---------+------+--------+--------+-----+
|Utilization (%)  |        0|     0|      ~0|      ~0|    0|
+-----------------+---------+------+--------+--------+-----+

+ Detail: 
    * Instance: 
    +-----------------------------------------------------------------+------------------------------------------------------+---------+----+----+-----+-----+
    |                             Instance                            |                        Module                        | BRAM_18K| DSP| FF | LUT | URAM|
    +-----------------------------------------------------------------+------------------------------------------------------+---------+----+----+-----+-----+
    |grp_AXIvideo2MultiPixStream_Pipeline_loop_wait_for_eol_fu_242    |AXIvideo2MultiPixStream_Pipeline_loop_wait_for_eol    |        0|   0|   4|   52|    0|
    |grp_AXIvideo2MultiPixStream_Pipeline_loop_wait_for_start_fu_194  |AXIvideo2MultiPixStream_Pipeline_loop_wait_for_start  |        0|   0|   3|   34|    0|
    |grp_AXIvideo2MultiPixStream_Pipeline_loop_width_fu_214           |AXIvideo2MultiPixStream_Pipeline_loop_width           |        0|   0|  42|  177|    0|
    |grp_reg_unsigned_short_s_fu_289                                  |reg_unsigned_short_s                                  |        0|   0|  12|    0|    0|
    |grp_reg_unsigned_short_s_fu_294                                  |reg_unsigned_short_s                                  |        0|   0|  12|    0|    0|
    +-----------------------------------------------------------------+------------------------------------------------------+---------+----+----+-----+-----+
    |Total                                                            |                                                      |        0|   0|  73|  263|    0|
    +-----------------------------------------------------------------+------------------------------------------------------+---------+----+----+-----+-----+

    * DSP: 
    N/A

    * Memory: 
    N/A

    * FIFO: 
    N/A

    * Expression: 
    +----------------------+----------+----+---+----+------------+------------+
    |     Variable Name    | Operation| DSP| FF| LUT| Bitwidth P0| Bitwidth P1|
    +----------------------+----------+----+---+----+------------+------------+
    |i_2_fu_320_p2         |         +|   0|  0|  19|          12|           1|
    |cmp12464_fu_302_p2    |      icmp|   0|  0|  12|          12|           1|
    |cond_fu_273_p2        |      icmp|   0|  0|   8|           3|           1|
    |icmp_ln205_fu_315_p2  |      icmp|   0|  0|  12|          12|          12|
    |ap_block_state1       |        or|   0|  0|   2|           1|           1|
    +----------------------+----------+----+---+----+------------+------------+
    |Total                 |          |   0|  0|  53|          40|          16|
    +----------------------+----------+----+---+----+------------+------------+

    * Multiplexer: 
    +--------------------------+----+-----------+-----+-----------+
    |           Name           | LUT| Input Size| Bits| Total Bits|
    +--------------------------+----+-----------+-----+-----------+
    |ap_NS_fsm                 |  59|         11|    1|         11|
    |ap_done                   |   9|          2|    1|          2|
    |axi_data_2_lcssa_reg_161  |   9|          2|   24|         48|
    |axi_data_V_2_fu_94        |   9|          2|   24|         48|
    |axi_last_2_lcssa_reg_171  |   9|          2|    1|          2|
    |axi_last_V_2_reg_151      |   9|          2|    1|          2|
    |eol_0_lcssa_reg_182       |   9|          2|    1|          2|
    |height_c10_blk_n          |   9|          2|    1|          2|
    |i_fu_90                   |   9|          2|   12|         24|
    |img_write                 |   9|          2|    1|          2|
    |s_axis_video_TREADY       |  20|          4|    1|          4|
    |width_c_blk_n             |   9|          2|    1|          2|
    +--------------------------+----+-----------+-----+-----------+
    |Total                     | 169|         35|   69|        149|
    +--------------------------+----+-----------+-----+-----------+

    * Register: 
    +------------------------------------------------------------------------------+----+----+-----+-----------+
    |                                     Name                                     | FF | LUT| Bits| Const Bits|
    +------------------------------------------------------------------------------+----+----+-----+-----------+
    |ap_CS_fsm                                                                     |  10|   0|   10|          0|
    |ap_done_reg                                                                   |   1|   0|    1|          0|
    |axi_data_2_lcssa_reg_161                                                      |  24|   0|   24|          0|
    |axi_data_V_2_fu_94                                                            |  24|   0|   24|          0|
    |axi_last_2_lcssa_reg_171                                                      |   1|   0|    1|          0|
    |axi_last_V_2_reg_151                                                          |   1|   0|    1|          0|
    |axi_last_V_4_loc_fu_102                                                       |   1|   0|    1|          0|
    |cmp12464_reg_421                                                              |   1|   0|    1|          0|
    |cols_reg_413                                                                  |  12|   0|   12|          0|
    |cond_reg_403                                                                  |   1|   0|    1|          0|
    |eol_0_lcssa_reg_182                                                           |   1|   0|    1|          0|
    |grp_AXIvideo2MultiPixStream_Pipeline_loop_wait_for_eol_fu_242_ap_start_reg    |   1|   0|    1|          0|
    |grp_AXIvideo2MultiPixStream_Pipeline_loop_wait_for_start_fu_194_ap_start_reg  |   1|   0|    1|          0|
    |grp_AXIvideo2MultiPixStream_Pipeline_loop_width_fu_214_ap_start_reg           |   1|   0|    1|          0|
    |i_2_reg_431                                                                   |  12|   0|   12|          0|
    |i_fu_90                                                                       |  12|   0|   12|          0|
    |rows_reg_408                                                                  |  12|   0|   12|          0|
    |sof_fu_98                                                                     |   1|   0|    1|          0|
    +------------------------------------------------------------------------------+----+----+-----+-----------+
    |Total                                                                         | 117|   0|  117|          0|
    +------------------------------------------------------------------------------+----+----+-----+-----------+



================================================================
== Interface
================================================================
* Summary: 
+---------------------------+-----+-----+------------+-------------------------+--------------+
|         RTL Ports         | Dir | Bits|  Protocol  |      Source Object      |    C Type    |
+---------------------------+-----+-----+------------+-------------------------+--------------+
|ap_clk                     |   in|    1|  ap_ctrl_hs|  AXIvideo2MultiPixStream|  return value|
|ap_rst                     |   in|    1|  ap_ctrl_hs|  AXIvideo2MultiPixStream|  return value|
|ap_start                   |   in|    1|  ap_ctrl_hs|  AXIvideo2MultiPixStream|  return value|
|ap_done                    |  out|    1|  ap_ctrl_hs|  AXIvideo2MultiPixStream|  return value|
|ap_continue                |   in|    1|  ap_ctrl_hs|  AXIvideo2MultiPixStream|  return value|
|ap_idle                    |  out|    1|  ap_ctrl_hs|  AXIvideo2MultiPixStream|  return value|
|ap_ready                   |  out|    1|  ap_ctrl_hs|  AXIvideo2MultiPixStream|  return value|
|s_axis_video_TDATA         |   in|   24|        axis|    s_axis_video_V_data_V|       pointer|
|s_axis_video_TVALID        |   in|    1|        axis|    s_axis_video_V_dest_V|       pointer|
|s_axis_video_TREADY        |  out|    1|        axis|    s_axis_video_V_dest_V|       pointer|
|s_axis_video_TDEST         |   in|    1|        axis|    s_axis_video_V_dest_V|       pointer|
|s_axis_video_TKEEP         |   in|    3|        axis|    s_axis_video_V_keep_V|       pointer|
|s_axis_video_TSTRB         |   in|    3|        axis|    s_axis_video_V_strb_V|       pointer|
|s_axis_video_TUSER         |   in|    1|        axis|    s_axis_video_V_user_V|       pointer|
|s_axis_video_TLAST         |   in|    1|        axis|    s_axis_video_V_last_V|       pointer|
|s_axis_video_TID           |   in|    1|        axis|      s_axis_video_V_id_V|       pointer|
|img_din                    |  out|   24|     ap_fifo|                      img|       pointer|
|img_num_data_valid         |   in|    2|     ap_fifo|                      img|       pointer|
|img_fifo_cap               |   in|    2|     ap_fifo|                      img|       pointer|
|img_full_n                 |   in|    1|     ap_fifo|                      img|       pointer|
|img_write                  |  out|    1|     ap_fifo|                      img|       pointer|
|p_read                     |   in|   12|     ap_none|                   p_read|        scalar|
|p_read1                    |   in|   12|     ap_none|                  p_read1|        scalar|
|p_read2                    |   in|    3|     ap_none|                  p_read2|        scalar|
|width_c_din                |  out|    3|     ap_fifo|                  width_c|       pointer|
|width_c_num_data_valid     |   in|    2|     ap_fifo|                  width_c|       pointer|
|width_c_fifo_cap           |   in|    2|     ap_fifo|                  width_c|       pointer|
|width_c_full_n             |   in|    1|     ap_fifo|                  width_c|       pointer|
|width_c_write              |  out|    1|     ap_fifo|                  width_c|       pointer|
|height_c10_din             |  out|   12|     ap_fifo|               height_c10|       pointer|
|height_c10_num_data_valid  |   in|    2|     ap_fifo|               height_c10|       pointer|
|height_c10_fifo_cap        |   in|    2|     ap_fifo|               height_c10|       pointer|
|height_c10_full_n          |   in|    1|     ap_fifo|               height_c10|       pointer|
|height_c10_write           |  out|    1|     ap_fifo|               height_c10|       pointer|
+---------------------------+-----+-----+------------+-------------------------+--------------+

============================================================
+ Verbose Summary: Synthesis Manager
============================================================
InlineROM: 1
ExposeGlobal: 0
============================================================
+ Verbose Summary: CDFG Model
============================================================
IsTopModel: 0
ResetActiveHigh: 1
IsCombinational: 2
IsDatapathOnly: 0
HasWiredReturn: 1
HasMFsm: 0
HasVarLatency: 1
IsPipeline: 0
IsRtlPipelined: 0
IsInstanceOverlapped: 0
IsDontTouch: 0
HasImplIP: 0
IsGatedGlobalClock: 0


============================================================
+ Verbose Summary: Schedule
============================================================
* Number of FSM states : 10
* Pipeline : 0
* Dataflow Pipeline: 0

* FSM state transitions: 
1 --> 2 
2 --> 3 
3 --> 4 
4 --> 5 
5 --> 6 7 
6 --> 7 
7 --> 8 
8 --> 9 
9 --> 10 
10 --> 5 

* FSM state operations: 

State 1 <SV = 0> <Delay = 1.83>
ST_1 : Operation 11 [1/1] (0.00ns)   --->   "%i = alloca i32 1"   --->   Operation 11 'alloca' 'i' <Predicate = true> <Delay = 0.00>
ST_1 : Operation 12 [1/1] (0.00ns)   --->   "%axi_data_V_2 = alloca i32 1"   --->   Operation 12 'alloca' 'axi_data_V_2' <Predicate = true> <Delay = 0.00>
ST_1 : Operation 13 [1/1] (0.00ns)   --->   "%sof = alloca i32 1"   --->   Operation 13 'alloca' 'sof' <Predicate = true> <Delay = 0.00>
ST_1 : Operation 14 [1/1] (0.00ns)   --->   "%p_read25 = read i3 @_ssdm_op_Read.ap_auto.i3, i3 %p_read2"   --->   Operation 14 'read' 'p_read25' <Predicate = true> <Delay = 0.00>
ST_1 : Operation 15 [1/1] (0.00ns)   --->   "%p_read14 = read i12 @_ssdm_op_Read.ap_auto.i12, i12 %p_read1"   --->   Operation 15 'read' 'p_read14' <Predicate = true> <Delay = 0.00>
ST_1 : Operation 16 [1/1] (0.00ns)   --->   "%p_read_8 = read i12 @_ssdm_op_Read.ap_auto.i12, i12 %p_read"   --->   Operation 16 'read' 'p_read_8' <Predicate = true> <Delay = 0.00>
ST_1 : Operation 17 [1/1] (0.00ns)   --->   "%axi_last_V_4_loc = alloca i32 1"   --->   Operation 17 'alloca' 'axi_last_V_4_loc' <Predicate = true> <Delay = 0.00>
ST_1 : Operation 18 [1/1] (0.00ns)   --->   "%axi_data_V_3_loc = alloca i32 1"   --->   Operation 18 'alloca' 'axi_data_V_3_loc' <Predicate = true> <Delay = 0.00>
ST_1 : Operation 19 [1/1] (0.00ns)   --->   "%eol_loc = alloca i32 1"   --->   Operation 19 'alloca' 'eol_loc' <Predicate = true> <Delay = 0.00>
ST_1 : Operation 20 [1/1] (0.00ns)   --->   "%axi_last_V_loc = alloca i32 1"   --->   Operation 20 'alloca' 'axi_last_V_loc' <Predicate = true> <Delay = 0.00>
ST_1 : Operation 21 [1/1] (0.00ns)   --->   "%empty = trunc i12 %p_read14"   --->   Operation 21 'trunc' 'empty' <Predicate = true> <Delay = 0.00>
ST_1 : Operation 22 [1/1] (1.83ns)   --->   "%write_ln0 = write void @_ssdm_op_Write.ap_fifo.i12P0A, i12 %height_c10, i12 %p_read_8"   --->   Operation 22 'write' 'write_ln0' <Predicate = true> <Delay = 1.83> <CoreInst = "FIFO_SRL">   --->   Core 81 'FIFO_SRL' <Latency = 0> <II = 1> <Delay = 1.83> <Storage> <Opcode : 'read' 'write' 'nbread' 'nbwrite'> <Ports = 0> <Width = 12> <Depth = 2> <FIFO>
ST_1 : Operation 23 [1/1] (1.83ns)   --->   "%write_ln0 = write void @_ssdm_op_Write.ap_fifo.i3P0A, i3 %width_c, i3 %empty"   --->   Operation 23 'write' 'write_ln0' <Predicate = true> <Delay = 1.83> <CoreInst = "FIFO_SRL">   --->   Core 81 'FIFO_SRL' <Latency = 0> <II = 1> <Delay = 1.83> <Storage> <Opcode : 'read' 'write' 'nbread' 'nbwrite'> <Ports = 0> <Width = 3> <Depth = 2> <FIFO>
ST_1 : Operation 24 [1/1] (0.58ns)   --->   "%cond = icmp_eq  i3 %p_read25, i3 0"   --->   Operation 24 'icmp' 'cond' <Predicate = true> <Delay = 0.58> <CoreInst = "Cmp">   --->   Core 9 'Cmp' <Latency = 0> <II = 1> <Delay = 0.58> <FuncUnit> <Opcode : 'icmp'> <InPorts = 2> <OutPorts = 1>
ST_1 : Operation 25 [1/1] (0.42ns)   --->   "%store_ln205 = store i1 1, i1 %sof" [D:/zynqmp_cam_isp_demo/zynqmp_cam_isp_demo.runs/design_1_v_frmbuf_wr_0_1_synth_1/prj/sol/.autopilot/db/v_frmbuf_wr.cpp:205]   --->   Operation 25 'store' 'store_ln205' <Predicate = true> <Delay = 0.42>
ST_1 : Operation 26 [1/1] (0.42ns)   --->   "%store_ln205 = store i12 0, i12 %i" [D:/zynqmp_cam_isp_demo/zynqmp_cam_isp_demo.runs/design_1_v_frmbuf_wr_0_1_synth_1/prj/sol/.autopilot/db/v_frmbuf_wr.cpp:205]   --->   Operation 26 'store' 'store_ln205' <Predicate = true> <Delay = 0.42>

State 2 <SV = 1> <Delay = 0.42>
ST_2 : Operation 27 [1/1] (0.00ns)   --->   "%empty_167 = wait i32 @_ssdm_op_Wait"   --->   Operation 27 'wait' 'empty_167' <Predicate = true> <Delay = 0.00>
ST_2 : Operation 28 [2/2] (0.42ns)   --->   "%call_ln0 = call void @AXIvideo2MultiPixStream_Pipeline_loop_wait_for_start, i24 %s_axis_video_V_data_V, i3 %s_axis_video_V_keep_V, i3 %s_axis_video_V_strb_V, i1 %s_axis_video_V_user_V, i1 %s_axis_video_V_last_V, i1 %s_axis_video_V_id_V, i1 %s_axis_video_V_dest_V, i24 %axi_data_V_2, i1 %axi_last_V_loc"   --->   Operation 28 'call' 'call_ln0' <Predicate = true> <Delay = 0.42> <CoreType = "Generic">   --->   Core 0 '' <Latency = 0> <II = 1> <Delay = 1.00> <Generic> <Opcode : >

State 3 <SV = 2> <Delay = 0.00>
ST_3 : Operation 29 [2/2] (0.00ns)   --->   "%rows = call i12 @reg<unsigned short>, i12 %p_read_8" [D:/zynqmp_cam_isp_demo/zynqmp_cam_isp_demo.runs/design_1_v_frmbuf_wr_0_1_synth_1/prj/sol/.autopilot/db/v_frmbuf_wr.cpp:185]   --->   Operation 29 'call' 'rows' <Predicate = true> <Delay = 0.00> <CoreType = "Generic">   --->   Core 0 '' <Latency = 0> <II = 1> <Delay = 1.00> <Generic> <Opcode : >
ST_3 : Operation 30 [2/2] (0.00ns)   --->   "%cols = call i12 @reg<unsigned short>, i12 %p_read14" [D:/zynqmp_cam_isp_demo/zynqmp_cam_isp_demo.runs/design_1_v_frmbuf_wr_0_1_synth_1/prj/sol/.autopilot/db/v_frmbuf_wr.cpp:186]   --->   Operation 30 'call' 'cols' <Predicate = true> <Delay = 0.00> <CoreType = "Generic">   --->   Core 0 '' <Latency = 0> <II = 1> <Delay = 1.00> <Generic> <Opcode : >
ST_3 : Operation 31 [1/2] (0.00ns)   --->   "%call_ln0 = call void @AXIvideo2MultiPixStream_Pipeline_loop_wait_for_start, i24 %s_axis_video_V_data_V, i3 %s_axis_video_V_keep_V, i3 %s_axis_video_V_strb_V, i1 %s_axis_video_V_user_V, i1 %s_axis_video_V_last_V, i1 %s_axis_video_V_id_V, i1 %s_axis_video_V_dest_V, i24 %axi_data_V_2, i1 %axi_last_V_loc"   --->   Operation 31 'call' 'call_ln0' <Predicate = true> <Delay = 0.00> <CoreType = "Generic">   --->   Core 0 '' <Latency = 0> <II = 1> <Delay = 1.00> <Generic> <Opcode : >

State 4 <SV = 3> <Delay = 0.97>
ST_4 : Operation 32 [1/1] (0.00ns)   --->   "%specinterface_ln0 = specinterface void @_ssdm_op_SpecInterface, i12 %height_c10, void @ap_fifo_str, i32 0, i32 0, void @p_str, i32 0, i32 0, void @p_str, void @p_str, void @p_str, i32 2, i32 2, i32 16, i32 16, void @p_str, void @ScalarProp_str, i32 4294967295, i32 0"   --->   Operation 32 'specinterface' 'specinterface_ln0' <Predicate = true> <Delay = 0.00>
ST_4 : Operation 33 [1/1] (0.00ns)   --->   "%specinterface_ln0 = specinterface void @_ssdm_op_SpecInterface, i3 %width_c, void @ap_fifo_str, i32 0, i32 0, void @p_str, i32 0, i32 0, void @p_str, void @p_str, void @p_str, i32 2, i32 2, i32 16, i32 16, void @p_str, void @ScalarProp_str, i32 4294967295, i32 0"   --->   Operation 33 'specinterface' 'specinterface_ln0' <Predicate = true> <Delay = 0.00>
ST_4 : Operation 34 [1/1] (0.00ns)   --->   "%specinterface_ln0 = specinterface void @_ssdm_op_SpecInterface, i24 %img, void @empty_33, i32 0, i32 0, void @empty_18, i32 0, i32 0, void @empty_18, void @empty_18, void @empty_18, i32 0, i32 0, i32 0, i32 0, void @empty_18, void @empty_18, i32 4294967295, i32 0"   --->   Operation 34 'specinterface' 'specinterface_ln0' <Predicate = true> <Delay = 0.00>
ST_4 : Operation 35 [1/1] (0.00ns)   --->   "%specinterface_ln0 = specinterface void @_ssdm_op_SpecInterface, i24 %s_axis_video_V_data_V, i3 %s_axis_video_V_keep_V, i3 %s_axis_video_V_strb_V, i1 %s_axis_video_V_user_V, i1 %s_axis_video_V_last_V, i1 %s_axis_video_V_id_V, i1 %s_axis_video_V_dest_V, void @empty_32, i32 0, i32 0, void @empty_29, i32 0, i32 0, void @empty_18, void @empty_18, void @empty_18, i32 0, i32 0, i32 0, i32 0, void @empty_18, void @empty_18, i32 4294967295, i32 0"   --->   Operation 35 'specinterface' 'specinterface_ln0' <Predicate = true> <Delay = 0.00>
ST_4 : Operation 36 [1/2] (0.00ns)   --->   "%rows = call i12 @reg<unsigned short>, i12 %p_read_8" [D:/zynqmp_cam_isp_demo/zynqmp_cam_isp_demo.runs/design_1_v_frmbuf_wr_0_1_synth_1/prj/sol/.autopilot/db/v_frmbuf_wr.cpp:185]   --->   Operation 36 'call' 'rows' <Predicate = true> <Delay = 0.00> <CoreType = "Generic">   --->   Core 0 '' <Latency = 0> <II = 1> <Delay = 1.00> <Generic> <Opcode : >
ST_4 : Operation 37 [1/2] (0.00ns)   --->   "%cols = call i12 @reg<unsigned short>, i12 %p_read14" [D:/zynqmp_cam_isp_demo/zynqmp_cam_isp_demo.runs/design_1_v_frmbuf_wr_0_1_synth_1/prj/sol/.autopilot/db/v_frmbuf_wr.cpp:186]   --->   Operation 37 'call' 'cols' <Predicate = true> <Delay = 0.00> <CoreType = "Generic">   --->   Core 0 '' <Latency = 0> <II = 1> <Delay = 1.00> <Generic> <Opcode : >
ST_4 : Operation 38 [1/1] (0.00ns)   --->   "%axi_last_V_loc_load = load i1 %axi_last_V_loc"   --->   Operation 38 'load' 'axi_last_V_loc_load' <Predicate = true> <Delay = 0.00>
ST_4 : Operation 39 [1/1] (0.00ns)   --->   "%empty_168 = wait i32 @_ssdm_op_Wait"   --->   Operation 39 'wait' 'empty_168' <Predicate = true> <Delay = 0.00>
ST_4 : Operation 40 [1/1] (0.97ns)   --->   "%cmp12464 = icmp_eq  i12 %cols, i12 0" [D:/zynqmp_cam_isp_demo/zynqmp_cam_isp_demo.runs/design_1_v_frmbuf_wr_0_1_synth_1/prj/sol/.autopilot/db/v_frmbuf_wr.cpp:186]   --->   Operation 40 'icmp' 'cmp12464' <Predicate = true> <Delay = 0.97> <CoreInst = "Cmp">   --->   Core 9 'Cmp' <Latency = 0> <II = 1> <Delay = 0.97> <FuncUnit> <Opcode : 'icmp'> <InPorts = 2> <OutPorts = 1>
ST_4 : Operation 41 [1/1] (0.42ns)   --->   "%br_ln205 = br void %loop_width" [D:/zynqmp_cam_isp_demo/zynqmp_cam_isp_demo.runs/design_1_v_frmbuf_wr_0_1_synth_1/prj/sol/.autopilot/db/v_frmbuf_wr.cpp:205]   --->   Operation 41 'br' 'br_ln205' <Predicate = true> <Delay = 0.42>

State 5 <SV = 4> <Delay = 2.37>
ST_5 : Operation 42 [1/1] (0.00ns)   --->   "%axi_last_V_2 = phi i1 %axi_last_V_loc_load, void %entry, i1 %axi_last_V_4_loc_load, void %loop_wait_for_eol"   --->   Operation 42 'phi' 'axi_last_V_2' <Predicate = true> <Delay = 0.00>
ST_5 : Operation 43 [1/1] (0.00ns)   --->   "%i_1 = load i12 %i" [D:/zynqmp_cam_isp_demo/zynqmp_cam_isp_demo.runs/design_1_v_frmbuf_wr_0_1_synth_1/prj/sol/.autopilot/db/v_frmbuf_wr.cpp:205]   --->   Operation 43 'load' 'i_1' <Predicate = true> <Delay = 0.00>
ST_5 : Operation 44 [1/1] (0.00ns)   --->   "%axi_data_V = load i24 %axi_data_V_2"   --->   Operation 44 'load' 'axi_data_V' <Predicate = true> <Delay = 0.00>
ST_5 : Operation 45 [1/1] (0.97ns)   --->   "%icmp_ln205 = icmp_eq  i12 %i_1, i12 %rows" [D:/zynqmp_cam_isp_demo/zynqmp_cam_isp_demo.runs/design_1_v_frmbuf_wr_0_1_synth_1/prj/sol/.autopilot/db/v_frmbuf_wr.cpp:205]   --->   Operation 45 'icmp' 'icmp_ln205' <Predicate = true> <Delay = 0.97> <CoreInst = "Cmp">   --->   Core 9 'Cmp' <Latency = 0> <II = 1> <Delay = 0.97> <FuncUnit> <Opcode : 'icmp'> <InPorts = 2> <OutPorts = 1>
ST_5 : Operation 46 [1/1] (0.00ns)   --->   "%speclooptripcount_ln0 = speclooptripcount void @_ssdm_op_SpecLoopTripCount, i64 0, i64 2160, i64 0"   --->   Operation 46 'speclooptripcount' 'speclooptripcount_ln0' <Predicate = true> <Delay = 0.00>
ST_5 : Operation 47 [1/1] (0.80ns)   --->   "%i_2 = add i12 %i_1, i12 1" [D:/zynqmp_cam_isp_demo/zynqmp_cam_isp_demo.runs/design_1_v_frmbuf_wr_0_1_synth_1/prj/sol/.autopilot/db/v_frmbuf_wr.cpp:205]   --->   Operation 47 'add' 'i_2' <Predicate = true> <Delay = 0.80> <CoreInst = "Adder">   --->   Core 1 'Adder' <Latency = 0> <II = 1> <Delay = 0.80> <FuncUnit> <Opcode : 'add' 'sub'> <InPorts = 2> <OutPorts = 1>
ST_5 : Operation 48 [1/1] (0.00ns)   --->   "%br_ln205 = br i1 %icmp_ln205, void %loop_width.split, void %for.end73.loopexit" [D:/zynqmp_cam_isp_demo/zynqmp_cam_isp_demo.runs/design_1_v_frmbuf_wr_0_1_synth_1/prj/sol/.autopilot/db/v_frmbuf_wr.cpp:205]   --->   Operation 48 'br' 'br_ln205' <Predicate = true> <Delay = 0.00>
ST_5 : Operation 49 [1/1] (0.00ns)   --->   "%specloopname_ln181 = specloopname void @_ssdm_op_SpecLoopName, void @empty_2" [D:/zynqmp_cam_isp_demo/zynqmp_cam_isp_demo.runs/design_1_v_frmbuf_wr_0_1_synth_1/prj/sol/.autopilot/db/v_frmbuf_wr.cpp:181]   --->   Operation 49 'specloopname' 'specloopname_ln181' <Predicate = (!icmp_ln205)> <Delay = 0.00>
ST_5 : Operation 50 [1/1] (0.42ns)   --->   "%br_ln207 = br i1 %cmp12464, void %for.body14.preheader, void %loop_wait_for_eol" [D:/zynqmp_cam_isp_demo/zynqmp_cam_isp_demo.runs/design_1_v_frmbuf_wr_0_1_synth_1/prj/sol/.autopilot/db/v_frmbuf_wr.cpp:207]   --->   Operation 50 'br' 'br_ln207' <Predicate = (!icmp_ln205)> <Delay = 0.42>
ST_5 : Operation 51 [1/1] (0.00ns)   --->   "%sof_load = load i1 %sof"   --->   Operation 51 'load' 'sof_load' <Predicate = (!icmp_ln205 & !cmp12464)> <Delay = 0.00>
ST_5 : Operation 52 [1/1] (0.00ns)   --->   "%empty_169 = wait i32 @_ssdm_op_Wait"   --->   Operation 52 'wait' 'empty_169' <Predicate = (!icmp_ln205 & !cmp12464)> <Delay = 0.00>
ST_5 : Operation 53 [2/2] (1.40ns)   --->   "%call_ln186 = call void @AXIvideo2MultiPixStream_Pipeline_loop_width, i1 %sof_load, i1 %axi_last_V_2, i24 %axi_data_V, i12 %cols, i1 %cond, i24 %img, i24 %s_axis_video_V_data_V, i3 %s_axis_video_V_keep_V, i3 %s_axis_video_V_strb_V, i1 %s_axis_video_V_user_V, i1 %s_axis_video_V_last_V, i1 %s_axis_video_V_id_V, i1 %s_axis_video_V_dest_V, i1 %eol_loc, i24 %axi_data_V_3_loc" [D:/zynqmp_cam_isp_demo/zynqmp_cam_isp_demo.runs/design_1_v_frmbuf_wr_0_1_synth_1/prj/sol/.autopilot/db/v_frmbuf_wr.cpp:186]   --->   Operation 53 'call' 'call_ln186' <Predicate = (!icmp_ln205 & !cmp12464)> <Delay = 1.40> <CoreType = "Generic">   --->   Core 0 '' <Latency = 0> <II = 1> <Delay = 1.00> <Generic> <Opcode : >
ST_5 : Operation 54 [1/1] (0.00ns)   --->   "%ret_ln0 = ret"   --->   Operation 54 'ret' 'ret_ln0' <Predicate = (icmp_ln205)> <Delay = 0.00>

State 6 <SV = 5> <Delay = 1.40>
ST_6 : Operation 55 [1/2] (1.40ns)   --->   "%call_ln186 = call void @AXIvideo2MultiPixStream_Pipeline_loop_width, i1 %sof_load, i1 %axi_last_V_2, i24 %axi_data_V, i12 %cols, i1 %cond, i24 %img, i24 %s_axis_video_V_data_V, i3 %s_axis_video_V_keep_V, i3 %s_axis_video_V_strb_V, i1 %s_axis_video_V_user_V, i1 %s_axis_video_V_last_V, i1 %s_axis_video_V_id_V, i1 %s_axis_video_V_dest_V, i1 %eol_loc, i24 %axi_data_V_3_loc" [D:/zynqmp_cam_isp_demo/zynqmp_cam_isp_demo.runs/design_1_v_frmbuf_wr_0_1_synth_1/prj/sol/.autopilot/db/v_frmbuf_wr.cpp:186]   --->   Operation 55 'call' 'call_ln186' <Predicate = true> <Delay = 1.40> <CoreType = "Generic">   --->   Core 0 '' <Latency = 0> <II = 1> <Delay = 1.00> <Generic> <Opcode : >

State 7 <SV = 6> <Delay = 0.42>
ST_7 : Operation 56 [1/1] (0.00ns)   --->   "%eol_loc_load = load i1 %eol_loc"   --->   Operation 56 'load' 'eol_loc_load' <Predicate = (!cmp12464)> <Delay = 0.00>
ST_7 : Operation 57 [1/1] (0.00ns)   --->   "%axi_data_V_3_loc_load = load i24 %axi_data_V_3_loc"   --->   Operation 57 'load' 'axi_data_V_3_loc_load' <Predicate = (!cmp12464)> <Delay = 0.00>
ST_7 : Operation 58 [1/1] (0.00ns)   --->   "%empty_170 = wait i32 @_ssdm_op_Wait"   --->   Operation 58 'wait' 'empty_170' <Predicate = (!cmp12464)> <Delay = 0.00>
ST_7 : Operation 59 [1/1] (0.42ns)   --->   "%store_ln0 = store i1 0, i1 %sof"   --->   Operation 59 'store' 'store_ln0' <Predicate = (!cmp12464)> <Delay = 0.42>
ST_7 : Operation 60 [1/1] (0.42ns)   --->   "%br_ln0 = br void %loop_wait_for_eol"   --->   Operation 60 'br' 'br_ln0' <Predicate = (!cmp12464)> <Delay = 0.42>
ST_7 : Operation 61 [1/1] (0.42ns)   --->   "%store_ln205 = store i12 %i_2, i12 %i" [D:/zynqmp_cam_isp_demo/zynqmp_cam_isp_demo.runs/design_1_v_frmbuf_wr_0_1_synth_1/prj/sol/.autopilot/db/v_frmbuf_wr.cpp:205]   --->   Operation 61 'store' 'store_ln205' <Predicate = true> <Delay = 0.42>

State 8 <SV = 7> <Delay = 0.85>
ST_8 : Operation 62 [1/1] (0.00ns)   --->   "%axi_data_2_lcssa = phi i24 %axi_data_V_3_loc_load, void %for.body14.preheader, i24 %axi_data_V, void %loop_width.split"   --->   Operation 62 'phi' 'axi_data_2_lcssa' <Predicate = true> <Delay = 0.00>
ST_8 : Operation 63 [1/1] (0.00ns)   --->   "%axi_last_2_lcssa = phi i1 %eol_loc_load, void %for.body14.preheader, i1 %axi_last_V_2, void %loop_width.split"   --->   Operation 63 'phi' 'axi_last_2_lcssa' <Predicate = true> <Delay = 0.00>
ST_8 : Operation 64 [1/1] (0.00ns)   --->   "%eol_0_lcssa = phi i1 %eol_loc_load, void %for.body14.preheader, i1 0, void %loop_width.split"   --->   Operation 64 'phi' 'eol_0_lcssa' <Predicate = true> <Delay = 0.00>
ST_8 : Operation 65 [1/1] (0.00ns)   --->   "%empty_171 = wait i32 @_ssdm_op_Wait"   --->   Operation 65 'wait' 'empty_171' <Predicate = true> <Delay = 0.00>
ST_8 : Operation 66 [2/2] (0.85ns)   --->   "%call_ln0 = call void @AXIvideo2MultiPixStream_Pipeline_loop_wait_for_eol, i24 %axi_data_2_lcssa, i1 %axi_last_2_lcssa, i1 %eol_0_lcssa, i24 %s_axis_video_V_data_V, i3 %s_axis_video_V_keep_V, i3 %s_axis_video_V_strb_V, i1 %s_axis_video_V_user_V, i1 %s_axis_video_V_last_V, i1 %s_axis_video_V_id_V, i1 %s_axis_video_V_dest_V, i24 %axi_data_V_2, i1 %axi_last_V_4_loc"   --->   Operation 66 'call' 'call_ln0' <Predicate = true> <Delay = 0.85> <CoreType = "Generic">   --->   Core 0 '' <Latency = 0> <II = 1> <Delay = 1.00> <Generic> <Opcode : >

State 9 <SV = 8> <Delay = 0.42>
ST_9 : Operation 67 [1/2] (0.42ns)   --->   "%call_ln0 = call void @AXIvideo2MultiPixStream_Pipeline_loop_wait_for_eol, i24 %axi_data_2_lcssa, i1 %axi_last_2_lcssa, i1 %eol_0_lcssa, i24 %s_axis_video_V_data_V, i3 %s_axis_video_V_keep_V, i3 %s_axis_video_V_strb_V, i1 %s_axis_video_V_user_V, i1 %s_axis_video_V_last_V, i1 %s_axis_video_V_id_V, i1 %s_axis_video_V_dest_V, i24 %axi_data_V_2, i1 %axi_last_V_4_loc"   --->   Operation 67 'call' 'call_ln0' <Predicate = true> <Delay = 0.42> <CoreType = "Generic">   --->   Core 0 '' <Latency = 0> <II = 1> <Delay = 1.00> <Generic> <Opcode : >

State 10 <SV = 9> <Delay = 0.00>
ST_10 : Operation 68 [1/1] (0.00ns)   --->   "%axi_last_V_4_loc_load = load i1 %axi_last_V_4_loc"   --->   Operation 68 'load' 'axi_last_V_4_loc_load' <Predicate = true> <Delay = 0.00>
ST_10 : Operation 69 [1/1] (0.00ns)   --->   "%br_ln205 = br void %loop_width" [D:/zynqmp_cam_isp_demo/zynqmp_cam_isp_demo.runs/design_1_v_frmbuf_wr_0_1_synth_1/prj/sol/.autopilot/db/v_frmbuf_wr.cpp:205]   --->   Operation 69 'br' 'br_ln205' <Predicate = true> <Delay = 0.00>


============================================================
+ Verbose Summary: Binding
============================================================
STG Binding: 
---------------- STG Properties BEGIN ----------------
- Is combinational: 0
- Is one-state seq: 0
- Is datapath-only: 0
- Is pipelined: 0
- Is top level: 0
Port [ Return ] is wired: 1; IO mode=ap_ctrl_hs:ce=0
Port [ s_axis_video_V_data_V]:  wired=1; compound=1; hidden=0; nouse=0; global=0; static=0; extern=0; dir=0; type=0; pingpong=0; private_global=0; IO mode=axis:ce=0
Port [ s_axis_video_V_keep_V]:  wired=1; compound=1; hidden=0; nouse=0; global=0; static=0; extern=0; dir=0; type=0; pingpong=0; private_global=0; IO mode=axis:ce=0
Port [ s_axis_video_V_strb_V]:  wired=1; compound=1; hidden=0; nouse=0; global=0; static=0; extern=0; dir=0; type=0; pingpong=0; private_global=0; IO mode=axis:ce=0
Port [ s_axis_video_V_user_V]:  wired=1; compound=1; hidden=0; nouse=0; global=0; static=0; extern=0; dir=0; type=0; pingpong=0; private_global=0; IO mode=axis:ce=0
Port [ s_axis_video_V_last_V]:  wired=1; compound=1; hidden=0; nouse=0; global=0; static=0; extern=0; dir=0; type=0; pingpong=0; private_global=0; IO mode=axis:ce=0
Port [ s_axis_video_V_id_V]:  wired=1; compound=1; hidden=0; nouse=0; global=0; static=0; extern=0; dir=0; type=0; pingpong=0; private_global=0; IO mode=axis:ce=0
Port [ s_axis_video_V_dest_V]:  wired=1; compound=1; hidden=0; nouse=0; global=0; static=0; extern=0; dir=0; type=0; pingpong=0; private_global=0; IO mode=axis:ce=0
Port [ img]:  wired=1; compound=1; hidden=0; nouse=0; global=0; static=0; extern=0; dir=1; type=3; pingpong=0; private_global=0; IO mode=ap_fifo:ce=0
Port [ p_read]:  wired=1; compound=0; hidden=0; nouse=0; global=0; static=0; extern=0; dir=0; type=0; pingpong=0; private_global=0; IO mode=ap_none:ce=0
Port [ p_read1]:  wired=1; compound=0; hidden=0; nouse=0; global=0; static=0; extern=0; dir=0; type=0; pingpong=0; private_global=0; IO mode=ap_none:ce=0
Port [ p_read2]:  wired=1; compound=0; hidden=0; nouse=0; global=0; static=0; extern=0; dir=0; type=0; pingpong=0; private_global=0; IO mode=ap_none:ce=0
Port [ width_c]:  wired=1; compound=1; hidden=0; nouse=0; global=0; static=0; extern=0; dir=1; type=3; pingpong=0; private_global=0; IO mode=ap_fifo:ce=0
Port [ height_c10]:  wired=1; compound=1; hidden=0; nouse=0; global=0; static=0; extern=0; dir=1; type=3; pingpong=0; private_global=0; IO mode=ap_fifo:ce=0
---------------- STG Properties END ------------------

---------------- Datapath Model BEGIN ----------------

<LifeTime>
<method=bitvector/>
i                     (alloca           ) [ 01111111111]
axi_data_V_2          (alloca           ) [ 00111111111]
sof                   (alloca           ) [ 01111111111]
p_read25              (read             ) [ 00000000000]
p_read14              (read             ) [ 00110000000]
p_read_8              (read             ) [ 00110000000]
axi_last_V_4_loc      (alloca           ) [ 00111111111]
axi_data_V_3_loc      (alloca           ) [ 00111111111]
eol_loc               (alloca           ) [ 00111111111]
axi_last_V_loc        (alloca           ) [ 00111000000]
empty                 (trunc            ) [ 00000000000]
write_ln0             (write            ) [ 00000000000]
write_ln0             (write            ) [ 00000000000]
cond                  (icmp             ) [ 00111111111]
store_ln205           (store            ) [ 00000000000]
store_ln205           (store            ) [ 00000000000]
empty_167             (wait             ) [ 00000000000]
call_ln0              (call             ) [ 00000000000]
specinterface_ln0     (specinterface    ) [ 00000000000]
specinterface_ln0     (specinterface    ) [ 00000000000]
specinterface_ln0     (specinterface    ) [ 00000000000]
specinterface_ln0     (specinterface    ) [ 00000000000]
rows                  (call             ) [ 00000111111]
cols                  (call             ) [ 00000111111]
axi_last_V_loc_load   (load             ) [ 00001111111]
empty_168             (wait             ) [ 00000000000]
cmp12464              (icmp             ) [ 00000111111]
br_ln205              (br               ) [ 00001111111]
axi_last_V_2          (phi              ) [ 00000111100]
i_1                   (load             ) [ 00000000000]
axi_data_V            (load             ) [ 00000111111]
icmp_ln205            (icmp             ) [ 00000111111]
speclooptripcount_ln0 (speclooptripcount) [ 00000000000]
i_2                   (add              ) [ 00000011000]
br_ln205              (br               ) [ 00000000000]
specloopname_ln181    (specloopname     ) [ 00000000000]
br_ln207              (br               ) [ 00000111111]
sof_load              (load             ) [ 00000010000]
empty_169             (wait             ) [ 00000000000]
ret_ln0               (ret              ) [ 00000000000]
call_ln186            (call             ) [ 00000000000]
eol_loc_load          (load             ) [ 00000111111]
axi_data_V_3_loc_load (load             ) [ 00000111111]
empty_170             (wait             ) [ 00000000000]
store_ln0             (store            ) [ 00000000000]
br_ln0                (br               ) [ 00000111111]
store_ln205           (store            ) [ 00000000000]
axi_data_2_lcssa      (phi              ) [ 00000000110]
axi_last_2_lcssa      (phi              ) [ 00000000110]
eol_0_lcssa           (phi              ) [ 00000000110]
empty_171             (wait             ) [ 00000000000]
call_ln0              (call             ) [ 00000000000]
axi_last_V_4_loc_load (load             ) [ 00001111111]
br_ln205              (br               ) [ 00001111111]
</LifeTime>

<model>

<comp_list>
<comp id="0" class="1000" name="s_axis_video_V_data_V">
<pin_list>
<pin id="1" dir="1" index="0" bw="1" slack="0"/>
</pin_list>
<bind>
<StgValue><ssdm name="s_axis_video_V_data_V"/></StgValue>
</bind>
</comp>

<comp id="2" class="1000" name="s_axis_video_V_keep_V">
<pin_list>
<pin id="3" dir="1" index="0" bw="1" slack="0"/>
</pin_list>
<bind>
<StgValue><ssdm name="s_axis_video_V_keep_V"/></StgValue>
</bind>
</comp>

<comp id="4" class="1000" name="s_axis_video_V_strb_V">
<pin_list>
<pin id="5" dir="1" index="0" bw="1" slack="0"/>
</pin_list>
<bind>
<StgValue><ssdm name="s_axis_video_V_strb_V"/></StgValue>
</bind>
</comp>

<comp id="6" class="1000" name="s_axis_video_V_user_V">
<pin_list>
<pin id="7" dir="1" index="0" bw="1" slack="0"/>
</pin_list>
<bind>
<StgValue><ssdm name="s_axis_video_V_user_V"/></StgValue>
</bind>
</comp>

<comp id="8" class="1000" name="s_axis_video_V_last_V">
<pin_list>
<pin id="9" dir="1" index="0" bw="1" slack="0"/>
</pin_list>
<bind>
<StgValue><ssdm name="s_axis_video_V_last_V"/></StgValue>
</bind>
</comp>

<comp id="10" class="1000" name="s_axis_video_V_id_V">
<pin_list>
<pin id="11" dir="1" index="0" bw="1" slack="0"/>
</pin_list>
<bind>
<StgValue><ssdm name="s_axis_video_V_id_V"/></StgValue>
</bind>
</comp>

<comp id="12" class="1000" name="s_axis_video_V_dest_V">
<pin_list>
<pin id="13" dir="1" index="0" bw="1" slack="0"/>
</pin_list>
<bind>
<StgValue><ssdm name="s_axis_video_V_dest_V"/></StgValue>
</bind>
</comp>

<comp id="14" class="1000" name="img">
<pin_list>
<pin id="15" dir="1" index="0" bw="1" slack="0"/>
</pin_list>
<bind>
<StgValue><ssdm name="img"/></StgValue>
</bind>
</comp>

<comp id="16" class="1000" name="p_read">
<pin_list>
<pin id="17" dir="1" index="0" bw="1" slack="0"/>
</pin_list>
<bind>
<StgValue><ssdm name="p_read"/></StgValue>
</bind>
</comp>

<comp id="18" class="1000" name="p_read1">
<pin_list>
<pin id="19" dir="1" index="0" bw="1" slack="0"/>
</pin_list>
<bind>
<StgValue><ssdm name="p_read1"/></StgValue>
</bind>
</comp>

<comp id="20" class="1000" name="p_read2">
<pin_list>
<pin id="21" dir="1" index="0" bw="1" slack="0"/>
</pin_list>
<bind>
<StgValue><ssdm name="p_read2"/></StgValue>
</bind>
</comp>

<comp id="22" class="1000" name="width_c">
<pin_list>
<pin id="23" dir="1" index="0" bw="1" slack="0"/>
</pin_list>
<bind>
<StgValue><ssdm name="width_c"/></StgValue>
</bind>
</comp>

<comp id="24" class="1000" name="height_c10">
<pin_list>
<pin id="25" dir="1" index="0" bw="1" slack="0"/>
</pin_list>
<bind>
<StgValue><ssdm name="height_c10"/></StgValue>
</bind>
</comp>

<comp id="26" class="1001" name="const_26">
<pin_list>
<pin id="27" dir="1" index="0" bw="1" slack="0"/>
</pin_list>
<bind>
<StgValue><ssdm name=""/></StgValue>
</bind>
</comp>

<comp id="28" class="1001" name="const_28">
<pin_list>
<pin id="29" dir="1" index="0" bw="1" slack="0"/>
</pin_list>
<bind>
<StgValue><ssdm name="_ssdm_op_Read.ap_auto.i3"/></StgValue>
</bind>
</comp>

<comp id="30" class="1001" name="const_30">
<pin_list>
<pin id="31" dir="1" index="0" bw="1" slack="0"/>
</pin_list>
<bind>
<StgValue><ssdm name="_ssdm_op_Read.ap_auto.i12"/></StgValue>
</bind>
</comp>

<comp id="32" class="1001" name="const_32">
<pin_list>
<pin id="33" dir="1" index="0" bw="1" slack="0"/>
</pin_list>
<bind>
<StgValue><ssdm name="_ssdm_op_Write.ap_fifo.i12P0A"/></StgValue>
</bind>
</comp>

<comp id="34" class="1001" name="const_34">
<pin_list>
<pin id="35" dir="1" index="0" bw="1" slack="0"/>
</pin_list>
<bind>
<StgValue><ssdm name="_ssdm_op_Write.ap_fifo.i3P0A"/></StgValue>
</bind>
</comp>

<comp id="36" class="1001" name="const_36">
<pin_list>
<pin id="37" dir="1" index="0" bw="1" slack="0"/>
</pin_list>
<bind>
<StgValue><ssdm name=""/></StgValue>
</bind>
</comp>

<comp id="38" class="1001" name="const_38">
<pin_list>
<pin id="39" dir="1" index="0" bw="1" slack="0"/>
</pin_list>
<bind>
<StgValue><ssdm name=""/></StgValue>
</bind>
</comp>

<comp id="40" class="1001" name="const_40">
<pin_list>
<pin id="41" dir="1" index="0" bw="1" slack="0"/>
</pin_list>
<bind>
<StgValue><ssdm name=""/></StgValue>
</bind>
</comp>

<comp id="42" class="1001" name="const_42">
<pin_list>
<pin id="43" dir="1" index="0" bw="1" slack="2147483647"/>
</pin_list>
<bind>
<StgValue><ssdm name="_ssdm_op_Wait"/></StgValue>
</bind>
</comp>

<comp id="44" class="1001" name="const_44">
<pin_list>
<pin id="45" dir="1" index="0" bw="1" slack="0"/>
</pin_list>
<bind>
<StgValue><ssdm name="AXIvideo2MultiPixStream_Pipeline_loop_wait_for_start"/></StgValue>
</bind>
</comp>

<comp id="46" class="1001" name="const_46">
<pin_list>
<pin id="47" dir="1" index="0" bw="1" slack="0"/>
</pin_list>
<bind>
<StgValue><ssdm name="reg<unsigned short>"/></StgValue>
</bind>
</comp>

<comp id="48" class="1001" name="const_48">
<pin_list>
<pin id="49" dir="1" index="0" bw="1" slack="2147483647"/>
</pin_list>
<bind>
<StgValue><ssdm name="_ssdm_op_SpecInterface"/></StgValue>
</bind>
</comp>

<comp id="50" class="1001" name="const_50">
<pin_list>
<pin id="51" dir="1" index="0" bw="1" slack="2147483647"/>
</pin_list>
<bind>
<StgValue><ssdm name="ap_fifo_str"/></StgValue>
</bind>
</comp>

<comp id="52" class="1001" name="const_52">
<pin_list>
<pin id="53" dir="1" index="0" bw="1" slack="2147483647"/>
</pin_list>
<bind>
<StgValue><ssdm name=""/></StgValue>
</bind>
</comp>

<comp id="54" class="1001" name="const_54">
<pin_list>
<pin id="55" dir="1" index="0" bw="1" slack="2147483647"/>
</pin_list>
<bind>
<StgValue><ssdm name="p_str"/></StgValue>
</bind>
</comp>

<comp id="56" class="1001" name="const_56">
<pin_list>
<pin id="57" dir="1" index="0" bw="1" slack="2147483647"/>
</pin_list>
<bind>
<StgValue><ssdm name=""/></StgValue>
</bind>
</comp>

<comp id="58" class="1001" name="const_58">
<pin_list>
<pin id="59" dir="1" index="0" bw="1" slack="2147483647"/>
</pin_list>
<bind>
<StgValue><ssdm name=""/></StgValue>
</bind>
</comp>

<comp id="60" class="1001" name="const_60">
<pin_list>
<pin id="61" dir="1" index="0" bw="1" slack="2147483647"/>
</pin_list>
<bind>
<StgValue><ssdm name="ScalarProp_str"/></StgValue>
</bind>
</comp>

<comp id="62" class="1001" name="const_62">
<pin_list>
<pin id="63" dir="1" index="0" bw="1" slack="2147483647"/>
</pin_list>
<bind>
<StgValue><ssdm name=""/></StgValue>
</bind>
</comp>

<comp id="64" class="1001" name="const_64">
<pin_list>
<pin id="65" dir="1" index="0" bw="1" slack="2147483647"/>
</pin_list>
<bind>
<StgValue><ssdm name="empty_33"/></StgValue>
</bind>
</comp>

<comp id="66" class="1001" name="const_66">
<pin_list>
<pin id="67" dir="1" index="0" bw="1" slack="2147483647"/>
</pin_list>
<bind>
<StgValue><ssdm name="empty_18"/></StgValue>
</bind>
</comp>

<comp id="68" class="1001" name="const_68">
<pin_list>
<pin id="69" dir="1" index="0" bw="1" slack="2147483647"/>
</pin_list>
<bind>
<StgValue><ssdm name="empty_32"/></StgValue>
</bind>
</comp>

<comp id="70" class="1001" name="const_70">
<pin_list>
<pin id="71" dir="1" index="0" bw="1" slack="2147483647"/>
</pin_list>
<bind>
<StgValue><ssdm name="empty_29"/></StgValue>
</bind>
</comp>

<comp id="72" class="1001" name="const_72">
<pin_list>
<pin id="73" dir="1" index="0" bw="1" slack="2147483647"/>
</pin_list>
<bind>
<StgValue><ssdm name="_ssdm_op_SpecLoopTripCount"/></StgValue>
</bind>
</comp>

<comp id="74" class="1001" name="const_74">
<pin_list>
<pin id="75" dir="1" index="0" bw="1" slack="2147483647"/>
</pin_list>
<bind>
<StgValue><ssdm name=""/></StgValue>
</bind>
</comp>

<comp id="76" class="1001" name="const_76">
<pin_list>
<pin id="77" dir="1" index="0" bw="1" slack="2147483647"/>
</pin_list>
<bind>
<StgValue><ssdm name=""/></StgValue>
</bind>
</comp>

<comp id="78" class="1001" name="const_78">
<pin_list>
<pin id="79" dir="1" index="0" bw="1" slack="0"/>
</pin_list>
<bind>
<StgValue><ssdm name=""/></StgValue>
</bind>
</comp>

<comp id="80" class="1001" name="const_80">
<pin_list>
<pin id="81" dir="1" index="0" bw="1" slack="2147483647"/>
</pin_list>
<bind>
<StgValue><ssdm name="_ssdm_op_SpecLoopName"/></StgValue>
</bind>
</comp>

<comp id="82" class="1001" name="const_82">
<pin_list>
<pin id="83" dir="1" index="0" bw="1" slack="2147483647"/>
</pin_list>
<bind>
<StgValue><ssdm name="empty_2"/></StgValue>
</bind>
</comp>

<comp id="84" class="1001" name="const_84">
<pin_list>
<pin id="85" dir="1" index="0" bw="1" slack="0"/>
</pin_list>
<bind>
<StgValue><ssdm name="AXIvideo2MultiPixStream_Pipeline_loop_width"/></StgValue>
</bind>
</comp>

<comp id="86" class="1001" name="const_86">
<pin_list>
<pin id="87" dir="1" index="0" bw="1" slack="0"/>
</pin_list>
<bind>
<StgValue><ssdm name=""/></StgValue>
</bind>
</comp>

<comp id="88" class="1001" name="const_88">
<pin_list>
<pin id="89" dir="1" index="0" bw="1" slack="0"/>
</pin_list>
<bind>
<StgValue><ssdm name="AXIvideo2MultiPixStream_Pipeline_loop_wait_for_eol"/></StgValue>
</bind>
</comp>

<comp id="90" class="1004" name="i_fu_90">
<pin_list>
<pin id="91" dir="0" index="0" bw="1" slack="0"/>
<pin id="92" dir="1" index="1" bw="12" slack="0"/>
</pin_list>
<bind>
<opcode="alloca(26) " fcode="alloca"/>
<opset="i/1 "/>
</bind>
</comp>

<comp id="94" class="1004" name="axi_data_V_2_fu_94">
<pin_list>
<pin id="95" dir="0" index="0" bw="1" slack="0"/>
<pin id="96" dir="1" index="1" bw="24" slack="1"/>
</pin_list>
<bind>
<opcode="alloca(26) " fcode="alloca"/>
<opset="axi_data_V_2/1 "/>
</bind>
</comp>

<comp id="98" class="1004" name="sof_fu_98">
<pin_list>
<pin id="99" dir="0" index="0" bw="1" slack="0"/>
<pin id="100" dir="1" index="1" bw="1" slack="0"/>
</pin_list>
<bind>
<opcode="alloca(26) " fcode="alloca"/>
<opset="sof/1 "/>
</bind>
</comp>

<comp id="102" class="1004" name="axi_last_V_4_loc_fu_102">
<pin_list>
<pin id="103" dir="0" index="0" bw="1" slack="0"/>
<pin id="104" dir="1" index="1" bw="1" slack="7"/>
</pin_list>
<bind>
<opcode="alloca(26) " fcode="alloca"/>
<opset="axi_last_V_4_loc/1 "/>
</bind>
</comp>

<comp id="106" class="1004" name="axi_data_V_3_loc_fu_106">
<pin_list>
<pin id="107" dir="0" index="0" bw="1" slack="0"/>
<pin id="108" dir="1" index="1" bw="24" slack="4"/>
</pin_list>
<bind>
<opcode="alloca(26) " fcode="alloca"/>
<opset="axi_data_V_3_loc/1 "/>
</bind>
</comp>

<comp id="110" class="1004" name="eol_loc_fu_110">
<pin_list>
<pin id="111" dir="0" index="0" bw="1" slack="0"/>
<pin id="112" dir="1" index="1" bw="1" slack="4"/>
</pin_list>
<bind>
<opcode="alloca(26) " fcode="alloca"/>
<opset="eol_loc/1 "/>
</bind>
</comp>

<comp id="114" class="1004" name="axi_last_V_loc_fu_114">
<pin_list>
<pin id="115" dir="0" index="0" bw="1" slack="0"/>
<pin id="116" dir="1" index="1" bw="1" slack="1"/>
</pin_list>
<bind>
<opcode="alloca(26) " fcode="alloca"/>
<opset="axi_last_V_loc/1 "/>
</bind>
</comp>

<comp id="118" class="1004" name="p_read25_read_fu_118">
<pin_list>
<pin id="119" dir="0" index="0" bw="3" slack="0"/>
<pin id="120" dir="0" index="1" bw="3" slack="0"/>
<pin id="121" dir="1" index="2" bw="3" slack="0"/>
</pin_list>
<bind>
<opcode="read(1150) " fcode="read"/>
<opset="p_read25/1 "/>
</bind>
</comp>

<comp id="124" class="1004" name="p_read14_read_fu_124">
<pin_list>
<pin id="125" dir="0" index="0" bw="12" slack="0"/>
<pin id="126" dir="0" index="1" bw="12" slack="0"/>
<pin id="127" dir="1" index="2" bw="12" slack="0"/>
</pin_list>
<bind>
<opcode="read(1150) " fcode="read"/>
<opset="p_read14/1 "/>
</bind>
</comp>

<comp id="130" class="1004" name="p_read_8_read_fu_130">
<pin_list>
<pin id="131" dir="0" index="0" bw="12" slack="0"/>
<pin id="132" dir="0" index="1" bw="12" slack="0"/>
<pin id="133" dir="1" index="2" bw="12" slack="0"/>
</pin_list>
<bind>
<opcode="read(1150) " fcode="read"/>
<opset="p_read_8/1 "/>
</bind>
</comp>

<comp id="136" class="1004" name="write_ln0_write_fu_136">
<pin_list>
<pin id="137" dir="0" index="0" bw="0" slack="0"/>
<pin id="138" dir="0" index="1" bw="12" slack="0"/>
<pin id="139" dir="0" index="2" bw="12" slack="0"/>
<pin id="140" dir="1" index="3" bw="0" slack="2147483647"/>
</pin_list>
<bind>
<opcode="write(1151) " fcode="write"/>
<opset="write_ln0/1 "/>
</bind>
</comp>

<comp id="144" class="1004" name="write_ln0_write_fu_144">
<pin_list>
<pin id="145" dir="0" index="0" bw="0" slack="0"/>
<pin id="146" dir="0" index="1" bw="3" slack="0"/>
<pin id="147" dir="0" index="2" bw="3" slack="0"/>
<pin id="148" dir="1" index="3" bw="0" slack="2147483647"/>
</pin_list>
<bind>
<opcode="write(1151) " fcode="write"/>
<opset="write_ln0/1 "/>
</bind>
</comp>

<comp id="151" class="1005" name="axi_last_V_2_reg_151">
<pin_list>
<pin id="152" dir="0" index="0" bw="1" slack="1"/>
<pin id="153" dir="1" index="1" bw="1" slack="3"/>
</pin_list>
<bind>
<opset="axi_last_V_2 (phireg) "/>
</bind>
</comp>

<comp id="154" class="1004" name="axi_last_V_2_phi_fu_154">
<pin_list>
<pin id="155" dir="0" index="0" bw="1" slack="2147483647"/>
<pin id="156" dir="0" index="1" bw="0" slack="2147483647"/>
<pin id="157" dir="0" index="2" bw="1" slack="2147483647"/>
<pin id="158" dir="0" index="3" bw="0" slack="2147483647"/>
<pin id="159" dir="1" index="4" bw="1" slack="0"/>
</pin_list>
<bind>
<opcode="phi(47) " fcode="phi"/>
<opset="axi_last_V_2/5 "/>
</bind>
</comp>

<comp id="161" class="1005" name="axi_data_2_lcssa_reg_161">
<pin_list>
<pin id="162" dir="0" index="0" bw="24" slack="1"/>
<pin id="163" dir="1" index="1" bw="24" slack="2147483647"/>
</pin_list>
<bind>
<opset="axi_data_2_lcssa (phireg) "/>
</bind>
</comp>

<comp id="164" class="1004" name="axi_data_2_lcssa_phi_fu_164">
<pin_list>
<pin id="165" dir="0" index="0" bw="24" slack="2147483647"/>
<pin id="166" dir="0" index="1" bw="0" slack="2147483647"/>
<pin id="167" dir="0" index="2" bw="24" slack="2147483647"/>
<pin id="168" dir="0" index="3" bw="0" slack="2147483647"/>
<pin id="169" dir="1" index="4" bw="24" slack="0"/>
</pin_list>
<bind>
<opcode="phi(47) " fcode="phi"/>
<opset="axi_data_2_lcssa/8 "/>
</bind>
</comp>

<comp id="171" class="1005" name="axi_last_2_lcssa_reg_171">
<pin_list>
<pin id="172" dir="0" index="0" bw="1" slack="1"/>
<pin id="173" dir="1" index="1" bw="1" slack="2147483647"/>
</pin_list>
<bind>
<opset="axi_last_2_lcssa (phireg) "/>
</bind>
</comp>

<comp id="174" class="1004" name="axi_last_2_lcssa_phi_fu_174">
<pin_list>
<pin id="175" dir="0" index="0" bw="1" slack="2147483647"/>
<pin id="176" dir="0" index="1" bw="0" slack="2147483647"/>
<pin id="177" dir="0" index="2" bw="1" slack="3"/>
<pin id="178" dir="0" index="3" bw="0" slack="2147483647"/>
<pin id="179" dir="1" index="4" bw="1" slack="0"/>
</pin_list>
<bind>
<opcode="phi(47) " fcode="phi"/>
<opset="axi_last_2_lcssa/8 "/>
</bind>
</comp>

<comp id="182" class="1005" name="eol_0_lcssa_reg_182">
<pin_list>
<pin id="183" dir="0" index="0" bw="1" slack="1"/>
<pin id="184" dir="1" index="1" bw="1" slack="3"/>
</pin_list>
<bind>
<opset="eol_0_lcssa (phireg) "/>
</bind>
</comp>

<comp id="186" class="1004" name="eol_0_lcssa_phi_fu_186">
<pin_list>
<pin id="187" dir="0" index="0" bw="1" slack="2147483647"/>
<pin id="188" dir="0" index="1" bw="0" slack="2147483647"/>
<pin id="189" dir="0" index="2" bw="1" slack="3"/>
<pin id="190" dir="0" index="3" bw="0" slack="2147483647"/>
<pin id="191" dir="1" index="4" bw="1" slack="0"/>
</pin_list>
<bind>
<opcode="phi(47) " fcode="phi"/>
<opset="eol_0_lcssa/8 "/>
</bind>
</comp>

<comp id="194" class="1004" name="grp_AXIvideo2MultiPixStream_Pipeline_loop_wait_for_start_fu_194">
<pin_list>
<pin id="195" dir="0" index="0" bw="0" slack="0"/>
<pin id="196" dir="0" index="1" bw="24" slack="0"/>
<pin id="197" dir="0" index="2" bw="3" slack="0"/>
<pin id="198" dir="0" index="3" bw="3" slack="0"/>
<pin id="199" dir="0" index="4" bw="1" slack="0"/>
<pin id="200" dir="0" index="5" bw="1" slack="0"/>
<pin id="201" dir="0" index="6" bw="1" slack="0"/>
<pin id="202" dir="0" index="7" bw="1" slack="0"/>
<pin id="203" dir="0" index="8" bw="24" slack="1"/>
<pin id="204" dir="0" index="9" bw="1" slack="1"/>
<pin id="205" dir="1" index="10" bw="0" slack="2147483647"/>
</pin_list>
<bind>
<opcode="call(48) " fcode="call"/>
<opset="call_ln0/2 "/>
</bind>
</comp>

<comp id="214" class="1004" name="grp_AXIvideo2MultiPixStream_Pipeline_loop_width_fu_214">
<pin_list>
<pin id="215" dir="0" index="0" bw="0" slack="0"/>
<pin id="216" dir="0" index="1" bw="1" slack="0"/>
<pin id="217" dir="0" index="2" bw="1" slack="0"/>
<pin id="218" dir="0" index="3" bw="24" slack="0"/>
<pin id="219" dir="0" index="4" bw="12" slack="1"/>
<pin id="220" dir="0" index="5" bw="1" slack="4"/>
<pin id="221" dir="0" index="6" bw="24" slack="0"/>
<pin id="222" dir="0" index="7" bw="24" slack="0"/>
<pin id="223" dir="0" index="8" bw="3" slack="0"/>
<pin id="224" dir="0" index="9" bw="3" slack="0"/>
<pin id="225" dir="0" index="10" bw="1" slack="0"/>
<pin id="226" dir="0" index="11" bw="1" slack="0"/>
<pin id="227" dir="0" index="12" bw="1" slack="0"/>
<pin id="228" dir="0" index="13" bw="1" slack="0"/>
<pin id="229" dir="0" index="14" bw="1" slack="4"/>
<pin id="230" dir="0" index="15" bw="24" slack="4"/>
<pin id="231" dir="1" index="16" bw="0" slack="2147483647"/>
</pin_list>
<bind>
<opcode="call(48) " fcode="call"/>
<opset="call_ln186/5 "/>
</bind>
</comp>

<comp id="242" class="1004" name="grp_AXIvideo2MultiPixStream_Pipeline_loop_wait_for_eol_fu_242">
<pin_list>
<pin id="243" dir="0" index="0" bw="0" slack="0"/>
<pin id="244" dir="0" index="1" bw="24" slack="0"/>
<pin id="245" dir="0" index="2" bw="1" slack="0"/>
<pin id="246" dir="0" index="3" bw="1" slack="0"/>
<pin id="247" dir="0" index="4" bw="24" slack="0"/>
<pin id="248" dir="0" index="5" bw="3" slack="0"/>
<pin id="249" dir="0" index="6" bw="3" slack="0"/>
<pin id="250" dir="0" index="7" bw="1" slack="0"/>
<pin id="251" dir="0" index="8" bw="1" slack="0"/>
<pin id="252" dir="0" index="9" bw="1" slack="0"/>
<pin id="253" dir="0" index="10" bw="1" slack="0"/>
<pin id="254" dir="0" index="11" bw="24" slack="7"/>
<pin id="255" dir="0" index="12" bw="1" slack="7"/>
<pin id="256" dir="1" index="13" bw="0" slack="2147483647"/>
</pin_list>
<bind>
<opcode="call(48) " fcode="call"/>
<opset="call_ln0/8 "/>
</bind>
</comp>

<comp id="268" class="1004" name="empty_fu_268">
<pin_list>
<pin id="269" dir="0" index="0" bw="12" slack="0"/>
<pin id="270" dir="1" index="1" bw="3" slack="0"/>
</pin_list>
<bind>
<opcode="trunc(33) " fcode="trunc"/>
<opset="empty/1 "/>
</bind>
</comp>

<comp id="273" class="1004" name="cond_fu_273">
<pin_list>
<pin id="274" dir="0" index="0" bw="3" slack="0"/>
<pin id="275" dir="0" index="1" bw="3" slack="0"/>
<pin id="276" dir="1" index="2" bw="1" slack="4"/>
</pin_list>
<bind>
<opcode="icmp(45) " fcode="icmp"/>
<opset="cond/1 "/>
</bind>
</comp>

<comp id="279" class="1004" name="store_ln205_store_fu_279">
<pin_list>
<pin id="280" dir="0" index="0" bw="1" slack="0"/>
<pin id="281" dir="0" index="1" bw="1" slack="0"/>
<pin id="282" dir="1" index="2" bw="0" slack="2147483647"/>
</pin_list>
<bind>
<opcode="store(28) " fcode="store"/>
<opset="store_ln205/1 "/>
</bind>
</comp>

<comp id="284" class="1004" name="store_ln205_store_fu_284">
<pin_list>
<pin id="285" dir="0" index="0" bw="1" slack="0"/>
<pin id="286" dir="0" index="1" bw="12" slack="0"/>
<pin id="287" dir="1" index="2" bw="0" slack="2147483647"/>
</pin_list>
<bind>
<opcode="store(28) " fcode="store"/>
<opset="store_ln205/1 "/>
</bind>
</comp>

<comp id="289" class="1004" name="grp_reg_unsigned_short_s_fu_289">
<pin_list>
<pin id="290" dir="0" index="0" bw="12" slack="0"/>
<pin id="291" dir="0" index="1" bw="12" slack="2"/>
<pin id="292" dir="1" index="2" bw="12" slack="1"/>
</pin_list>
<bind>
<opcode="call(48) " fcode="call"/>
<opset="rows/3 "/>
</bind>
</comp>

<comp id="294" class="1004" name="grp_reg_unsigned_short_s_fu_294">
<pin_list>
<pin id="295" dir="0" index="0" bw="12" slack="0"/>
<pin id="296" dir="0" index="1" bw="12" slack="2"/>
<pin id="297" dir="1" index="2" bw="12" slack="0"/>
</pin_list>
<bind>
<opcode="call(48) " fcode="call"/>
<opset="cols/3 "/>
</bind>
</comp>

<comp id="299" class="1004" name="axi_last_V_loc_load_load_fu_299">
<pin_list>
<pin id="300" dir="0" index="0" bw="1" slack="3"/>
<pin id="301" dir="1" index="1" bw="1" slack="2147483647"/>
</pin_list>
<bind>
<opcode="load(27) " fcode="load"/>
<opset="axi_last_V_loc_load/4 "/>
</bind>
</comp>

<comp id="302" class="1004" name="cmp12464_fu_302">
<pin_list>
<pin id="303" dir="0" index="0" bw="12" slack="0"/>
<pin id="304" dir="0" index="1" bw="12" slack="0"/>
<pin id="305" dir="1" index="2" bw="1" slack="1"/>
</pin_list>
<bind>
<opcode="icmp(45) " fcode="icmp"/>
<opset="cmp12464/4 "/>
</bind>
</comp>

<comp id="308" class="1004" name="i_1_load_fu_308">
<pin_list>
<pin id="309" dir="0" index="0" bw="12" slack="4"/>
<pin id="310" dir="1" index="1" bw="12" slack="0"/>
</pin_list>
<bind>
<opcode="load(27) " fcode="load"/>
<opset="i_1/5 "/>
</bind>
</comp>

<comp id="311" class="1004" name="axi_data_V_load_fu_311">
<pin_list>
<pin id="312" dir="0" index="0" bw="24" slack="4"/>
<pin id="313" dir="1" index="1" bw="24" slack="0"/>
</pin_list>
<bind>
<opcode="load(27) " fcode="load"/>
<opset="axi_data_V/5 "/>
</bind>
</comp>

<comp id="315" class="1004" name="icmp_ln205_fu_315">
<pin_list>
<pin id="316" dir="0" index="0" bw="12" slack="0"/>
<pin id="317" dir="0" index="1" bw="12" slack="1"/>
<pin id="318" dir="1" index="2" bw="1" slack="2147483647"/>
</pin_list>
<bind>
<opcode="icmp(45) " fcode="icmp"/>
<opset="icmp_ln205/5 "/>
</bind>
</comp>

<comp id="320" class="1004" name="i_2_fu_320">
<pin_list>
<pin id="321" dir="0" index="0" bw="12" slack="0"/>
<pin id="322" dir="0" index="1" bw="1" slack="0"/>
<pin id="323" dir="1" index="2" bw="12" slack="2"/>
</pin_list>
<bind>
<opcode="add(8) " fcode="add"/>
<opset="i_2/5 "/>
</bind>
</comp>

<comp id="326" class="1004" name="sof_load_load_fu_326">
<pin_list>
<pin id="327" dir="0" index="0" bw="1" slack="4"/>
<pin id="328" dir="1" index="1" bw="1" slack="0"/>
</pin_list>
<bind>
<opcode="load(27) " fcode="load"/>
<opset="sof_load/5 "/>
</bind>
</comp>

<comp id="330" class="1004" name="eol_loc_load_load_fu_330">
<pin_list>
<pin id="331" dir="0" index="0" bw="1" slack="6"/>
<pin id="332" dir="1" index="1" bw="1" slack="2147483647"/>
</pin_list>
<bind>
<opcode="load(27) " fcode="load"/>
<opset="eol_loc_load/7 "/>
</bind>
</comp>

<comp id="333" class="1004" name="axi_data_V_3_loc_load_load_fu_333">
<pin_list>
<pin id="334" dir="0" index="0" bw="24" slack="6"/>
<pin id="335" dir="1" index="1" bw="24" slack="2147483647"/>
</pin_list>
<bind>
<opcode="load(27) " fcode="load"/>
<opset="axi_data_V_3_loc_load/7 "/>
</bind>
</comp>

<comp id="336" class="1004" name="store_ln0_store_fu_336">
<pin_list>
<pin id="337" dir="0" index="0" bw="1" slack="0"/>
<pin id="338" dir="0" index="1" bw="1" slack="6"/>
<pin id="339" dir="1" index="2" bw="0" slack="2147483647"/>
</pin_list>
<bind>
<opcode="store(28) " fcode="store"/>
<opset="store_ln0/7 "/>
</bind>
</comp>

<comp id="341" class="1004" name="store_ln205_store_fu_341">
<pin_list>
<pin id="342" dir="0" index="0" bw="12" slack="2"/>
<pin id="343" dir="0" index="1" bw="12" slack="6"/>
<pin id="344" dir="1" index="2" bw="0" slack="2147483647"/>
</pin_list>
<bind>
<opcode="store(28) " fcode="store"/>
<opset="store_ln205/7 "/>
</bind>
</comp>

<comp id="345" class="1004" name="axi_last_V_4_loc_load_load_fu_345">
<pin_list>
<pin id="346" dir="0" index="0" bw="1" slack="9"/>
<pin id="347" dir="1" index="1" bw="1" slack="2147483647"/>
</pin_list>
<bind>
<opcode="load(27) " fcode="load"/>
<opset="axi_last_V_4_loc_load/10 "/>
</bind>
</comp>

<comp id="348" class="1005" name="i_reg_348">
<pin_list>
<pin id="349" dir="0" index="0" bw="12" slack="0"/>
<pin id="350" dir="1" index="1" bw="12" slack="0"/>
</pin_list>
<bind>
<opset="i "/>
</bind>
</comp>

<comp id="355" class="1005" name="axi_data_V_2_reg_355">
<pin_list>
<pin id="356" dir="0" index="0" bw="24" slack="1"/>
<pin id="357" dir="1" index="1" bw="24" slack="1"/>
</pin_list>
<bind>
<opset="axi_data_V_2 "/>
</bind>
</comp>

<comp id="362" class="1005" name="sof_reg_362">
<pin_list>
<pin id="363" dir="0" index="0" bw="1" slack="0"/>
<pin id="364" dir="1" index="1" bw="1" slack="0"/>
</pin_list>
<bind>
<opset="sof "/>
</bind>
</comp>

<comp id="369" class="1005" name="p_read14_reg_369">
<pin_list>
<pin id="370" dir="0" index="0" bw="12" slack="2"/>
<pin id="371" dir="1" index="1" bw="12" slack="2"/>
</pin_list>
<bind>
<opset="p_read14 "/>
</bind>
</comp>

<comp id="374" class="1005" name="p_read_8_reg_374">
<pin_list>
<pin id="375" dir="0" index="0" bw="12" slack="2"/>
<pin id="376" dir="1" index="1" bw="12" slack="2"/>
</pin_list>
<bind>
<opset="p_read_8 "/>
</bind>
</comp>

<comp id="379" class="1005" name="axi_last_V_4_loc_reg_379">
<pin_list>
<pin id="380" dir="0" index="0" bw="1" slack="7"/>
<pin id="381" dir="1" index="1" bw="1" slack="7"/>
</pin_list>
<bind>
<opset="axi_last_V_4_loc "/>
</bind>
</comp>

<comp id="385" class="1005" name="axi_data_V_3_loc_reg_385">
<pin_list>
<pin id="386" dir="0" index="0" bw="24" slack="4"/>
<pin id="387" dir="1" index="1" bw="24" slack="4"/>
</pin_list>
<bind>
<opset="axi_data_V_3_loc "/>
</bind>
</comp>

<comp id="391" class="1005" name="eol_loc_reg_391">
<pin_list>
<pin id="392" dir="0" index="0" bw="1" slack="4"/>
<pin id="393" dir="1" index="1" bw="1" slack="4"/>
</pin_list>
<bind>
<opset="eol_loc "/>
</bind>
</comp>

<comp id="397" class="1005" name="axi_last_V_loc_reg_397">
<pin_list>
<pin id="398" dir="0" index="0" bw="1" slack="1"/>
<pin id="399" dir="1" index="1" bw="1" slack="1"/>
</pin_list>
<bind>
<opset="axi_last_V_loc "/>
</bind>
</comp>

<comp id="403" class="1005" name="cond_reg_403">
<pin_list>
<pin id="404" dir="0" index="0" bw="1" slack="4"/>
<pin id="405" dir="1" index="1" bw="1" slack="4"/>
</pin_list>
<bind>
<opset="cond "/>
</bind>
</comp>

<comp id="408" class="1005" name="rows_reg_408">
<pin_list>
<pin id="409" dir="0" index="0" bw="12" slack="1"/>
<pin id="410" dir="1" index="1" bw="12" slack="1"/>
</pin_list>
<bind>
<opset="rows "/>
</bind>
</comp>

<comp id="413" class="1005" name="cols_reg_413">
<pin_list>
<pin id="414" dir="0" index="0" bw="12" slack="1"/>
<pin id="415" dir="1" index="1" bw="12" slack="1"/>
</pin_list>
<bind>
<opset="cols "/>
</bind>
</comp>

<comp id="421" class="1005" name="cmp12464_reg_421">
<pin_list>
<pin id="422" dir="0" index="0" bw="1" slack="1"/>
<pin id="423" dir="1" index="1" bw="1" slack="2147483647"/>
</pin_list>
<bind>
<opset="cmp12464 "/>
</bind>
</comp>

<comp id="431" class="1005" name="i_2_reg_431">
<pin_list>
<pin id="432" dir="0" index="0" bw="12" slack="2"/>
<pin id="433" dir="1" index="1" bw="12" slack="2"/>
</pin_list>
<bind>
<opset="i_2 "/>
</bind>
</comp>

</comp_list>

<net_list>
<net id="93"><net_src comp="26" pin="0"/><net_sink comp="90" pin=0"/></net>

<net id="97"><net_src comp="26" pin="0"/><net_sink comp="94" pin=0"/></net>

<net id="101"><net_src comp="26" pin="0"/><net_sink comp="98" pin=0"/></net>

<net id="105"><net_src comp="26" pin="0"/><net_sink comp="102" pin=0"/></net>

<net id="109"><net_src comp="26" pin="0"/><net_sink comp="106" pin=0"/></net>

<net id="113"><net_src comp="26" pin="0"/><net_sink comp="110" pin=0"/></net>

<net id="117"><net_src comp="26" pin="0"/><net_sink comp="114" pin=0"/></net>

<net id="122"><net_src comp="28" pin="0"/><net_sink comp="118" pin=0"/></net>

<net id="123"><net_src comp="20" pin="0"/><net_sink comp="118" pin=1"/></net>

<net id="128"><net_src comp="30" pin="0"/><net_sink comp="124" pin=0"/></net>

<net id="129"><net_src comp="18" pin="0"/><net_sink comp="124" pin=1"/></net>

<net id="134"><net_src comp="30" pin="0"/><net_sink comp="130" pin=0"/></net>

<net id="135"><net_src comp="16" pin="0"/><net_sink comp="130" pin=1"/></net>

<net id="141"><net_src comp="32" pin="0"/><net_sink comp="136" pin=0"/></net>

<net id="142"><net_src comp="24" pin="0"/><net_sink comp="136" pin=1"/></net>

<net id="143"><net_src comp="130" pin="2"/><net_sink comp="136" pin=2"/></net>

<net id="149"><net_src comp="34" pin="0"/><net_sink comp="144" pin=0"/></net>

<net id="150"><net_src comp="22" pin="0"/><net_sink comp="144" pin=1"/></net>

<net id="160"><net_src comp="154" pin="4"/><net_sink comp="151" pin=0"/></net>

<net id="170"><net_src comp="164" pin="4"/><net_sink comp="161" pin=0"/></net>

<net id="180"><net_src comp="151" pin="1"/><net_sink comp="174" pin=2"/></net>

<net id="181"><net_src comp="174" pin="4"/><net_sink comp="171" pin=0"/></net>

<net id="185"><net_src comp="86" pin="0"/><net_sink comp="182" pin=0"/></net>

<net id="192"><net_src comp="182" pin="1"/><net_sink comp="186" pin=2"/></net>

<net id="193"><net_src comp="186" pin="4"/><net_sink comp="182" pin=0"/></net>

<net id="206"><net_src comp="44" pin="0"/><net_sink comp="194" pin=0"/></net>

<net id="207"><net_src comp="0" pin="0"/><net_sink comp="194" pin=1"/></net>

<net id="208"><net_src comp="2" pin="0"/><net_sink comp="194" pin=2"/></net>

<net id="209"><net_src comp="4" pin="0"/><net_sink comp="194" pin=3"/></net>

<net id="210"><net_src comp="6" pin="0"/><net_sink comp="194" pin=4"/></net>

<net id="211"><net_src comp="8" pin="0"/><net_sink comp="194" pin=5"/></net>

<net id="212"><net_src comp="10" pin="0"/><net_sink comp="194" pin=6"/></net>

<net id="213"><net_src comp="12" pin="0"/><net_sink comp="194" pin=7"/></net>

<net id="232"><net_src comp="84" pin="0"/><net_sink comp="214" pin=0"/></net>

<net id="233"><net_src comp="154" pin="4"/><net_sink comp="214" pin=2"/></net>

<net id="234"><net_src comp="14" pin="0"/><net_sink comp="214" pin=6"/></net>

<net id="235"><net_src comp="0" pin="0"/><net_sink comp="214" pin=7"/></net>

<net id="236"><net_src comp="2" pin="0"/><net_sink comp="214" pin=8"/></net>

<net id="237"><net_src comp="4" pin="0"/><net_sink comp="214" pin=9"/></net>

<net id="238"><net_src comp="6" pin="0"/><net_sink comp="214" pin=10"/></net>

<net id="239"><net_src comp="8" pin="0"/><net_sink comp="214" pin=11"/></net>

<net id="240"><net_src comp="10" pin="0"/><net_sink comp="214" pin=12"/></net>

<net id="241"><net_src comp="12" pin="0"/><net_sink comp="214" pin=13"/></net>

<net id="257"><net_src comp="88" pin="0"/><net_sink comp="242" pin=0"/></net>

<net id="258"><net_src comp="164" pin="4"/><net_sink comp="242" pin=1"/></net>

<net id="259"><net_src comp="174" pin="4"/><net_sink comp="242" pin=2"/></net>

<net id="260"><net_src comp="186" pin="4"/><net_sink comp="242" pin=3"/></net>

<net id="261"><net_src comp="0" pin="0"/><net_sink comp="242" pin=4"/></net>

<net id="262"><net_src comp="2" pin="0"/><net_sink comp="242" pin=5"/></net>

<net id="263"><net_src comp="4" pin="0"/><net_sink comp="242" pin=6"/></net>

<net id="264"><net_src comp="6" pin="0"/><net_sink comp="242" pin=7"/></net>

<net id="265"><net_src comp="8" pin="0"/><net_sink comp="242" pin=8"/></net>

<net id="266"><net_src comp="10" pin="0"/><net_sink comp="242" pin=9"/></net>

<net id="267"><net_src comp="12" pin="0"/><net_sink comp="242" pin=10"/></net>

<net id="271"><net_src comp="124" pin="2"/><net_sink comp="268" pin=0"/></net>

<net id="272"><net_src comp="268" pin="1"/><net_sink comp="144" pin=2"/></net>

<net id="277"><net_src comp="118" pin="2"/><net_sink comp="273" pin=0"/></net>

<net id="278"><net_src comp="36" pin="0"/><net_sink comp="273" pin=1"/></net>

<net id="283"><net_src comp="38" pin="0"/><net_sink comp="279" pin=0"/></net>

<net id="288"><net_src comp="40" pin="0"/><net_sink comp="284" pin=0"/></net>

<net id="293"><net_src comp="46" pin="0"/><net_sink comp="289" pin=0"/></net>

<net id="298"><net_src comp="46" pin="0"/><net_sink comp="294" pin=0"/></net>

<net id="306"><net_src comp="294" pin="2"/><net_sink comp="302" pin=0"/></net>

<net id="307"><net_src comp="40" pin="0"/><net_sink comp="302" pin=1"/></net>

<net id="314"><net_src comp="311" pin="1"/><net_sink comp="214" pin=3"/></net>

<net id="319"><net_src comp="308" pin="1"/><net_sink comp="315" pin=0"/></net>

<net id="324"><net_src comp="308" pin="1"/><net_sink comp="320" pin=0"/></net>

<net id="325"><net_src comp="78" pin="0"/><net_sink comp="320" pin=1"/></net>

<net id="329"><net_src comp="326" pin="1"/><net_sink comp="214" pin=1"/></net>

<net id="340"><net_src comp="86" pin="0"/><net_sink comp="336" pin=0"/></net>

<net id="351"><net_src comp="90" pin="1"/><net_sink comp="348" pin=0"/></net>

<net id="352"><net_src comp="348" pin="1"/><net_sink comp="284" pin=1"/></net>

<net id="353"><net_src comp="348" pin="1"/><net_sink comp="308" pin=0"/></net>

<net id="354"><net_src comp="348" pin="1"/><net_sink comp="341" pin=1"/></net>

<net id="358"><net_src comp="94" pin="1"/><net_sink comp="355" pin=0"/></net>

<net id="359"><net_src comp="355" pin="1"/><net_sink comp="194" pin=8"/></net>

<net id="360"><net_src comp="355" pin="1"/><net_sink comp="311" pin=0"/></net>

<net id="361"><net_src comp="355" pin="1"/><net_sink comp="242" pin=11"/></net>

<net id="365"><net_src comp="98" pin="1"/><net_sink comp="362" pin=0"/></net>

<net id="366"><net_src comp="362" pin="1"/><net_sink comp="279" pin=1"/></net>

<net id="367"><net_src comp="362" pin="1"/><net_sink comp="326" pin=0"/></net>

<net id="368"><net_src comp="362" pin="1"/><net_sink comp="336" pin=1"/></net>

<net id="372"><net_src comp="124" pin="2"/><net_sink comp="369" pin=0"/></net>

<net id="373"><net_src comp="369" pin="1"/><net_sink comp="294" pin=1"/></net>

<net id="377"><net_src comp="130" pin="2"/><net_sink comp="374" pin=0"/></net>

<net id="378"><net_src comp="374" pin="1"/><net_sink comp="289" pin=1"/></net>

<net id="382"><net_src comp="102" pin="1"/><net_sink comp="379" pin=0"/></net>

<net id="383"><net_src comp="379" pin="1"/><net_sink comp="242" pin=12"/></net>

<net id="384"><net_src comp="379" pin="1"/><net_sink comp="345" pin=0"/></net>

<net id="388"><net_src comp="106" pin="1"/><net_sink comp="385" pin=0"/></net>

<net id="389"><net_src comp="385" pin="1"/><net_sink comp="214" pin=15"/></net>

<net id="390"><net_src comp="385" pin="1"/><net_sink comp="333" pin=0"/></net>

<net id="394"><net_src comp="110" pin="1"/><net_sink comp="391" pin=0"/></net>

<net id="395"><net_src comp="391" pin="1"/><net_sink comp="214" pin=14"/></net>

<net id="396"><net_src comp="391" pin="1"/><net_sink comp="330" pin=0"/></net>

<net id="400"><net_src comp="114" pin="1"/><net_sink comp="397" pin=0"/></net>

<net id="401"><net_src comp="397" pin="1"/><net_sink comp="194" pin=9"/></net>

<net id="402"><net_src comp="397" pin="1"/><net_sink comp="299" pin=0"/></net>

<net id="406"><net_src comp="273" pin="2"/><net_sink comp="403" pin=0"/></net>

<net id="407"><net_src comp="403" pin="1"/><net_sink comp="214" pin=5"/></net>

<net id="411"><net_src comp="289" pin="2"/><net_sink comp="408" pin=0"/></net>

<net id="412"><net_src comp="408" pin="1"/><net_sink comp="315" pin=1"/></net>

<net id="416"><net_src comp="294" pin="2"/><net_sink comp="413" pin=0"/></net>

<net id="417"><net_src comp="413" pin="1"/><net_sink comp="214" pin=4"/></net>

<net id="424"><net_src comp="302" pin="2"/><net_sink comp="421" pin=0"/></net>

<net id="434"><net_src comp="320" pin="2"/><net_sink comp="431" pin=0"/></net>

<net id="435"><net_src comp="431" pin="1"/><net_sink comp="341" pin=0"/></net>

</net_list>

</model> 
---------------- Datapath Model END ------------------

* FSMD analyzer results:
  - Output states:
	Port: s_axis_video_V_data_V | {}
	Port: s_axis_video_V_keep_V | {}
	Port: s_axis_video_V_strb_V | {}
	Port: s_axis_video_V_user_V | {}
	Port: s_axis_video_V_last_V | {}
	Port: s_axis_video_V_id_V | {}
	Port: s_axis_video_V_dest_V | {}
	Port: img | {5 6 }
	Port: width_c | {1 }
	Port: height_c10 | {1 }
 - Input state : 
	Port: AXIvideo2MultiPixStream : s_axis_video_V_data_V | {2 3 5 6 8 9 }
	Port: AXIvideo2MultiPixStream : s_axis_video_V_keep_V | {2 3 5 6 8 9 }
	Port: AXIvideo2MultiPixStream : s_axis_video_V_strb_V | {2 3 5 6 8 9 }
	Port: AXIvideo2MultiPixStream : s_axis_video_V_user_V | {2 3 5 6 8 9 }
	Port: AXIvideo2MultiPixStream : s_axis_video_V_last_V | {2 3 5 6 8 9 }
	Port: AXIvideo2MultiPixStream : s_axis_video_V_id_V | {2 3 5 6 8 9 }
	Port: AXIvideo2MultiPixStream : s_axis_video_V_dest_V | {2 3 5 6 8 9 }
	Port: AXIvideo2MultiPixStream : p_read | {1 }
	Port: AXIvideo2MultiPixStream : p_read1 | {1 }
	Port: AXIvideo2MultiPixStream : p_read2 | {1 }
  - Chain level:
	State 1
		write_ln0 : 1
		store_ln205 : 1
		store_ln205 : 1
	State 2
	State 3
	State 4
		cmp12464 : 1
	State 5
		icmp_ln205 : 1
		i_2 : 1
		br_ln205 : 2
		call_ln186 : 1
	State 6
	State 7
	State 8
		call_ln0 : 1
	State 9
	State 10


============================================================
+ Verbose Summary: Datapath Resource usage 
============================================================

* Functional unit list:
|----------|-----------------------------------------------------------------|---------|---------|
| Operation|                         Functional Unit                         |    FF   |   LUT   |
|----------|-----------------------------------------------------------------|---------|---------|
|          | grp_AXIvideo2MultiPixStream_Pipeline_loop_wait_for_start_fu_194 |    1    |    0    |
|          |      grp_AXIvideo2MultiPixStream_Pipeline_loop_width_fu_214     |    42   |    57   |
|   call   |  grp_AXIvideo2MultiPixStream_Pipeline_loop_wait_for_eol_fu_242  |    3    |    0    |
|          |                 grp_reg_unsigned_short_s_fu_289                 |    12   |    0    |
|          |                 grp_reg_unsigned_short_s_fu_294                 |    12   |    0    |
|----------|-----------------------------------------------------------------|---------|---------|
|          |                           cond_fu_273                           |    0    |    8    |
|   icmp   |                         cmp12464_fu_302                         |    0    |    12   |
|          |                        icmp_ln205_fu_315                        |    0    |    12   |
|----------|-----------------------------------------------------------------|---------|---------|
|    add   |                            i_2_fu_320                           |    0    |    19   |
|----------|-----------------------------------------------------------------|---------|---------|
|          |                       p_read25_read_fu_118                      |    0    |    0    |
|   read   |                       p_read14_read_fu_124                      |    0    |    0    |
|          |                       p_read_8_read_fu_130                      |    0    |    0    |
|----------|-----------------------------------------------------------------|---------|---------|
|   write  |                      write_ln0_write_fu_136                     |    0    |    0    |
|          |                      write_ln0_write_fu_144                     |    0    |    0    |
|----------|-----------------------------------------------------------------|---------|---------|
|   trunc  |                           empty_fu_268                          |    0    |    0    |
|----------|-----------------------------------------------------------------|---------|---------|
|   Total  |                                                                 |    70   |   108   |
|----------|-----------------------------------------------------------------|---------|---------|

Memories:
N/A

* Register list:
+------------------------+--------+
|                        |   FF   |
+------------------------+--------+
|axi_data_2_lcssa_reg_161|   24   |
|  axi_data_V_2_reg_355  |   24   |
|axi_data_V_3_loc_reg_385|   24   |
|axi_last_2_lcssa_reg_171|    1   |
|  axi_last_V_2_reg_151  |    1   |
|axi_last_V_4_loc_reg_379|    1   |
| axi_last_V_loc_reg_397 |    1   |
|    cmp12464_reg_421    |    1   |
|      cols_reg_413      |   12   |
|      cond_reg_403      |    1   |
|   eol_0_lcssa_reg_182  |    1   |
|     eol_loc_reg_391    |    1   |
|       i_2_reg_431      |   12   |
|        i_reg_348       |   12   |
|    p_read14_reg_369    |   12   |
|    p_read_8_reg_374    |   12   |
|      rows_reg_408      |   12   |
|       sof_reg_362      |    1   |
+------------------------+--------+
|          Total         |   153  |
+------------------------+--------+

* Multiplexer (MUX) list: 
|---------------------|------|------|------|--------||---------||---------|
|         Comp        |  Pin | Size |  BW  | S x BW ||  Delay  ||   LUT   |
|---------------------|------|------|------|--------||---------||---------|
| eol_0_lcssa_reg_182 |  p0  |   2  |   1  |    2   ||    9    |
|---------------------|------|------|------|--------||---------||---------|
|        Total        |      |      |      |    2   ||  0.427  ||    9    |
|---------------------|------|------|------|--------||---------||---------|



* Summary:
+-----------+--------+--------+--------+
|           |  Delay |   FF   |   LUT  |
+-----------+--------+--------+--------+
|  Function |    -   |   70   |   108  |
|   Memory  |    -   |    -   |    -   |
|Multiplexer|    0   |    -   |    9   |
|  Register |    -   |   153  |    -   |
+-----------+--------+--------+--------+
|   Total   |    0   |   223  |   117  |
+-----------+--------+--------+--------+
