

================================================================
== Vitis HLS Report for 'MultiPixStream2Bytes_Pipeline_VITIS_LOOP_511_1'
================================================================
* Date:           Fri Nov 25 21:03:37 2022

* Version:        2022.1 (Build 3526262 on Mon Apr 18 15:48:16 MDT 2022)
* Project:        prj
* Solution:       sol (Vivado IP Flow Target)
* Product family: zynquplus
* Target device:  xck26-sfvc784-2LV-c


================================================================
== Performance Estimates
================================================================
+ Timing: 
    * Summary: 
    +--------+---------+----------+------------+
    |  Clock |  Target | Estimated| Uncertainty|
    +--------+---------+----------+------------+
    |ap_clk  |  6.66 ns|  4.007 ns|     1.80 ns|
    +--------+---------+----------+------------+

+ Latency: 
    * Summary: 
    +---------+---------+-----------+----------+-----+-------+---------+
    |  Latency (cycles) |  Latency (absolute)  |   Interval  | Pipeline|
    |   min   |   max   |    min    |    max   | min |  max  |   Type  |
    +---------+---------+-----------+----------+-----+-------+---------+
    |        3|    32771|  19.989 ns|  0.218 ms|    3|  32771|       no|
    +---------+---------+-----------+----------+-----+-------+---------+

    + Detail: 
        * Instance: 
        N/A

        * Loop: 
        +--------------------+---------+---------+----------+-----------+-----------+----------+----------+
        |                    |  Latency (cycles) | Iteration|  Initiation Interval  |   Trip   |          |
        |      Loop Name     |   min   |   max   |  Latency |  achieved |   target  |   Count  | Pipelined|
        +--------------------+---------+---------+----------+-----------+-----------+----------+----------+
        |- VITIS_LOOP_511_1  |        1|    32769|         5|          4|          4|  0 ~ 8192|       yes|
        +--------------------+---------+---------+----------+-----------+-----------+----------+----------+

============================================================
+ Verbose Summary: Synthesis Manager
============================================================
InlineROM: 1
ExposeGlobal: 0
============================================================
+ Verbose Summary: CDFG Model
============================================================
IsTopModel: 0
ResetActiveHigh: 1
IsCombinational: 0
IsDatapathOnly: 0
HasWiredReturn: 1
HasMFsm: 2
HasVarLatency: 1
IsPipeline: 0
IsRtlPipelined: 0
IsInstanceOverlapped: 0
IsDontTouch: 0
HasImplIP: 0
IsGatedGlobalClock: 0

+ Individual pipeline summary: 
  * Pipeline-0: initiation interval (II) = 4, depth = 5


============================================================
+ Verbose Summary: Schedule
============================================================
* Number of FSM states : 5
* Pipeline : 1
  Pipeline-0 : II = 4, D = 5, States = { 1 2 3 4 5 }
* Dataflow Pipeline: 0

* FSM state transitions: 
1 --> 2 
2 --> 3 
3 --> 4 
4 --> 5 
5 --> 

* FSM state operations: 

State 1 <SV = 0> <Delay = 1.43>
ST_1 : Operation 8 [1/1] (0.00ns)   --->   "%x = alloca i32 1"   --->   Operation 8 'alloca' 'x' <Predicate = true> <Delay = 0.00>
ST_1 : Operation 9 [1/1] (0.00ns)   --->   "%pix_val_V_6 = alloca i32 1"   --->   Operation 9 'alloca' 'pix_val_V_6' <Predicate = true> <Delay = 0.00>
ST_1 : Operation 10 [1/1] (0.00ns)   --->   "%pix_val_V_7 = alloca i32 1"   --->   Operation 10 'alloca' 'pix_val_V_7' <Predicate = true> <Delay = 0.00>
ST_1 : Operation 11 [1/1] (0.00ns)   --->   "%cmp43_read = read i1 @_ssdm_op_Read.ap_auto.i1, i1 %cmp43"   --->   Operation 11 'read' 'cmp43_read' <Predicate = true> <Delay = 0.00>
ST_1 : Operation 12 [1/1] (0.00ns)   --->   "%sub40_cast105_read = read i13 @_ssdm_op_Read.ap_auto.i13, i13 %sub40_cast105"   --->   Operation 12 'read' 'sub40_cast105_read' <Predicate = true> <Delay = 0.00>
ST_1 : Operation 13 [1/1] (0.00ns)   --->   "%cmp43_1_read = read i1 @_ssdm_op_Read.ap_auto.i1, i1 %cmp43_1"   --->   Operation 13 'read' 'cmp43_1_read' <Predicate = true> <Delay = 0.00>
ST_1 : Operation 14 [1/1] (0.00ns)   --->   "%cmp43_2_read = read i1 @_ssdm_op_Read.ap_auto.i1, i1 %cmp43_2"   --->   Operation 14 'read' 'cmp43_2_read' <Predicate = true> <Delay = 0.00>
ST_1 : Operation 15 [1/1] (0.00ns)   --->   "%icmp_ln501_read = read i1 @_ssdm_op_Read.ap_auto.i1, i1 %icmp_ln501"   --->   Operation 15 'read' 'icmp_ln501_read' <Predicate = true> <Delay = 0.00>
ST_1 : Operation 16 [1/1] (0.00ns)   --->   "%trunc_ln496_1_read = read i13 @_ssdm_op_Read.ap_auto.i13, i13 %trunc_ln496_1"   --->   Operation 16 'read' 'trunc_ln496_1_read' <Predicate = true> <Delay = 0.00>
ST_1 : Operation 17 [1/1] (0.00ns)   --->   "%pix_val_V_read = read i8 @_ssdm_op_Read.ap_auto.i8, i8 %pix_val_V"   --->   Operation 17 'read' 'pix_val_V_read' <Predicate = true> <Delay = 0.00>
ST_1 : Operation 18 [1/1] (0.00ns)   --->   "%pix_val_V_1_read = read i8 @_ssdm_op_Read.ap_auto.i8, i8 %pix_val_V_1"   --->   Operation 18 'read' 'pix_val_V_1_read' <Predicate = true> <Delay = 0.00>
ST_1 : Operation 19 [1/1] (0.00ns)   --->   "%sub40_cast105_cast = sext i13 %sub40_cast105_read"   --->   Operation 19 'sext' 'sub40_cast105_cast' <Predicate = true> <Delay = 0.00>
ST_1 : Operation 20 [1/1] (0.00ns)   --->   "%specmemcore_ln0 = specmemcore void @_ssdm_op_SpecMemCore, i64 %bytePlanes_plane01, i64 666, i64 8, i64 18446744073709551615"   --->   Operation 20 'specmemcore' 'specmemcore_ln0' <Predicate = true> <Delay = 0.00>
ST_1 : Operation 21 [1/1] (0.00ns)   --->   "%specinterface_ln0 = specinterface void @_ssdm_op_SpecInterface, i24 %img, void @empty_33, i32 0, i32 0, void @empty_18, i32 0, i32 0, void @empty_18, void @empty_18, void @empty_18, i32 0, i32 0, i32 0, i32 0, void @empty_18, void @empty_18, i32 4294967295, i32 0"   --->   Operation 21 'specinterface' 'specinterface_ln0' <Predicate = true> <Delay = 0.00>
ST_1 : Operation 22 [1/1] (0.00ns)   --->   "%specinterface_ln0 = specinterface void @_ssdm_op_SpecInterface, i64 %bytePlanes_plane01, void @empty_33, i32 0, i32 0, void @empty_18, i32 0, i32 0, void @empty_18, void @empty_18, void @empty_18, i32 0, i32 0, i32 0, i32 0, void @empty_18, void @empty_18, i32 4294967295, i32 0"   --->   Operation 22 'specinterface' 'specinterface_ln0' <Predicate = true> <Delay = 0.00>
ST_1 : Operation 23 [1/1] (0.42ns)   --->   "%store_ln0 = store i8 %pix_val_V_1_read, i8 %pix_val_V_7"   --->   Operation 23 'store' 'store_ln0' <Predicate = true> <Delay = 0.42>
ST_1 : Operation 24 [1/1] (0.42ns)   --->   "%store_ln0 = store i8 %pix_val_V_read, i8 %pix_val_V_6"   --->   Operation 24 'store' 'store_ln0' <Predicate = true> <Delay = 0.42>
ST_1 : Operation 25 [1/1] (0.42ns)   --->   "%store_ln0 = store i13 0, i13 %x"   --->   Operation 25 'store' 'store_ln0' <Predicate = true> <Delay = 0.42>
ST_1 : Operation 26 [1/1] (0.00ns)   --->   "%br_ln0 = br void %for.body39"   --->   Operation 26 'br' 'br_ln0' <Predicate = true> <Delay = 0.00>
ST_1 : Operation 27 [1/1] (0.00ns)   --->   "%x_7 = load i13 %x" [D:/zynqmp_cam_isp_demo/zynqmp_cam_isp_demo.runs/design_1_v_frmbuf_wr_0_1_synth_1/prj/sol/.autopilot/db/v_frmbuf_wr.cpp:511]   --->   Operation 27 'load' 'x_7' <Predicate = true> <Delay = 0.00>
ST_1 : Operation 28 [1/1] (1.00ns)   --->   "%icmp_ln511 = icmp_eq  i13 %x_7, i13 %trunc_ln496_1_read" [D:/zynqmp_cam_isp_demo/zynqmp_cam_isp_demo.runs/design_1_v_frmbuf_wr_0_1_synth_1/prj/sol/.autopilot/db/v_frmbuf_wr.cpp:511]   --->   Operation 28 'icmp' 'icmp_ln511' <Predicate = true> <Delay = 1.00> <CoreInst = "Cmp">   --->   Core 9 'Cmp' <Latency = 0> <II = 1> <Delay = 1.00> <FuncUnit> <Opcode : 'icmp'> <InPorts = 2> <OutPorts = 1>
ST_1 : Operation 29 [1/1] (0.82ns)   --->   "%x_8 = add i13 %x_7, i13 1" [D:/zynqmp_cam_isp_demo/zynqmp_cam_isp_demo.runs/design_1_v_frmbuf_wr_0_1_synth_1/prj/sol/.autopilot/db/v_frmbuf_wr.cpp:511]   --->   Operation 29 'add' 'x_8' <Predicate = true> <Delay = 0.82> <CoreInst = "Adder">   --->   Core 1 'Adder' <Latency = 0> <II = 1> <Delay = 0.82> <FuncUnit> <Opcode : 'add' 'sub'> <InPorts = 2> <OutPorts = 1>
ST_1 : Operation 30 [1/1] (0.00ns)   --->   "%br_ln511 = br i1 %icmp_ln511, void %for.body39.split, void %for.inc77.loopexit.exitStub" [D:/zynqmp_cam_isp_demo/zynqmp_cam_isp_demo.runs/design_1_v_frmbuf_wr_0_1_synth_1/prj/sol/.autopilot/db/v_frmbuf_wr.cpp:511]   --->   Operation 30 'br' 'br_ln511' <Predicate = true> <Delay = 0.00>
ST_1 : Operation 31 [1/1] (0.00ns)   --->   "%zext_ln511 = zext i13 %x_7" [D:/zynqmp_cam_isp_demo/zynqmp_cam_isp_demo.runs/design_1_v_frmbuf_wr_0_1_synth_1/prj/sol/.autopilot/db/v_frmbuf_wr.cpp:511]   --->   Operation 31 'zext' 'zext_ln511' <Predicate = (!icmp_ln511)> <Delay = 0.00>
ST_1 : Operation 32 [1/1] (1.00ns)   --->   "%cmp41 = icmp_slt  i14 %zext_ln511, i14 %sub40_cast105_cast" [D:/zynqmp_cam_isp_demo/zynqmp_cam_isp_demo.runs/design_1_v_frmbuf_wr_0_1_synth_1/prj/sol/.autopilot/db/v_frmbuf_wr.cpp:511]   --->   Operation 32 'icmp' 'cmp41' <Predicate = (!icmp_ln511)> <Delay = 1.00> <CoreInst = "Cmp">   --->   Core 9 'Cmp' <Latency = 0> <II = 1> <Delay = 1.00> <FuncUnit> <Opcode : 'icmp'> <InPorts = 2> <OutPorts = 1>
ST_1 : Operation 33 [1/1] (0.28ns)   --->   "%or_ln516 = or i1 %cmp41, i1 %cmp43_read" [D:/zynqmp_cam_isp_demo/zynqmp_cam_isp_demo.runs/design_1_v_frmbuf_wr_0_1_synth_1/prj/sol/.autopilot/db/v_frmbuf_wr.cpp:516]   --->   Operation 33 'or' 'or_ln516' <Predicate = (!icmp_ln511)> <Delay = 0.28> <CoreInst = "LogicGate">   --->   Core 74 'LogicGate' <Latency = 0> <II = 1> <Delay = 0.28> <FuncUnit> <Opcode : 'and' 'or' 'xor'> <InPorts = 2> <OutPorts = 1>
ST_1 : Operation 34 [1/1] (0.42ns)   --->   "%store_ln511 = store i13 %x_8, i13 %x" [D:/zynqmp_cam_isp_demo/zynqmp_cam_isp_demo.runs/design_1_v_frmbuf_wr_0_1_synth_1/prj/sol/.autopilot/db/v_frmbuf_wr.cpp:511]   --->   Operation 34 'store' 'store_ln511' <Predicate = (!icmp_ln511)> <Delay = 0.42>

State 2 <SV = 1> <Delay = 1.83>
ST_2 : Operation 35 [1/1] (0.00ns)   --->   "%pix_val_V_134 = load i8 %pix_val_V_6"   --->   Operation 35 'load' 'pix_val_V_134' <Predicate = true> <Delay = 0.00>
ST_2 : Operation 36 [1/1] (0.00ns)   --->   "%pix_val_V_135 = load i8 %pix_val_V_7"   --->   Operation 36 'load' 'pix_val_V_135' <Predicate = true> <Delay = 0.00>
ST_2 : Operation 37 [1/1] (0.00ns)   --->   "%speclooptripcount_ln0 = speclooptripcount void @_ssdm_op_SpecLoopTripCount, i64 0, i64 8192, i64 0"   --->   Operation 37 'speclooptripcount' 'speclooptripcount_ln0' <Predicate = true> <Delay = 0.00>
ST_2 : Operation 38 [1/1] (0.00ns)   --->   "%specpipeline_ln512 = specpipeline void @_ssdm_op_SpecPipeline, i32 4, i32 0, i32 0, i32 0, void @empty_18" [D:/zynqmp_cam_isp_demo/zynqmp_cam_isp_demo.runs/design_1_v_frmbuf_wr_0_1_synth_1/prj/sol/.autopilot/db/v_frmbuf_wr.cpp:512]   --->   Operation 38 'specpipeline' 'specpipeline_ln512' <Predicate = (!icmp_ln511)> <Delay = 0.00>
ST_2 : Operation 39 [1/1] (0.00ns)   --->   "%specloopname_ln273 = specloopname void @_ssdm_op_SpecLoopName, void @empty_4" [D:/zynqmp_cam_isp_demo/zynqmp_cam_isp_demo.runs/design_1_v_frmbuf_wr_0_1_synth_1/prj/sol/.autopilot/db/v_frmbuf_wr.cpp:273]   --->   Operation 39 'specloopname' 'specloopname_ln273' <Predicate = (!icmp_ln511)> <Delay = 0.00>
ST_2 : Operation 40 [1/1] (0.42ns)   --->   "%br_ln516 = br i1 %or_ln516, void %for.inc, void %if.then44" [D:/zynqmp_cam_isp_demo/zynqmp_cam_isp_demo.runs/design_1_v_frmbuf_wr_0_1_synth_1/prj/sol/.autopilot/db/v_frmbuf_wr.cpp:516]   --->   Operation 40 'br' 'br_ln516' <Predicate = (!icmp_ln511)> <Delay = 0.42>
ST_2 : Operation 41 [1/1] (1.83ns)   --->   "%img_read = read i24 @_ssdm_op_Read.ap_fifo.volatile.i24P0A, i24 %img" [D:/Xilinx/Vitis_HLS/2022.1/common/technology/autopilot/hls_stream_39.h:145]   --->   Operation 41 'read' 'img_read' <Predicate = (!icmp_ln511 & or_ln516)> <Delay = 1.83> <CoreInst = "FIFO_SRL">   --->   Core 81 'FIFO_SRL' <Latency = 0> <II = 1> <Delay = 1.83> <Storage> <Opcode : 'read' 'write' 'nbread' 'nbwrite'> <Ports = 0> <Width = 24> <Depth = 2> <FIFO>
ST_2 : Operation 42 [1/1] (0.00ns)   --->   "%pix_val_V_136 = trunc i24 %img_read" [D:/Xilinx/Vitis_HLS/2022.1/common/technology/autopilot/hls_stream_39.h:145]   --->   Operation 42 'trunc' 'pix_val_V_136' <Predicate = (!icmp_ln511 & or_ln516)> <Delay = 0.00>
ST_2 : Operation 43 [1/1] (0.00ns)   --->   "%pix_val_V_28 = partselect i8 @_ssdm_op_PartSelect.i8.i24.i32.i32, i24 %img_read, i32 8, i32 15" [D:/Xilinx/Vitis_HLS/2022.1/common/technology/autopilot/hls_stream_39.h:145]   --->   Operation 43 'partselect' 'pix_val_V_28' <Predicate = (!icmp_ln511 & or_ln516)> <Delay = 0.00>
ST_2 : Operation 44 [1/1] (0.42ns)   --->   "%br_ln517 = br void %for.inc" [D:/zynqmp_cam_isp_demo/zynqmp_cam_isp_demo.runs/design_1_v_frmbuf_wr_0_1_synth_1/prj/sol/.autopilot/db/v_frmbuf_wr.cpp:517]   --->   Operation 44 'br' 'br_ln517' <Predicate = (!icmp_ln511 & or_ln516)> <Delay = 0.42>
ST_2 : Operation 45 [1/1] (0.28ns)   --->   "%or_ln516_1 = or i1 %cmp41, i1 %cmp43_1_read" [D:/zynqmp_cam_isp_demo/zynqmp_cam_isp_demo.runs/design_1_v_frmbuf_wr_0_1_synth_1/prj/sol/.autopilot/db/v_frmbuf_wr.cpp:516]   --->   Operation 45 'or' 'or_ln516_1' <Predicate = (!icmp_ln511)> <Delay = 0.28> <CoreInst = "LogicGate">   --->   Core 74 'LogicGate' <Latency = 0> <II = 1> <Delay = 0.28> <FuncUnit> <Opcode : 'and' 'or' 'xor'> <InPorts = 2> <OutPorts = 1>
ST_2 : Operation 46 [1/1] (0.28ns)   --->   "%or_ln516_2 = or i1 %cmp41, i1 %cmp43_2_read" [D:/zynqmp_cam_isp_demo/zynqmp_cam_isp_demo.runs/design_1_v_frmbuf_wr_0_1_synth_1/prj/sol/.autopilot/db/v_frmbuf_wr.cpp:516]   --->   Operation 46 'or' 'or_ln516_2' <Predicate = (!icmp_ln511)> <Delay = 0.28> <CoreInst = "LogicGate">   --->   Core 74 'LogicGate' <Latency = 0> <II = 1> <Delay = 0.28> <FuncUnit> <Opcode : 'and' 'or' 'xor'> <InPorts = 2> <OutPorts = 1>
ST_2 : Operation 47 [1/1] (0.28ns)   --->   "%or_ln516_3 = or i1 %cmp41, i1 %icmp_ln501_read" [D:/zynqmp_cam_isp_demo/zynqmp_cam_isp_demo.runs/design_1_v_frmbuf_wr_0_1_synth_1/prj/sol/.autopilot/db/v_frmbuf_wr.cpp:516]   --->   Operation 47 'or' 'or_ln516_3' <Predicate = (!icmp_ln511)> <Delay = 0.28> <CoreInst = "LogicGate">   --->   Core 74 'LogicGate' <Latency = 0> <II = 1> <Delay = 0.28> <FuncUnit> <Opcode : 'and' 'or' 'xor'> <InPorts = 2> <OutPorts = 1>
ST_2 : Operation 76 [1/1] (0.00ns)   --->   "%store_ln0 = store i8 %pix_val_V_135, i8 %pix_val_V_7_out"   --->   Operation 76 'store' 'store_ln0' <Predicate = (icmp_ln511)> <Delay = 0.00>
ST_2 : Operation 77 [1/1] (0.00ns)   --->   "%store_ln0 = store i8 %pix_val_V_134, i8 %pix_val_V_6_out"   --->   Operation 77 'store' 'store_ln0' <Predicate = (icmp_ln511)> <Delay = 0.00>
ST_2 : Operation 78 [1/1] (0.00ns)   --->   "%ret_ln0 = ret"   --->   Operation 78 'ret' 'ret_ln0' <Predicate = (icmp_ln511)> <Delay = 0.00>

State 3 <SV = 2> <Delay = 1.83>
ST_3 : Operation 48 [1/1] (0.00ns)   --->   "%pix_val_V_21 = phi i8 %pix_val_V_28, void %if.then44, i8 %pix_val_V_135, void %for.body39.split"   --->   Operation 48 'phi' 'pix_val_V_21' <Predicate = (!icmp_ln511)> <Delay = 0.00>
ST_3 : Operation 49 [1/1] (0.00ns)   --->   "%pix_val_V_20 = phi i8 %pix_val_V_136, void %if.then44, i8 %pix_val_V_134, void %for.body39.split"   --->   Operation 49 'phi' 'pix_val_V_20' <Predicate = (!icmp_ln511)> <Delay = 0.00>
ST_3 : Operation 50 [1/1] (0.42ns)   --->   "%br_ln516 = br i1 %or_ln516_1, void %for.inc.1, void %if.then44.1" [D:/zynqmp_cam_isp_demo/zynqmp_cam_isp_demo.runs/design_1_v_frmbuf_wr_0_1_synth_1/prj/sol/.autopilot/db/v_frmbuf_wr.cpp:516]   --->   Operation 50 'br' 'br_ln516' <Predicate = (!icmp_ln511)> <Delay = 0.42>
ST_3 : Operation 51 [1/1] (1.83ns)   --->   "%img_read_25 = read i24 @_ssdm_op_Read.ap_fifo.volatile.i24P0A, i24 %img" [D:/Xilinx/Vitis_HLS/2022.1/common/technology/autopilot/hls_stream_39.h:145]   --->   Operation 51 'read' 'img_read_25' <Predicate = (!icmp_ln511 & or_ln516_1)> <Delay = 1.83> <CoreInst = "FIFO_SRL">   --->   Core 81 'FIFO_SRL' <Latency = 0> <II = 1> <Delay = 1.83> <Storage> <Opcode : 'read' 'write' 'nbread' 'nbwrite'> <Ports = 0> <Width = 24> <Depth = 2> <FIFO>
ST_3 : Operation 52 [1/1] (0.00ns)   --->   "%pix_val_V_137 = trunc i24 %img_read_25" [D:/Xilinx/Vitis_HLS/2022.1/common/technology/autopilot/hls_stream_39.h:145]   --->   Operation 52 'trunc' 'pix_val_V_137' <Predicate = (!icmp_ln511 & or_ln516_1)> <Delay = 0.00>
ST_3 : Operation 53 [1/1] (0.00ns)   --->   "%pix_val_V_52 = partselect i8 @_ssdm_op_PartSelect.i8.i24.i32.i32, i24 %img_read_25, i32 8, i32 15" [D:/Xilinx/Vitis_HLS/2022.1/common/technology/autopilot/hls_stream_39.h:145]   --->   Operation 53 'partselect' 'pix_val_V_52' <Predicate = (!icmp_ln511 & or_ln516_1)> <Delay = 0.00>
ST_3 : Operation 54 [1/1] (0.42ns)   --->   "%br_ln517 = br void %for.inc.1" [D:/zynqmp_cam_isp_demo/zynqmp_cam_isp_demo.runs/design_1_v_frmbuf_wr_0_1_synth_1/prj/sol/.autopilot/db/v_frmbuf_wr.cpp:517]   --->   Operation 54 'br' 'br_ln517' <Predicate = (!icmp_ln511 & or_ln516_1)> <Delay = 0.42>

State 4 <SV = 3> <Delay = 1.83>
ST_4 : Operation 55 [1/1] (0.00ns)   --->   "%pix_val_V_33 = phi i8 %pix_val_V_52, void %if.then44.1, i8 %pix_val_V_21, void %for.inc"   --->   Operation 55 'phi' 'pix_val_V_33' <Predicate = (!icmp_ln511)> <Delay = 0.00>
ST_4 : Operation 56 [1/1] (0.00ns)   --->   "%pix_val_V_32 = phi i8 %pix_val_V_137, void %if.then44.1, i8 %pix_val_V_20, void %for.inc"   --->   Operation 56 'phi' 'pix_val_V_32' <Predicate = (!icmp_ln511)> <Delay = 0.00>
ST_4 : Operation 57 [1/1] (0.42ns)   --->   "%br_ln516 = br i1 %or_ln516_2, void %for.inc.2, void %if.then44.2" [D:/zynqmp_cam_isp_demo/zynqmp_cam_isp_demo.runs/design_1_v_frmbuf_wr_0_1_synth_1/prj/sol/.autopilot/db/v_frmbuf_wr.cpp:516]   --->   Operation 57 'br' 'br_ln516' <Predicate = (!icmp_ln511)> <Delay = 0.42>
ST_4 : Operation 58 [1/1] (1.83ns)   --->   "%img_read_26 = read i24 @_ssdm_op_Read.ap_fifo.volatile.i24P0A, i24 %img" [D:/Xilinx/Vitis_HLS/2022.1/common/technology/autopilot/hls_stream_39.h:145]   --->   Operation 58 'read' 'img_read_26' <Predicate = (!icmp_ln511 & or_ln516_2)> <Delay = 1.83> <CoreInst = "FIFO_SRL">   --->   Core 81 'FIFO_SRL' <Latency = 0> <II = 1> <Delay = 1.83> <Storage> <Opcode : 'read' 'write' 'nbread' 'nbwrite'> <Ports = 0> <Width = 24> <Depth = 2> <FIFO>
ST_4 : Operation 59 [1/1] (0.00ns)   --->   "%pix_val_V_138 = trunc i24 %img_read_26" [D:/Xilinx/Vitis_HLS/2022.1/common/technology/autopilot/hls_stream_39.h:145]   --->   Operation 59 'trunc' 'pix_val_V_138' <Predicate = (!icmp_ln511 & or_ln516_2)> <Delay = 0.00>
ST_4 : Operation 60 [1/1] (0.00ns)   --->   "%pix_val_V_72 = partselect i8 @_ssdm_op_PartSelect.i8.i24.i32.i32, i24 %img_read_26, i32 8, i32 15" [D:/Xilinx/Vitis_HLS/2022.1/common/technology/autopilot/hls_stream_39.h:145]   --->   Operation 60 'partselect' 'pix_val_V_72' <Predicate = (!icmp_ln511 & or_ln516_2)> <Delay = 0.00>
ST_4 : Operation 61 [1/1] (0.42ns)   --->   "%br_ln517 = br void %for.inc.2" [D:/zynqmp_cam_isp_demo/zynqmp_cam_isp_demo.runs/design_1_v_frmbuf_wr_0_1_synth_1/prj/sol/.autopilot/db/v_frmbuf_wr.cpp:517]   --->   Operation 61 'br' 'br_ln517' <Predicate = (!icmp_ln511 & or_ln516_2)> <Delay = 0.42>

State 5 <SV = 4> <Delay = 4.00>
ST_5 : Operation 62 [1/1] (0.00ns)   --->   "%pix_val_V_51 = phi i8 %pix_val_V_72, void %if.then44.2, i8 %pix_val_V_33, void %for.inc.1"   --->   Operation 62 'phi' 'pix_val_V_51' <Predicate = (!icmp_ln511)> <Delay = 0.00>
ST_5 : Operation 63 [1/1] (0.00ns)   --->   "%pix_val_V_50 = phi i8 %pix_val_V_138, void %if.then44.2, i8 %pix_val_V_32, void %for.inc.1"   --->   Operation 63 'phi' 'pix_val_V_50' <Predicate = (!icmp_ln511)> <Delay = 0.00>
ST_5 : Operation 64 [1/1] (0.42ns)   --->   "%br_ln516 = br i1 %or_ln516_3, void %for.inc.3, void %if.then44.3" [D:/zynqmp_cam_isp_demo/zynqmp_cam_isp_demo.runs/design_1_v_frmbuf_wr_0_1_synth_1/prj/sol/.autopilot/db/v_frmbuf_wr.cpp:516]   --->   Operation 64 'br' 'br_ln516' <Predicate = (!icmp_ln511)> <Delay = 0.42>
ST_5 : Operation 65 [1/1] (1.83ns)   --->   "%img_read_27 = read i24 @_ssdm_op_Read.ap_fifo.volatile.i24P0A, i24 %img" [D:/Xilinx/Vitis_HLS/2022.1/common/technology/autopilot/hls_stream_39.h:145]   --->   Operation 65 'read' 'img_read_27' <Predicate = (!icmp_ln511 & or_ln516_3)> <Delay = 1.83> <CoreInst = "FIFO_SRL">   --->   Core 81 'FIFO_SRL' <Latency = 0> <II = 1> <Delay = 1.83> <Storage> <Opcode : 'read' 'write' 'nbread' 'nbwrite'> <Ports = 0> <Width = 24> <Depth = 2> <FIFO>
ST_5 : Operation 66 [1/1] (0.00ns)   --->   "%pix_val_V_139 = trunc i24 %img_read_27" [D:/Xilinx/Vitis_HLS/2022.1/common/technology/autopilot/hls_stream_39.h:145]   --->   Operation 66 'trunc' 'pix_val_V_139' <Predicate = (!icmp_ln511 & or_ln516_3)> <Delay = 0.00>
ST_5 : Operation 67 [1/1] (0.00ns)   --->   "%pix_val_V_140 = partselect i8 @_ssdm_op_PartSelect.i8.i24.i32.i32, i24 %img_read_27, i32 8, i32 15" [D:/Xilinx/Vitis_HLS/2022.1/common/technology/autopilot/hls_stream_39.h:145]   --->   Operation 67 'partselect' 'pix_val_V_140' <Predicate = (!icmp_ln511 & or_ln516_3)> <Delay = 0.00>
ST_5 : Operation 68 [1/1] (0.42ns)   --->   "%br_ln517 = br void %for.inc.3" [D:/zynqmp_cam_isp_demo/zynqmp_cam_isp_demo.runs/design_1_v_frmbuf_wr_0_1_synth_1/prj/sol/.autopilot/db/v_frmbuf_wr.cpp:517]   --->   Operation 68 'br' 'br_ln517' <Predicate = (!icmp_ln511 & or_ln516_3)> <Delay = 0.42>
ST_5 : Operation 69 [1/1] (0.00ns)   --->   "%pix_val_V_75 = phi i8 %pix_val_V_140, void %if.then44.3, i8 %pix_val_V_51, void %for.inc.2"   --->   Operation 69 'phi' 'pix_val_V_75' <Predicate = true> <Delay = 0.00>
ST_5 : Operation 70 [1/1] (0.00ns)   --->   "%pix_val_V_74 = phi i8 %pix_val_V_139, void %if.then44.3, i8 %pix_val_V_50, void %for.inc.2"   --->   Operation 70 'phi' 'pix_val_V_74' <Predicate = true> <Delay = 0.00>
ST_5 : Operation 71 [1/1] (0.00ns)   --->   "%p_Result_s = bitconcatenate i64 @_ssdm_op_BitConcatenate.i64.i8.i8.i8.i8.i8.i8.i8.i8, i8 %pix_val_V_75, i8 %pix_val_V_74, i8 %pix_val_V_51, i8 %pix_val_V_50, i8 %pix_val_V_33, i8 %pix_val_V_32, i8 %pix_val_V_21, i8 %pix_val_V_20"   --->   Operation 71 'bitconcatenate' 'p_Result_s' <Predicate = true> <Delay = 0.00>
ST_5 : Operation 72 [1/1] (1.74ns)   --->   "%write_ln174 = write void @_ssdm_op_Write.ap_fifo.volatile.i64P0A, i64 %bytePlanes_plane01, i64 %p_Result_s" [D:/Xilinx/Vitis_HLS/2022.1/common/technology/autopilot/hls_stream_39.h:174]   --->   Operation 72 'write' 'write_ln174' <Predicate = true> <Delay = 1.74> <CoreInst = "FIFO_BRAM">   --->   Core 79 'FIFO_BRAM' <Latency = 0> <II = 1> <Delay = 1.74> <Storage> <Opcode : 'read' 'write' 'nbread' 'nbwrite'> <Ports = 0> <Width = 64> <Depth = 960> <FIFO>
ST_5 : Operation 73 [1/1] (0.42ns)   --->   "%store_ln511 = store i8 %pix_val_V_75, i8 %pix_val_V_7" [D:/zynqmp_cam_isp_demo/zynqmp_cam_isp_demo.runs/design_1_v_frmbuf_wr_0_1_synth_1/prj/sol/.autopilot/db/v_frmbuf_wr.cpp:511]   --->   Operation 73 'store' 'store_ln511' <Predicate = true> <Delay = 0.42>
ST_5 : Operation 74 [1/1] (0.42ns)   --->   "%store_ln511 = store i8 %pix_val_V_74, i8 %pix_val_V_6" [D:/zynqmp_cam_isp_demo/zynqmp_cam_isp_demo.runs/design_1_v_frmbuf_wr_0_1_synth_1/prj/sol/.autopilot/db/v_frmbuf_wr.cpp:511]   --->   Operation 74 'store' 'store_ln511' <Predicate = true> <Delay = 0.42>
ST_5 : Operation 75 [1/1] (0.00ns)   --->   "%br_ln511 = br void %for.body39" [D:/zynqmp_cam_isp_demo/zynqmp_cam_isp_demo.runs/design_1_v_frmbuf_wr_0_1_synth_1/prj/sol/.autopilot/db/v_frmbuf_wr.cpp:511]   --->   Operation 75 'br' 'br_ln511' <Predicate = true> <Delay = 0.00>


============================================================
+ Verbose Summary: Timing violations
============================================================
Target clock period: 6.66ns, clock uncertainty: 1.8ns.

 <State 1>: 1.43ns
The critical path consists of the following:
	'alloca' operation ('x') [13]  (0 ns)
	'load' operation ('x', D:/zynqmp_cam_isp_demo/zynqmp_cam_isp_demo.runs/design_1_v_frmbuf_wr_0_1_synth_1/prj/sol/.autopilot/db/v_frmbuf_wr.cpp:511) on local variable 'x' [33]  (0 ns)
	'icmp' operation ('cmp41', D:/zynqmp_cam_isp_demo/zynqmp_cam_isp_demo.runs/design_1_v_frmbuf_wr_0_1_synth_1/prj/sol/.autopilot/db/v_frmbuf_wr.cpp:511) [44]  (1.01 ns)
	'or' operation ('or_ln516', D:/zynqmp_cam_isp_demo/zynqmp_cam_isp_demo.runs/design_1_v_frmbuf_wr_0_1_synth_1/prj/sol/.autopilot/db/v_frmbuf_wr.cpp:516) [45]  (0.287 ns)
	blocking operation 0.14 ns on control path)

 <State 2>: 1.84ns
The critical path consists of the following:
	fifo read operation ('img_read', D:/Xilinx/Vitis_HLS/2022.1/common/technology/autopilot/hls_stream_39.h:145) on port 'img' (D:/Xilinx/Vitis_HLS/2022.1/common/technology/autopilot/hls_stream_39.h:145) [48]  (1.84 ns)

 <State 3>: 1.84ns
The critical path consists of the following:
	fifo read operation ('img_read_25', D:/Xilinx/Vitis_HLS/2022.1/common/technology/autopilot/hls_stream_39.h:145) on port 'img' (D:/Xilinx/Vitis_HLS/2022.1/common/technology/autopilot/hls_stream_39.h:145) [58]  (1.84 ns)

 <State 4>: 1.84ns
The critical path consists of the following:
	fifo read operation ('img_read_26', D:/Xilinx/Vitis_HLS/2022.1/common/technology/autopilot/hls_stream_39.h:145) on port 'img' (D:/Xilinx/Vitis_HLS/2022.1/common/technology/autopilot/hls_stream_39.h:145) [68]  (1.84 ns)

 <State 5>: 4.01ns
The critical path consists of the following:
	fifo read operation ('img_read_27', D:/Xilinx/Vitis_HLS/2022.1/common/technology/autopilot/hls_stream_39.h:145) on port 'img' (D:/Xilinx/Vitis_HLS/2022.1/common/technology/autopilot/hls_stream_39.h:145) [78]  (1.84 ns)
	multiplexor before 'phi' operation ('pix.val.V') with incoming values : ('pix.val.V') ('pix.val.V', D:/Xilinx/Vitis_HLS/2022.1/common/technology/autopilot/hls_stream_39.h:145) [84]  (0.427 ns)
	'phi' operation ('pix.val.V') with incoming values : ('pix.val.V') ('pix.val.V', D:/Xilinx/Vitis_HLS/2022.1/common/technology/autopilot/hls_stream_39.h:145) [84]  (0 ns)
	fifo write operation ('write_ln174', D:/Xilinx/Vitis_HLS/2022.1/common/technology/autopilot/hls_stream_39.h:174) on port 'bytePlanes_plane01' (D:/Xilinx/Vitis_HLS/2022.1/common/technology/autopilot/hls_stream_39.h:174) [86]  (1.74 ns)


============================================================
+ Verbose Summary: Binding
============================================================
N/A
* FSMD analyzer results:
  - Output states:
 - Input state : 
  - Chain level:
	State 1
	State 2
	State 3
	State 4
	State 5


============================================================
+ Verbose Summary: Datapath Resource usage 
============================================================
N/A
