

================================================================
== Vitis HLS Report for 'AXIMMvideo2Bytes_Pipeline_VITIS_LOOP_437_1'
================================================================
* Date:           Sat Dec 10 20:38:25 2022

* Version:        2022.1 (Build 3526262 on Mon Apr 18 15:48:16 MDT 2022)
* Project:        prj
* Solution:       sol (Vivado IP Flow Target)
* Product family: zynquplus
* Target device:  xck26-sfvc784-2LV-c


================================================================
== Performance Estimates
================================================================
+ Timing: 
    * Summary: 
    +--------+---------+----------+------------+
    |  Clock |  Target | Estimated| Uncertainty|
    +--------+---------+----------+------------+
    |ap_clk  |  6.66 ns|  4.864 ns|     1.80 ns|
    +--------+---------+----------+------------+

+ Latency: 
    * Summary: 
    +---------+---------+-----------+-----------+-----+------+---------+
    |  Latency (cycles) |   Latency (absolute)  |  Interval  | Pipeline|
    |   min   |   max   |    min    |    max    | min |  max |   Type  |
    +---------+---------+-----------+-----------+-----+------+---------+
    |        4|     8195|  26.652 ns|  54.603 us|    4|  8195|       no|
    +---------+---------+-----------+-----------+-----+------+---------+

    + Detail: 
        * Instance: 
        N/A

        * Loop: 
        +--------------------+---------+---------+----------+-----------+-----------+----------+----------+
        |                    |  Latency (cycles) | Iteration|  Initiation Interval  |   Trip   |          |
        |      Loop Name     |   min   |   max   |  Latency |  achieved |   target  |   Count  | Pipelined|
        +--------------------+---------+---------+----------+-----------+-----------+----------+----------+
        |- VITIS_LOOP_437_1  |        2|     8193|         3|          1|          1|  1 ~ 8192|       yes|
        +--------------------+---------+---------+----------+-----------+-----------+----------+----------+



================================================================
== Utilization Estimates
================================================================
* Summary: 
+-----------------+---------+------+--------+--------+-----+
|       Name      | BRAM_18K|  DSP |   FF   |   LUT  | URAM|
+-----------------+---------+------+--------+--------+-----+
|DSP              |        -|     -|       -|       -|    -|
|Expression       |        -|     -|       0|      38|    -|
|FIFO             |        -|     -|       -|       -|    -|
|Instance         |        -|     -|       -|       -|    -|
|Memory           |        -|     -|       -|       -|    -|
|Multiplexer      |        -|     -|       -|      54|    -|
|Register         |        -|     -|      83|       -|    -|
+-----------------+---------+------+--------+--------+-----+
|Total            |        0|     0|      83|      92|    0|
+-----------------+---------+------+--------+--------+-----+
|Available        |      288|  1248|  234240|  117120|   64|
+-----------------+---------+------+--------+--------+-----+
|Utilization (%)  |        0|     0|      ~0|      ~0|    0|
+-----------------+---------+------+--------+--------+-----+

+ Detail: 
    * Instance: 
    N/A

    * DSP: 
    N/A

    * Memory: 
    N/A

    * FIFO: 
    N/A

    * Expression: 
    +----------------------------------+----------+----+---+----+------------+------------+
    |           Variable Name          | Operation| DSP| FF| LUT| Bitwidth P0| Bitwidth P1|
    +----------------------------------+----------+----+---+----+------------+------------+
    |add_ln437_fu_114_p2               |         +|   0|  0|  20|          13|           1|
    |ap_block_state2_pp0_stage0_iter1  |       and|   0|  0|   2|           1|           1|
    |icmp_ln437_fu_108_p2              |      icmp|   0|  0|  12|          13|          13|
    |ap_block_pp0_stage0_01001         |        or|   0|  0|   2|           1|           1|
    |ap_enable_pp0                     |       xor|   0|  0|   2|           1|           2|
    +----------------------------------+----------+----+---+----+------------+------------+
    |Total                             |          |   0|  0|  38|          29|          18|
    +----------------------------------+----------+----+---+----+------------+------------+

    * Multiplexer: 
    +-------------------------+----+-----------+-----+-----------+
    |           Name          | LUT| Input Size| Bits| Total Bits|
    +-------------------------+----+-----------+-----+-----------+
    |ap_done_int              |   9|          2|    1|          2|
    |ap_enable_reg_pp0_iter2  |   9|          2|    1|          2|
    |ap_sig_allocacmp_x_5     |   9|          2|   13|         26|
    |bytePlanes1_blk_n        |   9|          2|    1|          2|
    |mm_video_blk_n_R         |   9|          2|    1|          2|
    |x_fu_68                  |   9|          2|   13|         26|
    +-------------------------+----+-----------+-----+-----------+
    |Total                    |  54|         12|   30|         60|
    +-------------------------+----+-----------+-----+-----------+

    * Register: 
    +----------------------------------+----+----+-----+-----------+
    |               Name               | FF | LUT| Bits| Const Bits|
    +----------------------------------+----+----+-----+-----------+
    |ap_CS_fsm                         |   1|   0|    1|          0|
    |ap_done_reg                       |   1|   0|    1|          0|
    |ap_enable_reg_pp0_iter1           |   1|   0|    1|          0|
    |ap_enable_reg_pp0_iter2           |   1|   0|    1|          0|
    |ap_loop_exit_ready_pp0_iter1_reg  |   1|   0|    1|          0|
    |icmp_ln437_reg_143                |   1|   0|    1|          0|
    |mm_video_addr_read_reg_147        |  64|   0|   64|          0|
    |x_fu_68                           |  13|   0|   13|          0|
    +----------------------------------+----+----+-----+-----------+
    |Total                             |  83|   0|   83|          0|
    +----------------------------------+----+----+-----+-----------+



================================================================
== Interface
================================================================
* Summary: 
+----------------------------+-----+-----+------------+--------------------------------------------+--------------+
|          RTL Ports         | Dir | Bits|  Protocol  |                Source Object               |    C Type    |
+----------------------------+-----+-----+------------+--------------------------------------------+--------------+
|ap_clk                      |   in|    1|  ap_ctrl_hs|  AXIMMvideo2Bytes_Pipeline_VITIS_LOOP_437_1|  return value|
|ap_rst                      |   in|    1|  ap_ctrl_hs|  AXIMMvideo2Bytes_Pipeline_VITIS_LOOP_437_1|  return value|
|ap_start                    |   in|    1|  ap_ctrl_hs|  AXIMMvideo2Bytes_Pipeline_VITIS_LOOP_437_1|  return value|
|ap_done                     |  out|    1|  ap_ctrl_hs|  AXIMMvideo2Bytes_Pipeline_VITIS_LOOP_437_1|  return value|
|ap_idle                     |  out|    1|  ap_ctrl_hs|  AXIMMvideo2Bytes_Pipeline_VITIS_LOOP_437_1|  return value|
|ap_ready                    |  out|    1|  ap_ctrl_hs|  AXIMMvideo2Bytes_Pipeline_VITIS_LOOP_437_1|  return value|
|m_axi_mm_video_AWVALID      |  out|    1|       m_axi|                                    mm_video|       pointer|
|m_axi_mm_video_AWREADY      |   in|    1|       m_axi|                                    mm_video|       pointer|
|m_axi_mm_video_AWADDR       |  out|   32|       m_axi|                                    mm_video|       pointer|
|m_axi_mm_video_AWID         |  out|    1|       m_axi|                                    mm_video|       pointer|
|m_axi_mm_video_AWLEN        |  out|   32|       m_axi|                                    mm_video|       pointer|
|m_axi_mm_video_AWSIZE       |  out|    3|       m_axi|                                    mm_video|       pointer|
|m_axi_mm_video_AWBURST      |  out|    2|       m_axi|                                    mm_video|       pointer|
|m_axi_mm_video_AWLOCK       |  out|    2|       m_axi|                                    mm_video|       pointer|
|m_axi_mm_video_AWCACHE      |  out|    4|       m_axi|                                    mm_video|       pointer|
|m_axi_mm_video_AWPROT       |  out|    3|       m_axi|                                    mm_video|       pointer|
|m_axi_mm_video_AWQOS        |  out|    4|       m_axi|                                    mm_video|       pointer|
|m_axi_mm_video_AWREGION     |  out|    4|       m_axi|                                    mm_video|       pointer|
|m_axi_mm_video_AWUSER       |  out|    1|       m_axi|                                    mm_video|       pointer|
|m_axi_mm_video_WVALID       |  out|    1|       m_axi|                                    mm_video|       pointer|
|m_axi_mm_video_WREADY       |   in|    1|       m_axi|                                    mm_video|       pointer|
|m_axi_mm_video_WDATA        |  out|   64|       m_axi|                                    mm_video|       pointer|
|m_axi_mm_video_WSTRB        |  out|    8|       m_axi|                                    mm_video|       pointer|
|m_axi_mm_video_WLAST        |  out|    1|       m_axi|                                    mm_video|       pointer|
|m_axi_mm_video_WID          |  out|    1|       m_axi|                                    mm_video|       pointer|
|m_axi_mm_video_WUSER        |  out|    1|       m_axi|                                    mm_video|       pointer|
|m_axi_mm_video_ARVALID      |  out|    1|       m_axi|                                    mm_video|       pointer|
|m_axi_mm_video_ARREADY      |   in|    1|       m_axi|                                    mm_video|       pointer|
|m_axi_mm_video_ARADDR       |  out|   32|       m_axi|                                    mm_video|       pointer|
|m_axi_mm_video_ARID         |  out|    1|       m_axi|                                    mm_video|       pointer|
|m_axi_mm_video_ARLEN        |  out|   32|       m_axi|                                    mm_video|       pointer|
|m_axi_mm_video_ARSIZE       |  out|    3|       m_axi|                                    mm_video|       pointer|
|m_axi_mm_video_ARBURST      |  out|    2|       m_axi|                                    mm_video|       pointer|
|m_axi_mm_video_ARLOCK       |  out|    2|       m_axi|                                    mm_video|       pointer|
|m_axi_mm_video_ARCACHE      |  out|    4|       m_axi|                                    mm_video|       pointer|
|m_axi_mm_video_ARPROT       |  out|    3|       m_axi|                                    mm_video|       pointer|
|m_axi_mm_video_ARQOS        |  out|    4|       m_axi|                                    mm_video|       pointer|
|m_axi_mm_video_ARREGION     |  out|    4|       m_axi|                                    mm_video|       pointer|
|m_axi_mm_video_ARUSER       |  out|    1|       m_axi|                                    mm_video|       pointer|
|m_axi_mm_video_RVALID       |   in|    1|       m_axi|                                    mm_video|       pointer|
|m_axi_mm_video_RREADY       |  out|    1|       m_axi|                                    mm_video|       pointer|
|m_axi_mm_video_RDATA        |   in|   64|       m_axi|                                    mm_video|       pointer|
|m_axi_mm_video_RLAST        |   in|    1|       m_axi|                                    mm_video|       pointer|
|m_axi_mm_video_RID          |   in|    1|       m_axi|                                    mm_video|       pointer|
|m_axi_mm_video_RFIFONUM     |   in|    7|       m_axi|                                    mm_video|       pointer|
|m_axi_mm_video_RUSER        |   in|    1|       m_axi|                                    mm_video|       pointer|
|m_axi_mm_video_RRESP        |   in|    2|       m_axi|                                    mm_video|       pointer|
|m_axi_mm_video_BVALID       |   in|    1|       m_axi|                                    mm_video|       pointer|
|m_axi_mm_video_BREADY       |  out|    1|       m_axi|                                    mm_video|       pointer|
|m_axi_mm_video_BRESP        |   in|    2|       m_axi|                                    mm_video|       pointer|
|m_axi_mm_video_BID          |   in|    1|       m_axi|                                    mm_video|       pointer|
|m_axi_mm_video_BUSER        |   in|    1|       m_axi|                                    mm_video|       pointer|
|bytePlanes1_din             |  out|   64|     ap_fifo|                                 bytePlanes1|       pointer|
|bytePlanes1_num_data_valid  |   in|   11|     ap_fifo|                                 bytePlanes1|       pointer|
|bytePlanes1_fifo_cap        |   in|   11|     ap_fifo|                                 bytePlanes1|       pointer|
|bytePlanes1_full_n          |   in|    1|     ap_fifo|                                 bytePlanes1|       pointer|
|bytePlanes1_write           |  out|    1|     ap_fifo|                                 bytePlanes1|       pointer|
|sext_ln437                  |   in|   29|     ap_none|                                  sext_ln437|        scalar|
|div                         |   in|   13|     ap_none|                                         div|        scalar|
+----------------------------+-----+-----+------------+--------------------------------------------+--------------+

