

================================================================
== Vitis HLS Report for 'Bytes2MultiPixStream_Pipeline_VITIS_LOOP_1262_1'
================================================================
* Date:           Sat Dec 10 20:38:26 2022

* Version:        2022.1 (Build 3526262 on Mon Apr 18 15:48:16 MDT 2022)
* Project:        prj
* Solution:       sol (Vivado IP Flow Target)
* Product family: zynquplus
* Target device:  xck26-sfvc784-2LV-c


================================================================
== Performance Estimates
================================================================
+ Timing: 
    * Summary: 
    +--------+---------+----------+------------+
    |  Clock |  Target | Estimated| Uncertainty|
    +--------+---------+----------+------------+
    |ap_clk  |  6.66 ns|  3.580 ns|     1.80 ns|
    +--------+---------+----------+------------+

+ Latency: 
    * Summary: 
    +---------+---------+-----------+----------+-----+-------+---------+
    |  Latency (cycles) |  Latency (absolute)  |   Interval  | Pipeline|
    |   min   |   max   |    min    |    max   | min |  max  |   Type  |
    +---------+---------+-----------+----------+-----+-------+---------+
    |        2|    65538|  13.326 ns|  0.437 ms|    2|  65538|       no|
    +---------+---------+-----------+----------+-----+-------+---------+

    + Detail: 
        * Instance: 
        N/A

        * Loop: 
        +---------------------+---------+---------+----------+-----------+-----------+----------+----------+
        |                     |  Latency (cycles) | Iteration|  Initiation Interval  |   Trip   |          |
        |      Loop Name      |   min   |   max   |  Latency |  achieved |   target  |   Count  | Pipelined|
        +---------------------+---------+---------+----------+-----------+-----------+----------+----------+
        |- VITIS_LOOP_1262_1  |        0|    65536|         9|          8|          8|  0 ~ 8192|       yes|
        +---------------------+---------+---------+----------+-----------+-----------+----------+----------+



================================================================
== Utilization Estimates
================================================================
* Summary: 
+-----------------+---------+------+--------+--------+-----+
|       Name      | BRAM_18K|  DSP |   FF   |   LUT  | URAM|
+-----------------+---------+------+--------+--------+-----+
|DSP              |        -|     -|       -|       -|    -|
|Expression       |        -|     -|       0|     108|    -|
|FIFO             |        -|     -|       -|       -|    -|
|Instance         |        -|     -|       -|       -|    -|
|Memory           |        -|     -|       -|       -|    -|
|Multiplexer      |        -|     -|       -|     170|    -|
|Register         |        -|     -|      89|       -|    -|
+-----------------+---------+------+--------+--------+-----+
|Total            |        0|     0|      89|     278|    0|
+-----------------+---------+------+--------+--------+-----+
|Available        |      288|  1248|  234240|  117120|   64|
+-----------------+---------+------+--------+--------+-----+
|Utilization (%)  |        0|     0|      ~0|      ~0|    0|
+-----------------+---------+------+--------+--------+-----+

+ Detail: 
    * Instance: 
    N/A

    * DSP: 
    N/A

    * Memory: 
    N/A

    * FIFO: 
    N/A

    * Expression: 
    +----------------------------------+----------+----+---+----+------------+------------+
    |           Variable Name          | Operation| DSP| FF| LUT| Bitwidth P0| Bitwidth P1|
    +----------------------------------+----------+----+---+----+------------+------------+
    |x_4_fu_199_p2                     |         +|   0|  0|  20|          13|           1|
    |ap_block_pp0_stage0_01001         |       and|   0|  0|   2|           1|           1|
    |ap_block_pp0_stage1_01001         |       and|   0|  0|   2|           1|           1|
    |ap_block_pp0_stage2_01001         |       and|   0|  0|   2|           1|           1|
    |ap_block_pp0_stage3_01001         |       and|   0|  0|   2|           1|           1|
    |ap_block_pp0_stage4_01001         |       and|   0|  0|   2|           1|           1|
    |ap_block_pp0_stage5_01001         |       and|   0|  0|   2|           1|           1|
    |ap_block_pp0_stage6_01001         |       and|   0|  0|   2|           1|           1|
    |ap_block_pp0_stage7_01001         |       and|   0|  0|   2|           1|           1|
    |ap_block_state3_pp0_stage2_iter0  |       and|   0|  0|   2|           1|           1|
    |ap_block_state4_pp0_stage3_iter0  |       and|   0|  0|   2|           1|           1|
    |ap_block_state5_pp0_stage4_iter0  |       and|   0|  0|   2|           1|           1|
    |ap_block_state6_pp0_stage5_iter0  |       and|   0|  0|   2|           1|           1|
    |ap_block_state7_pp0_stage6_iter0  |       and|   0|  0|   2|           1|           1|
    |ap_block_state8_pp0_stage7_iter0  |       and|   0|  0|   2|           1|           1|
    |ap_block_state9_pp0_stage0_iter1  |       and|   0|  0|   2|           1|           1|
    |ap_predicate_op59_write_state2    |       and|   0|  0|   2|           1|           1|
    |ap_predicate_op69_write_state3    |       and|   0|  0|   2|           1|           1|
    |ap_predicate_op72_write_state4    |       and|   0|  0|   2|           1|           1|
    |ap_predicate_op75_write_state5    |       and|   0|  0|   2|           1|           1|
    |ap_predicate_op78_write_state6    |       and|   0|  0|   2|           1|           1|
    |ap_predicate_op81_write_state7    |       and|   0|  0|   2|           1|           1|
    |ap_predicate_op84_write_state8    |       and|   0|  0|   2|           1|           1|
    |cmp122_fu_209_p2                  |      icmp|   0|  0|  12|          14|          14|
    |icmp_ln1262_fu_193_p2             |      icmp|   0|  0|  12|          13|          13|
    |ap_block_state2_pp0_stage1_iter0  |        or|   0|  0|   2|           1|           1|
    |or_ln1278_1_fu_221_p2             |        or|   0|  0|   2|           1|           1|
    |or_ln1278_2_fu_227_p2             |        or|   0|  0|   2|           1|           1|
    |or_ln1278_3_fu_233_p2             |        or|   0|  0|   2|           1|           1|
    |or_ln1278_4_fu_239_p2             |        or|   0|  0|   2|           1|           1|
    |or_ln1278_5_fu_245_p2             |        or|   0|  0|   2|           1|           1|
    |or_ln1278_6_fu_251_p2             |        or|   0|  0|   2|           1|           1|
    |or_ln1278_7_fu_257_p2             |        or|   0|  0|   2|           1|           1|
    |or_ln1278_fu_215_p2               |        or|   0|  0|   2|           1|           1|
    |ap_enable_pp0                     |       xor|   0|  0|   2|           1|           2|
    +----------------------------------+----------+----+---+----+------------+------------+
    |Total                             |          |   0|  0| 108|          72|          61|
    +----------------------------------+----------+----+---+----+------------+------------+

    * Multiplexer: 
    +-----------------------------+----+-----------+-----+-----------+
    |             Name            | LUT| Input Size| Bits| Total Bits|
    +-----------------------------+----+-----------+-----+-----------+
    |ap_NS_fsm                    |  49|          9|    1|          9|
    |ap_done_int                  |   9|          2|    1|          2|
    |ap_enable_reg_pp0_iter0      |   9|          2|    1|          2|
    |ap_enable_reg_pp0_iter0_reg  |   9|          2|    1|          2|
    |ap_enable_reg_pp0_iter1      |   9|          2|    1|          2|
    |ap_sig_allocacmp_x_3         |   9|          2|   13|         26|
    |bytePlanes1_blk_n            |   9|          2|    1|          2|
    |img_blk_n                    |   9|          2|    1|          2|
    |img_din                      |  49|          9|   30|        270|
    |x_fu_104                     |   9|          2|   13|         26|
    +-----------------------------+----+-----------+-----+-----------+
    |Total                        | 170|         34|   63|        343|
    +-----------------------------+----+-----------+-----+-----------+

    * Register: 
    +-----------------------------+----+----+-----+-----------+
    |             Name            | FF | LUT| Bits| Const Bits|
    +-----------------------------+----+----+-----+-----------+
    |ap_CS_fsm                    |   8|   0|    8|          0|
    |ap_done_reg                  |   1|   0|    1|          0|
    |ap_enable_reg_pp0_iter0_reg  |   1|   0|    1|          0|
    |ap_enable_reg_pp0_iter1      |   1|   0|    1|          0|
    |icmp_ln1262_reg_430          |   1|   0|    1|          0|
    |or_ln1278_1_reg_438          |   1|   0|    1|          0|
    |or_ln1278_2_reg_442          |   1|   0|    1|          0|
    |or_ln1278_3_reg_446          |   1|   0|    1|          0|
    |or_ln1278_4_reg_450          |   1|   0|    1|          0|
    |or_ln1278_5_reg_454          |   1|   0|    1|          0|
    |or_ln1278_6_reg_458          |   1|   0|    1|          0|
    |or_ln1278_7_reg_462          |   1|   0|    1|          0|
    |or_ln1278_reg_434            |   1|   0|    1|          0|
    |tmp_1_reg_466                |   8|   0|    8|          0|
    |tmp_2_reg_471                |   8|   0|    8|          0|
    |tmp_3_reg_496                |   8|   0|    8|          0|
    |tmp_4_reg_476                |   8|   0|    8|          0|
    |tmp_7_reg_481                |   8|   0|    8|          0|
    |tmp_9_reg_486                |   8|   0|    8|          0|
    |tmp_s_reg_491                |   8|   0|    8|          0|
    |x_fu_104                     |  13|   0|   13|          0|
    +-----------------------------+----+----+-----+-----------+
    |Total                        |  89|   0|   89|          0|
    +-----------------------------+----+----+-----+-----------+



================================================================
== Interface
================================================================
* Summary: 
+----------------------------+-----+-----+------------+-------------------------------------------------+--------------+
|          RTL Ports         | Dir | Bits|  Protocol  |                  Source Object                  |    C Type    |
+----------------------------+-----+-----+------------+-------------------------------------------------+--------------+
|ap_clk                      |   in|    1|  ap_ctrl_hs|  Bytes2MultiPixStream_Pipeline_VITIS_LOOP_1262_1|  return value|
|ap_rst                      |   in|    1|  ap_ctrl_hs|  Bytes2MultiPixStream_Pipeline_VITIS_LOOP_1262_1|  return value|
|ap_start                    |   in|    1|  ap_ctrl_hs|  Bytes2MultiPixStream_Pipeline_VITIS_LOOP_1262_1|  return value|
|ap_done                     |  out|    1|  ap_ctrl_hs|  Bytes2MultiPixStream_Pipeline_VITIS_LOOP_1262_1|  return value|
|ap_idle                     |  out|    1|  ap_ctrl_hs|  Bytes2MultiPixStream_Pipeline_VITIS_LOOP_1262_1|  return value|
|ap_ready                    |  out|    1|  ap_ctrl_hs|  Bytes2MultiPixStream_Pipeline_VITIS_LOOP_1262_1|  return value|
|img_din                     |  out|   30|     ap_fifo|                                              img|       pointer|
|img_num_data_valid          |   in|    2|     ap_fifo|                                              img|       pointer|
|img_fifo_cap                |   in|    2|     ap_fifo|                                              img|       pointer|
|img_full_n                  |   in|    1|     ap_fifo|                                              img|       pointer|
|img_write                   |  out|    1|     ap_fifo|                                              img|       pointer|
|trunc_ln1249_1              |   in|   13|     ap_none|                                   trunc_ln1249_1|        scalar|
|icmp_ln1252                 |   in|    1|     ap_none|                                      icmp_ln1252|        scalar|
|cmp125_6                    |   in|    1|     ap_none|                                         cmp125_6|        scalar|
|cmp125_5                    |   in|    1|     ap_none|                                         cmp125_5|        scalar|
|cmp125_4                    |   in|    1|     ap_none|                                         cmp125_4|        scalar|
|cmp125_3                    |   in|    1|     ap_none|                                         cmp125_3|        scalar|
|cmp125_2                    |   in|    1|     ap_none|                                         cmp125_2|        scalar|
|cmp125_1                    |   in|    1|     ap_none|                                         cmp125_1|        scalar|
|bytePlanes1_dout            |   in|   64|     ap_fifo|                                      bytePlanes1|       pointer|
|bytePlanes1_num_data_valid  |   in|   11|     ap_fifo|                                      bytePlanes1|       pointer|
|bytePlanes1_fifo_cap        |   in|   11|     ap_fifo|                                      bytePlanes1|       pointer|
|bytePlanes1_empty_n         |   in|    1|     ap_fifo|                                      bytePlanes1|       pointer|
|bytePlanes1_read            |  out|    1|     ap_fifo|                                      bytePlanes1|       pointer|
|sub121_cast16               |   in|   13|     ap_none|                                    sub121_cast16|        scalar|
|cmp125                      |   in|    1|     ap_none|                                           cmp125|        scalar|
+----------------------------+-----+-----+------------+-------------------------------------------------+--------------+

