

================================================================
== Vitis HLS Report for 'Bytes2MultiPixStream_Pipeline_VITIS_LOOP_1302_4'
================================================================
* Date:           Sat Dec 10 20:38:25 2022

* Version:        2022.1 (Build 3526262 on Mon Apr 18 15:48:16 MDT 2022)
* Project:        prj
* Solution:       sol (Vivado IP Flow Target)
* Product family: zynquplus
* Target device:  xck26-sfvc784-2LV-c


================================================================
== Performance Estimates
================================================================
+ Timing: 
    * Summary: 
    +--------+---------+----------+------------+
    |  Clock |  Target | Estimated| Uncertainty|
    +--------+---------+----------+------------+
    |ap_clk  |  6.66 ns|  3.580 ns|     1.80 ns|
    +--------+---------+----------+------------+

+ Latency: 
    * Summary: 
    +---------+---------+-----------+----------+-----+-------+---------+
    |  Latency (cycles) |  Latency (absolute)  |   Interval  | Pipeline|
    |   min   |   max   |    min    |    max   | min |  max  |   Type  |
    +---------+---------+-----------+----------+-----+-------+---------+
    |        2|    49154|  13.326 ns|  0.328 ms|    2|  49154|       no|
    +---------+---------+-----------+----------+-----+-------+---------+

    + Detail: 
        * Instance: 
        N/A

        * Loop: 
        +---------------------+---------+---------+----------+-----------+-----------+----------+----------+
        |                     |  Latency (cycles) | Iteration|  Initiation Interval  |   Trip   |          |
        |      Loop Name      |   min   |   max   |  Latency |  achieved |   target  |   Count  | Pipelined|
        +---------------------+---------+---------+----------+-----------+-----------+----------+----------+
        |- VITIS_LOOP_1302_4  |        0|    49152|         7|          6|          6|  0 ~ 8192|       yes|
        +---------------------+---------+---------+----------+-----------+-----------+----------+----------+



================================================================
== Utilization Estimates
================================================================
* Summary: 
+-----------------+---------+------+--------+--------+-----+
|       Name      | BRAM_18K|  DSP |   FF   |   LUT  | URAM|
+-----------------+---------+------+--------+--------+-----+
|DSP              |        -|     -|       -|       -|    -|
|Expression       |        -|     -|       0|      92|    -|
|FIFO             |        -|     -|       -|       -|    -|
|Instance         |        -|     -|       -|       -|    -|
|Memory           |        -|     -|       -|       -|    -|
|Multiplexer      |        -|     -|       -|     146|    -|
|Register         |        -|     -|      79|       -|    -|
+-----------------+---------+------+--------+--------+-----+
|Total            |        0|     0|      79|     238|    0|
+-----------------+---------+------+--------+--------+-----+
|Available        |      288|  1248|  234240|  117120|   64|
+-----------------+---------+------+--------+--------+-----+
|Utilization (%)  |        0|     0|      ~0|      ~0|    0|
+-----------------+---------+------+--------+--------+-----+

+ Detail: 
    * Instance: 
    N/A

    * DSP: 
    N/A

    * Memory: 
    N/A

    * FIFO: 
    N/A

    * Expression: 
    +----------------------------------+----------+----+---+----+------------+------------+
    |           Variable Name          | Operation| DSP| FF| LUT| Bitwidth P0| Bitwidth P1|
    +----------------------------------+----------+----+---+----+------------+------------+
    |x_2_fu_175_p2                     |         +|   0|  0|  20|          13|           1|
    |ap_block_pp0_stage0_01001         |       and|   0|  0|   2|           1|           1|
    |ap_block_pp0_stage1_01001         |       and|   0|  0|   2|           1|           1|
    |ap_block_pp0_stage2_01001         |       and|   0|  0|   2|           1|           1|
    |ap_block_pp0_stage3_01001         |       and|   0|  0|   2|           1|           1|
    |ap_block_pp0_stage4_01001         |       and|   0|  0|   2|           1|           1|
    |ap_block_pp0_stage5_01001         |       and|   0|  0|   2|           1|           1|
    |ap_block_state3_pp0_stage2_iter0  |       and|   0|  0|   2|           1|           1|
    |ap_block_state4_pp0_stage3_iter0  |       and|   0|  0|   2|           1|           1|
    |ap_block_state5_pp0_stage4_iter0  |       and|   0|  0|   2|           1|           1|
    |ap_block_state6_pp0_stage5_iter0  |       and|   0|  0|   2|           1|           1|
    |ap_block_state7_pp0_stage0_iter1  |       and|   0|  0|   2|           1|           1|
    |ap_predicate_op51_write_state2    |       and|   0|  0|   2|           1|           1|
    |ap_predicate_op59_write_state3    |       and|   0|  0|   2|           1|           1|
    |ap_predicate_op62_write_state4    |       and|   0|  0|   2|           1|           1|
    |ap_predicate_op65_write_state5    |       and|   0|  0|   2|           1|           1|
    |ap_predicate_op68_write_state6    |       and|   0|  0|   2|           1|           1|
    |cmp223_fu_185_p2                  |      icmp|   0|  0|  12|          14|          14|
    |icmp_ln1302_fu_169_p2             |      icmp|   0|  0|  12|          13|          13|
    |ap_block_state2_pp0_stage1_iter0  |        or|   0|  0|   2|           1|           1|
    |or_ln1323_1_fu_197_p2             |        or|   0|  0|   2|           1|           1|
    |or_ln1323_2_fu_203_p2             |        or|   0|  0|   2|           1|           1|
    |or_ln1323_3_fu_209_p2             |        or|   0|  0|   2|           1|           1|
    |or_ln1323_4_fu_215_p2             |        or|   0|  0|   2|           1|           1|
    |or_ln1323_5_fu_221_p2             |        or|   0|  0|   2|           1|           1|
    |or_ln1323_fu_191_p2               |        or|   0|  0|   2|           1|           1|
    |ap_enable_pp0                     |       xor|   0|  0|   2|           1|           2|
    +----------------------------------+----------+----+---+----+------------+------------+
    |Total                             |          |   0|  0|  92|          64|          53|
    +----------------------------------+----------+----+---+----+------------+------------+

    * Multiplexer: 
    +-----------------------------+----+-----------+-----+-----------+
    |             Name            | LUT| Input Size| Bits| Total Bits|
    +-----------------------------+----+-----------+-----+-----------+
    |ap_NS_fsm                    |  37|          7|    1|          7|
    |ap_done_int                  |   9|          2|    1|          2|
    |ap_enable_reg_pp0_iter0      |   9|          2|    1|          2|
    |ap_enable_reg_pp0_iter0_reg  |   9|          2|    1|          2|
    |ap_enable_reg_pp0_iter1      |   9|          2|    1|          2|
    |ap_sig_allocacmp_x_1         |   9|          2|   13|         26|
    |bytePlanes1_blk_n            |   9|          2|    1|          2|
    |img_blk_n                    |   9|          2|    1|          2|
    |img_din                      |  37|          7|   30|        210|
    |x_fu_92                      |   9|          2|   13|         26|
    +-----------------------------+----+-----------+-----+-----------+
    |Total                        | 146|         30|   63|        281|
    +-----------------------------+----+-----------+-----+-----------+

    * Register: 
    +-----------------------------+----+----+-----+-----------+
    |             Name            | FF | LUT| Bits| Const Bits|
    +-----------------------------+----+----+-----+-----------+
    |ap_CS_fsm                    |   6|   0|    6|          0|
    |ap_done_reg                  |   1|   0|    1|          0|
    |ap_enable_reg_pp0_iter0_reg  |   1|   0|    1|          0|
    |ap_enable_reg_pp0_iter1      |   1|   0|    1|          0|
    |icmp_ln1302_reg_342          |   1|   0|    1|          0|
    |or_ln1323_1_reg_350          |   1|   0|    1|          0|
    |or_ln1323_2_reg_354          |   1|   0|    1|          0|
    |or_ln1323_3_reg_358          |   1|   0|    1|          0|
    |or_ln1323_4_reg_362          |   1|   0|    1|          0|
    |or_ln1323_5_reg_366          |   1|   0|    1|          0|
    |or_ln1323_reg_346            |   1|   0|    1|          0|
    |tmp_3_reg_375                |  10|   0|   10|          0|
    |tmp_5_reg_380                |  10|   0|   10|          0|
    |tmp_6_reg_370                |  10|   0|   10|          0|
    |tmp_8_reg_385                |  10|   0|   10|          0|
    |tmp_s_reg_390                |  10|   0|   10|          0|
    |x_fu_92                      |  13|   0|   13|          0|
    +-----------------------------+----+----+-----+-----------+
    |Total                        |  79|   0|   79|          0|
    +-----------------------------+----+----+-----+-----------+



================================================================
== Interface
================================================================
* Summary: 
+----------------------------+-----+-----+------------+-------------------------------------------------+--------------+
|          RTL Ports         | Dir | Bits|  Protocol  |                  Source Object                  |    C Type    |
+----------------------------+-----+-----+------------+-------------------------------------------------+--------------+
|ap_clk                      |   in|    1|  ap_ctrl_hs|  Bytes2MultiPixStream_Pipeline_VITIS_LOOP_1302_4|  return value|
|ap_rst                      |   in|    1|  ap_ctrl_hs|  Bytes2MultiPixStream_Pipeline_VITIS_LOOP_1302_4|  return value|
|ap_start                    |   in|    1|  ap_ctrl_hs|  Bytes2MultiPixStream_Pipeline_VITIS_LOOP_1302_4|  return value|
|ap_done                     |  out|    1|  ap_ctrl_hs|  Bytes2MultiPixStream_Pipeline_VITIS_LOOP_1302_4|  return value|
|ap_idle                     |  out|    1|  ap_ctrl_hs|  Bytes2MultiPixStream_Pipeline_VITIS_LOOP_1302_4|  return value|
|ap_ready                    |  out|    1|  ap_ctrl_hs|  Bytes2MultiPixStream_Pipeline_VITIS_LOOP_1302_4|  return value|
|img_din                     |  out|   30|     ap_fifo|                                              img|       pointer|
|img_num_data_valid          |   in|    2|     ap_fifo|                                              img|       pointer|
|img_fifo_cap                |   in|    2|     ap_fifo|                                              img|       pointer|
|img_full_n                  |   in|    1|     ap_fifo|                                              img|       pointer|
|img_write                   |  out|    1|     ap_fifo|                                              img|       pointer|
|trunc_ln                    |   in|   13|     ap_none|                                         trunc_ln|        scalar|
|icmp_ln1292                 |   in|    1|     ap_none|                                      icmp_ln1292|        scalar|
|cmp226_4                    |   in|    1|     ap_none|                                         cmp226_4|        scalar|
|cmp226_3                    |   in|    1|     ap_none|                                         cmp226_3|        scalar|
|cmp226_2                    |   in|    1|     ap_none|                                         cmp226_2|        scalar|
|cmp226_1                    |   in|    1|     ap_none|                                         cmp226_1|        scalar|
|bytePlanes1_dout            |   in|   64|     ap_fifo|                                      bytePlanes1|       pointer|
|bytePlanes1_num_data_valid  |   in|   11|     ap_fifo|                                      bytePlanes1|       pointer|
|bytePlanes1_fifo_cap        |   in|   11|     ap_fifo|                                      bytePlanes1|       pointer|
|bytePlanes1_empty_n         |   in|    1|     ap_fifo|                                      bytePlanes1|       pointer|
|bytePlanes1_read            |  out|    1|     ap_fifo|                                      bytePlanes1|       pointer|
|sub222_cast17               |   in|   13|     ap_none|                                    sub222_cast17|        scalar|
|cmp226                      |   in|    1|     ap_none|                                           cmp226|        scalar|
+----------------------------+-----+-----+------------+-------------------------------------------------+--------------+

