

================================================================
== Vitis HLS Report for 'FrmbufRdHlsDataFlow'
================================================================
* Date:           Sat Dec 10 20:38:28 2022

* Version:        2022.1 (Build 3526262 on Mon Apr 18 15:48:16 MDT 2022)
* Project:        prj
* Solution:       sol (Vivado IP Flow Target)
* Product family: zynquplus
* Target device:  xck26-sfvc784-2LV-c


================================================================
== Performance Estimates
================================================================
+ Timing: 
    * Summary: 
    +--------+---------+----------+------------+
    |  Clock |  Target | Estimated| Uncertainty|
    +--------+---------+----------+------------+
    |ap_clk  |  6.66 ns|  4.864 ns|     1.80 ns|
    +--------+---------+----------+------------+

+ Latency: 
    * Summary: 
    +---------+-----------+----------+-----------+-----+-----------+----------+
    |   Latency (cycles)  |  Latency (absolute)  |     Interval    | Pipeline |
    |   min   |    max    |    min   |    max    | min |    max    |   Type   |
    +---------+-----------+----------+-----------+-----+-----------+----------+
    |      131|  283132911|  0.873 us|  1.887 sec|    9|  283132803|  dataflow|
    +---------+-----------+----------+-----------+-----+-----------+----------+

    + Detail: 
        * Instance: 
        +----------------------------+-------------------------+---------+-----------+-----------+-----------+-----+-----------+---------+
        |                            |                         |   Latency (cycles)  |   Latency (absolute)  |     Interval    | Pipeline|
        |          Instance          |          Module         |   min   |    max    |    min    |    max    | min |    max    |   Type  |
        +----------------------------+-------------------------+---------+-----------+-----------+-----------+-----+-----------+---------+
        |AXIMMvideo2Bytes_U0         |AXIMMvideo2Bytes         |        1|   35873281|   6.663 ns|  0.239 sec|    1|   35873281|       no|
        |entry_proc_U0               |entry_proc               |        0|          0|       0 ns|       0 ns|    0|          0|       no|
        |Bytes2MultiPixStream_U0     |Bytes2MultiPixStream     |        1|  283132802|   6.663 ns|  1.887 sec|    1|  283132802|       no|
        |MultiPixStream2AXIvideo_U0  |MultiPixStream2AXIvideo  |        8|    8305208|  53.304 ns|  55.338 ms|    8|    8305208|       no|
        +----------------------------+-------------------------+---------+-----------+-----------+-----------+-----+-----------+---------+

        * Loop: 
        N/A



================================================================
== Utilization Estimates
================================================================
* Summary: 
+-----------------+---------+------+--------+--------+-----+
|       Name      | BRAM_18K|  DSP |   FF   |   LUT  | URAM|
+-----------------+---------+------+--------+--------+-----+
|DSP              |        -|     -|       -|       -|    -|
|Expression       |        -|     -|       0|      14|    -|
|FIFO             |        4|     -|     956|     601|    -|
|Instance         |        0|     -|     913|    2501|    -|
|Memory           |        -|     -|       -|       -|    -|
|Multiplexer      |        -|     -|       -|      18|    -|
|Register         |        -|     -|       2|       -|    -|
+-----------------+---------+------+--------+--------+-----+
|Total            |        4|     0|    1871|    3134|    0|
+-----------------+---------+------+--------+--------+-----+
|Available        |      288|  1248|  234240|  117120|   64|
+-----------------+---------+------+--------+--------+-----+
|Utilization (%)  |        1|     0|      ~0|       2|    0|
+-----------------+---------+------+--------+--------+-----+

+ Detail: 
    * Instance: 
    +----------------------------+-------------------------+---------+----+-----+------+-----+
    |          Instance          |          Module         | BRAM_18K| DSP|  FF |  LUT | URAM|
    +----------------------------+-------------------------+---------+----+-----+------+-----+
    |AXIMMvideo2Bytes_U0         |AXIMMvideo2Bytes         |        0|   0|  300|   983|    0|
    |Bytes2MultiPixStream_U0     |Bytes2MultiPixStream     |        0|   0|  453|  1077|    0|
    |MultiPixStream2AXIvideo_U0  |MultiPixStream2AXIvideo  |        0|   0|  157|   394|    0|
    |entry_proc_U0               |entry_proc               |        0|   0|    3|    47|    0|
    +----------------------------+-------------------------+---------+----+-----+------+-----+
    |Total                       |                         |        0|   0|  913|  2501|    0|
    +----------------------------+-------------------------+---------+----+-----+------+-----+

    * DSP: 
    N/A

    * Memory: 
    N/A

    * FIFO: 
    +---------------------+---------+-----+----+-----+------+-----+---------+
    |         Name        | BRAM_18K|  FF | LUT| URAM| Depth| Bits| Size:D*B|
    +---------------------+---------+-----+----+-----+------+-----+---------+
    |WidthInBytes_c_U     |        0|   99|   0|    -|     2|   15|       30|
    |bytePlanes_plane0_U  |        4|  164|   0|    -|   960|   64|    61440|
    |colorFormat_c_U      |        0|   99|   0|    -|     4|    2|        8|
    |height_c10_U         |        0|   99|   0|    -|     2|   12|       24|
    |height_c_U           |        0|   99|   0|    -|     2|   12|       24|
    |img_U                |        0|   99|   0|    -|     2|   30|       60|
    |video_format_c_U     |        0|   99|   0|    -|     3|    6|       18|
    |width_c9_U           |        0|   99|   0|    -|     3|   12|       36|
    |width_c_U            |        0|   99|   0|    -|     2|   12|       24|
    +---------------------+---------+-----+----+-----+------+-----+---------+
    |Total                |        4|  956|   0|    0|   980|  165|    61664|
    +---------------------+---------+-----+----+-----+------+-----+---------+

    * Expression: 
    +--------------------------------------+----------+----+---+----+------------+------------+
    |             Variable Name            | Operation| DSP| FF| LUT| Bitwidth P0| Bitwidth P1|
    +--------------------------------------+----------+----+---+----+------------+------------+
    |AXIMMvideo2Bytes_U0_ap_start          |       and|   0|  0|   2|           1|           1|
    |ap_idle                               |       and|   0|  0|   2|           1|           1|
    |ap_sync_ready                         |       and|   0|  0|   2|           1|           1|
    |entry_proc_U0_ap_start                |       and|   0|  0|   2|           1|           1|
    |entry_proc_U0_start_full_n            |       and|   0|  0|   2|           1|           1|
    |ap_sync_AXIMMvideo2Bytes_U0_ap_ready  |        or|   0|  0|   2|           1|           1|
    |ap_sync_entry_proc_U0_ap_ready        |        or|   0|  0|   2|           1|           1|
    +--------------------------------------+----------+----+---+----+------------+------------+
    |Total                                 |          |   0|  0|  14|           7|           7|
    +--------------------------------------+----------+----+---+----+------------+------------+

    * Multiplexer: 
    +------------------------------------------+----+-----------+-----+-----------+
    |                   Name                   | LUT| Input Size| Bits| Total Bits|
    +------------------------------------------+----+-----------+-----+-----------+
    |ap_sync_reg_AXIMMvideo2Bytes_U0_ap_ready  |   9|          2|    1|          2|
    |ap_sync_reg_entry_proc_U0_ap_ready        |   9|          2|    1|          2|
    +------------------------------------------+----+-----------+-----+-----------+
    |Total                                     |  18|          4|    2|          4|
    +------------------------------------------+----+-----------+-----+-----------+

    * Register: 
    +------------------------------------------+---+----+-----+-----------+
    |                   Name                   | FF| LUT| Bits| Const Bits|
    +------------------------------------------+---+----+-----+-----------+
    |ap_sync_reg_AXIMMvideo2Bytes_U0_ap_ready  |  1|   0|    1|          0|
    |ap_sync_reg_entry_proc_U0_ap_ready        |  1|   0|    1|          0|
    +------------------------------------------+---+----+-----+-----------+
    |Total                                     |  2|   0|    2|          0|
    +------------------------------------------+---+----+-----+-----------+



================================================================
== Interface
================================================================
* Summary: 
+-------------------------+-----+-----+------------+-----------------------+--------------+
|        RTL Ports        | Dir | Bits|  Protocol  |     Source Object     |    C Type    |
+-------------------------+-----+-----+------------+-----------------------+--------------+
|m_axis_video_TDATA       |  out|   32|        axis|  m_axis_video_V_data_V|       pointer|
|m_axis_video_TKEEP       |  out|    4|        axis|  m_axis_video_V_keep_V|       pointer|
|m_axis_video_TSTRB       |  out|    4|        axis|  m_axis_video_V_strb_V|       pointer|
|m_axis_video_TUSER       |  out|    1|        axis|  m_axis_video_V_user_V|       pointer|
|m_axis_video_TLAST       |  out|    1|        axis|  m_axis_video_V_last_V|       pointer|
|m_axis_video_TID         |  out|    1|        axis|    m_axis_video_V_id_V|       pointer|
|m_axis_video_TDEST       |  out|    1|        axis|  m_axis_video_V_dest_V|       pointer|
|m_axis_video_TVALID      |  out|    1|        axis|  m_axis_video_V_dest_V|       pointer|
|m_axis_video_TREADY      |   in|    1|        axis|  m_axis_video_V_dest_V|       pointer|
|m_axi_mm_video_AWVALID   |  out|    1|       m_axi|               mm_video|       pointer|
|m_axi_mm_video_AWREADY   |   in|    1|       m_axi|               mm_video|       pointer|
|m_axi_mm_video_AWADDR    |  out|   32|       m_axi|               mm_video|       pointer|
|m_axi_mm_video_AWID      |  out|    1|       m_axi|               mm_video|       pointer|
|m_axi_mm_video_AWLEN     |  out|   32|       m_axi|               mm_video|       pointer|
|m_axi_mm_video_AWSIZE    |  out|    3|       m_axi|               mm_video|       pointer|
|m_axi_mm_video_AWBURST   |  out|    2|       m_axi|               mm_video|       pointer|
|m_axi_mm_video_AWLOCK    |  out|    2|       m_axi|               mm_video|       pointer|
|m_axi_mm_video_AWCACHE   |  out|    4|       m_axi|               mm_video|       pointer|
|m_axi_mm_video_AWPROT    |  out|    3|       m_axi|               mm_video|       pointer|
|m_axi_mm_video_AWQOS     |  out|    4|       m_axi|               mm_video|       pointer|
|m_axi_mm_video_AWREGION  |  out|    4|       m_axi|               mm_video|       pointer|
|m_axi_mm_video_AWUSER    |  out|    1|       m_axi|               mm_video|       pointer|
|m_axi_mm_video_WVALID    |  out|    1|       m_axi|               mm_video|       pointer|
|m_axi_mm_video_WREADY    |   in|    1|       m_axi|               mm_video|       pointer|
|m_axi_mm_video_WDATA     |  out|   64|       m_axi|               mm_video|       pointer|
|m_axi_mm_video_WSTRB     |  out|    8|       m_axi|               mm_video|       pointer|
|m_axi_mm_video_WLAST     |  out|    1|       m_axi|               mm_video|       pointer|
|m_axi_mm_video_WID       |  out|    1|       m_axi|               mm_video|       pointer|
|m_axi_mm_video_WUSER     |  out|    1|       m_axi|               mm_video|       pointer|
|m_axi_mm_video_ARVALID   |  out|    1|       m_axi|               mm_video|       pointer|
|m_axi_mm_video_ARREADY   |   in|    1|       m_axi|               mm_video|       pointer|
|m_axi_mm_video_ARADDR    |  out|   32|       m_axi|               mm_video|       pointer|
|m_axi_mm_video_ARID      |  out|    1|       m_axi|               mm_video|       pointer|
|m_axi_mm_video_ARLEN     |  out|   32|       m_axi|               mm_video|       pointer|
|m_axi_mm_video_ARSIZE    |  out|    3|       m_axi|               mm_video|       pointer|
|m_axi_mm_video_ARBURST   |  out|    2|       m_axi|               mm_video|       pointer|
|m_axi_mm_video_ARLOCK    |  out|    2|       m_axi|               mm_video|       pointer|
|m_axi_mm_video_ARCACHE   |  out|    4|       m_axi|               mm_video|       pointer|
|m_axi_mm_video_ARPROT    |  out|    3|       m_axi|               mm_video|       pointer|
|m_axi_mm_video_ARQOS     |  out|    4|       m_axi|               mm_video|       pointer|
|m_axi_mm_video_ARREGION  |  out|    4|       m_axi|               mm_video|       pointer|
|m_axi_mm_video_ARUSER    |  out|    1|       m_axi|               mm_video|       pointer|
|m_axi_mm_video_RVALID    |   in|    1|       m_axi|               mm_video|       pointer|
|m_axi_mm_video_RREADY    |  out|    1|       m_axi|               mm_video|       pointer|
|m_axi_mm_video_RDATA     |   in|   64|       m_axi|               mm_video|       pointer|
|m_axi_mm_video_RLAST     |   in|    1|       m_axi|               mm_video|       pointer|
|m_axi_mm_video_RID       |   in|    1|       m_axi|               mm_video|       pointer|
|m_axi_mm_video_RFIFONUM  |   in|    7|       m_axi|               mm_video|       pointer|
|m_axi_mm_video_RUSER     |   in|    1|       m_axi|               mm_video|       pointer|
|m_axi_mm_video_RRESP     |   in|    2|       m_axi|               mm_video|       pointer|
|m_axi_mm_video_BVALID    |   in|    1|       m_axi|               mm_video|       pointer|
|m_axi_mm_video_BREADY    |  out|    1|       m_axi|               mm_video|       pointer|
|m_axi_mm_video_BRESP     |   in|    2|       m_axi|               mm_video|       pointer|
|m_axi_mm_video_BID       |   in|    1|       m_axi|               mm_video|       pointer|
|m_axi_mm_video_BUSER     |   in|    1|       m_axi|               mm_video|       pointer|
|HwReg_frm_buffer         |   in|   32|     ap_none|       HwReg_frm_buffer|        scalar|
|HwReg_frm_buffer_ap_vld  |   in|    1|     ap_none|       HwReg_frm_buffer|        scalar|
|p_read                   |   in|   12|     ap_none|                 p_read|        scalar|
|p_read_ap_vld            |   in|    1|     ap_none|                 p_read|        scalar|
|p_read1                  |   in|   12|     ap_none|                p_read1|        scalar|
|p_read1_ap_vld           |   in|    1|     ap_none|                p_read1|        scalar|
|p_read2                  |   in|   16|     ap_none|                p_read2|        scalar|
|p_read2_ap_vld           |   in|    1|     ap_none|                p_read2|        scalar|
|p_read3                  |   in|    6|     ap_none|                p_read3|        scalar|
|p_read3_ap_vld           |   in|    1|     ap_none|                p_read3|        scalar|
|p_read4                  |   in|   15|     ap_none|                p_read4|        scalar|
|p_read4_ap_vld           |   in|    1|     ap_none|                p_read4|        scalar|
|p_read5                  |   in|    2|     ap_none|                p_read5|        scalar|
|p_read5_ap_vld           |   in|    1|     ap_none|                p_read5|        scalar|
|ap_clk                   |   in|    1|  ap_ctrl_hs|    FrmbufRdHlsDataFlow|  return value|
|ap_rst                   |   in|    1|  ap_ctrl_hs|    FrmbufRdHlsDataFlow|  return value|
|ap_start                 |   in|    1|  ap_ctrl_hs|    FrmbufRdHlsDataFlow|  return value|
|ap_done                  |  out|    1|  ap_ctrl_hs|    FrmbufRdHlsDataFlow|  return value|
|ap_ready                 |  out|    1|  ap_ctrl_hs|    FrmbufRdHlsDataFlow|  return value|
|ap_idle                  |  out|    1|  ap_ctrl_hs|    FrmbufRdHlsDataFlow|  return value|
|ap_continue              |   in|    1|  ap_ctrl_hs|    FrmbufRdHlsDataFlow|  return value|
+-------------------------+-----+-----+------------+-----------------------+--------------+

