

================================================================
== Vitis HLS Report for 'MultiPixStream2AXIvideo_Pipeline_VITIS_LOOP_298_3'
================================================================
* Date:           Sat Dec 10 20:38:27 2022

* Version:        2022.1 (Build 3526262 on Mon Apr 18 15:48:16 MDT 2022)
* Project:        prj
* Solution:       sol (Vivado IP Flow Target)
* Product family: zynquplus
* Target device:  xck26-sfvc784-2LV-c


================================================================
== Performance Estimates
================================================================
+ Timing: 
    * Summary: 
    +--------+---------+----------+------------+
    |  Clock |  Target | Estimated| Uncertainty|
    +--------+---------+----------+------------+
    |ap_clk  |  6.66 ns|  2.314 ns|     1.80 ns|
    +--------+---------+----------+------------+

+ Latency: 
    * Summary: 
    +---------+---------+-----------+-----------+-----+------+---------+
    |  Latency (cycles) |   Latency (absolute)  |  Interval  | Pipeline|
    |   min   |   max   |    min    |    max    | min |  max |   Type  |
    +---------+---------+-----------+-----------+-----+------+---------+
    |        4|     3843|  26.652 ns|  25.606 us|    4|  3843|       no|
    +---------+---------+-----------+-----------+-----+------+---------+

    + Detail: 
        * Instance: 
        N/A

        * Loop: 
        +--------------------+---------+---------+----------+-----------+-----------+----------+----------+
        |                    |  Latency (cycles) | Iteration|  Initiation Interval  |   Trip   |          |
        |      Loop Name     |   min   |   max   |  Latency |  achieved |   target  |   Count  | Pipelined|
        +--------------------+---------+---------+----------+-----------+-----------+----------+----------+
        |- VITIS_LOOP_298_3  |        2|     3841|         2|          1|          1|  1 ~ 3840|       yes|
        +--------------------+---------+---------+----------+-----------+-----------+----------+----------+



================================================================
== Utilization Estimates
================================================================
* Summary: 
+-----------------+---------+------+--------+--------+-----+
|       Name      | BRAM_18K|  DSP |   FF   |   LUT  | URAM|
+-----------------+---------+------+--------+--------+-----+
|DSP              |        -|     -|       -|       -|    -|
|Expression       |        -|     -|       0|      55|    -|
|FIFO             |        -|     -|       -|       -|    -|
|Instance         |        -|     -|       0|      42|    -|
|Memory           |        -|     -|       -|       -|    -|
|Multiplexer      |        -|     -|       -|      63|    -|
|Register         |        -|     -|      19|       -|    -|
+-----------------+---------+------+--------+--------+-----+
|Total            |        0|     0|      19|     160|    0|
+-----------------+---------+------+--------+--------+-----+
|Available        |      288|  1248|  234240|  117120|   64|
+-----------------+---------+------+--------+--------+-----+
|Utilization (%)  |        0|     0|      ~0|      ~0|    0|
+-----------------+---------+------+--------+--------+-----+

+ Detail: 
    * Instance: 
    +-------------------+---------------+---------+----+---+----+-----+
    |      Instance     |     Module    | BRAM_18K| DSP| FF| LUT| URAM|
    +-------------------+---------------+---------+----+---+----+-----+
    |mux_35_10_1_1_U57  |mux_35_10_1_1  |        0|   0|  0|  14|    0|
    |mux_35_10_1_1_U58  |mux_35_10_1_1  |        0|   0|  0|  14|    0|
    |mux_35_10_1_1_U59  |mux_35_10_1_1  |        0|   0|  0|  14|    0|
    +-------------------+---------------+---------+----+---+----+-----+
    |Total              |               |        0|   0|  0|  42|    0|
    +-------------------+---------------+---------+----+---+----+-----+

    * DSP: 
    N/A

    * Memory: 
    N/A

    * FIFO: 
    N/A

    * Expression: 
    +----------------------------------+----------+----+---+----+------------+------------+
    |           Variable Name          | Operation| DSP| FF| LUT| Bitwidth P0| Bitwidth P1|
    +----------------------------------+----------+----+---+----+------------+------------+
    |j_2_fu_201_p2                     |         +|   0|  0|  19|          12|           1|
    |ap_block_pp0_stage0_01001         |       and|   0|  0|   2|           1|           1|
    |ap_block_pp0_stage0_11001         |       and|   0|  0|   2|           1|           1|
    |ap_block_state2_io                |       and|   0|  0|   2|           1|           1|
    |ap_condition_234                  |       and|   0|  0|   2|           1|           1|
    |axi_last_V_fu_207_p2              |      icmp|   0|  0|  12|          13|          13|
    |icmp_ln298_fu_195_p2              |      icmp|   0|  0|  12|          12|          12|
    |ap_block_state2_pp0_stage0_iter1  |        or|   0|  0|   2|           1|           1|
    |ap_enable_pp0                     |       xor|   0|  0|   2|           1|           2|
    +----------------------------------+----------+----+---+----+------------+------------+
    |Total                             |          |   0|  0|  55|          43|          33|
    +----------------------------------+----------+----+---+----+------------+------------+

    * Multiplexer: 
    +----------------------------------+----+-----------+-----+-----------+
    |               Name               | LUT| Input Size| Bits| Total Bits|
    +----------------------------------+----+-----------+-----+-----------+
    |ap_done_int                       |   9|          2|    1|          2|
    |ap_loop_exit_ready_pp0_iter1_reg  |   9|          2|    1|          2|
    |ap_sig_allocacmp_j_1              |   9|          2|   12|         24|
    |img_blk_n                         |   9|          2|    1|          2|
    |j_fu_96                           |   9|          2|   12|         24|
    |m_axis_video_TDATA_blk_n          |   9|          2|    1|          2|
    |sof_2_reg_171                     |   9|          2|    1|          2|
    +----------------------------------+----+-----------+-----+-----------+
    |Total                             |  63|         14|   29|         58|
    +----------------------------------+----+-----------+-----+-----------+

    * Register: 
    +----------------------------------+----+----+-----+-----------+
    |               Name               | FF | LUT| Bits| Const Bits|
    +----------------------------------+----+----+-----+-----------+
    |ap_CS_fsm                         |   1|   0|    1|          0|
    |ap_done_reg                       |   1|   0|    1|          0|
    |ap_enable_reg_pp0_iter1           |   1|   0|    1|          0|
    |ap_loop_exit_ready_pp0_iter1_reg  |   1|   0|    1|          0|
    |axi_last_V_reg_321                |   1|   0|    1|          0|
    |icmp_ln298_reg_317                |   1|   0|    1|          0|
    |j_fu_96                           |  12|   0|   12|          0|
    |sof_2_reg_171                     |   1|   0|    1|          0|
    +----------------------------------+----+----+-----+-----------+
    |Total                             |  19|   0|   19|          0|
    +----------------------------------+----+----+-----+-----------+



================================================================
== Interface
================================================================
* Summary: 
+---------------------+-----+-----+------------+---------------------------------------------------+--------------+
|      RTL Ports      | Dir | Bits|  Protocol  |                   Source Object                   |    C Type    |
+---------------------+-----+-----+------------+---------------------------------------------------+--------------+
|ap_clk               |   in|    1|  ap_ctrl_hs|  MultiPixStream2AXIvideo_Pipeline_VITIS_LOOP_298_3|  return value|
|ap_rst               |   in|    1|  ap_ctrl_hs|  MultiPixStream2AXIvideo_Pipeline_VITIS_LOOP_298_3|  return value|
|ap_start             |   in|    1|  ap_ctrl_hs|  MultiPixStream2AXIvideo_Pipeline_VITIS_LOOP_298_3|  return value|
|ap_done              |  out|    1|  ap_ctrl_hs|  MultiPixStream2AXIvideo_Pipeline_VITIS_LOOP_298_3|  return value|
|ap_idle              |  out|    1|  ap_ctrl_hs|  MultiPixStream2AXIvideo_Pipeline_VITIS_LOOP_298_3|  return value|
|ap_ready             |  out|    1|  ap_ctrl_hs|  MultiPixStream2AXIvideo_Pipeline_VITIS_LOOP_298_3|  return value|
|img_dout             |   in|   30|     ap_fifo|                                                img|       pointer|
|img_num_data_valid   |   in|    2|     ap_fifo|                                                img|       pointer|
|img_fifo_cap         |   in|    2|     ap_fifo|                                                img|       pointer|
|img_empty_n          |   in|    1|     ap_fifo|                                                img|       pointer|
|img_read             |  out|    1|     ap_fifo|                                                img|       pointer|
|m_axis_video_TREADY  |   in|    1|        axis|                              m_axis_video_V_data_V|       pointer|
|m_axis_video_TDATA   |  out|   32|        axis|                              m_axis_video_V_data_V|       pointer|
|sof                  |   in|    1|     ap_none|                                                sof|        scalar|
|cols                 |   in|   12|     ap_none|                                               cols|        scalar|
|sub                  |   in|   13|     ap_none|                                                sub|        scalar|
|map_V_2_reload       |   in|    5|     ap_none|                                     map_V_2_reload|        scalar|
|map_V_1_reload       |   in|    5|     ap_none|                                     map_V_1_reload|        scalar|
|map_V_reload         |   in|    5|     ap_none|                                       map_V_reload|        scalar|
|m_axis_video_TVALID  |  out|    1|        axis|                              m_axis_video_V_dest_V|       pointer|
|m_axis_video_TDEST   |  out|    1|        axis|                              m_axis_video_V_dest_V|       pointer|
|m_axis_video_TKEEP   |  out|    4|        axis|                              m_axis_video_V_keep_V|       pointer|
|m_axis_video_TSTRB   |  out|    4|        axis|                              m_axis_video_V_strb_V|       pointer|
|m_axis_video_TUSER   |  out|    1|        axis|                              m_axis_video_V_user_V|       pointer|
|m_axis_video_TLAST   |  out|    1|        axis|                              m_axis_video_V_last_V|       pointer|
|m_axis_video_TID     |  out|    1|        axis|                                m_axis_video_V_id_V|       pointer|
+---------------------+-----+-----+------------+---------------------------------------------------+--------------+

