

================================================================
== Vitis HLS Report for 'MultiPixStream2AXIvideo'
================================================================
* Date:           Fri Nov 25 21:03:36 2022

* Version:        2022.1 (Build 3526262 on Mon Apr 18 15:48:16 MDT 2022)
* Project:        prj
* Solution:       sol (Vivado IP Flow Target)
* Product family: zynquplus
* Target device:  xck26-sfvc784-2LV-c


================================================================
== Performance Estimates
================================================================
+ Timing: 
    * Summary: 
    +--------+---------+----------+------------+
    |  Clock |  Target | Estimated| Uncertainty|
    +--------+---------+----------+------------+
    |ap_clk  |  6.66 ns|  4.109 ns|     1.80 ns|
    +--------+---------+----------+------------+

+ Latency: 
    * Summary: 
    +---------+---------+-----------+-----------+-----+---------+---------+
    |  Latency (cycles) |   Latency (absolute)  |    Interval   | Pipeline|
    |   min   |   max   |    min    |    max    | min |   max   |   Type  |
    +---------+---------+-----------+-----------+-----+---------+---------+
    |        8|  8305208|  53.304 ns|  55.338 ms|    8|  8305208|       no|
    +---------+---------+-----------+-----------+-----+---------+---------+

    + Detail: 
        * Instance: 
        +--------------------------------------------------------------+---------------------------------------------------+---------+---------+-----------+-----------+-----+------+---------+
        |                                                              |                                                   |  Latency (cycles) |   Latency (absolute)  |  Interval  | Pipeline|
        |                           Instance                           |                       Module                      |   min   |   max   |    min    |    max    | min |  max |   Type  |
        +--------------------------------------------------------------+---------------------------------------------------+---------+---------+-----------+-----------+-----+------+---------+
        |grp_MultiPixStream2AXIvideo_Pipeline_VITIS_LOOP_289_1_fu_124  |MultiPixStream2AXIvideo_Pipeline_VITIS_LOOP_289_1  |        5|        5|  33.315 ns|  33.315 ns|    5|     5|       no|
        |grp_MultiPixStream2AXIvideo_Pipeline_VITIS_LOOP_298_3_fu_134  |MultiPixStream2AXIvideo_Pipeline_VITIS_LOOP_298_3  |        4|     3843|  26.652 ns|  25.606 us|    4|  3843|       no|
        |grp_reg_unsigned_short_s_fu_189                               |reg_unsigned_short_s                               |        1|        1|   6.663 ns|   6.663 ns|    1|     1|      yes|
        |grp_reg_unsigned_short_s_fu_194                               |reg_unsigned_short_s                               |        1|        1|   6.663 ns|   6.663 ns|    1|     1|      yes|
        +--------------------------------------------------------------+---------------------------------------------------+---------+---------+-----------+-----------+-----+------+---------+

        * Loop: 
        +--------------------+---------+---------+----------+-----------+-----------+----------+----------+
        |                    |  Latency (cycles) | Iteration|  Initiation Interval  |   Trip   |          |
        |      Loop Name     |   min   |   max   |  Latency |  achieved |   target  |   Count  | Pipelined|
        +--------------------+---------+---------+----------+-----------+-----------+----------+----------+
        |- VITIS_LOOP_296_2  |        0|  8305200|  2 ~ 3845|          -|          -|  0 ~ 2160|        no|
        +--------------------+---------+---------+----------+-----------+-----------+----------+----------+



================================================================
== Utilization Estimates
================================================================
* Summary: 
+-----------------+---------+------+--------+--------+-----+
|       Name      | BRAM_18K|  DSP |   FF   |   LUT  | URAM|
+-----------------+---------+------+--------+--------+-----+
|DSP              |        -|     -|       -|       -|    -|
|Expression       |        -|     -|       0|      81|    -|
|FIFO             |        -|     -|       -|       -|    -|
|Instance         |        0|     -|      58|     228|    -|
|Memory           |        -|     -|       -|       -|    -|
|Multiplexer      |        -|     -|       -|      85|    -|
|Register         |        -|     -|      99|       -|    -|
+-----------------+---------+------+--------+--------+-----+
|Total            |        0|     0|     157|     394|    0|
+-----------------+---------+------+--------+--------+-----+
|Available        |      288|  1248|  234240|  117120|   64|
+-----------------+---------+------+--------+--------+-----+
|Utilization (%)  |        0|     0|      ~0|      ~0|    0|
+-----------------+---------+------+--------+--------+-----+

+ Detail: 
    * Instance: 
    +--------------------------------------------------------------+---------------------------------------------------+---------+----+----+-----+-----+
    |                           Instance                           |                       Module                      | BRAM_18K| DSP| FF | LUT | URAM|
    +--------------------------------------------------------------+---------------------------------------------------+---------+----+----+-----+-----+
    |grp_MultiPixStream2AXIvideo_Pipeline_VITIS_LOOP_289_1_fu_124  |MultiPixStream2AXIvideo_Pipeline_VITIS_LOOP_289_1  |        0|   0|  15|   68|    0|
    |grp_MultiPixStream2AXIvideo_Pipeline_VITIS_LOOP_298_3_fu_134  |MultiPixStream2AXIvideo_Pipeline_VITIS_LOOP_298_3  |        0|   0|  19|  160|    0|
    |grp_reg_unsigned_short_s_fu_189                               |reg_unsigned_short_s                               |        0|   0|  12|    0|    0|
    |grp_reg_unsigned_short_s_fu_194                               |reg_unsigned_short_s                               |        0|   0|  12|    0|    0|
    +--------------------------------------------------------------+---------------------------------------------------+---------+----+----+-----+-----+
    |Total                                                         |                                                   |        0|   0|  58|  228|    0|
    +--------------------------------------------------------------+---------------------------------------------------+---------+----+----+-----+-----+

    * DSP: 
    N/A

    * Memory: 
    N/A

    * FIFO: 
    N/A

    * Expression: 
    +----------------------------------------------------------------------------------+----------+----+---+----+------------+------------+
    |                                   Variable Name                                  | Operation| DSP| FF| LUT| Bitwidth P0| Bitwidth P1|
    +----------------------------------------------------------------------------------+----------+----+---+----+------------+------------+
    |i_2_fu_232_p2                                                                     |         +|   0|  0|  19|          12|           1|
    |sub_fu_212_p2                                                                     |         +|   0|  0|  20|          13|           2|
    |sub_ln291_fu_172_p2                                                               |         -|   0|  0|  12|           4|           4|
    |ap_block_state5_on_subcall_done                                                   |       and|   0|  0|   2|           1|           1|
    |grp_MultiPixStream2AXIvideo_Pipeline_VITIS_LOOP_298_3_fu_134_m_axis_video_TREADY  |       and|   0|  0|   2|           1|           1|
    |cmp35184_fu_218_p2                                                                |      icmp|   0|  0|  12|          12|           1|
    |icmp_ln296_fu_227_p2                                                              |      icmp|   0|  0|  12|          12|          12|
    |ap_block_state1                                                                   |        or|   0|  0|   2|           1|           1|
    +----------------------------------------------------------------------------------+----------+----+---+----+------------+------------+
    |Total                                                                             |          |   0|  0|  81|          56|          23|
    +----------------------------------------------------------------------------------+----------+----+---+----+------------+------------+

    * Multiplexer: 
    +-------------------+----+-----------+-----+-----------+
    |        Name       | LUT| Input Size| Bits| Total Bits|
    +-------------------+----+-----------+-----+-----------+
    |Height_blk_n       |   9|          2|    1|          2|
    |WidthOut_blk_n     |   9|          2|    1|          2|
    |ap_NS_fsm          |  31|          6|    1|          6|
    |ap_done            |   9|          2|    1|          2|
    |colorFormat_blk_n  |   9|          2|    1|          2|
    |i_1_fu_86          |   9|          2|   12|         24|
    |img_read           |   9|          2|    1|          2|
    +-------------------+----+-----------+-----+-----------+
    |Total              |  85|         18|   18|         40|
    +-------------------+----+-----------+-----+-----------+

    * Register: 
    +---------------------------------------------------------------------------+----+----+-----+-----------+
    |                                    Name                                   | FF | LUT| Bits| Const Bits|
    +---------------------------------------------------------------------------+----+----+-----+-----------+
    |Height_read_reg_283                                                        |  12|   0|   12|          0|
    |WidthOut_read_reg_288                                                      |  12|   0|   12|          0|
    |ap_CS_fsm                                                                  |   5|   0|    5|          0|
    |ap_done_reg                                                                |   1|   0|    1|          0|
    |cmp35184_reg_322                                                           |   1|   0|    1|          0|
    |cols_reg_303                                                               |  12|   0|   12|          0|
    |grp_MultiPixStream2AXIvideo_Pipeline_VITIS_LOOP_289_1_fu_124_ap_start_reg  |   1|   0|    1|          0|
    |grp_MultiPixStream2AXIvideo_Pipeline_VITIS_LOOP_298_3_fu_134_ap_start_reg  |   1|   0|    1|          0|
    |i_1_fu_86                                                                  |  12|   0|   12|          0|
    |i_2_reg_329                                                                |  12|   0|   12|          0|
    |rows_reg_298                                                               |  12|   0|   12|          0|
    |sof_fu_90                                                                  |   1|   0|    1|          0|
    |sub_ln291_reg_293                                                          |   4|   0|    4|          0|
    |sub_reg_317                                                                |  13|   0|   13|          0|
    +---------------------------------------------------------------------------+----+----+-----+-----------+
    |Total                                                                      |  99|   0|   99|          0|
    +---------------------------------------------------------------------------+----+----+-----+-----------+



================================================================
== Interface
================================================================
* Summary: 
+----------------------------+-----+-----+------------+-------------------------+--------------+
|          RTL Ports         | Dir | Bits|  Protocol  |      Source Object      |    C Type    |
+----------------------------+-----+-----+------------+-------------------------+--------------+
|ap_clk                      |   in|    1|  ap_ctrl_hs|  MultiPixStream2AXIvideo|  return value|
|ap_rst                      |   in|    1|  ap_ctrl_hs|  MultiPixStream2AXIvideo|  return value|
|ap_start                    |   in|    1|  ap_ctrl_hs|  MultiPixStream2AXIvideo|  return value|
|ap_done                     |  out|    1|  ap_ctrl_hs|  MultiPixStream2AXIvideo|  return value|
|ap_continue                 |   in|    1|  ap_ctrl_hs|  MultiPixStream2AXIvideo|  return value|
|ap_idle                     |  out|    1|  ap_ctrl_hs|  MultiPixStream2AXIvideo|  return value|
|ap_ready                    |  out|    1|  ap_ctrl_hs|  MultiPixStream2AXIvideo|  return value|
|img_dout                    |   in|   30|     ap_fifo|                      img|       pointer|
|img_num_data_valid          |   in|    2|     ap_fifo|                      img|       pointer|
|img_fifo_cap                |   in|    2|     ap_fifo|                      img|       pointer|
|img_empty_n                 |   in|    1|     ap_fifo|                      img|       pointer|
|img_read                    |  out|    1|     ap_fifo|                      img|       pointer|
|m_axis_video_TDATA          |  out|   32|        axis|    m_axis_video_V_data_V|       pointer|
|m_axis_video_TVALID         |  out|    1|        axis|    m_axis_video_V_dest_V|       pointer|
|m_axis_video_TREADY         |   in|    1|        axis|    m_axis_video_V_dest_V|       pointer|
|m_axis_video_TDEST          |  out|    1|        axis|    m_axis_video_V_dest_V|       pointer|
|m_axis_video_TKEEP          |  out|    4|        axis|    m_axis_video_V_keep_V|       pointer|
|m_axis_video_TSTRB          |  out|    4|        axis|    m_axis_video_V_strb_V|       pointer|
|m_axis_video_TUSER          |  out|    1|        axis|    m_axis_video_V_user_V|       pointer|
|m_axis_video_TLAST          |  out|    1|        axis|    m_axis_video_V_last_V|       pointer|
|m_axis_video_TID            |  out|    1|        axis|      m_axis_video_V_id_V|       pointer|
|Height_dout                 |   in|   12|     ap_fifo|                   Height|       pointer|
|Height_num_data_valid       |   in|    2|     ap_fifo|                   Height|       pointer|
|Height_fifo_cap             |   in|    2|     ap_fifo|                   Height|       pointer|
|Height_empty_n              |   in|    1|     ap_fifo|                   Height|       pointer|
|Height_read                 |  out|    1|     ap_fifo|                   Height|       pointer|
|WidthOut_dout               |   in|   12|     ap_fifo|                 WidthOut|       pointer|
|WidthOut_num_data_valid     |   in|    2|     ap_fifo|                 WidthOut|       pointer|
|WidthOut_fifo_cap           |   in|    2|     ap_fifo|                 WidthOut|       pointer|
|WidthOut_empty_n            |   in|    1|     ap_fifo|                 WidthOut|       pointer|
|WidthOut_read               |  out|    1|     ap_fifo|                 WidthOut|       pointer|
|colorFormat_dout            |   in|    2|     ap_fifo|              colorFormat|       pointer|
|colorFormat_num_data_valid  |   in|    3|     ap_fifo|              colorFormat|       pointer|
|colorFormat_fifo_cap        |   in|    3|     ap_fifo|              colorFormat|       pointer|
|colorFormat_empty_n         |   in|    1|     ap_fifo|              colorFormat|       pointer|
|colorFormat_read            |  out|    1|     ap_fifo|              colorFormat|       pointer|
+----------------------------+-----+-----+------------+-------------------------+--------------+

