

================================================================
== Vitis HLS Report for 'AXIvideo2MultiPixStream_Pipeline_loop_width'
================================================================
* Date:           Fri Nov 25 21:03:31 2022

* Version:        2022.1 (Build 3526262 on Mon Apr 18 15:48:16 MDT 2022)
* Project:        prj
* Solution:       sol (Vivado IP Flow Target)
* Product family: zynquplus
* Target device:  xck26-sfvc784-2LV-c


================================================================
== Performance Estimates
================================================================
+ Timing: 
    * Summary: 
    +--------+---------+----------+------------+
    |  Clock |  Target | Estimated| Uncertainty|
    +--------+---------+----------+------------+
    |ap_clk  |  6.66 ns|  2.241 ns|     1.80 ns|
    +--------+---------+----------+------------+

+ Latency: 
    * Summary: 
    +---------+---------+-----------+----------+-----+------+---------+
    |  Latency (cycles) |  Latency (absolute)  |  Interval  | Pipeline|
    |   min   |   max   |    min    |    max   | min |  max |   Type  |
    +---------+---------+-----------+----------+-----+------+---------+
    |        3|     1054|  19.989 ns|  7.023 us|    3|  1054|       no|
    +---------+---------+-----------+----------+-----+------+---------+

    + Detail: 
        * Instance: 
        N/A

        * Loop: 
        +--------------+---------+---------+----------+-----------+-----------+----------+----------+
        |              |  Latency (cycles) | Iteration|  Initiation Interval  |   Trip   |          |
        |   Loop Name  |   min   |   max   |  Latency |  achieved |   target  |   Count  | Pipelined|
        +--------------+---------+---------+----------+-----------+-----------+----------+----------+
        |- loop_width  |        1|     1052|         2|          1|          1|  1 ~ 1052|       yes|
        +--------------+---------+---------+----------+-----------+-----------+----------+----------+

============================================================
+ Verbose Summary: Synthesis Manager
============================================================
InlineROM: 1
ExposeGlobal: 0
============================================================
+ Verbose Summary: CDFG Model
============================================================
IsTopModel: 0
ResetActiveHigh: 1
IsCombinational: 0
IsDatapathOnly: 0
HasWiredReturn: 1
HasMFsm: 2
HasVarLatency: 1
IsPipeline: 0
IsRtlPipelined: 0
IsInstanceOverlapped: 0
IsDontTouch: 0
HasImplIP: 0
IsGatedGlobalClock: 0

+ Individual pipeline summary: 
  * Pipeline-0: initiation interval (II) = 1, depth = 2


============================================================
+ Verbose Summary: Schedule
============================================================
* Number of FSM states : 2
* Pipeline : 1
  Pipeline-0 : II = 1, D = 2, States = { 1 2 }
* Dataflow Pipeline: 0

* FSM state transitions: 
1 --> 2 
2 --> 

* FSM state operations: 

State 1 <SV = 0> <Delay = 1.37>
ST_1 : Operation 5 [1/1] (0.00ns)   --->   "%j = alloca i32 1"   --->   Operation 5 'alloca' 'j' <Predicate = true> <Delay = 0.00>
ST_1 : Operation 6 [1/1] (0.00ns)   --->   "%axi_data_V = alloca i32 1"   --->   Operation 6 'alloca' 'axi_data_V' <Predicate = true> <Delay = 0.00>
ST_1 : Operation 7 [1/1] (0.00ns)   --->   "%axi_last_V = alloca i32 1"   --->   Operation 7 'alloca' 'axi_last_V' <Predicate = true> <Delay = 0.00>
ST_1 : Operation 8 [1/1] (0.00ns)   --->   "%specinterface_ln0 = specinterface void @_ssdm_op_SpecInterface, i1 %s_axis_video_V_dest_V, void @empty, i32 0, i32 0, void @empty_0, i32 0, i32 0, void @empty_14, void @empty_14, void @empty_14, i32 0, i32 0, i32 0, i32 0, void @empty_14, void @empty_14, i32 4294967295, i32 0"   --->   Operation 8 'specinterface' 'specinterface_ln0' <Predicate = true> <Delay = 0.00>
ST_1 : Operation 9 [1/1] (0.00ns)   --->   "%specinterface_ln0 = specinterface void @_ssdm_op_SpecInterface, i1 %s_axis_video_V_id_V, void @empty, i32 0, i32 0, void @empty_0, i32 0, i32 0, void @empty_14, void @empty_14, void @empty_14, i32 0, i32 0, i32 0, i32 0, void @empty_14, void @empty_14, i32 4294967295, i32 0"   --->   Operation 9 'specinterface' 'specinterface_ln0' <Predicate = true> <Delay = 0.00>
ST_1 : Operation 10 [1/1] (0.00ns)   --->   "%specinterface_ln0 = specinterface void @_ssdm_op_SpecInterface, i1 %s_axis_video_V_last_V, void @empty, i32 0, i32 0, void @empty_0, i32 0, i32 0, void @empty_14, void @empty_14, void @empty_14, i32 0, i32 0, i32 0, i32 0, void @empty_14, void @empty_14, i32 4294967295, i32 0"   --->   Operation 10 'specinterface' 'specinterface_ln0' <Predicate = true> <Delay = 0.00>
ST_1 : Operation 11 [1/1] (0.00ns)   --->   "%specinterface_ln0 = specinterface void @_ssdm_op_SpecInterface, i1 %s_axis_video_V_user_V, void @empty, i32 0, i32 0, void @empty_0, i32 0, i32 0, void @empty_14, void @empty_14, void @empty_14, i32 0, i32 0, i32 0, i32 0, void @empty_14, void @empty_14, i32 4294967295, i32 0"   --->   Operation 11 'specinterface' 'specinterface_ln0' <Predicate = true> <Delay = 0.00>
ST_1 : Operation 12 [1/1] (0.00ns)   --->   "%specinterface_ln0 = specinterface void @_ssdm_op_SpecInterface, i15 %s_axis_video_V_strb_V, void @empty, i32 0, i32 0, void @empty_0, i32 0, i32 0, void @empty_14, void @empty_14, void @empty_14, i32 0, i32 0, i32 0, i32 0, void @empty_14, void @empty_14, i32 4294967295, i32 0"   --->   Operation 12 'specinterface' 'specinterface_ln0' <Predicate = true> <Delay = 0.00>
ST_1 : Operation 13 [1/1] (0.00ns)   --->   "%specinterface_ln0 = specinterface void @_ssdm_op_SpecInterface, i15 %s_axis_video_V_keep_V, void @empty, i32 0, i32 0, void @empty_0, i32 0, i32 0, void @empty_14, void @empty_14, void @empty_14, i32 0, i32 0, i32 0, i32 0, void @empty_14, void @empty_14, i32 4294967295, i32 0"   --->   Operation 13 'specinterface' 'specinterface_ln0' <Predicate = true> <Delay = 0.00>
ST_1 : Operation 14 [1/1] (0.00ns)   --->   "%specinterface_ln0 = specinterface void @_ssdm_op_SpecInterface, i120 %s_axis_video_V_data_V, void @empty, i32 0, i32 0, void @empty_0, i32 0, i32 0, void @empty_14, void @empty_14, void @empty_14, i32 0, i32 0, i32 0, i32 0, void @empty_14, void @empty_14, i32 4294967295, i32 0"   --->   Operation 14 'specinterface' 'specinterface_ln0' <Predicate = true> <Delay = 0.00>
ST_1 : Operation 15 [1/1] (0.00ns)   --->   "%specinterface_ln0 = specinterface void @_ssdm_op_SpecInterface, i120 %img, void @empty_1, i32 0, i32 0, void @empty_14, i32 0, i32 0, void @empty_14, void @empty_14, void @empty_14, i32 0, i32 0, i32 0, i32 0, void @empty_14, void @empty_14, i32 4294967295, i32 0"   --->   Operation 15 'specinterface' 'specinterface_ln0' <Predicate = true> <Delay = 0.00>
ST_1 : Operation 16 [1/1] (0.00ns)   --->   "%icmp_ln235_read = read i1 @_ssdm_op_Read.ap_auto.i1, i1 %icmp_ln235"   --->   Operation 16 'read' 'icmp_ln235_read' <Predicate = true> <Delay = 0.00>
ST_1 : Operation 17 [1/1] (0.00ns)   --->   "%cond_read = read i1 @_ssdm_op_Read.ap_auto.i1, i1 %cond"   --->   Operation 17 'read' 'cond_read' <Predicate = true> <Delay = 0.00>
ST_1 : Operation 18 [1/1] (0.00ns)   --->   "%div_cast_read = read i11 @_ssdm_op_Read.ap_auto.i11, i11 %div_cast"   --->   Operation 18 'read' 'div_cast_read' <Predicate = true> <Delay = 0.00>
ST_1 : Operation 19 [1/1] (0.00ns)   --->   "%axi_data_V_2_read = read i120 @_ssdm_op_Read.ap_auto.i120, i120 %axi_data_V_2"   --->   Operation 19 'read' 'axi_data_V_2_read' <Predicate = true> <Delay = 0.00>
ST_1 : Operation 20 [1/1] (0.00ns)   --->   "%axi_last_V_2_read = read i1 @_ssdm_op_Read.ap_auto.i1, i1 %axi_last_V_2"   --->   Operation 20 'read' 'axi_last_V_2_read' <Predicate = true> <Delay = 0.00>
ST_1 : Operation 21 [1/1] (0.00ns)   --->   "%sof_2_read = read i1 @_ssdm_op_Read.ap_auto.i1, i1 %sof_2"   --->   Operation 21 'read' 'sof_2_read' <Predicate = true> <Delay = 0.00>
ST_1 : Operation 22 [1/1] (0.42ns)   --->   "%store_ln0 = store i1 %axi_last_V_2_read, i1 %axi_last_V"   --->   Operation 22 'store' 'store_ln0' <Predicate = true> <Delay = 0.42>
ST_1 : Operation 23 [1/1] (0.42ns)   --->   "%store_ln0 = store i120 %axi_data_V_2_read, i120 %axi_data_V"   --->   Operation 23 'store' 'store_ln0' <Predicate = true> <Delay = 0.42>
ST_1 : Operation 24 [1/1] (0.42ns)   --->   "%store_ln0 = store i11 0, i11 %j"   --->   Operation 24 'store' 'store_ln0' <Predicate = true> <Delay = 0.42>
ST_1 : Operation 25 [1/1] (0.42ns)   --->   "%br_ln0 = br void %for.body14"   --->   Operation 25 'br' 'br_ln0' <Predicate = true> <Delay = 0.42>
ST_1 : Operation 26 [1/1] (0.00ns)   --->   "%eol = phi i1 %axi_last_V_4, void %if.end_ifconv, i1 0, void %newFuncRoot"   --->   Operation 26 'phi' 'eol' <Predicate = true> <Delay = 0.00>
ST_1 : Operation 27 [1/1] (0.00ns)   --->   "%sof = phi i1 0, void %if.end_ifconv, i1 %sof_2_read, void %newFuncRoot"   --->   Operation 27 'phi' 'sof' <Predicate = true> <Delay = 0.00>
ST_1 : Operation 28 [1/1] (0.00ns)   --->   "%j_1 = load i11 %j" [D:/zynqmp_cam_isp_demo/zynqmp_cam_isp_demo.runs/design_1_v_frmbuf_wr_0_0_synth_1/prj/sol/.autopilot/db/v_frmbuf_wr.cpp:207]   --->   Operation 28 'load' 'j_1' <Predicate = true> <Delay = 0.00>
ST_1 : Operation 29 [1/1] (0.94ns)   --->   "%icmp_ln207 = icmp_eq  i11 %j_1, i11 %div_cast_read" [D:/zynqmp_cam_isp_demo/zynqmp_cam_isp_demo.runs/design_1_v_frmbuf_wr_0_0_synth_1/prj/sol/.autopilot/db/v_frmbuf_wr.cpp:207]   --->   Operation 29 'icmp' 'icmp_ln207' <Predicate = true> <Delay = 0.94> <CoreInst = "Cmp">   --->   Core 9 'Cmp' <Latency = 0> <II = 1> <Delay = 0.94> <FuncUnit> <Opcode : 'icmp'> <InPorts = 2> <OutPorts = 1>
ST_1 : Operation 30 [1/1] (0.00ns)   --->   "%speclooptripcount_ln0 = speclooptripcount void @_ssdm_op_SpecLoopTripCount, i64 1, i64 1052, i64 0"   --->   Operation 30 'speclooptripcount' 'speclooptripcount_ln0' <Predicate = true> <Delay = 0.00>
ST_1 : Operation 31 [1/1] (0.79ns)   --->   "%j_2 = add i11 %j_1, i11 1" [D:/zynqmp_cam_isp_demo/zynqmp_cam_isp_demo.runs/design_1_v_frmbuf_wr_0_0_synth_1/prj/sol/.autopilot/db/v_frmbuf_wr.cpp:207]   --->   Operation 31 'add' 'j_2' <Predicate = true> <Delay = 0.79> <CoreInst = "Adder">   --->   Core 1 'Adder' <Latency = 0> <II = 1> <Delay = 0.79> <FuncUnit> <Opcode : 'add' 'sub'> <InPorts = 2> <OutPorts = 1>
ST_1 : Operation 32 [1/1] (0.00ns)   --->   "%br_ln207 = br i1 %icmp_ln207, void %for.body14.split, void %loop_wait_for_eol.loopexit.exitStub" [D:/zynqmp_cam_isp_demo/zynqmp_cam_isp_demo.runs/design_1_v_frmbuf_wr_0_0_synth_1/prj/sol/.autopilot/db/v_frmbuf_wr.cpp:207]   --->   Operation 32 'br' 'br_ln207' <Predicate = true> <Delay = 0.00>
ST_1 : Operation 33 [1/1] (0.00ns)   --->   "%specpipeline_ln209 = specpipeline void @_ssdm_op_SpecPipeline, i32 1, i32 0, i32 0, i32 0, void @empty_14" [D:/zynqmp_cam_isp_demo/zynqmp_cam_isp_demo.runs/design_1_v_frmbuf_wr_0_0_synth_1/prj/sol/.autopilot/db/v_frmbuf_wr.cpp:209]   --->   Operation 33 'specpipeline' 'specpipeline_ln209' <Predicate = (!icmp_ln207)> <Delay = 0.00>
ST_1 : Operation 34 [1/1] (0.00ns)   --->   "%specloopname_ln181 = specloopname void @_ssdm_op_SpecLoopName, void @empty_3" [D:/zynqmp_cam_isp_demo/zynqmp_cam_isp_demo.runs/design_1_v_frmbuf_wr_0_0_synth_1/prj/sol/.autopilot/db/v_frmbuf_wr.cpp:181]   --->   Operation 34 'specloopname' 'specloopname_ln181' <Predicate = (!icmp_ln207)> <Delay = 0.00>
ST_1 : Operation 35 [1/1] (0.28ns)   --->   "%or_ln210 = or i1 %sof, i1 %eol" [D:/zynqmp_cam_isp_demo/zynqmp_cam_isp_demo.runs/design_1_v_frmbuf_wr_0_0_synth_1/prj/sol/.autopilot/db/v_frmbuf_wr.cpp:210]   --->   Operation 35 'or' 'or_ln210' <Predicate = (!icmp_ln207)> <Delay = 0.28> <CoreInst = "LogicGate">   --->   Core 74 'LogicGate' <Latency = 0> <II = 1> <Delay = 0.28> <FuncUnit> <Opcode : 'and' 'or' 'xor'> <InPorts = 2> <OutPorts = 1>
ST_1 : Operation 36 [1/1] (0.00ns)   --->   "%br_ln210 = br i1 %or_ln210, void %if.else, void %if.end_ifconv" [D:/zynqmp_cam_isp_demo/zynqmp_cam_isp_demo.runs/design_1_v_frmbuf_wr_0_0_synth_1/prj/sol/.autopilot/db/v_frmbuf_wr.cpp:210]   --->   Operation 36 'br' 'br_ln210' <Predicate = (!icmp_ln207)> <Delay = 0.00>
ST_1 : Operation 37 [1/1] (0.00ns)   --->   "%empty = read i154 @_ssdm_op_Read.axis.volatile.i120P0A.i15P0A.i15P0A.i1P0A.i1P0A.i1P0A.i1P0A, i120 %s_axis_video_V_data_V, i15 %s_axis_video_V_keep_V, i15 %s_axis_video_V_strb_V, i1 %s_axis_video_V_user_V, i1 %s_axis_video_V_last_V, i1 %s_axis_video_V_id_V, i1 %s_axis_video_V_dest_V"   --->   Operation 37 'read' 'empty' <Predicate = (!icmp_ln207 & !or_ln210)> <Delay = 0.00> <CoreInst = "axis">   --->   Core 123 'axis' <Latency = 0> <II = 1> <Delay = 1.00> <Adapter> <Opcode : >
ST_1 : Operation 38 [1/1] (0.00ns)   --->   "%tmp_data_V = extractvalue i154 %empty"   --->   Operation 38 'extractvalue' 'tmp_data_V' <Predicate = (!icmp_ln207 & !or_ln210)> <Delay = 0.00>
ST_1 : Operation 39 [1/1] (0.00ns)   --->   "%tmp_last_V = extractvalue i154 %empty"   --->   Operation 39 'extractvalue' 'tmp_last_V' <Predicate = (!icmp_ln207 & !or_ln210)> <Delay = 0.00>
ST_1 : Operation 40 [1/1] (0.42ns)   --->   "%store_ln283 = store i1 %tmp_last_V, i1 %axi_last_V"   --->   Operation 40 'store' 'store_ln283' <Predicate = (!icmp_ln207 & !or_ln210)> <Delay = 0.42>
ST_1 : Operation 41 [1/1] (0.42ns)   --->   "%store_ln283 = store i120 %tmp_data_V, i120 %axi_data_V"   --->   Operation 41 'store' 'store_ln283' <Predicate = (!icmp_ln207 & !or_ln210)> <Delay = 0.42>
ST_1 : Operation 42 [1/1] (0.00ns)   --->   "%br_ln0 = br void %if.end_ifconv"   --->   Operation 42 'br' 'br_ln0' <Predicate = (!icmp_ln207 & !or_ln210)> <Delay = 0.00>
ST_1 : Operation 43 [1/1] (0.42ns)   --->   "%store_ln207 = store i11 %j_2, i11 %j" [D:/zynqmp_cam_isp_demo/zynqmp_cam_isp_demo.runs/design_1_v_frmbuf_wr_0_0_synth_1/prj/sol/.autopilot/db/v_frmbuf_wr.cpp:207]   --->   Operation 43 'store' 'store_ln207' <Predicate = (!icmp_ln207)> <Delay = 0.42>
ST_1 : Operation 44 [1/1] (0.00ns)   --->   "%br_ln207 = br void %for.body14" [D:/zynqmp_cam_isp_demo/zynqmp_cam_isp_demo.runs/design_1_v_frmbuf_wr_0_0_synth_1/prj/sol/.autopilot/db/v_frmbuf_wr.cpp:207]   --->   Operation 44 'br' 'br_ln207' <Predicate = (!icmp_ln207)> <Delay = 0.00>
ST_1 : Operation 80 [1/1] (0.00ns)   --->   "%axi_data_V_load = load i120 %axi_data_V"   --->   Operation 80 'load' 'axi_data_V_load' <Predicate = (icmp_ln207)> <Delay = 0.00>
ST_1 : Operation 81 [1/1] (0.00ns)   --->   "%write_ln0 = write void @_ssdm_op_Write.ap_auto.i1P0A, i1 %eol_out, i1 %eol"   --->   Operation 81 'write' 'write_ln0' <Predicate = (icmp_ln207)> <Delay = 0.00>
ST_1 : Operation 82 [1/1] (0.00ns)   --->   "%write_ln0 = write void @_ssdm_op_Write.ap_auto.i120P0A, i120 %axi_data_V_3_out, i120 %axi_data_V_load"   --->   Operation 82 'write' 'write_ln0' <Predicate = (icmp_ln207)> <Delay = 0.00>
ST_1 : Operation 83 [1/1] (0.00ns)   --->   "%ret_ln0 = ret"   --->   Operation 83 'ret' 'ret_ln0' <Predicate = (icmp_ln207)> <Delay = 0.00>

State 2 <SV = 1> <Delay = 2.24>
ST_2 : Operation 45 [1/1] (0.00ns)   --->   "%axi_data_V_4 = load i120 %axi_data_V"   --->   Operation 45 'load' 'axi_data_V_4' <Predicate = (!icmp_ln207)> <Delay = 0.00>
ST_2 : Operation 46 [1/1] (0.00ns)   --->   "%axi_last_V_4 = load i1 %axi_last_V"   --->   Operation 46 'load' 'axi_last_V_4' <Predicate = (!icmp_ln207)> <Delay = 0.00>
ST_2 : Operation 47 [1/1] (0.00ns)   --->   "%pix_val_V_117 = partselect i10 @_ssdm_op_PartSelect.i10.i120.i32.i32, i120 %axi_data_V_4, i32 20, i32 29"   --->   Operation 47 'partselect' 'pix_val_V_117' <Predicate = (!icmp_ln207)> <Delay = 0.00>
ST_2 : Operation 48 [1/1] (0.00ns)   --->   "%pix_val_V = trunc i120 %axi_data_V_4"   --->   Operation 48 'trunc' 'pix_val_V' <Predicate = (!icmp_ln207)> <Delay = 0.00>
ST_2 : Operation 49 [1/1] (0.40ns)   --->   "%pix_val_V_114 = select i1 %cond_read, i10 %pix_val_V_117, i10 %pix_val_V" [D:/zynqmp_cam_isp_demo/zynqmp_cam_isp_demo.runs/design_1_v_frmbuf_wr_0_0_synth_1/prj/sol/.autopilot/db/v_frmbuf_wr.cpp:235]   --->   Operation 49 'select' 'pix_val_V_114' <Predicate = (!icmp_ln207)> <Delay = 0.40> <CoreInst = "Sel">   --->   Core 73 'Sel' <Latency = 0> <II = 1> <Delay = 0.40> <FuncUnit> <Opcode : 'select'> <InPorts = 3> <OutPorts = 1>
ST_2 : Operation 50 [1/1] (0.00ns)   --->   "%pix_val_V_46 = partselect i10 @_ssdm_op_PartSelect.i10.i120.i32.i32, i120 %axi_data_V_4, i32 10, i32 19"   --->   Operation 50 'partselect' 'pix_val_V_46' <Predicate = (!icmp_ln207)> <Delay = 0.00>
ST_2 : Operation 51 [1/1] (0.40ns)   --->   "%pix_val_V_115 = select i1 %cond_read, i10 %pix_val_V, i10 %pix_val_V_46" [D:/zynqmp_cam_isp_demo/zynqmp_cam_isp_demo.runs/design_1_v_frmbuf_wr_0_0_synth_1/prj/sol/.autopilot/db/v_frmbuf_wr.cpp:235]   --->   Operation 51 'select' 'pix_val_V_115' <Predicate = (!icmp_ln207)> <Delay = 0.40> <CoreInst = "Sel">   --->   Core 73 'Sel' <Latency = 0> <II = 1> <Delay = 0.40> <FuncUnit> <Opcode : 'select'> <InPorts = 3> <OutPorts = 1>
ST_2 : Operation 52 [1/1] (0.40ns)   --->   "%pix_val_V_116 = select i1 %cond_read, i10 %pix_val_V_46, i10 %pix_val_V_117" [D:/zynqmp_cam_isp_demo/zynqmp_cam_isp_demo.runs/design_1_v_frmbuf_wr_0_0_synth_1/prj/sol/.autopilot/db/v_frmbuf_wr.cpp:235]   --->   Operation 52 'select' 'pix_val_V_116' <Predicate = (!icmp_ln207)> <Delay = 0.40> <CoreInst = "Sel">   --->   Core 73 'Sel' <Latency = 0> <II = 1> <Delay = 0.40> <FuncUnit> <Opcode : 'select'> <InPorts = 3> <OutPorts = 1>
ST_2 : Operation 53 [1/1] (0.00ns)   --->   "%pix_val_V_47 = partselect i10 @_ssdm_op_PartSelect.i10.i120.i32.i32, i120 %axi_data_V_4, i32 50, i32 59"   --->   Operation 53 'partselect' 'pix_val_V_47' <Predicate = (!icmp_ln207)> <Delay = 0.00>
ST_2 : Operation 54 [1/1] (0.00ns)   --->   "%pix_val_V_48 = partselect i10 @_ssdm_op_PartSelect.i10.i120.i32.i32, i120 %axi_data_V_4, i32 30, i32 39"   --->   Operation 54 'partselect' 'pix_val_V_48' <Predicate = (!icmp_ln207)> <Delay = 0.00>
ST_2 : Operation 55 [1/1] (0.00ns) (grouped into LUT with out node pix_val_V_119)   --->   "%pix_val_V_118 = select i1 %cond_read, i10 %pix_val_V_47, i10 %pix_val_V_117" [D:/zynqmp_cam_isp_demo/zynqmp_cam_isp_demo.runs/design_1_v_frmbuf_wr_0_0_synth_1/prj/sol/.autopilot/db/v_frmbuf_wr.cpp:235]   --->   Operation 55 'select' 'pix_val_V_118' <Predicate = (!icmp_ln207 & !icmp_ln235_read)> <Delay = 0.00> <CoreInst = "Sel">   --->   Core 73 'Sel' <Latency = 0> <II = 1> <Delay = 0.40> <FuncUnit> <Opcode : 'select'> <InPorts = 3> <OutPorts = 1>
ST_2 : Operation 56 [1/1] (0.40ns) (out node of the LUT)   --->   "%pix_val_V_119 = select i1 %icmp_ln235_read, i10 %pix_val_V_48, i10 %pix_val_V_118" [D:/zynqmp_cam_isp_demo/zynqmp_cam_isp_demo.runs/design_1_v_frmbuf_wr_0_0_synth_1/prj/sol/.autopilot/db/v_frmbuf_wr.cpp:235]   --->   Operation 56 'select' 'pix_val_V_119' <Predicate = (!icmp_ln207)> <Delay = 0.40> <CoreInst = "Sel">   --->   Core 73 'Sel' <Latency = 0> <II = 1> <Delay = 0.40> <FuncUnit> <Opcode : 'select'> <InPorts = 3> <OutPorts = 1>
ST_2 : Operation 57 [1/1] (0.00ns)   --->   "%pix_val_V_121 = partselect i10 @_ssdm_op_PartSelect.i10.i120.i32.i32, i120 %axi_data_V_4, i32 40, i32 49"   --->   Operation 57 'partselect' 'pix_val_V_121' <Predicate = (!icmp_ln207)> <Delay = 0.00>
ST_2 : Operation 58 [1/1] (0.40ns)   --->   "%pix_val_V_120 = select i1 %icmp_ln235_read, i10 %pix_val_V_121, i10 %pix_val_V_48" [D:/zynqmp_cam_isp_demo/zynqmp_cam_isp_demo.runs/design_1_v_frmbuf_wr_0_0_synth_1/prj/sol/.autopilot/db/v_frmbuf_wr.cpp:235]   --->   Operation 58 'select' 'pix_val_V_120' <Predicate = (!icmp_ln207)> <Delay = 0.40> <CoreInst = "Sel">   --->   Core 73 'Sel' <Latency = 0> <II = 1> <Delay = 0.40> <FuncUnit> <Opcode : 'select'> <InPorts = 3> <OutPorts = 1>
ST_2 : Operation 59 [1/1] (0.40ns)   --->   "%pix_val_V_122 = select i1 %icmp_ln235_read, i10 %pix_val_V_47, i10 %pix_val_V_121" [D:/zynqmp_cam_isp_demo/zynqmp_cam_isp_demo.runs/design_1_v_frmbuf_wr_0_0_synth_1/prj/sol/.autopilot/db/v_frmbuf_wr.cpp:235]   --->   Operation 59 'select' 'pix_val_V_122' <Predicate = (!icmp_ln207)> <Delay = 0.40> <CoreInst = "Sel">   --->   Core 73 'Sel' <Latency = 0> <II = 1> <Delay = 0.40> <FuncUnit> <Opcode : 'select'> <InPorts = 3> <OutPorts = 1>
ST_2 : Operation 60 [1/1] (0.00ns)   --->   "%pix_val_V_123 = partselect i10 @_ssdm_op_PartSelect.i10.i120.i32.i32, i120 %axi_data_V_4, i32 80, i32 89"   --->   Operation 60 'partselect' 'pix_val_V_123' <Predicate = (!icmp_ln207)> <Delay = 0.00>
ST_2 : Operation 61 [1/1] (0.00ns)   --->   "%pix_val_V_49 = partselect i10 @_ssdm_op_PartSelect.i10.i120.i32.i32, i120 %axi_data_V_4, i32 60, i32 69"   --->   Operation 61 'partselect' 'pix_val_V_49' <Predicate = (!icmp_ln207)> <Delay = 0.00>
ST_2 : Operation 62 [1/1] (0.00ns) (grouped into LUT with out node pix_val_V_125)   --->   "%pix_val_V_124 = select i1 %cond_read, i10 %pix_val_V_123, i10 %pix_val_V_121" [D:/zynqmp_cam_isp_demo/zynqmp_cam_isp_demo.runs/design_1_v_frmbuf_wr_0_0_synth_1/prj/sol/.autopilot/db/v_frmbuf_wr.cpp:235]   --->   Operation 62 'select' 'pix_val_V_124' <Predicate = (!icmp_ln207 & !icmp_ln235_read)> <Delay = 0.00> <CoreInst = "Sel">   --->   Core 73 'Sel' <Latency = 0> <II = 1> <Delay = 0.40> <FuncUnit> <Opcode : 'select'> <InPorts = 3> <OutPorts = 1>
ST_2 : Operation 63 [1/1] (0.40ns) (out node of the LUT)   --->   "%pix_val_V_125 = select i1 %icmp_ln235_read, i10 %pix_val_V_49, i10 %pix_val_V_124" [D:/zynqmp_cam_isp_demo/zynqmp_cam_isp_demo.runs/design_1_v_frmbuf_wr_0_0_synth_1/prj/sol/.autopilot/db/v_frmbuf_wr.cpp:235]   --->   Operation 63 'select' 'pix_val_V_125' <Predicate = (!icmp_ln207)> <Delay = 0.40> <CoreInst = "Sel">   --->   Core 73 'Sel' <Latency = 0> <II = 1> <Delay = 0.40> <FuncUnit> <Opcode : 'select'> <InPorts = 3> <OutPorts = 1>
ST_2 : Operation 64 [1/1] (0.00ns)   --->   "%pix_val_V_128 = partselect i10 @_ssdm_op_PartSelect.i10.i120.i32.i32, i120 %axi_data_V_4, i32 70, i32 79"   --->   Operation 64 'partselect' 'pix_val_V_128' <Predicate = (!icmp_ln207)> <Delay = 0.00>
ST_2 : Operation 65 [1/1] (0.00ns) (grouped into LUT with out node pix_val_V_127)   --->   "%pix_val_V_126 = select i1 %cond_read, i10 %pix_val_V_49, i10 %pix_val_V_47" [D:/zynqmp_cam_isp_demo/zynqmp_cam_isp_demo.runs/design_1_v_frmbuf_wr_0_0_synth_1/prj/sol/.autopilot/db/v_frmbuf_wr.cpp:235]   --->   Operation 65 'select' 'pix_val_V_126' <Predicate = (!icmp_ln207 & !icmp_ln235_read)> <Delay = 0.00> <CoreInst = "Sel">   --->   Core 73 'Sel' <Latency = 0> <II = 1> <Delay = 0.40> <FuncUnit> <Opcode : 'select'> <InPorts = 3> <OutPorts = 1>
ST_2 : Operation 66 [1/1] (0.40ns) (out node of the LUT)   --->   "%pix_val_V_127 = select i1 %icmp_ln235_read, i10 %pix_val_V_128, i10 %pix_val_V_126" [D:/zynqmp_cam_isp_demo/zynqmp_cam_isp_demo.runs/design_1_v_frmbuf_wr_0_0_synth_1/prj/sol/.autopilot/db/v_frmbuf_wr.cpp:235]   --->   Operation 66 'select' 'pix_val_V_127' <Predicate = (!icmp_ln207)> <Delay = 0.40> <CoreInst = "Sel">   --->   Core 73 'Sel' <Latency = 0> <II = 1> <Delay = 0.40> <FuncUnit> <Opcode : 'select'> <InPorts = 3> <OutPorts = 1>
ST_2 : Operation 67 [1/1] (0.00ns) (grouped into LUT with out node pix_val_V_130)   --->   "%pix_val_V_129 = select i1 %cond_read, i10 %pix_val_V_128, i10 %pix_val_V_49" [D:/zynqmp_cam_isp_demo/zynqmp_cam_isp_demo.runs/design_1_v_frmbuf_wr_0_0_synth_1/prj/sol/.autopilot/db/v_frmbuf_wr.cpp:235]   --->   Operation 67 'select' 'pix_val_V_129' <Predicate = (!icmp_ln207 & !icmp_ln235_read)> <Delay = 0.00> <CoreInst = "Sel">   --->   Core 73 'Sel' <Latency = 0> <II = 1> <Delay = 0.40> <FuncUnit> <Opcode : 'select'> <InPorts = 3> <OutPorts = 1>
ST_2 : Operation 68 [1/1] (0.40ns) (out node of the LUT)   --->   "%pix_val_V_130 = select i1 %icmp_ln235_read, i10 %pix_val_V_123, i10 %pix_val_V_129" [D:/zynqmp_cam_isp_demo/zynqmp_cam_isp_demo.runs/design_1_v_frmbuf_wr_0_0_synth_1/prj/sol/.autopilot/db/v_frmbuf_wr.cpp:235]   --->   Operation 68 'select' 'pix_val_V_130' <Predicate = (!icmp_ln207)> <Delay = 0.40> <CoreInst = "Sel">   --->   Core 73 'Sel' <Latency = 0> <II = 1> <Delay = 0.40> <FuncUnit> <Opcode : 'select'> <InPorts = 3> <OutPorts = 1>
ST_2 : Operation 69 [1/1] (0.00ns)   --->   "%pix_val_V_131 = partselect i10 @_ssdm_op_PartSelect.i10.i120.i32.i32, i120 %axi_data_V_4, i32 110, i32 119"   --->   Operation 69 'partselect' 'pix_val_V_131' <Predicate = (!icmp_ln207)> <Delay = 0.00>
ST_2 : Operation 70 [1/1] (0.00ns)   --->   "%pix_val_V_50 = partselect i10 @_ssdm_op_PartSelect.i10.i120.i32.i32, i120 %axi_data_V_4, i32 90, i32 99"   --->   Operation 70 'partselect' 'pix_val_V_50' <Predicate = (!icmp_ln207)> <Delay = 0.00>
ST_2 : Operation 71 [1/1] (0.00ns) (grouped into LUT with out node pix_val_V_133)   --->   "%pix_val_V_132 = select i1 %cond_read, i10 %pix_val_V_131, i10 %pix_val_V_49" [D:/zynqmp_cam_isp_demo/zynqmp_cam_isp_demo.runs/design_1_v_frmbuf_wr_0_0_synth_1/prj/sol/.autopilot/db/v_frmbuf_wr.cpp:235]   --->   Operation 71 'select' 'pix_val_V_132' <Predicate = (!icmp_ln207 & !icmp_ln235_read)> <Delay = 0.00> <CoreInst = "Sel">   --->   Core 73 'Sel' <Latency = 0> <II = 1> <Delay = 0.40> <FuncUnit> <Opcode : 'select'> <InPorts = 3> <OutPorts = 1>
ST_2 : Operation 72 [1/1] (0.40ns) (out node of the LUT)   --->   "%pix_val_V_133 = select i1 %icmp_ln235_read, i10 %pix_val_V_50, i10 %pix_val_V_132" [D:/zynqmp_cam_isp_demo/zynqmp_cam_isp_demo.runs/design_1_v_frmbuf_wr_0_0_synth_1/prj/sol/.autopilot/db/v_frmbuf_wr.cpp:235]   --->   Operation 72 'select' 'pix_val_V_133' <Predicate = (!icmp_ln207)> <Delay = 0.40> <CoreInst = "Sel">   --->   Core 73 'Sel' <Latency = 0> <II = 1> <Delay = 0.40> <FuncUnit> <Opcode : 'select'> <InPorts = 3> <OutPorts = 1>
ST_2 : Operation 73 [1/1] (0.00ns)   --->   "%pix_val_V_136 = partselect i10 @_ssdm_op_PartSelect.i10.i120.i32.i32, i120 %axi_data_V_4, i32 100, i32 109"   --->   Operation 73 'partselect' 'pix_val_V_136' <Predicate = (!icmp_ln207)> <Delay = 0.00>
ST_2 : Operation 74 [1/1] (0.00ns) (grouped into LUT with out node pix_val_V_135)   --->   "%pix_val_V_134 = select i1 %cond_read, i10 %pix_val_V_50, i10 %pix_val_V_128" [D:/zynqmp_cam_isp_demo/zynqmp_cam_isp_demo.runs/design_1_v_frmbuf_wr_0_0_synth_1/prj/sol/.autopilot/db/v_frmbuf_wr.cpp:235]   --->   Operation 74 'select' 'pix_val_V_134' <Predicate = (!icmp_ln207 & !icmp_ln235_read)> <Delay = 0.00> <CoreInst = "Sel">   --->   Core 73 'Sel' <Latency = 0> <II = 1> <Delay = 0.40> <FuncUnit> <Opcode : 'select'> <InPorts = 3> <OutPorts = 1>
ST_2 : Operation 75 [1/1] (0.40ns) (out node of the LUT)   --->   "%pix_val_V_135 = select i1 %icmp_ln235_read, i10 %pix_val_V_136, i10 %pix_val_V_134" [D:/zynqmp_cam_isp_demo/zynqmp_cam_isp_demo.runs/design_1_v_frmbuf_wr_0_0_synth_1/prj/sol/.autopilot/db/v_frmbuf_wr.cpp:235]   --->   Operation 75 'select' 'pix_val_V_135' <Predicate = (!icmp_ln207)> <Delay = 0.40> <CoreInst = "Sel">   --->   Core 73 'Sel' <Latency = 0> <II = 1> <Delay = 0.40> <FuncUnit> <Opcode : 'select'> <InPorts = 3> <OutPorts = 1>
ST_2 : Operation 76 [1/1] (0.00ns) (grouped into LUT with out node pix_val_V_138)   --->   "%pix_val_V_137 = select i1 %cond_read, i10 %pix_val_V_136, i10 %pix_val_V_123" [D:/zynqmp_cam_isp_demo/zynqmp_cam_isp_demo.runs/design_1_v_frmbuf_wr_0_0_synth_1/prj/sol/.autopilot/db/v_frmbuf_wr.cpp:235]   --->   Operation 76 'select' 'pix_val_V_137' <Predicate = (!icmp_ln207 & !icmp_ln235_read)> <Delay = 0.00> <CoreInst = "Sel">   --->   Core 73 'Sel' <Latency = 0> <II = 1> <Delay = 0.40> <FuncUnit> <Opcode : 'select'> <InPorts = 3> <OutPorts = 1>
ST_2 : Operation 77 [1/1] (0.40ns) (out node of the LUT)   --->   "%pix_val_V_138 = select i1 %icmp_ln235_read, i10 %pix_val_V_131, i10 %pix_val_V_137" [D:/zynqmp_cam_isp_demo/zynqmp_cam_isp_demo.runs/design_1_v_frmbuf_wr_0_0_synth_1/prj/sol/.autopilot/db/v_frmbuf_wr.cpp:235]   --->   Operation 77 'select' 'pix_val_V_138' <Predicate = (!icmp_ln207)> <Delay = 0.40> <CoreInst = "Sel">   --->   Core 73 'Sel' <Latency = 0> <II = 1> <Delay = 0.40> <FuncUnit> <Opcode : 'select'> <InPorts = 3> <OutPorts = 1>
ST_2 : Operation 78 [1/1] (0.00ns)   --->   "%p_0 = bitconcatenate i120 @_ssdm_op_BitConcatenate.i120.i10.i10.i10.i10.i10.i10.i10.i10.i10.i10.i10.i10, i10 %pix_val_V_138, i10 %pix_val_V_135, i10 %pix_val_V_133, i10 %pix_val_V_130, i10 %pix_val_V_127, i10 %pix_val_V_125, i10 %pix_val_V_122, i10 %pix_val_V_120, i10 %pix_val_V_119, i10 %pix_val_V_116, i10 %pix_val_V_115, i10 %pix_val_V_114" [D:/Xilinx/Vitis_HLS/2022.1/common/technology/autopilot/hls_stream_39.h:174]   --->   Operation 78 'bitconcatenate' 'p_0' <Predicate = (!icmp_ln207)> <Delay = 0.00>
ST_2 : Operation 79 [1/1] (1.83ns)   --->   "%write_ln174 = write void @_ssdm_op_Write.ap_fifo.volatile.i120P0A, i120 %img, i120 %p_0" [D:/Xilinx/Vitis_HLS/2022.1/common/technology/autopilot/hls_stream_39.h:174]   --->   Operation 79 'write' 'write_ln174' <Predicate = (!icmp_ln207)> <Delay = 1.83> <CoreInst = "FIFO_SRL">   --->   Core 81 'FIFO_SRL' <Latency = 0> <II = 1> <Delay = 1.83> <Storage> <Opcode : 'read' 'write' 'nbread' 'nbwrite'> <Ports = 0> <Width = 120> <Depth = 2> <FIFO>


============================================================
+ Verbose Summary: Binding
============================================================
STG Binding: 
---------------- STG Properties BEGIN ----------------
- Is combinational: 0
- Is one-state seq: 0
- Is datapath-only: 0
- Is pipelined: 0
- Is top level: 0
Port [ Return ] is wired: 1; IO mode=ap_ctrl_hs:ce=0
Port [ sof_2]:  wired=1; compound=0; hidden=0; nouse=0; global=0; static=0; extern=0; dir=0; type=0; pingpong=0; private_global=0; IO mode=ap_none:ce=0
Port [ axi_last_V_2]:  wired=1; compound=0; hidden=0; nouse=0; global=0; static=0; extern=0; dir=0; type=0; pingpong=0; private_global=0; IO mode=ap_none:ce=0
Port [ axi_data_V_2]:  wired=1; compound=0; hidden=0; nouse=0; global=0; static=0; extern=0; dir=0; type=0; pingpong=0; private_global=0; IO mode=ap_none:ce=0
Port [ div_cast]:  wired=1; compound=0; hidden=0; nouse=0; global=0; static=0; extern=0; dir=0; type=0; pingpong=0; private_global=0; IO mode=ap_none:ce=0
Port [ cond]:  wired=1; compound=0; hidden=0; nouse=0; global=0; static=0; extern=0; dir=0; type=0; pingpong=0; private_global=0; IO mode=ap_none:ce=0
Port [ icmp_ln235]:  wired=1; compound=0; hidden=0; nouse=0; global=0; static=0; extern=0; dir=0; type=0; pingpong=0; private_global=0; IO mode=ap_none:ce=0
Port [ img]:  wired=1; compound=1; hidden=0; nouse=0; global=0; static=0; extern=0; dir=1; type=3; pingpong=0; private_global=0; IO mode=ap_fifo:ce=0
Port [ s_axis_video_V_data_V]:  wired=1; compound=1; hidden=0; nouse=0; global=0; static=0; extern=0; dir=0; type=0; pingpong=0; private_global=0; IO mode=axis:ce=0
Port [ s_axis_video_V_keep_V]:  wired=1; compound=1; hidden=0; nouse=0; global=0; static=0; extern=0; dir=0; type=0; pingpong=0; private_global=0; IO mode=axis:ce=0
Port [ s_axis_video_V_strb_V]:  wired=1; compound=1; hidden=0; nouse=0; global=0; static=0; extern=0; dir=0; type=0; pingpong=0; private_global=0; IO mode=axis:ce=0
Port [ s_axis_video_V_user_V]:  wired=1; compound=1; hidden=0; nouse=0; global=0; static=0; extern=0; dir=0; type=0; pingpong=0; private_global=0; IO mode=axis:ce=0
Port [ s_axis_video_V_last_V]:  wired=1; compound=1; hidden=0; nouse=0; global=0; static=0; extern=0; dir=0; type=0; pingpong=0; private_global=0; IO mode=axis:ce=0
Port [ s_axis_video_V_id_V]:  wired=1; compound=1; hidden=0; nouse=0; global=0; static=0; extern=0; dir=0; type=0; pingpong=0; private_global=0; IO mode=axis:ce=0
Port [ s_axis_video_V_dest_V]:  wired=1; compound=1; hidden=0; nouse=0; global=0; static=0; extern=0; dir=0; type=0; pingpong=0; private_global=0; IO mode=axis:ce=0
Port [ eol_out]:  wired=1; compound=0; hidden=0; nouse=0; global=0; static=0; extern=0; dir=1; type=0; pingpong=0; private_global=0; IO mode=ap_vld:ce=0
Port [ axi_data_V_3_out]:  wired=1; compound=0; hidden=0; nouse=0; global=0; static=0; extern=0; dir=1; type=0; pingpong=0; private_global=0; IO mode=ap_vld:ce=0
---------------- STG Properties END ------------------

---------------- Datapath Model BEGIN ----------------

<LifeTime>
<method=bitvector/>
j                     (alloca           ) [ 010]
axi_data_V            (alloca           ) [ 011]
axi_last_V            (alloca           ) [ 011]
specinterface_ln0     (specinterface    ) [ 000]
specinterface_ln0     (specinterface    ) [ 000]
specinterface_ln0     (specinterface    ) [ 000]
specinterface_ln0     (specinterface    ) [ 000]
specinterface_ln0     (specinterface    ) [ 000]
specinterface_ln0     (specinterface    ) [ 000]
specinterface_ln0     (specinterface    ) [ 000]
specinterface_ln0     (specinterface    ) [ 000]
icmp_ln235_read       (read             ) [ 011]
cond_read             (read             ) [ 011]
div_cast_read         (read             ) [ 000]
axi_data_V_2_read     (read             ) [ 000]
axi_last_V_2_read     (read             ) [ 000]
sof_2_read            (read             ) [ 000]
store_ln0             (store            ) [ 000]
store_ln0             (store            ) [ 000]
store_ln0             (store            ) [ 000]
br_ln0                (br               ) [ 000]
eol                   (phi              ) [ 010]
sof                   (phi              ) [ 010]
j_1                   (load             ) [ 000]
icmp_ln207            (icmp             ) [ 011]
speclooptripcount_ln0 (speclooptripcount) [ 000]
j_2                   (add              ) [ 000]
br_ln207              (br               ) [ 000]
specpipeline_ln209    (specpipeline     ) [ 000]
specloopname_ln181    (specloopname     ) [ 000]
or_ln210              (or               ) [ 010]
br_ln210              (br               ) [ 000]
empty                 (read             ) [ 000]
tmp_data_V            (extractvalue     ) [ 000]
tmp_last_V            (extractvalue     ) [ 000]
store_ln283           (store            ) [ 000]
store_ln283           (store            ) [ 000]
br_ln0                (br               ) [ 000]
store_ln207           (store            ) [ 000]
br_ln207              (br               ) [ 010]
axi_data_V_4          (load             ) [ 000]
axi_last_V_4          (load             ) [ 010]
pix_val_V_117         (partselect       ) [ 000]
pix_val_V             (trunc            ) [ 000]
pix_val_V_114         (select           ) [ 000]
pix_val_V_46          (partselect       ) [ 000]
pix_val_V_115         (select           ) [ 000]
pix_val_V_116         (select           ) [ 000]
pix_val_V_47          (partselect       ) [ 000]
pix_val_V_48          (partselect       ) [ 000]
pix_val_V_118         (select           ) [ 000]
pix_val_V_119         (select           ) [ 000]
pix_val_V_121         (partselect       ) [ 000]
pix_val_V_120         (select           ) [ 000]
pix_val_V_122         (select           ) [ 000]
pix_val_V_123         (partselect       ) [ 000]
pix_val_V_49          (partselect       ) [ 000]
pix_val_V_124         (select           ) [ 000]
pix_val_V_125         (select           ) [ 000]
pix_val_V_128         (partselect       ) [ 000]
pix_val_V_126         (select           ) [ 000]
pix_val_V_127         (select           ) [ 000]
pix_val_V_129         (select           ) [ 000]
pix_val_V_130         (select           ) [ 000]
pix_val_V_131         (partselect       ) [ 000]
pix_val_V_50          (partselect       ) [ 000]
pix_val_V_132         (select           ) [ 000]
pix_val_V_133         (select           ) [ 000]
pix_val_V_136         (partselect       ) [ 000]
pix_val_V_134         (select           ) [ 000]
pix_val_V_135         (select           ) [ 000]
pix_val_V_137         (select           ) [ 000]
pix_val_V_138         (select           ) [ 000]
p_0                   (bitconcatenate   ) [ 000]
write_ln174           (write            ) [ 000]
axi_data_V_load       (load             ) [ 000]
write_ln0             (write            ) [ 000]
write_ln0             (write            ) [ 000]
ret_ln0               (ret              ) [ 000]
</LifeTime>

<model>

<comp_list>
<comp id="0" class="1000" name="sof_2">
<pin_list>
<pin id="1" dir="1" index="0" bw="1" slack="0"/>
</pin_list>
<bind>
<StgValue><ssdm name="sof_2"/></StgValue>
</bind>
</comp>

<comp id="2" class="1000" name="axi_last_V_2">
<pin_list>
<pin id="3" dir="1" index="0" bw="1" slack="0"/>
</pin_list>
<bind>
<StgValue><ssdm name="axi_last_V_2"/></StgValue>
</bind>
</comp>

<comp id="4" class="1000" name="axi_data_V_2">
<pin_list>
<pin id="5" dir="1" index="0" bw="1" slack="0"/>
</pin_list>
<bind>
<StgValue><ssdm name="axi_data_V_2"/></StgValue>
</bind>
</comp>

<comp id="6" class="1000" name="div_cast">
<pin_list>
<pin id="7" dir="1" index="0" bw="1" slack="0"/>
</pin_list>
<bind>
<StgValue><ssdm name="div_cast"/></StgValue>
</bind>
</comp>

<comp id="8" class="1000" name="cond">
<pin_list>
<pin id="9" dir="1" index="0" bw="1" slack="0"/>
</pin_list>
<bind>
<StgValue><ssdm name="cond"/></StgValue>
</bind>
</comp>

<comp id="10" class="1000" name="icmp_ln235">
<pin_list>
<pin id="11" dir="1" index="0" bw="1" slack="0"/>
</pin_list>
<bind>
<StgValue><ssdm name="icmp_ln235"/></StgValue>
</bind>
</comp>

<comp id="12" class="1000" name="img">
<pin_list>
<pin id="13" dir="1" index="0" bw="1" slack="0"/>
</pin_list>
<bind>
<StgValue><ssdm name="img"/></StgValue>
</bind>
</comp>

<comp id="14" class="1000" name="s_axis_video_V_data_V">
<pin_list>
<pin id="15" dir="1" index="0" bw="1" slack="0"/>
</pin_list>
<bind>
<StgValue><ssdm name="s_axis_video_V_data_V"/></StgValue>
</bind>
</comp>

<comp id="16" class="1000" name="s_axis_video_V_keep_V">
<pin_list>
<pin id="17" dir="1" index="0" bw="1" slack="0"/>
</pin_list>
<bind>
<StgValue><ssdm name="s_axis_video_V_keep_V"/></StgValue>
</bind>
</comp>

<comp id="18" class="1000" name="s_axis_video_V_strb_V">
<pin_list>
<pin id="19" dir="1" index="0" bw="1" slack="0"/>
</pin_list>
<bind>
<StgValue><ssdm name="s_axis_video_V_strb_V"/></StgValue>
</bind>
</comp>

<comp id="20" class="1000" name="s_axis_video_V_user_V">
<pin_list>
<pin id="21" dir="1" index="0" bw="1" slack="0"/>
</pin_list>
<bind>
<StgValue><ssdm name="s_axis_video_V_user_V"/></StgValue>
</bind>
</comp>

<comp id="22" class="1000" name="s_axis_video_V_last_V">
<pin_list>
<pin id="23" dir="1" index="0" bw="1" slack="0"/>
</pin_list>
<bind>
<StgValue><ssdm name="s_axis_video_V_last_V"/></StgValue>
</bind>
</comp>

<comp id="24" class="1000" name="s_axis_video_V_id_V">
<pin_list>
<pin id="25" dir="1" index="0" bw="1" slack="0"/>
</pin_list>
<bind>
<StgValue><ssdm name="s_axis_video_V_id_V"/></StgValue>
</bind>
</comp>

<comp id="26" class="1000" name="s_axis_video_V_dest_V">
<pin_list>
<pin id="27" dir="1" index="0" bw="1" slack="0"/>
</pin_list>
<bind>
<StgValue><ssdm name="s_axis_video_V_dest_V"/></StgValue>
</bind>
</comp>

<comp id="28" class="1000" name="eol_out">
<pin_list>
<pin id="29" dir="1" index="0" bw="1" slack="0"/>
</pin_list>
<bind>
<StgValue><ssdm name="eol_out"/></StgValue>
</bind>
</comp>

<comp id="30" class="1000" name="axi_data_V_3_out">
<pin_list>
<pin id="31" dir="1" index="0" bw="1" slack="0"/>
</pin_list>
<bind>
<StgValue><ssdm name="axi_data_V_3_out"/></StgValue>
</bind>
</comp>

<comp id="32" class="1001" name="const_32">
<pin_list>
<pin id="33" dir="1" index="0" bw="1" slack="0"/>
</pin_list>
<bind>
<StgValue><ssdm name=""/></StgValue>
</bind>
</comp>

<comp id="34" class="1001" name="const_34">
<pin_list>
<pin id="35" dir="1" index="0" bw="1" slack="2147483647"/>
</pin_list>
<bind>
<StgValue><ssdm name="_ssdm_op_SpecInterface"/></StgValue>
</bind>
</comp>

<comp id="36" class="1001" name="const_36">
<pin_list>
<pin id="37" dir="1" index="0" bw="1" slack="2147483647"/>
</pin_list>
<bind>
<StgValue><ssdm name="empty"/></StgValue>
</bind>
</comp>

<comp id="38" class="1001" name="const_38">
<pin_list>
<pin id="39" dir="1" index="0" bw="1" slack="2147483647"/>
</pin_list>
<bind>
<StgValue><ssdm name=""/></StgValue>
</bind>
</comp>

<comp id="40" class="1001" name="const_40">
<pin_list>
<pin id="41" dir="1" index="0" bw="1" slack="2147483647"/>
</pin_list>
<bind>
<StgValue><ssdm name="empty_0"/></StgValue>
</bind>
</comp>

<comp id="42" class="1001" name="const_42">
<pin_list>
<pin id="43" dir="1" index="0" bw="1" slack="2147483647"/>
</pin_list>
<bind>
<StgValue><ssdm name="empty_14"/></StgValue>
</bind>
</comp>

<comp id="44" class="1001" name="const_44">
<pin_list>
<pin id="45" dir="1" index="0" bw="1" slack="2147483647"/>
</pin_list>
<bind>
<StgValue><ssdm name=""/></StgValue>
</bind>
</comp>

<comp id="46" class="1001" name="const_46">
<pin_list>
<pin id="47" dir="1" index="0" bw="1" slack="2147483647"/>
</pin_list>
<bind>
<StgValue><ssdm name="empty_1"/></StgValue>
</bind>
</comp>

<comp id="48" class="1001" name="const_48">
<pin_list>
<pin id="49" dir="1" index="0" bw="1" slack="0"/>
</pin_list>
<bind>
<StgValue><ssdm name="_ssdm_op_Read.ap_auto.i1"/></StgValue>
</bind>
</comp>

<comp id="50" class="1001" name="const_50">
<pin_list>
<pin id="51" dir="1" index="0" bw="1" slack="0"/>
</pin_list>
<bind>
<StgValue><ssdm name="_ssdm_op_Read.ap_auto.i11"/></StgValue>
</bind>
</comp>

<comp id="52" class="1001" name="const_52">
<pin_list>
<pin id="53" dir="1" index="0" bw="1" slack="0"/>
</pin_list>
<bind>
<StgValue><ssdm name="_ssdm_op_Read.ap_auto.i120"/></StgValue>
</bind>
</comp>

<comp id="54" class="1001" name="const_54">
<pin_list>
<pin id="55" dir="1" index="0" bw="1" slack="0"/>
</pin_list>
<bind>
<StgValue><ssdm name=""/></StgValue>
</bind>
</comp>

<comp id="56" class="1001" name="const_56">
<pin_list>
<pin id="57" dir="1" index="0" bw="1" slack="0"/>
</pin_list>
<bind>
<StgValue><ssdm name=""/></StgValue>
</bind>
</comp>

<comp id="58" class="1001" name="const_58">
<pin_list>
<pin id="59" dir="1" index="0" bw="1" slack="2147483647"/>
</pin_list>
<bind>
<StgValue><ssdm name="_ssdm_op_SpecLoopTripCount"/></StgValue>
</bind>
</comp>

<comp id="60" class="1001" name="const_60">
<pin_list>
<pin id="61" dir="1" index="0" bw="1" slack="2147483647"/>
</pin_list>
<bind>
<StgValue><ssdm name=""/></StgValue>
</bind>
</comp>

<comp id="62" class="1001" name="const_62">
<pin_list>
<pin id="63" dir="1" index="0" bw="1" slack="2147483647"/>
</pin_list>
<bind>
<StgValue><ssdm name=""/></StgValue>
</bind>
</comp>

<comp id="64" class="1001" name="const_64">
<pin_list>
<pin id="65" dir="1" index="0" bw="1" slack="2147483647"/>
</pin_list>
<bind>
<StgValue><ssdm name=""/></StgValue>
</bind>
</comp>

<comp id="66" class="1001" name="const_66">
<pin_list>
<pin id="67" dir="1" index="0" bw="1" slack="0"/>
</pin_list>
<bind>
<StgValue><ssdm name=""/></StgValue>
</bind>
</comp>

<comp id="68" class="1001" name="const_68">
<pin_list>
<pin id="69" dir="1" index="0" bw="1" slack="2147483647"/>
</pin_list>
<bind>
<StgValue><ssdm name="_ssdm_op_SpecPipeline"/></StgValue>
</bind>
</comp>

<comp id="70" class="1001" name="const_70">
<pin_list>
<pin id="71" dir="1" index="0" bw="1" slack="2147483647"/>
</pin_list>
<bind>
<StgValue><ssdm name="_ssdm_op_SpecLoopName"/></StgValue>
</bind>
</comp>

<comp id="72" class="1001" name="const_72">
<pin_list>
<pin id="73" dir="1" index="0" bw="1" slack="2147483647"/>
</pin_list>
<bind>
<StgValue><ssdm name="empty_3"/></StgValue>
</bind>
</comp>

<comp id="74" class="1001" name="const_74">
<pin_list>
<pin id="75" dir="1" index="0" bw="1" slack="0"/>
</pin_list>
<bind>
<StgValue><ssdm name="_ssdm_op_Read.axis.volatile.i120P0A.i15P0A.i15P0A.i1P0A.i1P0A.i1P0A.i1P0A"/></StgValue>
</bind>
</comp>

<comp id="76" class="1001" name="const_76">
<pin_list>
<pin id="77" dir="1" index="0" bw="1" slack="0"/>
</pin_list>
<bind>
<StgValue><ssdm name="_ssdm_op_PartSelect.i10.i120.i32.i32"/></StgValue>
</bind>
</comp>

<comp id="78" class="1001" name="const_78">
<pin_list>
<pin id="79" dir="1" index="0" bw="1" slack="0"/>
</pin_list>
<bind>
<StgValue><ssdm name=""/></StgValue>
</bind>
</comp>

<comp id="80" class="1001" name="const_80">
<pin_list>
<pin id="81" dir="1" index="0" bw="1" slack="0"/>
</pin_list>
<bind>
<StgValue><ssdm name=""/></StgValue>
</bind>
</comp>

<comp id="82" class="1001" name="const_82">
<pin_list>
<pin id="83" dir="1" index="0" bw="1" slack="0"/>
</pin_list>
<bind>
<StgValue><ssdm name=""/></StgValue>
</bind>
</comp>

<comp id="84" class="1001" name="const_84">
<pin_list>
<pin id="85" dir="1" index="0" bw="1" slack="0"/>
</pin_list>
<bind>
<StgValue><ssdm name=""/></StgValue>
</bind>
</comp>

<comp id="86" class="1001" name="const_86">
<pin_list>
<pin id="87" dir="1" index="0" bw="1" slack="0"/>
</pin_list>
<bind>
<StgValue><ssdm name=""/></StgValue>
</bind>
</comp>

<comp id="88" class="1001" name="const_88">
<pin_list>
<pin id="89" dir="1" index="0" bw="1" slack="0"/>
</pin_list>
<bind>
<StgValue><ssdm name=""/></StgValue>
</bind>
</comp>

<comp id="90" class="1001" name="const_90">
<pin_list>
<pin id="91" dir="1" index="0" bw="1" slack="0"/>
</pin_list>
<bind>
<StgValue><ssdm name=""/></StgValue>
</bind>
</comp>

<comp id="92" class="1001" name="const_92">
<pin_list>
<pin id="93" dir="1" index="0" bw="1" slack="0"/>
</pin_list>
<bind>
<StgValue><ssdm name=""/></StgValue>
</bind>
</comp>

<comp id="94" class="1001" name="const_94">
<pin_list>
<pin id="95" dir="1" index="0" bw="1" slack="0"/>
</pin_list>
<bind>
<StgValue><ssdm name=""/></StgValue>
</bind>
</comp>

<comp id="96" class="1001" name="const_96">
<pin_list>
<pin id="97" dir="1" index="0" bw="1" slack="0"/>
</pin_list>
<bind>
<StgValue><ssdm name=""/></StgValue>
</bind>
</comp>

<comp id="98" class="1001" name="const_98">
<pin_list>
<pin id="99" dir="1" index="0" bw="1" slack="0"/>
</pin_list>
<bind>
<StgValue><ssdm name=""/></StgValue>
</bind>
</comp>

<comp id="100" class="1001" name="const_100">
<pin_list>
<pin id="101" dir="1" index="0" bw="1" slack="0"/>
</pin_list>
<bind>
<StgValue><ssdm name=""/></StgValue>
</bind>
</comp>

<comp id="102" class="1001" name="const_102">
<pin_list>
<pin id="103" dir="1" index="0" bw="1" slack="0"/>
</pin_list>
<bind>
<StgValue><ssdm name=""/></StgValue>
</bind>
</comp>

<comp id="104" class="1001" name="const_104">
<pin_list>
<pin id="105" dir="1" index="0" bw="1" slack="0"/>
</pin_list>
<bind>
<StgValue><ssdm name=""/></StgValue>
</bind>
</comp>

<comp id="106" class="1001" name="const_106">
<pin_list>
<pin id="107" dir="1" index="0" bw="1" slack="0"/>
</pin_list>
<bind>
<StgValue><ssdm name=""/></StgValue>
</bind>
</comp>

<comp id="108" class="1001" name="const_108">
<pin_list>
<pin id="109" dir="1" index="0" bw="1" slack="0"/>
</pin_list>
<bind>
<StgValue><ssdm name=""/></StgValue>
</bind>
</comp>

<comp id="110" class="1001" name="const_110">
<pin_list>
<pin id="111" dir="1" index="0" bw="1" slack="0"/>
</pin_list>
<bind>
<StgValue><ssdm name=""/></StgValue>
</bind>
</comp>

<comp id="112" class="1001" name="const_112">
<pin_list>
<pin id="113" dir="1" index="0" bw="1" slack="0"/>
</pin_list>
<bind>
<StgValue><ssdm name=""/></StgValue>
</bind>
</comp>

<comp id="114" class="1001" name="const_114">
<pin_list>
<pin id="115" dir="1" index="0" bw="1" slack="0"/>
</pin_list>
<bind>
<StgValue><ssdm name=""/></StgValue>
</bind>
</comp>

<comp id="116" class="1001" name="const_116">
<pin_list>
<pin id="117" dir="1" index="0" bw="1" slack="0"/>
</pin_list>
<bind>
<StgValue><ssdm name=""/></StgValue>
</bind>
</comp>

<comp id="118" class="1001" name="const_118">
<pin_list>
<pin id="119" dir="1" index="0" bw="1" slack="0"/>
</pin_list>
<bind>
<StgValue><ssdm name=""/></StgValue>
</bind>
</comp>

<comp id="120" class="1001" name="const_120">
<pin_list>
<pin id="121" dir="1" index="0" bw="1" slack="0"/>
</pin_list>
<bind>
<StgValue><ssdm name=""/></StgValue>
</bind>
</comp>

<comp id="122" class="1001" name="const_122">
<pin_list>
<pin id="123" dir="1" index="0" bw="1" slack="0"/>
</pin_list>
<bind>
<StgValue><ssdm name="_ssdm_op_BitConcatenate.i120.i10.i10.i10.i10.i10.i10.i10.i10.i10.i10.i10.i10"/></StgValue>
</bind>
</comp>

<comp id="124" class="1001" name="const_124">
<pin_list>
<pin id="125" dir="1" index="0" bw="1" slack="0"/>
</pin_list>
<bind>
<StgValue><ssdm name="_ssdm_op_Write.ap_fifo.volatile.i120P0A"/></StgValue>
</bind>
</comp>

<comp id="126" class="1001" name="const_126">
<pin_list>
<pin id="127" dir="1" index="0" bw="1" slack="0"/>
</pin_list>
<bind>
<StgValue><ssdm name="_ssdm_op_Write.ap_auto.i1P0A"/></StgValue>
</bind>
</comp>

<comp id="128" class="1001" name="const_128">
<pin_list>
<pin id="129" dir="1" index="0" bw="1" slack="0"/>
</pin_list>
<bind>
<StgValue><ssdm name="_ssdm_op_Write.ap_auto.i120P0A"/></StgValue>
</bind>
</comp>

<comp id="130" class="1004" name="j_fu_130">
<pin_list>
<pin id="131" dir="0" index="0" bw="1" slack="0"/>
<pin id="132" dir="1" index="1" bw="11" slack="0"/>
</pin_list>
<bind>
<opcode="alloca(26) " fcode="alloca"/>
<opset="j/1 "/>
</bind>
</comp>

<comp id="134" class="1004" name="axi_data_V_fu_134">
<pin_list>
<pin id="135" dir="0" index="0" bw="1" slack="0"/>
<pin id="136" dir="1" index="1" bw="120" slack="0"/>
</pin_list>
<bind>
<opcode="alloca(26) " fcode="alloca"/>
<opset="axi_data_V/1 "/>
</bind>
</comp>

<comp id="138" class="1004" name="axi_last_V_fu_138">
<pin_list>
<pin id="139" dir="0" index="0" bw="1" slack="0"/>
<pin id="140" dir="1" index="1" bw="1" slack="0"/>
</pin_list>
<bind>
<opcode="alloca(26) " fcode="alloca"/>
<opset="axi_last_V/1 "/>
</bind>
</comp>

<comp id="142" class="1004" name="icmp_ln235_read_read_fu_142">
<pin_list>
<pin id="143" dir="0" index="0" bw="1" slack="0"/>
<pin id="144" dir="0" index="1" bw="1" slack="0"/>
<pin id="145" dir="1" index="2" bw="1" slack="1"/>
</pin_list>
<bind>
<opcode="read(1150) " fcode="read"/>
<opset="icmp_ln235_read/1 "/>
</bind>
</comp>

<comp id="148" class="1004" name="cond_read_read_fu_148">
<pin_list>
<pin id="149" dir="0" index="0" bw="1" slack="0"/>
<pin id="150" dir="0" index="1" bw="1" slack="0"/>
<pin id="151" dir="1" index="2" bw="1" slack="1"/>
</pin_list>
<bind>
<opcode="read(1150) " fcode="read"/>
<opset="cond_read/1 "/>
</bind>
</comp>

<comp id="154" class="1004" name="div_cast_read_read_fu_154">
<pin_list>
<pin id="155" dir="0" index="0" bw="11" slack="0"/>
<pin id="156" dir="0" index="1" bw="11" slack="0"/>
<pin id="157" dir="1" index="2" bw="11" slack="0"/>
</pin_list>
<bind>
<opcode="read(1150) " fcode="read"/>
<opset="div_cast_read/1 "/>
</bind>
</comp>

<comp id="160" class="1004" name="axi_data_V_2_read_read_fu_160">
<pin_list>
<pin id="161" dir="0" index="0" bw="120" slack="0"/>
<pin id="162" dir="0" index="1" bw="120" slack="0"/>
<pin id="163" dir="1" index="2" bw="120" slack="0"/>
</pin_list>
<bind>
<opcode="read(1150) " fcode="read"/>
<opset="axi_data_V_2_read/1 "/>
</bind>
</comp>

<comp id="166" class="1004" name="axi_last_V_2_read_read_fu_166">
<pin_list>
<pin id="167" dir="0" index="0" bw="1" slack="0"/>
<pin id="168" dir="0" index="1" bw="1" slack="0"/>
<pin id="169" dir="1" index="2" bw="1" slack="0"/>
</pin_list>
<bind>
<opcode="read(1150) " fcode="read"/>
<opset="axi_last_V_2_read/1 "/>
</bind>
</comp>

<comp id="172" class="1004" name="sof_2_read_read_fu_172">
<pin_list>
<pin id="173" dir="0" index="0" bw="1" slack="0"/>
<pin id="174" dir="0" index="1" bw="1" slack="0"/>
<pin id="175" dir="1" index="2" bw="1" slack="0"/>
</pin_list>
<bind>
<opcode="read(1150) " fcode="read"/>
<opset="sof_2_read/1 "/>
</bind>
</comp>

<comp id="178" class="1004" name="empty_read_fu_178">
<pin_list>
<pin id="179" dir="0" index="0" bw="154" slack="0"/>
<pin id="180" dir="0" index="1" bw="120" slack="0"/>
<pin id="181" dir="0" index="2" bw="15" slack="0"/>
<pin id="182" dir="0" index="3" bw="15" slack="0"/>
<pin id="183" dir="0" index="4" bw="1" slack="0"/>
<pin id="184" dir="0" index="5" bw="1" slack="0"/>
<pin id="185" dir="0" index="6" bw="1" slack="0"/>
<pin id="186" dir="0" index="7" bw="1" slack="0"/>
<pin id="187" dir="1" index="8" bw="154" slack="0"/>
</pin_list>
<bind>
<opcode="read(1150) " fcode="read"/>
<opset="empty/1 "/>
</bind>
</comp>

<comp id="196" class="1004" name="write_ln174_write_fu_196">
<pin_list>
<pin id="197" dir="0" index="0" bw="0" slack="0"/>
<pin id="198" dir="0" index="1" bw="120" slack="0"/>
<pin id="199" dir="0" index="2" bw="120" slack="0"/>
<pin id="200" dir="1" index="3" bw="0" slack="2147483647"/>
</pin_list>
<bind>
<opcode="write(1151) " fcode="write"/>
<opset="write_ln174/2 "/>
</bind>
</comp>

<comp id="203" class="1004" name="write_ln0_write_fu_203">
<pin_list>
<pin id="204" dir="0" index="0" bw="0" slack="0"/>
<pin id="205" dir="0" index="1" bw="1" slack="0"/>
<pin id="206" dir="0" index="2" bw="1" slack="0"/>
<pin id="207" dir="1" index="3" bw="0" slack="2147483647"/>
</pin_list>
<bind>
<opcode="write(1151) " fcode="write"/>
<opset="write_ln0/1 "/>
</bind>
</comp>

<comp id="210" class="1004" name="write_ln0_write_fu_210">
<pin_list>
<pin id="211" dir="0" index="0" bw="0" slack="0"/>
<pin id="212" dir="0" index="1" bw="120" slack="0"/>
<pin id="213" dir="0" index="2" bw="120" slack="0"/>
<pin id="214" dir="1" index="3" bw="0" slack="2147483647"/>
</pin_list>
<bind>
<opcode="write(1151) " fcode="write"/>
<opset="write_ln0/1 "/>
</bind>
</comp>

<comp id="217" class="1005" name="eol_reg_217">
<pin_list>
<pin id="218" dir="0" index="0" bw="1" slack="2147483647"/>
<pin id="219" dir="1" index="1" bw="1" slack="2147483647"/>
</pin_list>
<bind>
<opset="eol (phireg) "/>
</bind>
</comp>

<comp id="220" class="1004" name="eol_phi_fu_220">
<pin_list>
<pin id="221" dir="0" index="0" bw="1" slack="1"/>
<pin id="222" dir="0" index="1" bw="0" slack="2147483647"/>
<pin id="223" dir="0" index="2" bw="1" slack="0"/>
<pin id="224" dir="0" index="3" bw="0" slack="2147483647"/>
<pin id="225" dir="1" index="4" bw="1" slack="0"/>
</pin_list>
<bind>
<opcode="phi(47) " fcode="phi"/>
<opset="eol/1 "/>
</bind>
</comp>

<comp id="228" class="1005" name="sof_reg_228">
<pin_list>
<pin id="229" dir="0" index="0" bw="1" slack="2147483647"/>
<pin id="230" dir="1" index="1" bw="1" slack="2147483647"/>
</pin_list>
<bind>
<opset="sof (phireg) "/>
</bind>
</comp>

<comp id="231" class="1004" name="sof_phi_fu_231">
<pin_list>
<pin id="232" dir="0" index="0" bw="1" slack="0"/>
<pin id="233" dir="0" index="1" bw="0" slack="2147483647"/>
<pin id="234" dir="0" index="2" bw="1" slack="0"/>
<pin id="235" dir="0" index="3" bw="0" slack="2147483647"/>
<pin id="236" dir="1" index="4" bw="1" slack="0"/>
</pin_list>
<bind>
<opcode="phi(47) " fcode="phi"/>
<opset="sof/1 "/>
</bind>
</comp>

<comp id="239" class="1004" name="store_ln0_store_fu_239">
<pin_list>
<pin id="240" dir="0" index="0" bw="1" slack="0"/>
<pin id="241" dir="0" index="1" bw="1" slack="0"/>
<pin id="242" dir="1" index="2" bw="0" slack="2147483647"/>
</pin_list>
<bind>
<opcode="store(28) " fcode="store"/>
<opset="store_ln0/1 "/>
</bind>
</comp>

<comp id="244" class="1004" name="store_ln0_store_fu_244">
<pin_list>
<pin id="245" dir="0" index="0" bw="120" slack="0"/>
<pin id="246" dir="0" index="1" bw="120" slack="0"/>
<pin id="247" dir="1" index="2" bw="0" slack="2147483647"/>
</pin_list>
<bind>
<opcode="store(28) " fcode="store"/>
<opset="store_ln0/1 "/>
</bind>
</comp>

<comp id="249" class="1004" name="store_ln0_store_fu_249">
<pin_list>
<pin id="250" dir="0" index="0" bw="1" slack="0"/>
<pin id="251" dir="0" index="1" bw="11" slack="0"/>
<pin id="252" dir="1" index="2" bw="0" slack="2147483647"/>
</pin_list>
<bind>
<opcode="store(28) " fcode="store"/>
<opset="store_ln0/1 "/>
</bind>
</comp>

<comp id="254" class="1004" name="j_1_load_fu_254">
<pin_list>
<pin id="255" dir="0" index="0" bw="11" slack="0"/>
<pin id="256" dir="1" index="1" bw="11" slack="0"/>
</pin_list>
<bind>
<opcode="load(27) " fcode="load"/>
<opset="j_1/1 "/>
</bind>
</comp>

<comp id="257" class="1004" name="icmp_ln207_fu_257">
<pin_list>
<pin id="258" dir="0" index="0" bw="11" slack="0"/>
<pin id="259" dir="0" index="1" bw="11" slack="0"/>
<pin id="260" dir="1" index="2" bw="1" slack="1"/>
</pin_list>
<bind>
<opcode="icmp(45) " fcode="icmp"/>
<opset="icmp_ln207/1 "/>
</bind>
</comp>

<comp id="263" class="1004" name="j_2_fu_263">
<pin_list>
<pin id="264" dir="0" index="0" bw="11" slack="0"/>
<pin id="265" dir="0" index="1" bw="1" slack="0"/>
<pin id="266" dir="1" index="2" bw="11" slack="0"/>
</pin_list>
<bind>
<opcode="add(8) " fcode="add"/>
<opset="j_2/1 "/>
</bind>
</comp>

<comp id="269" class="1004" name="or_ln210_fu_269">
<pin_list>
<pin id="270" dir="0" index="0" bw="1" slack="0"/>
<pin id="271" dir="0" index="1" bw="1" slack="0"/>
<pin id="272" dir="1" index="2" bw="1" slack="2147483647"/>
</pin_list>
<bind>
<opcode="or(24) " fcode="or"/>
<opset="or_ln210/1 "/>
</bind>
</comp>

<comp id="275" class="1004" name="tmp_data_V_fu_275">
<pin_list>
<pin id="276" dir="0" index="0" bw="154" slack="0"/>
<pin id="277" dir="1" index="1" bw="120" slack="0"/>
</pin_list>
<bind>
<opcode="extractvalue(56) " fcode="extractvalue"/>
<opset="tmp_data_V/1 "/>
</bind>
</comp>

<comp id="279" class="1004" name="tmp_last_V_fu_279">
<pin_list>
<pin id="280" dir="0" index="0" bw="154" slack="0"/>
<pin id="281" dir="1" index="1" bw="1" slack="0"/>
</pin_list>
<bind>
<opcode="extractvalue(56) " fcode="extractvalue"/>
<opset="tmp_last_V/1 "/>
</bind>
</comp>

<comp id="283" class="1004" name="store_ln283_store_fu_283">
<pin_list>
<pin id="284" dir="0" index="0" bw="1" slack="0"/>
<pin id="285" dir="0" index="1" bw="1" slack="0"/>
<pin id="286" dir="1" index="2" bw="0" slack="2147483647"/>
</pin_list>
<bind>
<opcode="store(28) " fcode="store"/>
<opset="store_ln283/1 "/>
</bind>
</comp>

<comp id="288" class="1004" name="store_ln283_store_fu_288">
<pin_list>
<pin id="289" dir="0" index="0" bw="120" slack="0"/>
<pin id="290" dir="0" index="1" bw="120" slack="0"/>
<pin id="291" dir="1" index="2" bw="0" slack="2147483647"/>
</pin_list>
<bind>
<opcode="store(28) " fcode="store"/>
<opset="store_ln283/1 "/>
</bind>
</comp>

<comp id="293" class="1004" name="store_ln207_store_fu_293">
<pin_list>
<pin id="294" dir="0" index="0" bw="11" slack="0"/>
<pin id="295" dir="0" index="1" bw="11" slack="0"/>
<pin id="296" dir="1" index="2" bw="0" slack="2147483647"/>
</pin_list>
<bind>
<opcode="store(28) " fcode="store"/>
<opset="store_ln207/1 "/>
</bind>
</comp>

<comp id="298" class="1004" name="axi_data_V_4_load_fu_298">
<pin_list>
<pin id="299" dir="0" index="0" bw="120" slack="1"/>
<pin id="300" dir="1" index="1" bw="120" slack="0"/>
</pin_list>
<bind>
<opcode="load(27) " fcode="load"/>
<opset="axi_data_V_4/2 "/>
</bind>
</comp>

<comp id="301" class="1004" name="axi_last_V_4_load_fu_301">
<pin_list>
<pin id="302" dir="0" index="0" bw="1" slack="1"/>
<pin id="303" dir="1" index="1" bw="1" slack="1"/>
</pin_list>
<bind>
<opcode="load(27) " fcode="load"/>
<opset="axi_last_V_4/2 "/>
</bind>
</comp>

<comp id="304" class="1004" name="pix_val_V_117_fu_304">
<pin_list>
<pin id="305" dir="0" index="0" bw="10" slack="0"/>
<pin id="306" dir="0" index="1" bw="120" slack="0"/>
<pin id="307" dir="0" index="2" bw="6" slack="0"/>
<pin id="308" dir="0" index="3" bw="6" slack="0"/>
<pin id="309" dir="1" index="4" bw="10" slack="0"/>
</pin_list>
<bind>
<opcode="partselect(1002) " fcode="partselect"/>
<opset="pix_val_V_117/2 "/>
</bind>
</comp>

<comp id="314" class="1004" name="pix_val_V_fu_314">
<pin_list>
<pin id="315" dir="0" index="0" bw="120" slack="0"/>
<pin id="316" dir="1" index="1" bw="10" slack="0"/>
</pin_list>
<bind>
<opcode="trunc(33) " fcode="trunc"/>
<opset="pix_val_V/2 "/>
</bind>
</comp>

<comp id="318" class="1004" name="pix_val_V_114_fu_318">
<pin_list>
<pin id="319" dir="0" index="0" bw="1" slack="1"/>
<pin id="320" dir="0" index="1" bw="10" slack="0"/>
<pin id="321" dir="0" index="2" bw="10" slack="0"/>
<pin id="322" dir="1" index="3" bw="10" slack="0"/>
</pin_list>
<bind>
<opcode="select(49) " fcode="select"/>
<opset="pix_val_V_114/2 "/>
</bind>
</comp>

<comp id="325" class="1004" name="pix_val_V_46_fu_325">
<pin_list>
<pin id="326" dir="0" index="0" bw="10" slack="0"/>
<pin id="327" dir="0" index="1" bw="120" slack="0"/>
<pin id="328" dir="0" index="2" bw="5" slack="0"/>
<pin id="329" dir="0" index="3" bw="6" slack="0"/>
<pin id="330" dir="1" index="4" bw="10" slack="0"/>
</pin_list>
<bind>
<opcode="partselect(1002) " fcode="partselect"/>
<opset="pix_val_V_46/2 "/>
</bind>
</comp>

<comp id="335" class="1004" name="pix_val_V_115_fu_335">
<pin_list>
<pin id="336" dir="0" index="0" bw="1" slack="1"/>
<pin id="337" dir="0" index="1" bw="10" slack="0"/>
<pin id="338" dir="0" index="2" bw="10" slack="0"/>
<pin id="339" dir="1" index="3" bw="10" slack="0"/>
</pin_list>
<bind>
<opcode="select(49) " fcode="select"/>
<opset="pix_val_V_115/2 "/>
</bind>
</comp>

<comp id="342" class="1004" name="pix_val_V_116_fu_342">
<pin_list>
<pin id="343" dir="0" index="0" bw="1" slack="1"/>
<pin id="344" dir="0" index="1" bw="10" slack="0"/>
<pin id="345" dir="0" index="2" bw="10" slack="0"/>
<pin id="346" dir="1" index="3" bw="10" slack="0"/>
</pin_list>
<bind>
<opcode="select(49) " fcode="select"/>
<opset="pix_val_V_116/2 "/>
</bind>
</comp>

<comp id="349" class="1004" name="pix_val_V_47_fu_349">
<pin_list>
<pin id="350" dir="0" index="0" bw="10" slack="0"/>
<pin id="351" dir="0" index="1" bw="120" slack="0"/>
<pin id="352" dir="0" index="2" bw="7" slack="0"/>
<pin id="353" dir="0" index="3" bw="7" slack="0"/>
<pin id="354" dir="1" index="4" bw="10" slack="0"/>
</pin_list>
<bind>
<opcode="partselect(1002) " fcode="partselect"/>
<opset="pix_val_V_47/2 "/>
</bind>
</comp>

<comp id="359" class="1004" name="pix_val_V_48_fu_359">
<pin_list>
<pin id="360" dir="0" index="0" bw="10" slack="0"/>
<pin id="361" dir="0" index="1" bw="120" slack="0"/>
<pin id="362" dir="0" index="2" bw="6" slack="0"/>
<pin id="363" dir="0" index="3" bw="7" slack="0"/>
<pin id="364" dir="1" index="4" bw="10" slack="0"/>
</pin_list>
<bind>
<opcode="partselect(1002) " fcode="partselect"/>
<opset="pix_val_V_48/2 "/>
</bind>
</comp>

<comp id="369" class="1004" name="pix_val_V_118_fu_369">
<pin_list>
<pin id="370" dir="0" index="0" bw="1" slack="1"/>
<pin id="371" dir="0" index="1" bw="10" slack="0"/>
<pin id="372" dir="0" index="2" bw="10" slack="0"/>
<pin id="373" dir="1" index="3" bw="10" slack="0"/>
</pin_list>
<bind>
<opcode="select(49) " fcode="select"/>
<opset="pix_val_V_118/2 "/>
</bind>
</comp>

<comp id="376" class="1004" name="pix_val_V_119_fu_376">
<pin_list>
<pin id="377" dir="0" index="0" bw="1" slack="1"/>
<pin id="378" dir="0" index="1" bw="10" slack="0"/>
<pin id="379" dir="0" index="2" bw="10" slack="0"/>
<pin id="380" dir="1" index="3" bw="10" slack="0"/>
</pin_list>
<bind>
<opcode="select(49) " fcode="select"/>
<opset="pix_val_V_119/2 "/>
</bind>
</comp>

<comp id="383" class="1004" name="pix_val_V_121_fu_383">
<pin_list>
<pin id="384" dir="0" index="0" bw="10" slack="0"/>
<pin id="385" dir="0" index="1" bw="120" slack="0"/>
<pin id="386" dir="0" index="2" bw="7" slack="0"/>
<pin id="387" dir="0" index="3" bw="7" slack="0"/>
<pin id="388" dir="1" index="4" bw="10" slack="0"/>
</pin_list>
<bind>
<opcode="partselect(1002) " fcode="partselect"/>
<opset="pix_val_V_121/2 "/>
</bind>
</comp>

<comp id="393" class="1004" name="pix_val_V_120_fu_393">
<pin_list>
<pin id="394" dir="0" index="0" bw="1" slack="1"/>
<pin id="395" dir="0" index="1" bw="10" slack="0"/>
<pin id="396" dir="0" index="2" bw="10" slack="0"/>
<pin id="397" dir="1" index="3" bw="10" slack="0"/>
</pin_list>
<bind>
<opcode="select(49) " fcode="select"/>
<opset="pix_val_V_120/2 "/>
</bind>
</comp>

<comp id="400" class="1004" name="pix_val_V_122_fu_400">
<pin_list>
<pin id="401" dir="0" index="0" bw="1" slack="1"/>
<pin id="402" dir="0" index="1" bw="10" slack="0"/>
<pin id="403" dir="0" index="2" bw="10" slack="0"/>
<pin id="404" dir="1" index="3" bw="10" slack="0"/>
</pin_list>
<bind>
<opcode="select(49) " fcode="select"/>
<opset="pix_val_V_122/2 "/>
</bind>
</comp>

<comp id="407" class="1004" name="pix_val_V_123_fu_407">
<pin_list>
<pin id="408" dir="0" index="0" bw="10" slack="0"/>
<pin id="409" dir="0" index="1" bw="120" slack="0"/>
<pin id="410" dir="0" index="2" bw="8" slack="0"/>
<pin id="411" dir="0" index="3" bw="8" slack="0"/>
<pin id="412" dir="1" index="4" bw="10" slack="0"/>
</pin_list>
<bind>
<opcode="partselect(1002) " fcode="partselect"/>
<opset="pix_val_V_123/2 "/>
</bind>
</comp>

<comp id="417" class="1004" name="pix_val_V_49_fu_417">
<pin_list>
<pin id="418" dir="0" index="0" bw="10" slack="0"/>
<pin id="419" dir="0" index="1" bw="120" slack="0"/>
<pin id="420" dir="0" index="2" bw="7" slack="0"/>
<pin id="421" dir="0" index="3" bw="8" slack="0"/>
<pin id="422" dir="1" index="4" bw="10" slack="0"/>
</pin_list>
<bind>
<opcode="partselect(1002) " fcode="partselect"/>
<opset="pix_val_V_49/2 "/>
</bind>
</comp>

<comp id="427" class="1004" name="pix_val_V_124_fu_427">
<pin_list>
<pin id="428" dir="0" index="0" bw="1" slack="1"/>
<pin id="429" dir="0" index="1" bw="10" slack="0"/>
<pin id="430" dir="0" index="2" bw="10" slack="0"/>
<pin id="431" dir="1" index="3" bw="10" slack="0"/>
</pin_list>
<bind>
<opcode="select(49) " fcode="select"/>
<opset="pix_val_V_124/2 "/>
</bind>
</comp>

<comp id="434" class="1004" name="pix_val_V_125_fu_434">
<pin_list>
<pin id="435" dir="0" index="0" bw="1" slack="1"/>
<pin id="436" dir="0" index="1" bw="10" slack="0"/>
<pin id="437" dir="0" index="2" bw="10" slack="0"/>
<pin id="438" dir="1" index="3" bw="10" slack="0"/>
</pin_list>
<bind>
<opcode="select(49) " fcode="select"/>
<opset="pix_val_V_125/2 "/>
</bind>
</comp>

<comp id="441" class="1004" name="pix_val_V_128_fu_441">
<pin_list>
<pin id="442" dir="0" index="0" bw="10" slack="0"/>
<pin id="443" dir="0" index="1" bw="120" slack="0"/>
<pin id="444" dir="0" index="2" bw="8" slack="0"/>
<pin id="445" dir="0" index="3" bw="8" slack="0"/>
<pin id="446" dir="1" index="4" bw="10" slack="0"/>
</pin_list>
<bind>
<opcode="partselect(1002) " fcode="partselect"/>
<opset="pix_val_V_128/2 "/>
</bind>
</comp>

<comp id="451" class="1004" name="pix_val_V_126_fu_451">
<pin_list>
<pin id="452" dir="0" index="0" bw="1" slack="1"/>
<pin id="453" dir="0" index="1" bw="10" slack="0"/>
<pin id="454" dir="0" index="2" bw="10" slack="0"/>
<pin id="455" dir="1" index="3" bw="10" slack="0"/>
</pin_list>
<bind>
<opcode="select(49) " fcode="select"/>
<opset="pix_val_V_126/2 "/>
</bind>
</comp>

<comp id="458" class="1004" name="pix_val_V_127_fu_458">
<pin_list>
<pin id="459" dir="0" index="0" bw="1" slack="1"/>
<pin id="460" dir="0" index="1" bw="10" slack="0"/>
<pin id="461" dir="0" index="2" bw="10" slack="0"/>
<pin id="462" dir="1" index="3" bw="10" slack="0"/>
</pin_list>
<bind>
<opcode="select(49) " fcode="select"/>
<opset="pix_val_V_127/2 "/>
</bind>
</comp>

<comp id="465" class="1004" name="pix_val_V_129_fu_465">
<pin_list>
<pin id="466" dir="0" index="0" bw="1" slack="1"/>
<pin id="467" dir="0" index="1" bw="10" slack="0"/>
<pin id="468" dir="0" index="2" bw="10" slack="0"/>
<pin id="469" dir="1" index="3" bw="10" slack="0"/>
</pin_list>
<bind>
<opcode="select(49) " fcode="select"/>
<opset="pix_val_V_129/2 "/>
</bind>
</comp>

<comp id="472" class="1004" name="pix_val_V_130_fu_472">
<pin_list>
<pin id="473" dir="0" index="0" bw="1" slack="1"/>
<pin id="474" dir="0" index="1" bw="10" slack="0"/>
<pin id="475" dir="0" index="2" bw="10" slack="0"/>
<pin id="476" dir="1" index="3" bw="10" slack="0"/>
</pin_list>
<bind>
<opcode="select(49) " fcode="select"/>
<opset="pix_val_V_130/2 "/>
</bind>
</comp>

<comp id="479" class="1004" name="pix_val_V_131_fu_479">
<pin_list>
<pin id="480" dir="0" index="0" bw="10" slack="0"/>
<pin id="481" dir="0" index="1" bw="120" slack="0"/>
<pin id="482" dir="0" index="2" bw="8" slack="0"/>
<pin id="483" dir="0" index="3" bw="8" slack="0"/>
<pin id="484" dir="1" index="4" bw="10" slack="0"/>
</pin_list>
<bind>
<opcode="partselect(1002) " fcode="partselect"/>
<opset="pix_val_V_131/2 "/>
</bind>
</comp>

<comp id="489" class="1004" name="pix_val_V_50_fu_489">
<pin_list>
<pin id="490" dir="0" index="0" bw="10" slack="0"/>
<pin id="491" dir="0" index="1" bw="120" slack="0"/>
<pin id="492" dir="0" index="2" bw="8" slack="0"/>
<pin id="493" dir="0" index="3" bw="8" slack="0"/>
<pin id="494" dir="1" index="4" bw="10" slack="0"/>
</pin_list>
<bind>
<opcode="partselect(1002) " fcode="partselect"/>
<opset="pix_val_V_50/2 "/>
</bind>
</comp>

<comp id="499" class="1004" name="pix_val_V_132_fu_499">
<pin_list>
<pin id="500" dir="0" index="0" bw="1" slack="1"/>
<pin id="501" dir="0" index="1" bw="10" slack="0"/>
<pin id="502" dir="0" index="2" bw="10" slack="0"/>
<pin id="503" dir="1" index="3" bw="10" slack="0"/>
</pin_list>
<bind>
<opcode="select(49) " fcode="select"/>
<opset="pix_val_V_132/2 "/>
</bind>
</comp>

<comp id="506" class="1004" name="pix_val_V_133_fu_506">
<pin_list>
<pin id="507" dir="0" index="0" bw="1" slack="1"/>
<pin id="508" dir="0" index="1" bw="10" slack="0"/>
<pin id="509" dir="0" index="2" bw="10" slack="0"/>
<pin id="510" dir="1" index="3" bw="10" slack="0"/>
</pin_list>
<bind>
<opcode="select(49) " fcode="select"/>
<opset="pix_val_V_133/2 "/>
</bind>
</comp>

<comp id="513" class="1004" name="pix_val_V_136_fu_513">
<pin_list>
<pin id="514" dir="0" index="0" bw="10" slack="0"/>
<pin id="515" dir="0" index="1" bw="120" slack="0"/>
<pin id="516" dir="0" index="2" bw="8" slack="0"/>
<pin id="517" dir="0" index="3" bw="8" slack="0"/>
<pin id="518" dir="1" index="4" bw="10" slack="0"/>
</pin_list>
<bind>
<opcode="partselect(1002) " fcode="partselect"/>
<opset="pix_val_V_136/2 "/>
</bind>
</comp>

<comp id="523" class="1004" name="pix_val_V_134_fu_523">
<pin_list>
<pin id="524" dir="0" index="0" bw="1" slack="1"/>
<pin id="525" dir="0" index="1" bw="10" slack="0"/>
<pin id="526" dir="0" index="2" bw="10" slack="0"/>
<pin id="527" dir="1" index="3" bw="10" slack="0"/>
</pin_list>
<bind>
<opcode="select(49) " fcode="select"/>
<opset="pix_val_V_134/2 "/>
</bind>
</comp>

<comp id="530" class="1004" name="pix_val_V_135_fu_530">
<pin_list>
<pin id="531" dir="0" index="0" bw="1" slack="1"/>
<pin id="532" dir="0" index="1" bw="10" slack="0"/>
<pin id="533" dir="0" index="2" bw="10" slack="0"/>
<pin id="534" dir="1" index="3" bw="10" slack="0"/>
</pin_list>
<bind>
<opcode="select(49) " fcode="select"/>
<opset="pix_val_V_135/2 "/>
</bind>
</comp>

<comp id="537" class="1004" name="pix_val_V_137_fu_537">
<pin_list>
<pin id="538" dir="0" index="0" bw="1" slack="1"/>
<pin id="539" dir="0" index="1" bw="10" slack="0"/>
<pin id="540" dir="0" index="2" bw="10" slack="0"/>
<pin id="541" dir="1" index="3" bw="10" slack="0"/>
</pin_list>
<bind>
<opcode="select(49) " fcode="select"/>
<opset="pix_val_V_137/2 "/>
</bind>
</comp>

<comp id="544" class="1004" name="pix_val_V_138_fu_544">
<pin_list>
<pin id="545" dir="0" index="0" bw="1" slack="1"/>
<pin id="546" dir="0" index="1" bw="10" slack="0"/>
<pin id="547" dir="0" index="2" bw="10" slack="0"/>
<pin id="548" dir="1" index="3" bw="10" slack="0"/>
</pin_list>
<bind>
<opcode="select(49) " fcode="select"/>
<opset="pix_val_V_138/2 "/>
</bind>
</comp>

<comp id="551" class="1004" name="p_0_fu_551">
<pin_list>
<pin id="552" dir="0" index="0" bw="120" slack="0"/>
<pin id="553" dir="0" index="1" bw="10" slack="0"/>
<pin id="554" dir="0" index="2" bw="10" slack="0"/>
<pin id="555" dir="0" index="3" bw="10" slack="0"/>
<pin id="556" dir="0" index="4" bw="10" slack="0"/>
<pin id="557" dir="0" index="5" bw="10" slack="0"/>
<pin id="558" dir="0" index="6" bw="10" slack="0"/>
<pin id="559" dir="0" index="7" bw="10" slack="0"/>
<pin id="560" dir="0" index="8" bw="10" slack="0"/>
<pin id="561" dir="0" index="9" bw="10" slack="0"/>
<pin id="562" dir="0" index="10" bw="10" slack="0"/>
<pin id="563" dir="0" index="11" bw="10" slack="0"/>
<pin id="564" dir="0" index="12" bw="10" slack="0"/>
<pin id="565" dir="1" index="13" bw="120" slack="0"/>
</pin_list>
<bind>
<opcode="bitconcatenate(1004) " fcode="bitconcatenate"/>
<opset="p_0/2 "/>
</bind>
</comp>

<comp id="580" class="1004" name="axi_data_V_load_load_fu_580">
<pin_list>
<pin id="581" dir="0" index="0" bw="120" slack="0"/>
<pin id="582" dir="1" index="1" bw="120" slack="0"/>
</pin_list>
<bind>
<opcode="load(27) " fcode="load"/>
<opset="axi_data_V_load/1 "/>
</bind>
</comp>

<comp id="584" class="1005" name="j_reg_584">
<pin_list>
<pin id="585" dir="0" index="0" bw="11" slack="0"/>
<pin id="586" dir="1" index="1" bw="11" slack="0"/>
</pin_list>
<bind>
<opset="j "/>
</bind>
</comp>

<comp id="591" class="1005" name="axi_data_V_reg_591">
<pin_list>
<pin id="592" dir="0" index="0" bw="120" slack="0"/>
<pin id="593" dir="1" index="1" bw="120" slack="0"/>
</pin_list>
<bind>
<opset="axi_data_V "/>
</bind>
</comp>

<comp id="599" class="1005" name="axi_last_V_reg_599">
<pin_list>
<pin id="600" dir="0" index="0" bw="1" slack="0"/>
<pin id="601" dir="1" index="1" bw="1" slack="0"/>
</pin_list>
<bind>
<opset="axi_last_V "/>
</bind>
</comp>

<comp id="606" class="1005" name="icmp_ln235_read_reg_606">
<pin_list>
<pin id="607" dir="0" index="0" bw="1" slack="1"/>
<pin id="608" dir="1" index="1" bw="1" slack="1"/>
</pin_list>
<bind>
<opset="icmp_ln235_read "/>
</bind>
</comp>

<comp id="619" class="1005" name="cond_read_reg_619">
<pin_list>
<pin id="620" dir="0" index="0" bw="1" slack="1"/>
<pin id="621" dir="1" index="1" bw="1" slack="1"/>
</pin_list>
<bind>
<opset="cond_read "/>
</bind>
</comp>

<comp id="633" class="1005" name="icmp_ln207_reg_633">
<pin_list>
<pin id="634" dir="0" index="0" bw="1" slack="1"/>
<pin id="635" dir="1" index="1" bw="1" slack="2147483647"/>
</pin_list>
<bind>
<opset="icmp_ln207 "/>
</bind>
</comp>

<comp id="640" class="1005" name="axi_last_V_4_reg_640">
<pin_list>
<pin id="641" dir="0" index="0" bw="1" slack="1"/>
<pin id="642" dir="1" index="1" bw="1" slack="1"/>
</pin_list>
<bind>
<opset="axi_last_V_4 "/>
</bind>
</comp>

</comp_list>

<net_list>
<net id="133"><net_src comp="32" pin="0"/><net_sink comp="130" pin=0"/></net>

<net id="137"><net_src comp="32" pin="0"/><net_sink comp="134" pin=0"/></net>

<net id="141"><net_src comp="32" pin="0"/><net_sink comp="138" pin=0"/></net>

<net id="146"><net_src comp="48" pin="0"/><net_sink comp="142" pin=0"/></net>

<net id="147"><net_src comp="10" pin="0"/><net_sink comp="142" pin=1"/></net>

<net id="152"><net_src comp="48" pin="0"/><net_sink comp="148" pin=0"/></net>

<net id="153"><net_src comp="8" pin="0"/><net_sink comp="148" pin=1"/></net>

<net id="158"><net_src comp="50" pin="0"/><net_sink comp="154" pin=0"/></net>

<net id="159"><net_src comp="6" pin="0"/><net_sink comp="154" pin=1"/></net>

<net id="164"><net_src comp="52" pin="0"/><net_sink comp="160" pin=0"/></net>

<net id="165"><net_src comp="4" pin="0"/><net_sink comp="160" pin=1"/></net>

<net id="170"><net_src comp="48" pin="0"/><net_sink comp="166" pin=0"/></net>

<net id="171"><net_src comp="2" pin="0"/><net_sink comp="166" pin=1"/></net>

<net id="176"><net_src comp="48" pin="0"/><net_sink comp="172" pin=0"/></net>

<net id="177"><net_src comp="0" pin="0"/><net_sink comp="172" pin=1"/></net>

<net id="188"><net_src comp="74" pin="0"/><net_sink comp="178" pin=0"/></net>

<net id="189"><net_src comp="14" pin="0"/><net_sink comp="178" pin=1"/></net>

<net id="190"><net_src comp="16" pin="0"/><net_sink comp="178" pin=2"/></net>

<net id="191"><net_src comp="18" pin="0"/><net_sink comp="178" pin=3"/></net>

<net id="192"><net_src comp="20" pin="0"/><net_sink comp="178" pin=4"/></net>

<net id="193"><net_src comp="22" pin="0"/><net_sink comp="178" pin=5"/></net>

<net id="194"><net_src comp="24" pin="0"/><net_sink comp="178" pin=6"/></net>

<net id="195"><net_src comp="26" pin="0"/><net_sink comp="178" pin=7"/></net>

<net id="201"><net_src comp="124" pin="0"/><net_sink comp="196" pin=0"/></net>

<net id="202"><net_src comp="12" pin="0"/><net_sink comp="196" pin=1"/></net>

<net id="208"><net_src comp="126" pin="0"/><net_sink comp="203" pin=0"/></net>

<net id="209"><net_src comp="28" pin="0"/><net_sink comp="203" pin=1"/></net>

<net id="215"><net_src comp="128" pin="0"/><net_sink comp="210" pin=0"/></net>

<net id="216"><net_src comp="30" pin="0"/><net_sink comp="210" pin=1"/></net>

<net id="226"><net_src comp="56" pin="0"/><net_sink comp="220" pin=2"/></net>

<net id="227"><net_src comp="220" pin="4"/><net_sink comp="203" pin=2"/></net>

<net id="237"><net_src comp="56" pin="0"/><net_sink comp="231" pin=0"/></net>

<net id="238"><net_src comp="172" pin="2"/><net_sink comp="231" pin=2"/></net>

<net id="243"><net_src comp="166" pin="2"/><net_sink comp="239" pin=0"/></net>

<net id="248"><net_src comp="160" pin="2"/><net_sink comp="244" pin=0"/></net>

<net id="253"><net_src comp="54" pin="0"/><net_sink comp="249" pin=0"/></net>

<net id="261"><net_src comp="254" pin="1"/><net_sink comp="257" pin=0"/></net>

<net id="262"><net_src comp="154" pin="2"/><net_sink comp="257" pin=1"/></net>

<net id="267"><net_src comp="254" pin="1"/><net_sink comp="263" pin=0"/></net>

<net id="268"><net_src comp="66" pin="0"/><net_sink comp="263" pin=1"/></net>

<net id="273"><net_src comp="231" pin="4"/><net_sink comp="269" pin=0"/></net>

<net id="274"><net_src comp="220" pin="4"/><net_sink comp="269" pin=1"/></net>

<net id="278"><net_src comp="178" pin="8"/><net_sink comp="275" pin=0"/></net>

<net id="282"><net_src comp="178" pin="8"/><net_sink comp="279" pin=0"/></net>

<net id="287"><net_src comp="279" pin="1"/><net_sink comp="283" pin=0"/></net>

<net id="292"><net_src comp="275" pin="1"/><net_sink comp="288" pin=0"/></net>

<net id="297"><net_src comp="263" pin="2"/><net_sink comp="293" pin=0"/></net>

<net id="310"><net_src comp="76" pin="0"/><net_sink comp="304" pin=0"/></net>

<net id="311"><net_src comp="298" pin="1"/><net_sink comp="304" pin=1"/></net>

<net id="312"><net_src comp="78" pin="0"/><net_sink comp="304" pin=2"/></net>

<net id="313"><net_src comp="80" pin="0"/><net_sink comp="304" pin=3"/></net>

<net id="317"><net_src comp="298" pin="1"/><net_sink comp="314" pin=0"/></net>

<net id="323"><net_src comp="304" pin="4"/><net_sink comp="318" pin=1"/></net>

<net id="324"><net_src comp="314" pin="1"/><net_sink comp="318" pin=2"/></net>

<net id="331"><net_src comp="76" pin="0"/><net_sink comp="325" pin=0"/></net>

<net id="332"><net_src comp="298" pin="1"/><net_sink comp="325" pin=1"/></net>

<net id="333"><net_src comp="82" pin="0"/><net_sink comp="325" pin=2"/></net>

<net id="334"><net_src comp="84" pin="0"/><net_sink comp="325" pin=3"/></net>

<net id="340"><net_src comp="314" pin="1"/><net_sink comp="335" pin=1"/></net>

<net id="341"><net_src comp="325" pin="4"/><net_sink comp="335" pin=2"/></net>

<net id="347"><net_src comp="325" pin="4"/><net_sink comp="342" pin=1"/></net>

<net id="348"><net_src comp="304" pin="4"/><net_sink comp="342" pin=2"/></net>

<net id="355"><net_src comp="76" pin="0"/><net_sink comp="349" pin=0"/></net>

<net id="356"><net_src comp="298" pin="1"/><net_sink comp="349" pin=1"/></net>

<net id="357"><net_src comp="86" pin="0"/><net_sink comp="349" pin=2"/></net>

<net id="358"><net_src comp="88" pin="0"/><net_sink comp="349" pin=3"/></net>

<net id="365"><net_src comp="76" pin="0"/><net_sink comp="359" pin=0"/></net>

<net id="366"><net_src comp="298" pin="1"/><net_sink comp="359" pin=1"/></net>

<net id="367"><net_src comp="90" pin="0"/><net_sink comp="359" pin=2"/></net>

<net id="368"><net_src comp="92" pin="0"/><net_sink comp="359" pin=3"/></net>

<net id="374"><net_src comp="349" pin="4"/><net_sink comp="369" pin=1"/></net>

<net id="375"><net_src comp="304" pin="4"/><net_sink comp="369" pin=2"/></net>

<net id="381"><net_src comp="359" pin="4"/><net_sink comp="376" pin=1"/></net>

<net id="382"><net_src comp="369" pin="3"/><net_sink comp="376" pin=2"/></net>

<net id="389"><net_src comp="76" pin="0"/><net_sink comp="383" pin=0"/></net>

<net id="390"><net_src comp="298" pin="1"/><net_sink comp="383" pin=1"/></net>

<net id="391"><net_src comp="94" pin="0"/><net_sink comp="383" pin=2"/></net>

<net id="392"><net_src comp="96" pin="0"/><net_sink comp="383" pin=3"/></net>

<net id="398"><net_src comp="383" pin="4"/><net_sink comp="393" pin=1"/></net>

<net id="399"><net_src comp="359" pin="4"/><net_sink comp="393" pin=2"/></net>

<net id="405"><net_src comp="349" pin="4"/><net_sink comp="400" pin=1"/></net>

<net id="406"><net_src comp="383" pin="4"/><net_sink comp="400" pin=2"/></net>

<net id="413"><net_src comp="76" pin="0"/><net_sink comp="407" pin=0"/></net>

<net id="414"><net_src comp="298" pin="1"/><net_sink comp="407" pin=1"/></net>

<net id="415"><net_src comp="98" pin="0"/><net_sink comp="407" pin=2"/></net>

<net id="416"><net_src comp="100" pin="0"/><net_sink comp="407" pin=3"/></net>

<net id="423"><net_src comp="76" pin="0"/><net_sink comp="417" pin=0"/></net>

<net id="424"><net_src comp="298" pin="1"/><net_sink comp="417" pin=1"/></net>

<net id="425"><net_src comp="102" pin="0"/><net_sink comp="417" pin=2"/></net>

<net id="426"><net_src comp="104" pin="0"/><net_sink comp="417" pin=3"/></net>

<net id="432"><net_src comp="407" pin="4"/><net_sink comp="427" pin=1"/></net>

<net id="433"><net_src comp="383" pin="4"/><net_sink comp="427" pin=2"/></net>

<net id="439"><net_src comp="417" pin="4"/><net_sink comp="434" pin=1"/></net>

<net id="440"><net_src comp="427" pin="3"/><net_sink comp="434" pin=2"/></net>

<net id="447"><net_src comp="76" pin="0"/><net_sink comp="441" pin=0"/></net>

<net id="448"><net_src comp="298" pin="1"/><net_sink comp="441" pin=1"/></net>

<net id="449"><net_src comp="106" pin="0"/><net_sink comp="441" pin=2"/></net>

<net id="450"><net_src comp="108" pin="0"/><net_sink comp="441" pin=3"/></net>

<net id="456"><net_src comp="417" pin="4"/><net_sink comp="451" pin=1"/></net>

<net id="457"><net_src comp="349" pin="4"/><net_sink comp="451" pin=2"/></net>

<net id="463"><net_src comp="441" pin="4"/><net_sink comp="458" pin=1"/></net>

<net id="464"><net_src comp="451" pin="3"/><net_sink comp="458" pin=2"/></net>

<net id="470"><net_src comp="441" pin="4"/><net_sink comp="465" pin=1"/></net>

<net id="471"><net_src comp="417" pin="4"/><net_sink comp="465" pin=2"/></net>

<net id="477"><net_src comp="407" pin="4"/><net_sink comp="472" pin=1"/></net>

<net id="478"><net_src comp="465" pin="3"/><net_sink comp="472" pin=2"/></net>

<net id="485"><net_src comp="76" pin="0"/><net_sink comp="479" pin=0"/></net>

<net id="486"><net_src comp="298" pin="1"/><net_sink comp="479" pin=1"/></net>

<net id="487"><net_src comp="110" pin="0"/><net_sink comp="479" pin=2"/></net>

<net id="488"><net_src comp="112" pin="0"/><net_sink comp="479" pin=3"/></net>

<net id="495"><net_src comp="76" pin="0"/><net_sink comp="489" pin=0"/></net>

<net id="496"><net_src comp="298" pin="1"/><net_sink comp="489" pin=1"/></net>

<net id="497"><net_src comp="114" pin="0"/><net_sink comp="489" pin=2"/></net>

<net id="498"><net_src comp="116" pin="0"/><net_sink comp="489" pin=3"/></net>

<net id="504"><net_src comp="479" pin="4"/><net_sink comp="499" pin=1"/></net>

<net id="505"><net_src comp="417" pin="4"/><net_sink comp="499" pin=2"/></net>

<net id="511"><net_src comp="489" pin="4"/><net_sink comp="506" pin=1"/></net>

<net id="512"><net_src comp="499" pin="3"/><net_sink comp="506" pin=2"/></net>

<net id="519"><net_src comp="76" pin="0"/><net_sink comp="513" pin=0"/></net>

<net id="520"><net_src comp="298" pin="1"/><net_sink comp="513" pin=1"/></net>

<net id="521"><net_src comp="118" pin="0"/><net_sink comp="513" pin=2"/></net>

<net id="522"><net_src comp="120" pin="0"/><net_sink comp="513" pin=3"/></net>

<net id="528"><net_src comp="489" pin="4"/><net_sink comp="523" pin=1"/></net>

<net id="529"><net_src comp="441" pin="4"/><net_sink comp="523" pin=2"/></net>

<net id="535"><net_src comp="513" pin="4"/><net_sink comp="530" pin=1"/></net>

<net id="536"><net_src comp="523" pin="3"/><net_sink comp="530" pin=2"/></net>

<net id="542"><net_src comp="513" pin="4"/><net_sink comp="537" pin=1"/></net>

<net id="543"><net_src comp="407" pin="4"/><net_sink comp="537" pin=2"/></net>

<net id="549"><net_src comp="479" pin="4"/><net_sink comp="544" pin=1"/></net>

<net id="550"><net_src comp="537" pin="3"/><net_sink comp="544" pin=2"/></net>

<net id="566"><net_src comp="122" pin="0"/><net_sink comp="551" pin=0"/></net>

<net id="567"><net_src comp="544" pin="3"/><net_sink comp="551" pin=1"/></net>

<net id="568"><net_src comp="530" pin="3"/><net_sink comp="551" pin=2"/></net>

<net id="569"><net_src comp="506" pin="3"/><net_sink comp="551" pin=3"/></net>

<net id="570"><net_src comp="472" pin="3"/><net_sink comp="551" pin=4"/></net>

<net id="571"><net_src comp="458" pin="3"/><net_sink comp="551" pin=5"/></net>

<net id="572"><net_src comp="434" pin="3"/><net_sink comp="551" pin=6"/></net>

<net id="573"><net_src comp="400" pin="3"/><net_sink comp="551" pin=7"/></net>

<net id="574"><net_src comp="393" pin="3"/><net_sink comp="551" pin=8"/></net>

<net id="575"><net_src comp="376" pin="3"/><net_sink comp="551" pin=9"/></net>

<net id="576"><net_src comp="342" pin="3"/><net_sink comp="551" pin=10"/></net>

<net id="577"><net_src comp="335" pin="3"/><net_sink comp="551" pin=11"/></net>

<net id="578"><net_src comp="318" pin="3"/><net_sink comp="551" pin=12"/></net>

<net id="579"><net_src comp="551" pin="13"/><net_sink comp="196" pin=2"/></net>

<net id="583"><net_src comp="580" pin="1"/><net_sink comp="210" pin=2"/></net>

<net id="587"><net_src comp="130" pin="1"/><net_sink comp="584" pin=0"/></net>

<net id="588"><net_src comp="584" pin="1"/><net_sink comp="249" pin=1"/></net>

<net id="589"><net_src comp="584" pin="1"/><net_sink comp="254" pin=0"/></net>

<net id="590"><net_src comp="584" pin="1"/><net_sink comp="293" pin=1"/></net>

<net id="594"><net_src comp="134" pin="1"/><net_sink comp="591" pin=0"/></net>

<net id="595"><net_src comp="591" pin="1"/><net_sink comp="244" pin=1"/></net>

<net id="596"><net_src comp="591" pin="1"/><net_sink comp="288" pin=1"/></net>

<net id="597"><net_src comp="591" pin="1"/><net_sink comp="298" pin=0"/></net>

<net id="598"><net_src comp="591" pin="1"/><net_sink comp="580" pin=0"/></net>

<net id="602"><net_src comp="138" pin="1"/><net_sink comp="599" pin=0"/></net>

<net id="603"><net_src comp="599" pin="1"/><net_sink comp="239" pin=1"/></net>

<net id="604"><net_src comp="599" pin="1"/><net_sink comp="283" pin=1"/></net>

<net id="605"><net_src comp="599" pin="1"/><net_sink comp="301" pin=0"/></net>

<net id="609"><net_src comp="142" pin="2"/><net_sink comp="606" pin=0"/></net>

<net id="610"><net_src comp="606" pin="1"/><net_sink comp="376" pin=0"/></net>

<net id="611"><net_src comp="606" pin="1"/><net_sink comp="393" pin=0"/></net>

<net id="612"><net_src comp="606" pin="1"/><net_sink comp="400" pin=0"/></net>

<net id="613"><net_src comp="606" pin="1"/><net_sink comp="434" pin=0"/></net>

<net id="614"><net_src comp="606" pin="1"/><net_sink comp="458" pin=0"/></net>

<net id="615"><net_src comp="606" pin="1"/><net_sink comp="472" pin=0"/></net>

<net id="616"><net_src comp="606" pin="1"/><net_sink comp="506" pin=0"/></net>

<net id="617"><net_src comp="606" pin="1"/><net_sink comp="530" pin=0"/></net>

<net id="618"><net_src comp="606" pin="1"/><net_sink comp="544" pin=0"/></net>

<net id="622"><net_src comp="148" pin="2"/><net_sink comp="619" pin=0"/></net>

<net id="623"><net_src comp="619" pin="1"/><net_sink comp="318" pin=0"/></net>

<net id="624"><net_src comp="619" pin="1"/><net_sink comp="335" pin=0"/></net>

<net id="625"><net_src comp="619" pin="1"/><net_sink comp="342" pin=0"/></net>

<net id="626"><net_src comp="619" pin="1"/><net_sink comp="369" pin=0"/></net>

<net id="627"><net_src comp="619" pin="1"/><net_sink comp="427" pin=0"/></net>

<net id="628"><net_src comp="619" pin="1"/><net_sink comp="451" pin=0"/></net>

<net id="629"><net_src comp="619" pin="1"/><net_sink comp="465" pin=0"/></net>

<net id="630"><net_src comp="619" pin="1"/><net_sink comp="499" pin=0"/></net>

<net id="631"><net_src comp="619" pin="1"/><net_sink comp="523" pin=0"/></net>

<net id="632"><net_src comp="619" pin="1"/><net_sink comp="537" pin=0"/></net>

<net id="636"><net_src comp="257" pin="2"/><net_sink comp="633" pin=0"/></net>

<net id="643"><net_src comp="301" pin="1"/><net_sink comp="640" pin=0"/></net>

<net id="644"><net_src comp="640" pin="1"/><net_sink comp="220" pin=0"/></net>

</net_list>

</model> 
---------------- Datapath Model END ------------------

* FSMD analyzer results:
  - Output states:
	Port: img | {2 }
	Port: eol_out | {1 }
	Port: axi_data_V_3_out | {1 }
 - Input state : 
	Port: AXIvideo2MultiPixStream_Pipeline_loop_width : sof_2 | {1 }
	Port: AXIvideo2MultiPixStream_Pipeline_loop_width : axi_last_V_2 | {1 }
	Port: AXIvideo2MultiPixStream_Pipeline_loop_width : axi_data_V_2 | {1 }
	Port: AXIvideo2MultiPixStream_Pipeline_loop_width : div_cast | {1 }
	Port: AXIvideo2MultiPixStream_Pipeline_loop_width : cond | {1 }
	Port: AXIvideo2MultiPixStream_Pipeline_loop_width : icmp_ln235 | {1 }
	Port: AXIvideo2MultiPixStream_Pipeline_loop_width : s_axis_video_V_data_V | {1 }
	Port: AXIvideo2MultiPixStream_Pipeline_loop_width : s_axis_video_V_keep_V | {1 }
	Port: AXIvideo2MultiPixStream_Pipeline_loop_width : s_axis_video_V_strb_V | {1 }
	Port: AXIvideo2MultiPixStream_Pipeline_loop_width : s_axis_video_V_user_V | {1 }
	Port: AXIvideo2MultiPixStream_Pipeline_loop_width : s_axis_video_V_last_V | {1 }
	Port: AXIvideo2MultiPixStream_Pipeline_loop_width : s_axis_video_V_id_V | {1 }
	Port: AXIvideo2MultiPixStream_Pipeline_loop_width : s_axis_video_V_dest_V | {1 }
  - Chain level:
	State 1
		store_ln0 : 1
		eol : 1
		sof : 1
		j_1 : 1
		icmp_ln207 : 2
		j_2 : 2
		br_ln207 : 3
		or_ln210 : 2
		br_ln210 : 2
		store_ln283 : 1
		store_ln283 : 1
		store_ln207 : 3
		axi_data_V_load : 1
		write_ln0 : 2
		write_ln0 : 2
	State 2
		pix_val_V_117 : 1
		pix_val_V : 1
		pix_val_V_114 : 2
		pix_val_V_46 : 1
		pix_val_V_115 : 2
		pix_val_V_116 : 2
		pix_val_V_47 : 1
		pix_val_V_48 : 1
		pix_val_V_118 : 2
		pix_val_V_119 : 3
		pix_val_V_121 : 1
		pix_val_V_120 : 2
		pix_val_V_122 : 2
		pix_val_V_123 : 1
		pix_val_V_49 : 1
		pix_val_V_124 : 2
		pix_val_V_125 : 3
		pix_val_V_128 : 1
		pix_val_V_126 : 2
		pix_val_V_127 : 3
		pix_val_V_129 : 2
		pix_val_V_130 : 3
		pix_val_V_131 : 1
		pix_val_V_50 : 1
		pix_val_V_132 : 2
		pix_val_V_133 : 3
		pix_val_V_136 : 1
		pix_val_V_134 : 2
		pix_val_V_135 : 3
		pix_val_V_137 : 2
		pix_val_V_138 : 3
		p_0 : 4
		write_ln174 : 5


============================================================
+ Verbose Summary: Datapath Resource usage 
============================================================

* Functional unit list:
|----------|-------------------------------|---------|---------|
| Operation|        Functional Unit        |    FF   |   LUT   |
|----------|-------------------------------|---------|---------|
|          |      pix_val_V_114_fu_318     |    0    |    10   |
|          |      pix_val_V_115_fu_335     |    0    |    10   |
|          |      pix_val_V_116_fu_342     |    0    |    10   |
|          |      pix_val_V_118_fu_369     |    0    |    10   |
|          |      pix_val_V_119_fu_376     |    0    |    10   |
|          |      pix_val_V_120_fu_393     |    0    |    10   |
|          |      pix_val_V_122_fu_400     |    0    |    10   |
|          |      pix_val_V_124_fu_427     |    0    |    10   |
|          |      pix_val_V_125_fu_434     |    0    |    10   |
|  select  |      pix_val_V_126_fu_451     |    0    |    10   |
|          |      pix_val_V_127_fu_458     |    0    |    10   |
|          |      pix_val_V_129_fu_465     |    0    |    10   |
|          |      pix_val_V_130_fu_472     |    0    |    10   |
|          |      pix_val_V_132_fu_499     |    0    |    10   |
|          |      pix_val_V_133_fu_506     |    0    |    10   |
|          |      pix_val_V_134_fu_523     |    0    |    10   |
|          |      pix_val_V_135_fu_530     |    0    |    10   |
|          |      pix_val_V_137_fu_537     |    0    |    10   |
|          |      pix_val_V_138_fu_544     |    0    |    10   |
|----------|-------------------------------|---------|---------|
|    add   |           j_2_fu_263          |    0    |    18   |
|----------|-------------------------------|---------|---------|
|   icmp   |       icmp_ln207_fu_257       |    0    |    11   |
|----------|-------------------------------|---------|---------|
|    or    |        or_ln210_fu_269        |    0    |    2    |
|----------|-------------------------------|---------|---------|
|          |  icmp_ln235_read_read_fu_142  |    0    |    0    |
|          |     cond_read_read_fu_148     |    0    |    0    |
|          |   div_cast_read_read_fu_154   |    0    |    0    |
|   read   | axi_data_V_2_read_read_fu_160 |    0    |    0    |
|          | axi_last_V_2_read_read_fu_166 |    0    |    0    |
|          |     sof_2_read_read_fu_172    |    0    |    0    |
|          |       empty_read_fu_178       |    0    |    0    |
|----------|-------------------------------|---------|---------|
|          |    write_ln174_write_fu_196   |    0    |    0    |
|   write  |     write_ln0_write_fu_203    |    0    |    0    |
|          |     write_ln0_write_fu_210    |    0    |    0    |
|----------|-------------------------------|---------|---------|
|extractvalue|       tmp_data_V_fu_275       |    0    |    0    |
|          |       tmp_last_V_fu_279       |    0    |    0    |
|----------|-------------------------------|---------|---------|
|          |      pix_val_V_117_fu_304     |    0    |    0    |
|          |      pix_val_V_46_fu_325      |    0    |    0    |
|          |      pix_val_V_47_fu_349      |    0    |    0    |
|          |      pix_val_V_48_fu_359      |    0    |    0    |
|          |      pix_val_V_121_fu_383     |    0    |    0    |
|partselect|      pix_val_V_123_fu_407     |    0    |    0    |
|          |      pix_val_V_49_fu_417      |    0    |    0    |
|          |      pix_val_V_128_fu_441     |    0    |    0    |
|          |      pix_val_V_131_fu_479     |    0    |    0    |
|          |      pix_val_V_50_fu_489      |    0    |    0    |
|          |      pix_val_V_136_fu_513     |    0    |    0    |
|----------|-------------------------------|---------|---------|
|   trunc  |        pix_val_V_fu_314       |    0    |    0    |
|----------|-------------------------------|---------|---------|
|bitconcatenate|           p_0_fu_551          |    0    |    0    |
|----------|-------------------------------|---------|---------|
|   Total  |                               |    0    |   221   |
|----------|-------------------------------|---------|---------|

Memories:
N/A

* Register list:
+-----------------------+--------+
|                       |   FF   |
+-----------------------+--------+
|   axi_data_V_reg_591  |   120  |
|  axi_last_V_4_reg_640 |    1   |
|   axi_last_V_reg_599  |    1   |
|   cond_read_reg_619   |    1   |
|      eol_reg_217      |    1   |
|   icmp_ln207_reg_633  |    1   |
|icmp_ln235_read_reg_606|    1   |
|       j_reg_584       |   11   |
|      sof_reg_228      |    1   |
+-----------------------+--------+
|         Total         |   138  |
+-----------------------+--------+

* Multiplexer (MUX) list: 
|--------|------|------|------|--------|
|  Comp  |  Pin | Size |  BW  | S x BW |
|--------|------|------|------|--------|
|  Total |      |      |      |    0   |
|--------|------|------|------|--------|



* Summary:
+-----------+--------+--------+
|           |   FF   |   LUT  |
+-----------+--------+--------+
|  Function |    0   |   221  |
|   Memory  |    -   |    -   |
|Multiplexer|    -   |    -   |
|  Register |   138  |    -   |
+-----------+--------+--------+
|   Total   |   138  |   221  |
+-----------+--------+--------+
