

================================================================
== Vitis HLS Report for 'Bytes2AXIMMvideo_Pipeline_VITIS_LOOP_1086_1'
================================================================
* Date:           Fri Nov 25 21:03:38 2022

* Version:        2022.1 (Build 3526262 on Mon Apr 18 15:48:16 MDT 2022)
* Project:        prj
* Solution:       sol (Vivado IP Flow Target)
* Product family: zynquplus
* Target device:  xck26-sfvc784-2LV-c


================================================================
== Performance Estimates
================================================================
+ Timing: 
    * Summary: 
    +--------+---------+----------+------------+
    |  Clock |  Target | Estimated| Uncertainty|
    +--------+---------+----------+------------+
    |ap_clk  |  6.66 ns|  4.864 ns|     1.80 ns|
    +--------+---------+----------+------------+

+ Latency: 
    * Summary: 
    +---------+---------+-----------+-----------+-----+------+---------+
    |  Latency (cycles) |   Latency (absolute)  |  Interval  | Pipeline|
    |   min   |   max   |    min    |    max    | min |  max |   Type  |
    +---------+---------+-----------+-----------+-----+------+---------+
    |        4|     2051|  26.652 ns|  13.666 us|    4|  2051|       no|
    +---------+---------+-----------+-----------+-----+------+---------+

    + Detail: 
        * Instance: 
        N/A

        * Loop: 
        +---------------------+---------+---------+----------+-----------+-----------+----------+----------+
        |                     |  Latency (cycles) | Iteration|  Initiation Interval  |   Trip   |          |
        |      Loop Name      |   min   |   max   |  Latency |  achieved |   target  |   Count  | Pipelined|
        +---------------------+---------+---------+----------+-----------+-----------+----------+----------+
        |- VITIS_LOOP_1086_1  |        2|     2049|         3|          1|          1|  1 ~ 2048|       yes|
        +---------------------+---------+---------+----------+-----------+-----------+----------+----------+



================================================================
== Utilization Estimates
================================================================
* Summary: 
+-----------------+---------+------+--------+--------+-----+
|       Name      | BRAM_18K|  DSP |   FF   |   LUT  | URAM|
+-----------------+---------+------+--------+--------+-----+
|DSP              |        -|     -|       -|       -|    -|
|Expression       |        -|     -|       0|      37|    -|
|FIFO             |        -|     -|       -|       -|    -|
|Instance         |        -|     -|       -|       -|    -|
|Memory           |        -|     -|       -|       -|    -|
|Multiplexer      |        -|     -|       -|      54|    -|
|Register         |        -|     -|     273|       -|    -|
+-----------------+---------+------+--------+--------+-----+
|Total            |        0|     0|     273|      91|    0|
+-----------------+---------+------+--------+--------+-----+
|Available        |      288|  1248|  234240|  117120|   64|
+-----------------+---------+------+--------+--------+-----+
|Utilization (%)  |        0|     0|      ~0|      ~0|    0|
+-----------------+---------+------+--------+--------+-----+

+ Detail: 
    * Instance: 
    N/A

    * DSP: 
    N/A

    * Memory: 
    N/A

    * FIFO: 
    N/A

    * Expression: 
    +----------------------------------+----------+----+---+----+------------+------------+
    |           Variable Name          | Operation| DSP| FF| LUT| Bitwidth P0| Bitwidth P1|
    +----------------------------------+----------+----+---+----+------------+------------+
    |add_ln1086_fu_116_p2              |         +|   0|  0|  18|          11|           1|
    |ap_block_pp0_stage0_01001         |       and|   0|  0|   2|           1|           1|
    |ap_block_state2_pp0_stage0_iter1  |       and|   0|  0|   2|           1|           1|
    |icmp_ln1086_fu_110_p2             |      icmp|   0|  0|  11|          11|          11|
    |ap_block_pp0_stage0_11001         |        or|   0|  0|   2|           1|           1|
    |ap_enable_pp0                     |       xor|   0|  0|   2|           1|           2|
    +----------------------------------+----------+----+---+----+------------+------------+
    |Total                             |          |   0|  0|  37|          26|          17|
    +----------------------------------+----------+----+---+----+------------+------------+

    * Multiplexer: 
    +-------------------------+----+-----------+-----+-----------+
    |           Name          | LUT| Input Size| Bits| Total Bits|
    +-------------------------+----+-----------+-----+-----------+
    |ap_done_int              |   9|          2|    1|          2|
    |ap_enable_reg_pp0_iter2  |   9|          2|    1|          2|
    |ap_sig_allocacmp_x_5     |   9|          2|   11|         22|
    |bytePlanes1_blk_n        |   9|          2|    1|          2|
    |mm_video_blk_n_W         |   9|          2|    1|          2|
    |x_fu_68                  |   9|          2|   11|         22|
    +-------------------------+----+-----------+-----+-----------+
    |Total                    |  54|         12|   26|         52|
    +-------------------------+----+-----------+-----+-----------+

    * Register: 
    +----------------------------------+-----+----+-----+-----------+
    |               Name               |  FF | LUT| Bits| Const Bits|
    +----------------------------------+-----+----+-----+-----------+
    |ap_CS_fsm                         |    1|   0|    1|          0|
    |ap_done_reg                       |    1|   0|    1|          0|
    |ap_enable_reg_pp0_iter1           |    1|   0|    1|          0|
    |ap_enable_reg_pp0_iter2           |    1|   0|    1|          0|
    |ap_loop_exit_ready_pp0_iter1_reg  |    1|   0|    1|          0|
    |icmp_ln1086_reg_144               |    1|   0|    1|          0|
    |mem_pix_reg_153                   |  256|   0|  256|          0|
    |x_fu_68                           |   11|   0|   11|          0|
    +----------------------------------+-----+----+-----+-----------+
    |Total                             |  273|   0|  273|          0|
    +----------------------------------+-----+----+-----+-----------+



================================================================
== Interface
================================================================
* Summary: 
+----------------------------+-----+-----+------------+---------------------------------------------+--------------+
|          RTL Ports         | Dir | Bits|  Protocol  |                Source Object                |    C Type    |
+----------------------------+-----+-----+------------+---------------------------------------------+--------------+
|ap_clk                      |   in|    1|  ap_ctrl_hs|  Bytes2AXIMMvideo_Pipeline_VITIS_LOOP_1086_1|  return value|
|ap_rst                      |   in|    1|  ap_ctrl_hs|  Bytes2AXIMMvideo_Pipeline_VITIS_LOOP_1086_1|  return value|
|ap_start                    |   in|    1|  ap_ctrl_hs|  Bytes2AXIMMvideo_Pipeline_VITIS_LOOP_1086_1|  return value|
|ap_done                     |  out|    1|  ap_ctrl_hs|  Bytes2AXIMMvideo_Pipeline_VITIS_LOOP_1086_1|  return value|
|ap_idle                     |  out|    1|  ap_ctrl_hs|  Bytes2AXIMMvideo_Pipeline_VITIS_LOOP_1086_1|  return value|
|ap_ready                    |  out|    1|  ap_ctrl_hs|  Bytes2AXIMMvideo_Pipeline_VITIS_LOOP_1086_1|  return value|
|bytePlanes1_dout            |   in|  256|     ap_fifo|                                  bytePlanes1|       pointer|
|bytePlanes1_num_data_valid  |   in|   10|     ap_fifo|                                  bytePlanes1|       pointer|
|bytePlanes1_fifo_cap        |   in|   10|     ap_fifo|                                  bytePlanes1|       pointer|
|bytePlanes1_empty_n         |   in|    1|     ap_fifo|                                  bytePlanes1|       pointer|
|bytePlanes1_read            |  out|    1|     ap_fifo|                                  bytePlanes1|       pointer|
|m_axi_mm_video_AWVALID      |  out|    1|       m_axi|                                     mm_video|       pointer|
|m_axi_mm_video_AWREADY      |   in|    1|       m_axi|                                     mm_video|       pointer|
|m_axi_mm_video_AWADDR       |  out|   32|       m_axi|                                     mm_video|       pointer|
|m_axi_mm_video_AWID         |  out|    1|       m_axi|                                     mm_video|       pointer|
|m_axi_mm_video_AWLEN        |  out|   32|       m_axi|                                     mm_video|       pointer|
|m_axi_mm_video_AWSIZE       |  out|    3|       m_axi|                                     mm_video|       pointer|
|m_axi_mm_video_AWBURST      |  out|    2|       m_axi|                                     mm_video|       pointer|
|m_axi_mm_video_AWLOCK       |  out|    2|       m_axi|                                     mm_video|       pointer|
|m_axi_mm_video_AWCACHE      |  out|    4|       m_axi|                                     mm_video|       pointer|
|m_axi_mm_video_AWPROT       |  out|    3|       m_axi|                                     mm_video|       pointer|
|m_axi_mm_video_AWQOS        |  out|    4|       m_axi|                                     mm_video|       pointer|
|m_axi_mm_video_AWREGION     |  out|    4|       m_axi|                                     mm_video|       pointer|
|m_axi_mm_video_AWUSER       |  out|    1|       m_axi|                                     mm_video|       pointer|
|m_axi_mm_video_WVALID       |  out|    1|       m_axi|                                     mm_video|       pointer|
|m_axi_mm_video_WREADY       |   in|    1|       m_axi|                                     mm_video|       pointer|
|m_axi_mm_video_WDATA        |  out|  256|       m_axi|                                     mm_video|       pointer|
|m_axi_mm_video_WSTRB        |  out|   32|       m_axi|                                     mm_video|       pointer|
|m_axi_mm_video_WLAST        |  out|    1|       m_axi|                                     mm_video|       pointer|
|m_axi_mm_video_WID          |  out|    1|       m_axi|                                     mm_video|       pointer|
|m_axi_mm_video_WUSER        |  out|    1|       m_axi|                                     mm_video|       pointer|
|m_axi_mm_video_ARVALID      |  out|    1|       m_axi|                                     mm_video|       pointer|
|m_axi_mm_video_ARREADY      |   in|    1|       m_axi|                                     mm_video|       pointer|
|m_axi_mm_video_ARADDR       |  out|   32|       m_axi|                                     mm_video|       pointer|
|m_axi_mm_video_ARID         |  out|    1|       m_axi|                                     mm_video|       pointer|
|m_axi_mm_video_ARLEN        |  out|   32|       m_axi|                                     mm_video|       pointer|
|m_axi_mm_video_ARSIZE       |  out|    3|       m_axi|                                     mm_video|       pointer|
|m_axi_mm_video_ARBURST      |  out|    2|       m_axi|                                     mm_video|       pointer|
|m_axi_mm_video_ARLOCK       |  out|    2|       m_axi|                                     mm_video|       pointer|
|m_axi_mm_video_ARCACHE      |  out|    4|       m_axi|                                     mm_video|       pointer|
|m_axi_mm_video_ARPROT       |  out|    3|       m_axi|                                     mm_video|       pointer|
|m_axi_mm_video_ARQOS        |  out|    4|       m_axi|                                     mm_video|       pointer|
|m_axi_mm_video_ARREGION     |  out|    4|       m_axi|                                     mm_video|       pointer|
|m_axi_mm_video_ARUSER       |  out|    1|       m_axi|                                     mm_video|       pointer|
|m_axi_mm_video_RVALID       |   in|    1|       m_axi|                                     mm_video|       pointer|
|m_axi_mm_video_RREADY       |  out|    1|       m_axi|                                     mm_video|       pointer|
|m_axi_mm_video_RDATA        |   in|  256|       m_axi|                                     mm_video|       pointer|
|m_axi_mm_video_RLAST        |   in|    1|       m_axi|                                     mm_video|       pointer|
|m_axi_mm_video_RID          |   in|    1|       m_axi|                                     mm_video|       pointer|
|m_axi_mm_video_RFIFONUM     |   in|    9|       m_axi|                                     mm_video|       pointer|
|m_axi_mm_video_RUSER        |   in|    1|       m_axi|                                     mm_video|       pointer|
|m_axi_mm_video_RRESP        |   in|    2|       m_axi|                                     mm_video|       pointer|
|m_axi_mm_video_BVALID       |   in|    1|       m_axi|                                     mm_video|       pointer|
|m_axi_mm_video_BREADY       |  out|    1|       m_axi|                                     mm_video|       pointer|
|m_axi_mm_video_BRESP        |   in|    2|       m_axi|                                     mm_video|       pointer|
|m_axi_mm_video_BID          |   in|    1|       m_axi|                                     mm_video|       pointer|
|m_axi_mm_video_BUSER        |   in|    1|       m_axi|                                     mm_video|       pointer|
|sext_ln1086                 |   in|   27|     ap_none|                                  sext_ln1086|        scalar|
|loopWidth                   |   in|   11|     ap_none|                                    loopWidth|        scalar|
+----------------------------+-----+-----+------------+---------------------------------------------+--------------+

============================================================
+ Verbose Summary: Synthesis Manager
============================================================
InlineROM: 1
ExposeGlobal: 0
============================================================
+ Verbose Summary: CDFG Model
============================================================
IsTopModel: 0
ResetActiveHigh: 1
IsCombinational: 2
IsDatapathOnly: 2
HasWiredReturn: 1
HasMFsm: 2
HasVarLatency: 1
IsPipeline: 0
IsRtlPipelined: 0
IsInstanceOverlapped: 0
IsDontTouch: 0
HasImplIP: 0
IsGatedGlobalClock: 0

+ Individual pipeline summary: 
  * Pipeline-0: initiation interval (II) = 1, depth = 3


============================================================
+ Verbose Summary: Schedule
============================================================
* Number of FSM states : 3
* Pipeline : 1
  Pipeline-0 : II = 1, D = 3, States = { 1 2 3 }
* Dataflow Pipeline: 0

* FSM state transitions: 
1 --> 2 
2 --> 3 
3 --> 

* FSM state operations: 

State 1 <SV = 0> <Delay = 1.37>
ST_1 : Operation 6 [1/1] (0.00ns)   --->   "%x = alloca i32 1"   --->   Operation 6 'alloca' 'x' <Predicate = true> <Delay = 0.00>
ST_1 : Operation 7 [1/1] (0.00ns)   --->   "%loopWidth_read = read i11 @_ssdm_op_Read.ap_auto.i11, i11 %loopWidth"   --->   Operation 7 'read' 'loopWidth_read' <Predicate = true> <Delay = 0.00>
ST_1 : Operation 8 [1/1] (0.00ns)   --->   "%sext_ln1086_read = read i27 @_ssdm_op_Read.ap_auto.i27, i27 %sext_ln1086"   --->   Operation 8 'read' 'sext_ln1086_read' <Predicate = true> <Delay = 0.00>
ST_1 : Operation 9 [1/1] (0.00ns)   --->   "%sext_ln1086_cast = sext i27 %sext_ln1086_read"   --->   Operation 9 'sext' 'sext_ln1086_cast' <Predicate = true> <Delay = 0.00>
ST_1 : Operation 10 [1/1] (0.00ns)   --->   "%specmemcore_ln0 = specmemcore void @_ssdm_op_SpecMemCore, i256 %bytePlanes1, i64 666, i64 8, i64 18446744073709551615"   --->   Operation 10 'specmemcore' 'specmemcore_ln0' <Predicate = true> <Delay = 0.00>
ST_1 : Operation 11 [1/1] (0.00ns)   --->   "%specinterface_ln0 = specinterface void @_ssdm_op_SpecInterface, i256 %mm_video, void @empty_13, i32 0, i32 0, void @empty_14, i32 100, i32 2073600, void @empty_15, void @empty_11, void @empty_14, i32 16, i32 4, i32 16, i32 16, void @empty_14, void @empty_14, i32 4294967295, i32 0"   --->   Operation 11 'specinterface' 'specinterface_ln0' <Predicate = true> <Delay = 0.00>
ST_1 : Operation 12 [1/1] (0.00ns)   --->   "%specinterface_ln0 = specinterface void @_ssdm_op_SpecInterface, i256 %bytePlanes1, void @empty_1, i32 0, i32 0, void @empty_14, i32 0, i32 0, void @empty_14, void @empty_14, void @empty_14, i32 0, i32 0, i32 0, i32 0, void @empty_14, void @empty_14, i32 4294967295, i32 0"   --->   Operation 12 'specinterface' 'specinterface_ln0' <Predicate = true> <Delay = 0.00>
ST_1 : Operation 13 [1/1] (0.42ns)   --->   "%store_ln0 = store i11 0, i11 %x"   --->   Operation 13 'store' 'store_ln0' <Predicate = true> <Delay = 0.42>
ST_1 : Operation 14 [1/1] (0.00ns)   --->   "%br_ln0 = br void %for.inc"   --->   Operation 14 'br' 'br_ln0' <Predicate = true> <Delay = 0.00>
ST_1 : Operation 15 [1/1] (0.00ns)   --->   "%x_5 = load i11 %x" [D:/zynqmp_cam_isp_demo/zynqmp_cam_isp_demo.runs/design_1_v_frmbuf_wr_0_0_synth_1/prj/sol/.autopilot/db/v_frmbuf_wr.cpp:1086]   --->   Operation 15 'load' 'x_5' <Predicate = true> <Delay = 0.00>
ST_1 : Operation 16 [1/1] (0.94ns)   --->   "%icmp_ln1086 = icmp_eq  i11 %x_5, i11 %loopWidth_read" [D:/zynqmp_cam_isp_demo/zynqmp_cam_isp_demo.runs/design_1_v_frmbuf_wr_0_0_synth_1/prj/sol/.autopilot/db/v_frmbuf_wr.cpp:1086]   --->   Operation 16 'icmp' 'icmp_ln1086' <Predicate = true> <Delay = 0.94> <CoreInst = "Cmp">   --->   Core 9 'Cmp' <Latency = 0> <II = 1> <Delay = 0.94> <FuncUnit> <Opcode : 'icmp'> <InPorts = 2> <OutPorts = 1>
ST_1 : Operation 17 [1/1] (0.79ns)   --->   "%add_ln1086 = add i11 %x_5, i11 1" [D:/zynqmp_cam_isp_demo/zynqmp_cam_isp_demo.runs/design_1_v_frmbuf_wr_0_0_synth_1/prj/sol/.autopilot/db/v_frmbuf_wr.cpp:1086]   --->   Operation 17 'add' 'add_ln1086' <Predicate = true> <Delay = 0.79> <CoreInst = "Adder">   --->   Core 1 'Adder' <Latency = 0> <II = 1> <Delay = 0.79> <FuncUnit> <Opcode : 'add' 'sub'> <InPorts = 2> <OutPorts = 1>
ST_1 : Operation 18 [1/1] (0.00ns)   --->   "%br_ln1086 = br i1 %icmp_ln1086, void %for.inc.split, void %for.inc10.loopexit.exitStub" [D:/zynqmp_cam_isp_demo/zynqmp_cam_isp_demo.runs/design_1_v_frmbuf_wr_0_0_synth_1/prj/sol/.autopilot/db/v_frmbuf_wr.cpp:1086]   --->   Operation 18 'br' 'br_ln1086' <Predicate = true> <Delay = 0.00>
ST_1 : Operation 19 [1/1] (0.42ns)   --->   "%store_ln1086 = store i11 %add_ln1086, i11 %x" [D:/zynqmp_cam_isp_demo/zynqmp_cam_isp_demo.runs/design_1_v_frmbuf_wr_0_0_synth_1/prj/sol/.autopilot/db/v_frmbuf_wr.cpp:1086]   --->   Operation 19 'store' 'store_ln1086' <Predicate = (!icmp_ln1086)> <Delay = 0.42>

State 2 <SV = 1> <Delay = 1.65>
ST_2 : Operation 20 [1/1] (0.00ns)   --->   "%mm_video_addr = getelementptr i256 %mm_video, i32 %sext_ln1086_cast" [D:/zynqmp_cam_isp_demo/zynqmp_cam_isp_demo.runs/design_1_v_frmbuf_wr_0_0_synth_1/prj/sol/.autopilot/db/v_frmbuf_wr.cpp:1086]   --->   Operation 20 'getelementptr' 'mm_video_addr' <Predicate = true> <Delay = 0.00>
ST_2 : Operation 21 [1/1] (0.00ns)   --->   "%speclooptripcount_ln0 = speclooptripcount void @_ssdm_op_SpecLoopTripCount, i64 1, i64 2048, i64 0"   --->   Operation 21 'speclooptripcount' 'speclooptripcount_ln0' <Predicate = true> <Delay = 0.00>
ST_2 : Operation 22 [1/1] (1.65ns)   --->   "%mem_pix = read i256 @_ssdm_op_Read.ap_fifo.volatile.i256P0A, i256 %bytePlanes1" [D:/Xilinx/Vitis_HLS/2022.1/common/technology/autopilot/hls_stream_39.h:145]   --->   Operation 22 'read' 'mem_pix' <Predicate = (!icmp_ln1086)> <Delay = 1.65> <CoreInst = "FIFO_BRAM">   --->   Core 79 'FIFO_BRAM' <Latency = 0> <II = 1> <Delay = 1.65> <Storage> <Opcode : 'read' 'write' 'nbread' 'nbwrite'> <Ports = 0> <Width = 256> <Depth = 264> <FIFO>
ST_2 : Operation 27 [1/1] (0.00ns)   --->   "%ret_ln0 = ret"   --->   Operation 27 'ret' 'ret_ln0' <Predicate = (icmp_ln1086)> <Delay = 0.00>

State 3 <SV = 2> <Delay = 4.86>
ST_3 : Operation 23 [1/1] (0.00ns)   --->   "%specpipeline_ln1088 = specpipeline void @_ssdm_op_SpecPipeline, i32 1, i32 0, i32 0, i32 0, void @empty_14" [D:/zynqmp_cam_isp_demo/zynqmp_cam_isp_demo.runs/design_1_v_frmbuf_wr_0_0_synth_1/prj/sol/.autopilot/db/v_frmbuf_wr.cpp:1088]   --->   Operation 23 'specpipeline' 'specpipeline_ln1088' <Predicate = true> <Delay = 0.00>
ST_3 : Operation 24 [1/1] (0.00ns)   --->   "%specloopname_ln1086 = specloopname void @_ssdm_op_SpecLoopName, void @empty_12" [D:/zynqmp_cam_isp_demo/zynqmp_cam_isp_demo.runs/design_1_v_frmbuf_wr_0_0_synth_1/prj/sol/.autopilot/db/v_frmbuf_wr.cpp:1086]   --->   Operation 24 'specloopname' 'specloopname_ln1086' <Predicate = true> <Delay = 0.00>
ST_3 : Operation 25 [1/1] (4.86ns)   --->   "%write_ln1090 = write void @_ssdm_op_Write.m_axi.p1i256, i32 %mm_video_addr, i256 %mem_pix, i32 4294967295" [D:/zynqmp_cam_isp_demo/zynqmp_cam_isp_demo.runs/design_1_v_frmbuf_wr_0_0_synth_1/prj/sol/.autopilot/db/v_frmbuf_wr.cpp:1090]   --->   Operation 25 'write' 'write_ln1090' <Predicate = true> <Delay = 4.86> <CoreInst = "m_axi">   --->   Core 121 'm_axi' <Latency = 0> <II = 1> <Delay = 1.00> <Adapter> <Opcode : 'read' 'write' 'readreq' 'writereq' 'writeresp'>
ST_3 : Operation 26 [1/1] (0.00ns)   --->   "%br_ln1086 = br void %for.inc" [D:/zynqmp_cam_isp_demo/zynqmp_cam_isp_demo.runs/design_1_v_frmbuf_wr_0_0_synth_1/prj/sol/.autopilot/db/v_frmbuf_wr.cpp:1086]   --->   Operation 26 'br' 'br_ln1086' <Predicate = true> <Delay = 0.00>


============================================================
+ Verbose Summary: Binding
============================================================
STG Binding: 
---------------- STG Properties BEGIN ----------------
- Is combinational: 0
- Is one-state seq: 0
- Is datapath-only: 0
- Is pipelined: 0
- Is top level: 0
Port [ Return ] is wired: 1; IO mode=ap_ctrl_hs:ce=0
Port [ mm_video]:  wired=1; compound=1; hidden=0; nouse=0; global=0; static=0; extern=0; dir=1; type=4; pingpong=0; private_global=0; IO mode=m_axi:ce=0
Port [ sext_ln1086]:  wired=1; compound=0; hidden=0; nouse=0; global=0; static=0; extern=0; dir=0; type=0; pingpong=0; private_global=0; IO mode=ap_none:ce=0
Port [ loopWidth]:  wired=1; compound=0; hidden=0; nouse=0; global=0; static=0; extern=0; dir=0; type=0; pingpong=0; private_global=0; IO mode=ap_none:ce=0
Port [ bytePlanes1]:  wired=1; compound=1; hidden=0; nouse=0; global=0; static=0; extern=0; dir=0; type=3; pingpong=0; private_global=0; IO mode=ap_fifo:ce=0
---------------- STG Properties END ------------------

---------------- Datapath Model BEGIN ----------------

<LifeTime>
<method=bitvector/>
x                     (alloca           ) [ 0100]
loopWidth_read        (read             ) [ 0000]
sext_ln1086_read      (read             ) [ 0000]
sext_ln1086_cast      (sext             ) [ 0110]
specmemcore_ln0       (specmemcore      ) [ 0000]
specinterface_ln0     (specinterface    ) [ 0000]
specinterface_ln0     (specinterface    ) [ 0000]
store_ln0             (store            ) [ 0000]
br_ln0                (br               ) [ 0000]
x_5                   (load             ) [ 0000]
icmp_ln1086           (icmp             ) [ 0110]
add_ln1086            (add              ) [ 0000]
br_ln1086             (br               ) [ 0000]
store_ln1086          (store            ) [ 0000]
mm_video_addr         (getelementptr    ) [ 0101]
speclooptripcount_ln0 (speclooptripcount) [ 0000]
mem_pix               (read             ) [ 0101]
specpipeline_ln1088   (specpipeline     ) [ 0000]
specloopname_ln1086   (specloopname     ) [ 0000]
write_ln1090          (write            ) [ 0000]
br_ln1086             (br               ) [ 0000]
ret_ln0               (ret              ) [ 0000]
</LifeTime>

<model>

<comp_list>
<comp id="0" class="1000" name="mm_video">
<pin_list>
<pin id="1" dir="1" index="0" bw="1" slack="0"/>
</pin_list>
<bind>
<StgValue><ssdm name="mm_video"/></StgValue>
</bind>
</comp>

<comp id="2" class="1000" name="sext_ln1086">
<pin_list>
<pin id="3" dir="1" index="0" bw="1" slack="0"/>
</pin_list>
<bind>
<StgValue><ssdm name="sext_ln1086"/></StgValue>
</bind>
</comp>

<comp id="4" class="1000" name="loopWidth">
<pin_list>
<pin id="5" dir="1" index="0" bw="1" slack="0"/>
</pin_list>
<bind>
<StgValue><ssdm name="loopWidth"/></StgValue>
</bind>
</comp>

<comp id="6" class="1000" name="bytePlanes1">
<pin_list>
<pin id="7" dir="1" index="0" bw="1" slack="0"/>
</pin_list>
<bind>
<StgValue><ssdm name="bytePlanes1"/></StgValue>
</bind>
</comp>

<comp id="8" class="1001" name="const_8">
<pin_list>
<pin id="9" dir="1" index="0" bw="1" slack="0"/>
</pin_list>
<bind>
<StgValue><ssdm name=""/></StgValue>
</bind>
</comp>

<comp id="10" class="1001" name="const_10">
<pin_list>
<pin id="11" dir="1" index="0" bw="1" slack="0"/>
</pin_list>
<bind>
<StgValue><ssdm name="_ssdm_op_Read.ap_auto.i11"/></StgValue>
</bind>
</comp>

<comp id="12" class="1001" name="const_12">
<pin_list>
<pin id="13" dir="1" index="0" bw="1" slack="0"/>
</pin_list>
<bind>
<StgValue><ssdm name="_ssdm_op_Read.ap_auto.i27"/></StgValue>
</bind>
</comp>

<comp id="14" class="1001" name="const_14">
<pin_list>
<pin id="15" dir="1" index="0" bw="1" slack="2147483647"/>
</pin_list>
<bind>
<StgValue><ssdm name="_ssdm_op_SpecMemCore"/></StgValue>
</bind>
</comp>

<comp id="16" class="1001" name="const_16">
<pin_list>
<pin id="17" dir="1" index="0" bw="1" slack="2147483647"/>
</pin_list>
<bind>
<StgValue><ssdm name=""/></StgValue>
</bind>
</comp>

<comp id="18" class="1001" name="const_18">
<pin_list>
<pin id="19" dir="1" index="0" bw="1" slack="2147483647"/>
</pin_list>
<bind>
<StgValue><ssdm name=""/></StgValue>
</bind>
</comp>

<comp id="20" class="1001" name="const_20">
<pin_list>
<pin id="21" dir="1" index="0" bw="1" slack="2147483647"/>
</pin_list>
<bind>
<StgValue><ssdm name=""/></StgValue>
</bind>
</comp>

<comp id="22" class="1001" name="const_22">
<pin_list>
<pin id="23" dir="1" index="0" bw="1" slack="2147483647"/>
</pin_list>
<bind>
<StgValue><ssdm name="_ssdm_op_SpecInterface"/></StgValue>
</bind>
</comp>

<comp id="24" class="1001" name="const_24">
<pin_list>
<pin id="25" dir="1" index="0" bw="1" slack="2147483647"/>
</pin_list>
<bind>
<StgValue><ssdm name="empty_13"/></StgValue>
</bind>
</comp>

<comp id="26" class="1001" name="const_26">
<pin_list>
<pin id="27" dir="1" index="0" bw="1" slack="2147483647"/>
</pin_list>
<bind>
<StgValue><ssdm name=""/></StgValue>
</bind>
</comp>

<comp id="28" class="1001" name="const_28">
<pin_list>
<pin id="29" dir="1" index="0" bw="1" slack="2147483647"/>
</pin_list>
<bind>
<StgValue><ssdm name="empty_14"/></StgValue>
</bind>
</comp>

<comp id="30" class="1001" name="const_30">
<pin_list>
<pin id="31" dir="1" index="0" bw="1" slack="2147483647"/>
</pin_list>
<bind>
<StgValue><ssdm name=""/></StgValue>
</bind>
</comp>

<comp id="32" class="1001" name="const_32">
<pin_list>
<pin id="33" dir="1" index="0" bw="1" slack="2147483647"/>
</pin_list>
<bind>
<StgValue><ssdm name=""/></StgValue>
</bind>
</comp>

<comp id="34" class="1001" name="const_34">
<pin_list>
<pin id="35" dir="1" index="0" bw="1" slack="2147483647"/>
</pin_list>
<bind>
<StgValue><ssdm name="empty_15"/></StgValue>
</bind>
</comp>

<comp id="36" class="1001" name="const_36">
<pin_list>
<pin id="37" dir="1" index="0" bw="1" slack="2147483647"/>
</pin_list>
<bind>
<StgValue><ssdm name="empty_11"/></StgValue>
</bind>
</comp>

<comp id="38" class="1001" name="const_38">
<pin_list>
<pin id="39" dir="1" index="0" bw="1" slack="2147483647"/>
</pin_list>
<bind>
<StgValue><ssdm name=""/></StgValue>
</bind>
</comp>

<comp id="40" class="1001" name="const_40">
<pin_list>
<pin id="41" dir="1" index="0" bw="1" slack="2147483647"/>
</pin_list>
<bind>
<StgValue><ssdm name=""/></StgValue>
</bind>
</comp>

<comp id="42" class="1001" name="const_42">
<pin_list>
<pin id="43" dir="1" index="0" bw="1" slack="0"/>
</pin_list>
<bind>
<StgValue><ssdm name=""/></StgValue>
</bind>
</comp>

<comp id="44" class="1001" name="const_44">
<pin_list>
<pin id="45" dir="1" index="0" bw="1" slack="2147483647"/>
</pin_list>
<bind>
<StgValue><ssdm name="empty_1"/></StgValue>
</bind>
</comp>

<comp id="46" class="1001" name="const_46">
<pin_list>
<pin id="47" dir="1" index="0" bw="1" slack="0"/>
</pin_list>
<bind>
<StgValue><ssdm name=""/></StgValue>
</bind>
</comp>

<comp id="48" class="1001" name="const_48">
<pin_list>
<pin id="49" dir="1" index="0" bw="1" slack="0"/>
</pin_list>
<bind>
<StgValue><ssdm name=""/></StgValue>
</bind>
</comp>

<comp id="50" class="1001" name="const_50">
<pin_list>
<pin id="51" dir="1" index="0" bw="1" slack="2147483647"/>
</pin_list>
<bind>
<StgValue><ssdm name="_ssdm_op_SpecLoopTripCount"/></StgValue>
</bind>
</comp>

<comp id="52" class="1001" name="const_52">
<pin_list>
<pin id="53" dir="1" index="0" bw="1" slack="2147483647"/>
</pin_list>
<bind>
<StgValue><ssdm name=""/></StgValue>
</bind>
</comp>

<comp id="54" class="1001" name="const_54">
<pin_list>
<pin id="55" dir="1" index="0" bw="1" slack="2147483647"/>
</pin_list>
<bind>
<StgValue><ssdm name=""/></StgValue>
</bind>
</comp>

<comp id="56" class="1001" name="const_56">
<pin_list>
<pin id="57" dir="1" index="0" bw="1" slack="2147483647"/>
</pin_list>
<bind>
<StgValue><ssdm name=""/></StgValue>
</bind>
</comp>

<comp id="58" class="1001" name="const_58">
<pin_list>
<pin id="59" dir="1" index="0" bw="1" slack="0"/>
</pin_list>
<bind>
<StgValue><ssdm name="_ssdm_op_Read.ap_fifo.volatile.i256P0A"/></StgValue>
</bind>
</comp>

<comp id="60" class="1001" name="const_60">
<pin_list>
<pin id="61" dir="1" index="0" bw="1" slack="2147483647"/>
</pin_list>
<bind>
<StgValue><ssdm name="_ssdm_op_SpecPipeline"/></StgValue>
</bind>
</comp>

<comp id="62" class="1001" name="const_62">
<pin_list>
<pin id="63" dir="1" index="0" bw="1" slack="2147483647"/>
</pin_list>
<bind>
<StgValue><ssdm name="_ssdm_op_SpecLoopName"/></StgValue>
</bind>
</comp>

<comp id="64" class="1001" name="const_64">
<pin_list>
<pin id="65" dir="1" index="0" bw="1" slack="2147483647"/>
</pin_list>
<bind>
<StgValue><ssdm name="empty_12"/></StgValue>
</bind>
</comp>

<comp id="66" class="1001" name="const_66">
<pin_list>
<pin id="67" dir="1" index="0" bw="1" slack="0"/>
</pin_list>
<bind>
<StgValue><ssdm name="_ssdm_op_Write.m_axi.p1i256"/></StgValue>
</bind>
</comp>

<comp id="68" class="1004" name="x_fu_68">
<pin_list>
<pin id="69" dir="0" index="0" bw="1" slack="0"/>
<pin id="70" dir="1" index="1" bw="11" slack="0"/>
</pin_list>
<bind>
<opcode="alloca(26) " fcode="alloca"/>
<opset="x/1 "/>
</bind>
</comp>

<comp id="72" class="1004" name="loopWidth_read_read_fu_72">
<pin_list>
<pin id="73" dir="0" index="0" bw="11" slack="0"/>
<pin id="74" dir="0" index="1" bw="11" slack="0"/>
<pin id="75" dir="1" index="2" bw="11" slack="0"/>
</pin_list>
<bind>
<opcode="read(1150) " fcode="read"/>
<opset="loopWidth_read/1 "/>
</bind>
</comp>

<comp id="78" class="1004" name="sext_ln1086_read_read_fu_78">
<pin_list>
<pin id="79" dir="0" index="0" bw="27" slack="0"/>
<pin id="80" dir="0" index="1" bw="27" slack="0"/>
<pin id="81" dir="1" index="2" bw="27" slack="0"/>
</pin_list>
<bind>
<opcode="read(1150) " fcode="read"/>
<opset="sext_ln1086_read/1 "/>
</bind>
</comp>

<comp id="84" class="1004" name="mem_pix_read_fu_84">
<pin_list>
<pin id="85" dir="0" index="0" bw="256" slack="0"/>
<pin id="86" dir="0" index="1" bw="256" slack="0"/>
<pin id="87" dir="1" index="2" bw="256" slack="1"/>
</pin_list>
<bind>
<opcode="read(1150) " fcode="read"/>
<opset="mem_pix/2 "/>
</bind>
</comp>

<comp id="90" class="1004" name="write_ln1090_write_fu_90">
<pin_list>
<pin id="91" dir="0" index="0" bw="0" slack="0"/>
<pin id="92" dir="0" index="1" bw="256" slack="1"/>
<pin id="93" dir="0" index="2" bw="256" slack="1"/>
<pin id="94" dir="0" index="3" bw="1" slack="0"/>
<pin id="95" dir="1" index="4" bw="0" slack="2147483647"/>
</pin_list>
<bind>
<opcode="write(1151) " fcode="write"/>
<opset="write_ln1090/3 "/>
</bind>
</comp>

<comp id="98" class="1004" name="sext_ln1086_cast_fu_98">
<pin_list>
<pin id="99" dir="0" index="0" bw="27" slack="0"/>
<pin id="100" dir="1" index="1" bw="32" slack="1"/>
</pin_list>
<bind>
<opcode="sext(35) " fcode="sext"/>
<opset="sext_ln1086_cast/1 "/>
</bind>
</comp>

<comp id="102" class="1004" name="store_ln0_store_fu_102">
<pin_list>
<pin id="103" dir="0" index="0" bw="1" slack="0"/>
<pin id="104" dir="0" index="1" bw="11" slack="0"/>
<pin id="105" dir="1" index="2" bw="0" slack="2147483647"/>
</pin_list>
<bind>
<opcode="store(28) " fcode="store"/>
<opset="store_ln0/1 "/>
</bind>
</comp>

<comp id="107" class="1004" name="x_5_load_fu_107">
<pin_list>
<pin id="108" dir="0" index="0" bw="11" slack="0"/>
<pin id="109" dir="1" index="1" bw="11" slack="0"/>
</pin_list>
<bind>
<opcode="load(27) " fcode="load"/>
<opset="x_5/1 "/>
</bind>
</comp>

<comp id="110" class="1004" name="icmp_ln1086_fu_110">
<pin_list>
<pin id="111" dir="0" index="0" bw="11" slack="0"/>
<pin id="112" dir="0" index="1" bw="11" slack="0"/>
<pin id="113" dir="1" index="2" bw="1" slack="1"/>
</pin_list>
<bind>
<opcode="icmp(45) " fcode="icmp"/>
<opset="icmp_ln1086/1 "/>
</bind>
</comp>

<comp id="116" class="1004" name="add_ln1086_fu_116">
<pin_list>
<pin id="117" dir="0" index="0" bw="11" slack="0"/>
<pin id="118" dir="0" index="1" bw="1" slack="0"/>
<pin id="119" dir="1" index="2" bw="11" slack="0"/>
</pin_list>
<bind>
<opcode="add(8) " fcode="add"/>
<opset="add_ln1086/1 "/>
</bind>
</comp>

<comp id="122" class="1004" name="store_ln1086_store_fu_122">
<pin_list>
<pin id="123" dir="0" index="0" bw="11" slack="0"/>
<pin id="124" dir="0" index="1" bw="11" slack="0"/>
<pin id="125" dir="1" index="2" bw="0" slack="2147483647"/>
</pin_list>
<bind>
<opcode="store(28) " fcode="store"/>
<opset="store_ln1086/1 "/>
</bind>
</comp>

<comp id="127" class="1004" name="mm_video_addr_fu_127">
<pin_list>
<pin id="128" dir="0" index="0" bw="32" slack="0"/>
<pin id="129" dir="0" index="1" bw="32" slack="1"/>
<pin id="130" dir="1" index="2" bw="32" slack="1"/>
</pin_list>
<bind>
<opcode="getelementptr(29) " fcode="getelementptr"/>
<opset="mm_video_addr/2 "/>
</bind>
</comp>

<comp id="132" class="1005" name="x_reg_132">
<pin_list>
<pin id="133" dir="0" index="0" bw="11" slack="0"/>
<pin id="134" dir="1" index="1" bw="11" slack="0"/>
</pin_list>
<bind>
<opset="x "/>
</bind>
</comp>

<comp id="139" class="1005" name="sext_ln1086_cast_reg_139">
<pin_list>
<pin id="140" dir="0" index="0" bw="32" slack="1"/>
<pin id="141" dir="1" index="1" bw="32" slack="1"/>
</pin_list>
<bind>
<opset="sext_ln1086_cast "/>
</bind>
</comp>

<comp id="144" class="1005" name="icmp_ln1086_reg_144">
<pin_list>
<pin id="145" dir="0" index="0" bw="1" slack="1"/>
<pin id="146" dir="1" index="1" bw="1" slack="2147483647"/>
</pin_list>
<bind>
<opset="icmp_ln1086 "/>
</bind>
</comp>

<comp id="148" class="1005" name="mm_video_addr_reg_148">
<pin_list>
<pin id="149" dir="0" index="0" bw="256" slack="1"/>
<pin id="150" dir="1" index="1" bw="256" slack="1"/>
</pin_list>
<bind>
<opset="mm_video_addr "/>
</bind>
</comp>

<comp id="153" class="1005" name="mem_pix_reg_153">
<pin_list>
<pin id="154" dir="0" index="0" bw="256" slack="1"/>
<pin id="155" dir="1" index="1" bw="256" slack="1"/>
</pin_list>
<bind>
<opset="mem_pix "/>
</bind>
</comp>

</comp_list>

<net_list>
<net id="71"><net_src comp="8" pin="0"/><net_sink comp="68" pin=0"/></net>

<net id="76"><net_src comp="10" pin="0"/><net_sink comp="72" pin=0"/></net>

<net id="77"><net_src comp="4" pin="0"/><net_sink comp="72" pin=1"/></net>

<net id="82"><net_src comp="12" pin="0"/><net_sink comp="78" pin=0"/></net>

<net id="83"><net_src comp="2" pin="0"/><net_sink comp="78" pin=1"/></net>

<net id="88"><net_src comp="58" pin="0"/><net_sink comp="84" pin=0"/></net>

<net id="89"><net_src comp="6" pin="0"/><net_sink comp="84" pin=1"/></net>

<net id="96"><net_src comp="66" pin="0"/><net_sink comp="90" pin=0"/></net>

<net id="97"><net_src comp="42" pin="0"/><net_sink comp="90" pin=3"/></net>

<net id="101"><net_src comp="78" pin="2"/><net_sink comp="98" pin=0"/></net>

<net id="106"><net_src comp="46" pin="0"/><net_sink comp="102" pin=0"/></net>

<net id="114"><net_src comp="107" pin="1"/><net_sink comp="110" pin=0"/></net>

<net id="115"><net_src comp="72" pin="2"/><net_sink comp="110" pin=1"/></net>

<net id="120"><net_src comp="107" pin="1"/><net_sink comp="116" pin=0"/></net>

<net id="121"><net_src comp="48" pin="0"/><net_sink comp="116" pin=1"/></net>

<net id="126"><net_src comp="116" pin="2"/><net_sink comp="122" pin=0"/></net>

<net id="131"><net_src comp="0" pin="0"/><net_sink comp="127" pin=0"/></net>

<net id="135"><net_src comp="68" pin="1"/><net_sink comp="132" pin=0"/></net>

<net id="136"><net_src comp="132" pin="1"/><net_sink comp="102" pin=1"/></net>

<net id="137"><net_src comp="132" pin="1"/><net_sink comp="107" pin=0"/></net>

<net id="138"><net_src comp="132" pin="1"/><net_sink comp="122" pin=1"/></net>

<net id="142"><net_src comp="98" pin="1"/><net_sink comp="139" pin=0"/></net>

<net id="143"><net_src comp="139" pin="1"/><net_sink comp="127" pin=1"/></net>

<net id="147"><net_src comp="110" pin="2"/><net_sink comp="144" pin=0"/></net>

<net id="151"><net_src comp="127" pin="2"/><net_sink comp="148" pin=0"/></net>

<net id="152"><net_src comp="148" pin="1"/><net_sink comp="90" pin=1"/></net>

<net id="156"><net_src comp="84" pin="2"/><net_sink comp="153" pin=0"/></net>

<net id="157"><net_src comp="153" pin="1"/><net_sink comp="90" pin=2"/></net>

</net_list>

</model> 
---------------- Datapath Model END ------------------

* FSMD analyzer results:
  - Output states:
	Port: mm_video | {3 }
	Port: bytePlanes1 | {}
 - Input state : 
	Port: Bytes2AXIMMvideo_Pipeline_VITIS_LOOP_1086_1 : mm_video | {}
	Port: Bytes2AXIMMvideo_Pipeline_VITIS_LOOP_1086_1 : sext_ln1086 | {1 }
	Port: Bytes2AXIMMvideo_Pipeline_VITIS_LOOP_1086_1 : loopWidth | {1 }
	Port: Bytes2AXIMMvideo_Pipeline_VITIS_LOOP_1086_1 : bytePlanes1 | {2 }
  - Chain level:
	State 1
		store_ln0 : 1
		x_5 : 1
		icmp_ln1086 : 2
		add_ln1086 : 2
		br_ln1086 : 3
		store_ln1086 : 3
	State 2
	State 3


============================================================
+ Verbose Summary: Datapath Resource usage 
============================================================

* Functional unit list:
|----------|-----------------------------|---------|---------|
| Operation|       Functional Unit       |    FF   |   LUT   |
|----------|-----------------------------|---------|---------|
|    add   |      add_ln1086_fu_116      |    0    |    18   |
|----------|-----------------------------|---------|---------|
|   icmp   |      icmp_ln1086_fu_110     |    0    |    11   |
|----------|-----------------------------|---------|---------|
|          |  loopWidth_read_read_fu_72  |    0    |    0    |
|   read   | sext_ln1086_read_read_fu_78 |    0    |    0    |
|          |      mem_pix_read_fu_84     |    0    |    0    |
|----------|-----------------------------|---------|---------|
|   write  |   write_ln1090_write_fu_90  |    0    |    0    |
|----------|-----------------------------|---------|---------|
|   sext   |    sext_ln1086_cast_fu_98   |    0    |    0    |
|----------|-----------------------------|---------|---------|
|   Total  |                             |    0    |    29   |
|----------|-----------------------------|---------|---------|

Memories:
N/A

* Register list:
+------------------------+--------+
|                        |   FF   |
+------------------------+--------+
|   icmp_ln1086_reg_144  |    1   |
|     mem_pix_reg_153    |   256  |
|  mm_video_addr_reg_148 |   256  |
|sext_ln1086_cast_reg_139|   32   |
|        x_reg_132       |   11   |
+------------------------+--------+
|          Total         |   556  |
+------------------------+--------+

* Multiplexer (MUX) list: 
|--------|------|------|------|--------|
|  Comp  |  Pin | Size |  BW  | S x BW |
|--------|------|------|------|--------|
|  Total |      |      |      |    0   |
|--------|------|------|------|--------|



* Summary:
+-----------+--------+--------+
|           |   FF   |   LUT  |
+-----------+--------+--------+
|  Function |    0   |   29   |
|   Memory  |    -   |    -   |
|Multiplexer|    -   |    -   |
|  Register |   556  |    -   |
+-----------+--------+--------+
|   Total   |   556  |   29   |
+-----------+--------+--------+
