

================================================================
== Vitis HLS Report for 'FrmbufWrHlsDataFlow'
================================================================
* Date:           Fri Nov 25 21:03:35 2022

* Version:        2022.1 (Build 3526262 on Mon Apr 18 15:48:16 MDT 2022)
* Project:        prj
* Solution:       sol (Vivado IP Flow Target)
* Product family: zynquplus
* Target device:  xck26-sfvc784-2LV-c


================================================================
== Performance Estimates
================================================================
+ Timing: 
    * Summary: 
    +--------+---------+----------+------------+
    |  Clock |  Target | Estimated| Uncertainty|
    +--------+---------+----------+------------+
    |ap_clk  |  6.66 ns|  4.864 ns|     1.80 ns|
    +--------+---------+----------+------------+

+ Latency: 
    * Summary: 
    +---------+----------+----------+-----------+-----+----------+----------+
    |  Latency (cycles)  |  Latency (absolute)  |    Interval    | Pipeline |
    |   min   |    max   |    min   |    max    | min |    max   |   Type   |
    +---------+----------+----------+-----------+-----+----------+----------+
    |       25|  70804805|  0.167 us|  0.472 sec|    7|  70804803|  dataflow|
    +---------+----------+----------+-----------+-----+----------+----------+

    + Detail: 
        * Instance: 
        +------------------------------------+-------------------------+---------+----------+-----------+-----------+-----+----------+---------+
        |                                    |                         |  Latency (cycles)  |   Latency (absolute)  |    Interval    | Pipeline|
        |              Instance              |          Module         |   min   |    max   |    min    |    max    | min |    max   |   Type  |
        +------------------------------------+-------------------------+---------+----------+-----------+-----------+-----+----------+---------+
        |grp_AXIvideo2MultiPixStream_fu_210  |AXIvideo2MultiPixStream  |        6|   3313446|  39.978 ns|  22.077 ms|    6|   3313446|       no|
        |call_ln0_entry_proc_fu_237          |entry_proc               |        0|         0|       0 ns|       0 ns|    0|         0|       no|
        |grp_MultiPixStream2Bytes_fu_253     |MultiPixStream2Bytes     |        1|  70804802|   6.663 ns|  0.472 sec|    1|  70804802|       no|
        |grp_Bytes2AXIMMvideo_fu_265         |Bytes2AXIMMvideo         |        1|   9326881|   6.663 ns|  62.145 ms|    1|   9326881|       no|
        +------------------------------------+-------------------------+---------+----------+-----------+-----------+-----+----------+---------+

        * Loop: 
        N/A

============================================================
+ Verbose Summary: Synthesis Manager
============================================================
InlineROM: 1
ExposeGlobal: 0
============================================================
+ Verbose Summary: CDFG Model
============================================================
IsTopModel: 0
ResetActiveHigh: 1
IsCombinational: 2
IsDatapathOnly: 0
HasWiredReturn: 1
HasMFsm: 0
HasVarLatency: 1
IsPipeline: 0
IsRtlPipelined: 0
IsInstanceOverlapped: 0
IsDontTouch: 0
HasImplIP: 0
IsGatedGlobalClock: 0


============================================================
+ Verbose Summary: Schedule
============================================================
* Number of FSM states : 6
* Pipeline : 0
* Dataflow Pipeline: 1
  DF-Pipeline-0: Size = 6, States = { 1 2 3 4 5 6 }

* FSM state transitions: 
1 --> 2 
2 --> 3 
3 --> 4 
4 --> 5 
5 --> 6 
6 --> 

* FSM state operations: 

State 1 <SV = 0> <Delay = 1.83>
ST_1 : Operation 7 [1/1] (0.00ns)   --->   "%p_read_6 = read i12 @_ssdm_op_Read.ap_auto.i12, i12 %p_read3"   --->   Operation 7 'read' 'p_read_6' <Predicate = true> <Delay = 0.00>
ST_1 : Operation 8 [1/1] (0.00ns)   --->   "%p_read26 = read i13 @_ssdm_op_Read.ap_auto.i13, i13 %p_read2"   --->   Operation 8 'read' 'p_read26' <Predicate = true> <Delay = 0.00>
ST_1 : Operation 9 [1/1] (0.00ns)   --->   "%p_read15 = read i3 @_ssdm_op_Read.ap_auto.i3, i3 %p_read1"   --->   Operation 9 'read' 'p_read15' <Predicate = true> <Delay = 0.00>
ST_1 : Operation 10 [1/1] (0.00ns)   --->   "%video_format_c = alloca i32 1"   --->   Operation 10 'alloca' 'video_format_c' <Predicate = true> <Delay = 0.00> <CoreInst = "FIFO_SRL">   --->   Core 81 'FIFO_SRL' <Latency = 0> <II = 1> <Delay = 1.83> <Storage> <Opcode : 'read' 'write' 'nbread' 'nbwrite'> <Ports = 0> <Width = 6> <Depth = 3> <FIFO>
ST_1 : Operation 11 [1/1] (0.00ns)   --->   "%stride_c = alloca i32 1"   --->   Operation 11 'alloca' 'stride_c' <Predicate = true> <Delay = 0.00> <CoreInst = "FIFO_SRL">   --->   Core 81 'FIFO_SRL' <Latency = 0> <II = 1> <Delay = 1.83> <Storage> <Opcode : 'read' 'write' 'nbread' 'nbwrite'> <Ports = 0> <Width = 16> <Depth = 4> <FIFO>
ST_1 : Operation 12 [1/1] (0.00ns)   --->   "%height_c10 = alloca i32 1"   --->   Operation 12 'alloca' 'height_c10' <Predicate = true> <Delay = 0.00> <CoreInst = "FIFO_SRL">   --->   Core 81 'FIFO_SRL' <Latency = 0> <II = 1> <Delay = 1.83> <Storage> <Opcode : 'read' 'write' 'nbread' 'nbwrite'> <Ports = 0> <Width = 12> <Depth = 2> <FIFO>
ST_1 : Operation 13 [1/1] (0.00ns)   --->   "%height_c = alloca i32 1"   --->   Operation 13 'alloca' 'height_c' <Predicate = true> <Delay = 0.00> <CoreInst = "FIFO_SRL">   --->   Core 81 'FIFO_SRL' <Latency = 0> <II = 1> <Delay = 1.83> <Storage> <Opcode : 'read' 'write' 'nbread' 'nbwrite'> <Ports = 0> <Width = 12> <Depth = 2> <FIFO>
ST_1 : Operation 14 [1/1] (0.00ns)   --->   "%width_c = alloca i32 1"   --->   Operation 14 'alloca' 'width_c' <Predicate = true> <Delay = 0.00> <CoreInst = "FIFO_SRL">   --->   Core 81 'FIFO_SRL' <Latency = 0> <II = 1> <Delay = 1.83> <Storage> <Opcode : 'read' 'write' 'nbread' 'nbwrite'> <Ports = 0> <Width = 13> <Depth = 2> <FIFO>
ST_1 : Operation 15 [1/1] (0.00ns)   --->   "%WidthInBytes_c9 = alloca i32 1"   --->   Operation 15 'alloca' 'WidthInBytes_c9' <Predicate = true> <Delay = 0.00> <CoreInst = "FIFO_SRL">   --->   Core 81 'FIFO_SRL' <Latency = 0> <II = 1> <Delay = 1.83> <Storage> <Opcode : 'read' 'write' 'nbread' 'nbwrite'> <Ports = 0> <Width = 15> <Depth = 3> <FIFO>
ST_1 : Operation 16 [1/1] (0.00ns)   --->   "%WidthInBytes_c = alloca i32 1"   --->   Operation 16 'alloca' 'WidthInBytes_c' <Predicate = true> <Delay = 0.00> <CoreInst = "FIFO_SRL">   --->   Core 81 'FIFO_SRL' <Latency = 0> <II = 1> <Delay = 1.83> <Storage> <Opcode : 'read' 'write' 'nbread' 'nbwrite'> <Ports = 0> <Width = 15> <Depth = 2> <FIFO>
ST_1 : Operation 17 [1/1] (0.00ns)   --->   "%HwReg_frm_buffer_c = alloca i32 1"   --->   Operation 17 'alloca' 'HwReg_frm_buffer_c' <Predicate = true> <Delay = 0.00> <CoreInst = "FIFO_SRL">   --->   Core 81 'FIFO_SRL' <Latency = 0> <II = 1> <Delay = 1.83> <Storage> <Opcode : 'read' 'write' 'nbread' 'nbwrite'> <Ports = 0> <Width = 32> <Depth = 4> <FIFO>
ST_1 : Operation 18 [1/1] (0.00ns)   --->   "%img = alloca i32 1"   --->   Operation 18 'alloca' 'img' <Predicate = true> <Delay = 0.00> <CoreInst = "FIFO_SRL">   --->   Core 81 'FIFO_SRL' <Latency = 0> <II = 1> <Delay = 1.83> <Storage> <Opcode : 'read' 'write' 'nbread' 'nbwrite'> <Ports = 0> <Width = 120> <Depth = 2> <FIFO>
ST_1 : Operation 19 [1/1] (0.00ns)   --->   "%bytePlanes_plane0 = alloca i32 1" [D:/zynqmp_cam_isp_demo/zynqmp_cam_isp_demo.runs/design_1_v_frmbuf_wr_0_0_synth_1/prj/sol/.autopilot/db/v_frmbuf_wr.cpp:35]   --->   Operation 19 'alloca' 'bytePlanes_plane0' <Predicate = true> <Delay = 0.00> <CoreInst = "FIFO_BRAM">   --->   Core 79 'FIFO_BRAM' <Latency = 0> <II = 1> <Delay = 1.65> <Storage> <Opcode : 'read' 'write' 'nbread' 'nbwrite'> <Ports = 0> <Width = 256> <Depth = 264> <FIFO>
ST_1 : Operation 20 [2/2] (1.83ns)   --->   "%call_ln57 = call void @AXIvideo2MultiPixStream, i120 %s_axis_video_V_data_V, i15 %s_axis_video_V_keep_V, i15 %s_axis_video_V_strb_V, i1 %s_axis_video_V_user_V, i1 %s_axis_video_V_last_V, i1 %s_axis_video_V_id_V, i1 %s_axis_video_V_dest_V, i120 %img, i12 %p_read_6, i13 %p_read26, i3 %p_read15, i13 %width_c, i12 %height_c10" [D:/zynqmp_cam_isp_demo/zynqmp_cam_isp_demo.runs/design_1_v_frmbuf_wr_0_0_synth_1/prj/sol/.autopilot/db/v_frmbuf_wr.cpp:57]   --->   Operation 20 'call' 'call_ln57' <Predicate = true> <Delay = 1.83> <CoreType = "Generic">   --->   Core 0 '' <Latency = 0> <II = 1> <Delay = 1.00> <Generic> <Opcode : >

State 2 <SV = 1> <Delay = 1.83>
ST_2 : Operation 21 [1/1] (0.00ns)   --->   "%p_read_4 = read i6 @_ssdm_op_Read.ap_auto.i6, i6 %p_read25"   --->   Operation 21 'read' 'p_read_4' <Predicate = true> <Delay = 0.00>
ST_2 : Operation 22 [1/1] (0.00ns)   --->   "%p_read_5 = read i16 @_ssdm_op_Read.ap_auto.i16, i16 %p_read14"   --->   Operation 22 'read' 'p_read_5' <Predicate = true> <Delay = 0.00>
ST_2 : Operation 23 [1/1] (0.00ns)   --->   "%p_read_7 = read i15 @_ssdm_op_Read.ap_auto.i15, i15 %p_read"   --->   Operation 23 'read' 'p_read_7' <Predicate = true> <Delay = 0.00>
ST_2 : Operation 24 [1/1] (0.00ns)   --->   "%HwReg_frm_buffer_read = read i32 @_ssdm_op_Read.ap_auto.i32, i32 %HwReg_frm_buffer"   --->   Operation 24 'read' 'HwReg_frm_buffer_read' <Predicate = true> <Delay = 0.00>
ST_2 : Operation 25 [1/1] (1.83ns)   --->   "%call_ln0 = call void @entry_proc, i32 %HwReg_frm_buffer_read, i32 %HwReg_frm_buffer_c, i15 %p_read_7, i15 %WidthInBytes_c9, i16 %p_read_5, i16 %stride_c, i6 %p_read_4, i6 %video_format_c"   --->   Operation 25 'call' 'call_ln0' <Predicate = true> <Delay = 1.83> <CoreType = "Generic">   --->   Core 0 '' <Latency = 0> <II = 1> <Delay = 1.00> <Generic> <Opcode : >
ST_2 : Operation 26 [1/2] (0.00ns)   --->   "%call_ln57 = call void @AXIvideo2MultiPixStream, i120 %s_axis_video_V_data_V, i15 %s_axis_video_V_keep_V, i15 %s_axis_video_V_strb_V, i1 %s_axis_video_V_user_V, i1 %s_axis_video_V_last_V, i1 %s_axis_video_V_id_V, i1 %s_axis_video_V_dest_V, i120 %img, i12 %p_read_6, i13 %p_read26, i3 %p_read15, i13 %width_c, i12 %height_c10" [D:/zynqmp_cam_isp_demo/zynqmp_cam_isp_demo.runs/design_1_v_frmbuf_wr_0_0_synth_1/prj/sol/.autopilot/db/v_frmbuf_wr.cpp:57]   --->   Operation 26 'call' 'call_ln57' <Predicate = true> <Delay = 0.00> <CoreType = "Generic">   --->   Core 0 '' <Latency = 0> <II = 1> <Delay = 1.00> <Generic> <Opcode : >

State 3 <SV = 2> <Delay = 0.00>
ST_3 : Operation 27 [2/2] (0.00ns)   --->   "%call_ln60 = call void @MultiPixStream2Bytes, i120 %img, i256 %bytePlanes_plane0, i12 %height_c10, i13 %width_c, i15 %WidthInBytes_c9, i6 %video_format_c, i15 %WidthInBytes_c, i12 %height_c" [D:/zynqmp_cam_isp_demo/zynqmp_cam_isp_demo.runs/design_1_v_frmbuf_wr_0_0_synth_1/prj/sol/.autopilot/db/v_frmbuf_wr.cpp:60]   --->   Operation 27 'call' 'call_ln60' <Predicate = true> <Delay = 0.00> <CoreType = "Generic">   --->   Core 0 '' <Latency = 0> <II = 1> <Delay = 1.00> <Generic> <Opcode : >

State 4 <SV = 3> <Delay = 0.00>
ST_4 : Operation 28 [1/2] (0.00ns)   --->   "%call_ln60 = call void @MultiPixStream2Bytes, i120 %img, i256 %bytePlanes_plane0, i12 %height_c10, i13 %width_c, i15 %WidthInBytes_c9, i6 %video_format_c, i15 %WidthInBytes_c, i12 %height_c" [D:/zynqmp_cam_isp_demo/zynqmp_cam_isp_demo.runs/design_1_v_frmbuf_wr_0_0_synth_1/prj/sol/.autopilot/db/v_frmbuf_wr.cpp:60]   --->   Operation 28 'call' 'call_ln60' <Predicate = true> <Delay = 0.00> <CoreType = "Generic">   --->   Core 0 '' <Latency = 0> <II = 1> <Delay = 1.00> <Generic> <Opcode : >

State 5 <SV = 4> <Delay = 0.00>
ST_5 : Operation 29 [2/2] (0.00ns)   --->   "%call_ln63 = call void @Bytes2AXIMMvideo, i256 %bytePlanes_plane0, i256 %mm_video, i32 %HwReg_frm_buffer_c, i12 %height_c, i15 %WidthInBytes_c, i16 %stride_c" [D:/zynqmp_cam_isp_demo/zynqmp_cam_isp_demo.runs/design_1_v_frmbuf_wr_0_0_synth_1/prj/sol/.autopilot/db/v_frmbuf_wr.cpp:63]   --->   Operation 29 'call' 'call_ln63' <Predicate = true> <Delay = 0.00> <CoreType = "Generic">   --->   Core 0 '' <Latency = 0> <II = 1> <Delay = 1.00> <Generic> <Opcode : >

State 6 <SV = 5> <Delay = 0.00>
ST_6 : Operation 30 [1/1] (0.00ns)   --->   "%specstablecontent_ln0 = specstablecontent void @_ssdm_op_SpecStableContent, i16 %p_read14, void "   --->   Operation 30 'specstablecontent' 'specstablecontent_ln0' <Predicate = true> <Delay = 0.00>
ST_6 : Operation 31 [1/1] (0.00ns)   --->   "%empty = specchannel i32 @_ssdm_op_SpecChannel, void @video_format_c_str, i32 1, void @p_str, void @p_str, i32 3, i32 0, i6 %video_format_c, i6 %video_format_c"   --->   Operation 31 'specchannel' 'empty' <Predicate = true> <Delay = 0.00>
ST_6 : Operation 32 [1/1] (0.00ns)   --->   "%specinterface_ln0 = specinterface void @_ssdm_op_SpecInterface, i6 %video_format_c, void @ap_fifo_str, i32 0, i32 0, void @p_str, i32 0, i32 0, void @p_str, void @p_str, void @p_str, i32 2, i32 2, i32 16, i32 16, void @p_str, void @p_str, i32 4294967295, i32 0"   --->   Operation 32 'specinterface' 'specinterface_ln0' <Predicate = true> <Delay = 0.00>
ST_6 : Operation 33 [1/1] (0.00ns)   --->   "%empty_363 = specchannel i32 @_ssdm_op_SpecChannel, void @stride_c_str, i32 1, void @p_str, void @p_str, i32 4, i32 0, i16 %stride_c, i16 %stride_c"   --->   Operation 33 'specchannel' 'empty_363' <Predicate = true> <Delay = 0.00>
ST_6 : Operation 34 [1/1] (0.00ns)   --->   "%specinterface_ln0 = specinterface void @_ssdm_op_SpecInterface, i16 %stride_c, void @ap_fifo_str, i32 0, i32 0, void @p_str, i32 0, i32 0, void @p_str, void @p_str, void @p_str, i32 2, i32 2, i32 16, i32 16, void @p_str, void @p_str, i32 4294967295, i32 0"   --->   Operation 34 'specinterface' 'specinterface_ln0' <Predicate = true> <Delay = 0.00>
ST_6 : Operation 35 [1/1] (0.00ns)   --->   "%empty_364 = specchannel i32 @_ssdm_op_SpecChannel, void @height_c10_str, i32 1, void @p_str, void @p_str, i32 2, i32 0, i12 %height_c10, i12 %height_c10"   --->   Operation 35 'specchannel' 'empty_364' <Predicate = true> <Delay = 0.00>
ST_6 : Operation 36 [1/1] (0.00ns)   --->   "%specinterface_ln0 = specinterface void @_ssdm_op_SpecInterface, i12 %height_c10, void @ap_fifo_str, i32 0, i32 0, void @p_str, i32 0, i32 0, void @p_str, void @p_str, void @p_str, i32 2, i32 2, i32 16, i32 16, void @p_str, void @p_str, i32 4294967295, i32 0"   --->   Operation 36 'specinterface' 'specinterface_ln0' <Predicate = true> <Delay = 0.00>
ST_6 : Operation 37 [1/1] (0.00ns)   --->   "%empty_365 = specchannel i32 @_ssdm_op_SpecChannel, void @height_c_str, i32 1, void @p_str, void @p_str, i32 2, i32 0, i12 %height_c, i12 %height_c"   --->   Operation 37 'specchannel' 'empty_365' <Predicate = true> <Delay = 0.00>
ST_6 : Operation 38 [1/1] (0.00ns)   --->   "%specinterface_ln0 = specinterface void @_ssdm_op_SpecInterface, i12 %height_c, void @ap_fifo_str, i32 0, i32 0, void @p_str, i32 0, i32 0, void @p_str, void @p_str, void @p_str, i32 2, i32 2, i32 16, i32 16, void @p_str, void @p_str, i32 4294967295, i32 0"   --->   Operation 38 'specinterface' 'specinterface_ln0' <Predicate = true> <Delay = 0.00>
ST_6 : Operation 39 [1/1] (0.00ns)   --->   "%empty_366 = specchannel i32 @_ssdm_op_SpecChannel, void @width_c_str, i32 1, void @p_str, void @p_str, i32 2, i32 0, i13 %width_c, i13 %width_c"   --->   Operation 39 'specchannel' 'empty_366' <Predicate = true> <Delay = 0.00>
ST_6 : Operation 40 [1/1] (0.00ns)   --->   "%specinterface_ln0 = specinterface void @_ssdm_op_SpecInterface, i13 %width_c, void @ap_fifo_str, i32 0, i32 0, void @p_str, i32 0, i32 0, void @p_str, void @p_str, void @p_str, i32 2, i32 2, i32 16, i32 16, void @p_str, void @p_str, i32 4294967295, i32 0"   --->   Operation 40 'specinterface' 'specinterface_ln0' <Predicate = true> <Delay = 0.00>
ST_6 : Operation 41 [1/1] (0.00ns)   --->   "%empty_367 = specchannel i32 @_ssdm_op_SpecChannel, void @WidthInBytes_c9_str, i32 1, void @p_str, void @p_str, i32 3, i32 0, i15 %WidthInBytes_c9, i15 %WidthInBytes_c9"   --->   Operation 41 'specchannel' 'empty_367' <Predicate = true> <Delay = 0.00>
ST_6 : Operation 42 [1/1] (0.00ns)   --->   "%specinterface_ln0 = specinterface void @_ssdm_op_SpecInterface, i15 %WidthInBytes_c9, void @ap_fifo_str, i32 0, i32 0, void @p_str, i32 0, i32 0, void @p_str, void @p_str, void @p_str, i32 2, i32 2, i32 16, i32 16, void @p_str, void @p_str, i32 4294967295, i32 0"   --->   Operation 42 'specinterface' 'specinterface_ln0' <Predicate = true> <Delay = 0.00>
ST_6 : Operation 43 [1/1] (0.00ns)   --->   "%empty_368 = specchannel i32 @_ssdm_op_SpecChannel, void @WidthInBytes_c_str, i32 1, void @p_str, void @p_str, i32 2, i32 0, i15 %WidthInBytes_c, i15 %WidthInBytes_c"   --->   Operation 43 'specchannel' 'empty_368' <Predicate = true> <Delay = 0.00>
ST_6 : Operation 44 [1/1] (0.00ns)   --->   "%specinterface_ln0 = specinterface void @_ssdm_op_SpecInterface, i15 %WidthInBytes_c, void @ap_fifo_str, i32 0, i32 0, void @p_str, i32 0, i32 0, void @p_str, void @p_str, void @p_str, i32 2, i32 2, i32 16, i32 16, void @p_str, void @p_str, i32 4294967295, i32 0"   --->   Operation 44 'specinterface' 'specinterface_ln0' <Predicate = true> <Delay = 0.00>
ST_6 : Operation 45 [1/1] (0.00ns)   --->   "%empty_369 = specchannel i32 @_ssdm_op_SpecChannel, void @HwReg_frm_buffer_c_str, i32 1, void @p_str, void @p_str, i32 4, i32 0, i32 %HwReg_frm_buffer_c, i32 %HwReg_frm_buffer_c"   --->   Operation 45 'specchannel' 'empty_369' <Predicate = true> <Delay = 0.00>
ST_6 : Operation 46 [1/1] (0.00ns)   --->   "%specinterface_ln0 = specinterface void @_ssdm_op_SpecInterface, i32 %HwReg_frm_buffer_c, void @ap_fifo_str, i32 0, i32 0, void @p_str, i32 0, i32 0, void @p_str, void @p_str, void @p_str, i32 2, i32 2, i32 16, i32 16, void @p_str, void @p_str, i32 4294967295, i32 0"   --->   Operation 46 'specinterface' 'specinterface_ln0' <Predicate = true> <Delay = 0.00>
ST_6 : Operation 47 [1/1] (0.00ns)   --->   "%specdataflowpipeline_ln0 = specdataflowpipeline void @_ssdm_op_SpecDataflowPipeline, i32 4294967295, i32 0, void @empty_14"   --->   Operation 47 'specdataflowpipeline' 'specdataflowpipeline_ln0' <Predicate = true> <Delay = 0.00>
ST_6 : Operation 48 [1/1] (0.00ns)   --->   "%specinterface_ln0 = specinterface void @_ssdm_op_SpecInterface, i1 %s_axis_video_V_dest_V, i1 %s_axis_video_V_id_V, i1 %s_axis_video_V_last_V, i1 %s_axis_video_V_user_V, i15 %s_axis_video_V_strb_V, i15 %s_axis_video_V_keep_V, i120 %s_axis_video_V_data_V, void @empty, i32 0, i32 0, void @empty_0, i32 0, i32 0, void @empty_14, void @empty_14, void @empty_14, i32 0, i32 0, i32 0, i32 0, void @empty_14, void @empty_14, i32 4294967295, i32 0"   --->   Operation 48 'specinterface' 'specinterface_ln0' <Predicate = true> <Delay = 0.00>
ST_6 : Operation 49 [1/1] (0.00ns)   --->   "%specinterface_ln0 = specinterface void @_ssdm_op_SpecInterface, i256 %mm_video, void @empty_13, i32 0, i32 0, void @empty_14, i32 100, i32 2073600, void @empty_15, void @empty_11, void @empty_14, i32 16, i32 4, i32 16, i32 16, void @empty_14, void @empty_14, i32 4294967295, i32 0"   --->   Operation 49 'specinterface' 'specinterface_ln0' <Predicate = true> <Delay = 0.00>
ST_6 : Operation 50 [1/1] (0.00ns)   --->   "%empty_370 = specchannel i32 @_ssdm_op_SpecChannel, void @img_str, i32 1, void @p_str, void @p_str, i32 2, i32 2, i120 %img, i120 %img"   --->   Operation 50 'specchannel' 'empty_370' <Predicate = true> <Delay = 0.00>
ST_6 : Operation 51 [1/1] (0.00ns)   --->   "%specinterface_ln0 = specinterface void @_ssdm_op_SpecInterface, i120 %img, void @empty_1, i32 0, i32 0, void @empty_14, i32 0, i32 0, void @empty_14, void @empty_14, void @empty_14, i32 0, i32 0, i32 0, i32 0, void @empty_14, void @empty_14, i32 4294967295, i32 0"   --->   Operation 51 'specinterface' 'specinterface_ln0' <Predicate = true> <Delay = 0.00>
ST_6 : Operation 52 [1/1] (0.00ns)   --->   "%empty_371 = specchannel i32 @_ssdm_op_SpecChannel, void @bytePlanes_OC_plane0_str, i32 1, void @p_str, void @p_str, i32 264, i32 264, i256 %bytePlanes_plane0, i256 %bytePlanes_plane0"   --->   Operation 52 'specchannel' 'empty_371' <Predicate = true> <Delay = 0.00>
ST_6 : Operation 53 [1/1] (0.00ns)   --->   "%specmemcore_ln51 = specmemcore void @_ssdm_op_SpecMemCore, i256 %bytePlanes_plane0, i64 666, i64 8, i64 18446744073709551615" [D:/zynqmp_cam_isp_demo/zynqmp_cam_isp_demo.runs/design_1_v_frmbuf_wr_0_0_synth_1/prj/sol/.autopilot/db/v_frmbuf_wr.cpp:51]   --->   Operation 53 'specmemcore' 'specmemcore_ln51' <Predicate = true> <Delay = 0.00>
ST_6 : Operation 54 [1/1] (0.00ns)   --->   "%specinterface_ln0 = specinterface void @_ssdm_op_SpecInterface, i256 %bytePlanes_plane0, void @empty_1, i32 0, i32 0, void @empty_14, i32 0, i32 0, void @empty_14, void @empty_14, void @empty_14, i32 0, i32 0, i32 0, i32 0, void @empty_14, void @empty_14, i32 4294967295, i32 0"   --->   Operation 54 'specinterface' 'specinterface_ln0' <Predicate = true> <Delay = 0.00>
ST_6 : Operation 55 [1/2] (0.00ns)   --->   "%call_ln63 = call void @Bytes2AXIMMvideo, i256 %bytePlanes_plane0, i256 %mm_video, i32 %HwReg_frm_buffer_c, i12 %height_c, i15 %WidthInBytes_c, i16 %stride_c" [D:/zynqmp_cam_isp_demo/zynqmp_cam_isp_demo.runs/design_1_v_frmbuf_wr_0_0_synth_1/prj/sol/.autopilot/db/v_frmbuf_wr.cpp:63]   --->   Operation 55 'call' 'call_ln63' <Predicate = true> <Delay = 0.00> <CoreType = "Generic">   --->   Core 0 '' <Latency = 0> <II = 1> <Delay = 1.00> <Generic> <Opcode : >
ST_6 : Operation 56 [1/1] (0.00ns)   --->   "%ret_ln65 = ret" [D:/zynqmp_cam_isp_demo/zynqmp_cam_isp_demo.runs/design_1_v_frmbuf_wr_0_0_synth_1/prj/sol/.autopilot/db/v_frmbuf_wr.cpp:65]   --->   Operation 56 'ret' 'ret_ln65' <Predicate = true> <Delay = 0.00>


============================================================
+ Verbose Summary: Binding
============================================================
STG Binding: 
---------------- STG Properties BEGIN ----------------
- Is combinational: 0
- Is one-state seq: 0
- Is datapath-only: 0
- Is pipelined: 0
- Is top level: 0
Port [ Return ] is wired: 1; IO mode=ap_ctrl_hs:ce=0
Port [ s_axis_video_V_data_V]:  wired=1; compound=1; hidden=0; nouse=0; global=0; static=0; extern=0; dir=0; type=0; pingpong=0; private_global=0; IO mode=axis:ce=0
Port [ s_axis_video_V_keep_V]:  wired=1; compound=1; hidden=0; nouse=0; global=0; static=0; extern=0; dir=0; type=0; pingpong=0; private_global=0; IO mode=axis:ce=0
Port [ s_axis_video_V_strb_V]:  wired=1; compound=1; hidden=0; nouse=0; global=0; static=0; extern=0; dir=0; type=0; pingpong=0; private_global=0; IO mode=axis:ce=0
Port [ s_axis_video_V_user_V]:  wired=1; compound=1; hidden=0; nouse=0; global=0; static=0; extern=0; dir=0; type=0; pingpong=0; private_global=0; IO mode=axis:ce=0
Port [ s_axis_video_V_last_V]:  wired=1; compound=1; hidden=0; nouse=0; global=0; static=0; extern=0; dir=0; type=0; pingpong=0; private_global=0; IO mode=axis:ce=0
Port [ s_axis_video_V_id_V]:  wired=1; compound=1; hidden=0; nouse=0; global=0; static=0; extern=0; dir=0; type=0; pingpong=0; private_global=0; IO mode=axis:ce=0
Port [ s_axis_video_V_dest_V]:  wired=1; compound=1; hidden=0; nouse=0; global=0; static=0; extern=0; dir=0; type=0; pingpong=0; private_global=0; IO mode=axis:ce=0
Port [ mm_video]:  wired=1; compound=1; hidden=0; nouse=0; global=0; static=0; extern=0; dir=1; type=4; pingpong=0; private_global=0; IO mode=m_axi:ce=0
Port [ HwReg_frm_buffer]:  wired=1; compound=0; hidden=0; nouse=0; global=0; static=0; extern=0; dir=0; type=0; pingpong=0; private_global=0; IO mode=ap_none:ce=0
Port [ p_read]:  wired=1; compound=0; hidden=0; nouse=0; global=0; static=0; extern=0; dir=0; type=0; pingpong=0; private_global=0; IO mode=ap_none:ce=0
Port [ p_read1]:  wired=1; compound=0; hidden=0; nouse=0; global=0; static=0; extern=0; dir=0; type=0; pingpong=0; private_global=0; IO mode=ap_none:ce=0
Port [ p_read2]:  wired=1; compound=0; hidden=0; nouse=0; global=0; static=0; extern=0; dir=0; type=0; pingpong=0; private_global=0; IO mode=ap_none:ce=0
Port [ p_read3]:  wired=1; compound=0; hidden=0; nouse=0; global=0; static=0; extern=0; dir=0; type=0; pingpong=0; private_global=0; IO mode=ap_none:ce=0
Port [ p_read14]:  wired=1; compound=0; hidden=0; nouse=0; global=0; static=0; extern=0; dir=0; type=0; pingpong=0; private_global=0; IO mode=ap_none:ce=0
Port [ p_read25]:  wired=1; compound=0; hidden=0; nouse=0; global=0; static=0; extern=0; dir=0; type=0; pingpong=0; private_global=0; IO mode=ap_none:ce=0
---------------- STG Properties END ------------------

---------------- Datapath Model BEGIN ----------------

<LifeTime>
<method=bitvector/>
p_read_6                 (read                ) [ 0010000]
p_read26                 (read                ) [ 0010000]
p_read15                 (read                ) [ 0010000]
video_format_c           (alloca              ) [ 0011111]
stride_c                 (alloca              ) [ 0011111]
height_c10               (alloca              ) [ 0111111]
height_c                 (alloca              ) [ 0011111]
width_c                  (alloca              ) [ 0111111]
WidthInBytes_c9          (alloca              ) [ 0011111]
WidthInBytes_c           (alloca              ) [ 0011111]
HwReg_frm_buffer_c       (alloca              ) [ 0011111]
img                      (alloca              ) [ 0111111]
bytePlanes_plane0        (alloca              ) [ 0011111]
p_read_4                 (read                ) [ 0000000]
p_read_5                 (read                ) [ 0000000]
p_read_7                 (read                ) [ 0000000]
HwReg_frm_buffer_read    (read                ) [ 0000000]
call_ln0                 (call                ) [ 0000000]
call_ln57                (call                ) [ 0000000]
call_ln60                (call                ) [ 0000000]
specstablecontent_ln0    (specstablecontent   ) [ 0000000]
empty                    (specchannel         ) [ 0000000]
specinterface_ln0        (specinterface       ) [ 0000000]
empty_363                (specchannel         ) [ 0000000]
specinterface_ln0        (specinterface       ) [ 0000000]
empty_364                (specchannel         ) [ 0000000]
specinterface_ln0        (specinterface       ) [ 0000000]
empty_365                (specchannel         ) [ 0000000]
specinterface_ln0        (specinterface       ) [ 0000000]
empty_366                (specchannel         ) [ 0000000]
specinterface_ln0        (specinterface       ) [ 0000000]
empty_367                (specchannel         ) [ 0000000]
specinterface_ln0        (specinterface       ) [ 0000000]
empty_368                (specchannel         ) [ 0000000]
specinterface_ln0        (specinterface       ) [ 0000000]
empty_369                (specchannel         ) [ 0000000]
specinterface_ln0        (specinterface       ) [ 0000000]
specdataflowpipeline_ln0 (specdataflowpipeline) [ 0000000]
specinterface_ln0        (specinterface       ) [ 0000000]
specinterface_ln0        (specinterface       ) [ 0000000]
empty_370                (specchannel         ) [ 0000000]
specinterface_ln0        (specinterface       ) [ 0000000]
empty_371                (specchannel         ) [ 0000000]
specmemcore_ln51         (specmemcore         ) [ 0000000]
specinterface_ln0        (specinterface       ) [ 0000000]
call_ln63                (call                ) [ 0000000]
ret_ln65                 (ret                 ) [ 0000000]
</LifeTime>

<model>

<comp_list>
<comp id="0" class="1000" name="s_axis_video_V_data_V">
<pin_list>
<pin id="1" dir="1" index="0" bw="1" slack="0"/>
</pin_list>
<bind>
<StgValue><ssdm name="s_axis_video_V_data_V"/></StgValue>
</bind>
</comp>

<comp id="2" class="1000" name="s_axis_video_V_keep_V">
<pin_list>
<pin id="3" dir="1" index="0" bw="1" slack="0"/>
</pin_list>
<bind>
<StgValue><ssdm name="s_axis_video_V_keep_V"/></StgValue>
</bind>
</comp>

<comp id="4" class="1000" name="s_axis_video_V_strb_V">
<pin_list>
<pin id="5" dir="1" index="0" bw="1" slack="0"/>
</pin_list>
<bind>
<StgValue><ssdm name="s_axis_video_V_strb_V"/></StgValue>
</bind>
</comp>

<comp id="6" class="1000" name="s_axis_video_V_user_V">
<pin_list>
<pin id="7" dir="1" index="0" bw="1" slack="0"/>
</pin_list>
<bind>
<StgValue><ssdm name="s_axis_video_V_user_V"/></StgValue>
</bind>
</comp>

<comp id="8" class="1000" name="s_axis_video_V_last_V">
<pin_list>
<pin id="9" dir="1" index="0" bw="1" slack="0"/>
</pin_list>
<bind>
<StgValue><ssdm name="s_axis_video_V_last_V"/></StgValue>
</bind>
</comp>

<comp id="10" class="1000" name="s_axis_video_V_id_V">
<pin_list>
<pin id="11" dir="1" index="0" bw="1" slack="0"/>
</pin_list>
<bind>
<StgValue><ssdm name="s_axis_video_V_id_V"/></StgValue>
</bind>
</comp>

<comp id="12" class="1000" name="s_axis_video_V_dest_V">
<pin_list>
<pin id="13" dir="1" index="0" bw="1" slack="0"/>
</pin_list>
<bind>
<StgValue><ssdm name="s_axis_video_V_dest_V"/></StgValue>
</bind>
</comp>

<comp id="14" class="1000" name="mm_video">
<pin_list>
<pin id="15" dir="1" index="0" bw="1" slack="0"/>
</pin_list>
<bind>
<StgValue><ssdm name="mm_video"/></StgValue>
</bind>
</comp>

<comp id="16" class="1000" name="HwReg_frm_buffer">
<pin_list>
<pin id="17" dir="1" index="0" bw="1" slack="0"/>
</pin_list>
<bind>
<StgValue><ssdm name="HwReg_frm_buffer"/></StgValue>
</bind>
</comp>

<comp id="18" class="1000" name="p_read">
<pin_list>
<pin id="19" dir="1" index="0" bw="1" slack="0"/>
</pin_list>
<bind>
<StgValue><ssdm name="p_read"/></StgValue>
</bind>
</comp>

<comp id="20" class="1000" name="p_read1">
<pin_list>
<pin id="21" dir="1" index="0" bw="1" slack="0"/>
</pin_list>
<bind>
<StgValue><ssdm name="p_read1"/></StgValue>
</bind>
</comp>

<comp id="22" class="1000" name="p_read2">
<pin_list>
<pin id="23" dir="1" index="0" bw="1" slack="0"/>
</pin_list>
<bind>
<StgValue><ssdm name="p_read2"/></StgValue>
</bind>
</comp>

<comp id="24" class="1000" name="p_read3">
<pin_list>
<pin id="25" dir="1" index="0" bw="1" slack="0"/>
</pin_list>
<bind>
<StgValue><ssdm name="p_read3"/></StgValue>
</bind>
</comp>

<comp id="26" class="1000" name="p_read14">
<pin_list>
<pin id="27" dir="1" index="0" bw="1" slack="0"/>
</pin_list>
<bind>
<StgValue><ssdm name="p_read14"/></StgValue>
</bind>
</comp>

<comp id="28" class="1000" name="p_read25">
<pin_list>
<pin id="29" dir="1" index="0" bw="1" slack="0"/>
</pin_list>
<bind>
<StgValue><ssdm name="p_read25"/></StgValue>
</bind>
</comp>

<comp id="30" class="1001" name="const_30">
<pin_list>
<pin id="31" dir="1" index="0" bw="1" slack="0"/>
</pin_list>
<bind>
<StgValue><ssdm name="_ssdm_op_Read.ap_auto.i12"/></StgValue>
</bind>
</comp>

<comp id="32" class="1001" name="const_32">
<pin_list>
<pin id="33" dir="1" index="0" bw="1" slack="0"/>
</pin_list>
<bind>
<StgValue><ssdm name="_ssdm_op_Read.ap_auto.i13"/></StgValue>
</bind>
</comp>

<comp id="34" class="1001" name="const_34">
<pin_list>
<pin id="35" dir="1" index="0" bw="1" slack="0"/>
</pin_list>
<bind>
<StgValue><ssdm name="_ssdm_op_Read.ap_auto.i3"/></StgValue>
</bind>
</comp>

<comp id="36" class="1001" name="const_36">
<pin_list>
<pin id="37" dir="1" index="0" bw="1" slack="0"/>
</pin_list>
<bind>
<StgValue><ssdm name=""/></StgValue>
</bind>
</comp>

<comp id="38" class="1001" name="const_38">
<pin_list>
<pin id="39" dir="1" index="0" bw="1" slack="0"/>
</pin_list>
<bind>
<StgValue><ssdm name="AXIvideo2MultiPixStream"/></StgValue>
</bind>
</comp>

<comp id="40" class="1001" name="const_40">
<pin_list>
<pin id="41" dir="1" index="0" bw="1" slack="0"/>
</pin_list>
<bind>
<StgValue><ssdm name="_ssdm_op_Read.ap_auto.i6"/></StgValue>
</bind>
</comp>

<comp id="42" class="1001" name="const_42">
<pin_list>
<pin id="43" dir="1" index="0" bw="1" slack="0"/>
</pin_list>
<bind>
<StgValue><ssdm name="_ssdm_op_Read.ap_auto.i16"/></StgValue>
</bind>
</comp>

<comp id="44" class="1001" name="const_44">
<pin_list>
<pin id="45" dir="1" index="0" bw="1" slack="0"/>
</pin_list>
<bind>
<StgValue><ssdm name="_ssdm_op_Read.ap_auto.i15"/></StgValue>
</bind>
</comp>

<comp id="46" class="1001" name="const_46">
<pin_list>
<pin id="47" dir="1" index="0" bw="1" slack="0"/>
</pin_list>
<bind>
<StgValue><ssdm name="_ssdm_op_Read.ap_auto.i32"/></StgValue>
</bind>
</comp>

<comp id="48" class="1001" name="const_48">
<pin_list>
<pin id="49" dir="1" index="0" bw="1" slack="0"/>
</pin_list>
<bind>
<StgValue><ssdm name="entry_proc"/></StgValue>
</bind>
</comp>

<comp id="50" class="1001" name="const_50">
<pin_list>
<pin id="51" dir="1" index="0" bw="1" slack="0"/>
</pin_list>
<bind>
<StgValue><ssdm name="MultiPixStream2Bytes"/></StgValue>
</bind>
</comp>

<comp id="52" class="1001" name="const_52">
<pin_list>
<pin id="53" dir="1" index="0" bw="1" slack="0"/>
</pin_list>
<bind>
<StgValue><ssdm name="Bytes2AXIMMvideo"/></StgValue>
</bind>
</comp>

<comp id="54" class="1001" name="const_54">
<pin_list>
<pin id="55" dir="1" index="0" bw="1" slack="2147483647"/>
</pin_list>
<bind>
<StgValue><ssdm name="_ssdm_op_SpecStableContent"/></StgValue>
</bind>
</comp>

<comp id="56" class="1001" name="const_56">
<pin_list>
<pin id="57" dir="1" index="0" bw="1" slack="2147483647"/>
</pin_list>
<bind>
<StgValue><ssdm name=""/></StgValue>
</bind>
</comp>

<comp id="58" class="1001" name="const_58">
<pin_list>
<pin id="59" dir="1" index="0" bw="1" slack="2147483647"/>
</pin_list>
<bind>
<StgValue><ssdm name="_ssdm_op_SpecChannel"/></StgValue>
</bind>
</comp>

<comp id="60" class="1001" name="const_60">
<pin_list>
<pin id="61" dir="1" index="0" bw="1" slack="2147483647"/>
</pin_list>
<bind>
<StgValue><ssdm name="video_format_c_str"/></StgValue>
</bind>
</comp>

<comp id="62" class="1001" name="const_62">
<pin_list>
<pin id="63" dir="1" index="0" bw="1" slack="2147483647"/>
</pin_list>
<bind>
<StgValue><ssdm name="p_str"/></StgValue>
</bind>
</comp>

<comp id="64" class="1001" name="const_64">
<pin_list>
<pin id="65" dir="1" index="0" bw="1" slack="2147483647"/>
</pin_list>
<bind>
<StgValue><ssdm name=""/></StgValue>
</bind>
</comp>

<comp id="66" class="1001" name="const_66">
<pin_list>
<pin id="67" dir="1" index="0" bw="1" slack="2147483647"/>
</pin_list>
<bind>
<StgValue><ssdm name=""/></StgValue>
</bind>
</comp>

<comp id="68" class="1001" name="const_68">
<pin_list>
<pin id="69" dir="1" index="0" bw="1" slack="2147483647"/>
</pin_list>
<bind>
<StgValue><ssdm name="_ssdm_op_SpecInterface"/></StgValue>
</bind>
</comp>

<comp id="70" class="1001" name="const_70">
<pin_list>
<pin id="71" dir="1" index="0" bw="1" slack="2147483647"/>
</pin_list>
<bind>
<StgValue><ssdm name="ap_fifo_str"/></StgValue>
</bind>
</comp>

<comp id="72" class="1001" name="const_72">
<pin_list>
<pin id="73" dir="1" index="0" bw="1" slack="2147483647"/>
</pin_list>
<bind>
<StgValue><ssdm name=""/></StgValue>
</bind>
</comp>

<comp id="74" class="1001" name="const_74">
<pin_list>
<pin id="75" dir="1" index="0" bw="1" slack="2147483647"/>
</pin_list>
<bind>
<StgValue><ssdm name=""/></StgValue>
</bind>
</comp>

<comp id="76" class="1001" name="const_76">
<pin_list>
<pin id="77" dir="1" index="0" bw="1" slack="2147483647"/>
</pin_list>
<bind>
<StgValue><ssdm name=""/></StgValue>
</bind>
</comp>

<comp id="78" class="1001" name="const_78">
<pin_list>
<pin id="79" dir="1" index="0" bw="1" slack="2147483647"/>
</pin_list>
<bind>
<StgValue><ssdm name="stride_c_str"/></StgValue>
</bind>
</comp>

<comp id="80" class="1001" name="const_80">
<pin_list>
<pin id="81" dir="1" index="0" bw="1" slack="2147483647"/>
</pin_list>
<bind>
<StgValue><ssdm name=""/></StgValue>
</bind>
</comp>

<comp id="82" class="1001" name="const_82">
<pin_list>
<pin id="83" dir="1" index="0" bw="1" slack="2147483647"/>
</pin_list>
<bind>
<StgValue><ssdm name="height_c10_str"/></StgValue>
</bind>
</comp>

<comp id="84" class="1001" name="const_84">
<pin_list>
<pin id="85" dir="1" index="0" bw="1" slack="2147483647"/>
</pin_list>
<bind>
<StgValue><ssdm name="height_c_str"/></StgValue>
</bind>
</comp>

<comp id="86" class="1001" name="const_86">
<pin_list>
<pin id="87" dir="1" index="0" bw="1" slack="2147483647"/>
</pin_list>
<bind>
<StgValue><ssdm name="width_c_str"/></StgValue>
</bind>
</comp>

<comp id="88" class="1001" name="const_88">
<pin_list>
<pin id="89" dir="1" index="0" bw="1" slack="2147483647"/>
</pin_list>
<bind>
<StgValue><ssdm name="WidthInBytes_c9_str"/></StgValue>
</bind>
</comp>

<comp id="90" class="1001" name="const_90">
<pin_list>
<pin id="91" dir="1" index="0" bw="1" slack="2147483647"/>
</pin_list>
<bind>
<StgValue><ssdm name="WidthInBytes_c_str"/></StgValue>
</bind>
</comp>

<comp id="92" class="1001" name="const_92">
<pin_list>
<pin id="93" dir="1" index="0" bw="1" slack="2147483647"/>
</pin_list>
<bind>
<StgValue><ssdm name="HwReg_frm_buffer_c_str"/></StgValue>
</bind>
</comp>

<comp id="94" class="1001" name="const_94">
<pin_list>
<pin id="95" dir="1" index="0" bw="1" slack="2147483647"/>
</pin_list>
<bind>
<StgValue><ssdm name="_ssdm_op_SpecDataflowPipeline"/></StgValue>
</bind>
</comp>

<comp id="96" class="1001" name="const_96">
<pin_list>
<pin id="97" dir="1" index="0" bw="1" slack="2147483647"/>
</pin_list>
<bind>
<StgValue><ssdm name="empty_14"/></StgValue>
</bind>
</comp>

<comp id="98" class="1001" name="const_98">
<pin_list>
<pin id="99" dir="1" index="0" bw="1" slack="2147483647"/>
</pin_list>
<bind>
<StgValue><ssdm name="empty"/></StgValue>
</bind>
</comp>

<comp id="100" class="1001" name="const_100">
<pin_list>
<pin id="101" dir="1" index="0" bw="1" slack="2147483647"/>
</pin_list>
<bind>
<StgValue><ssdm name="empty_0"/></StgValue>
</bind>
</comp>

<comp id="102" class="1001" name="const_102">
<pin_list>
<pin id="103" dir="1" index="0" bw="1" slack="2147483647"/>
</pin_list>
<bind>
<StgValue><ssdm name="empty_13"/></StgValue>
</bind>
</comp>

<comp id="104" class="1001" name="const_104">
<pin_list>
<pin id="105" dir="1" index="0" bw="1" slack="2147483647"/>
</pin_list>
<bind>
<StgValue><ssdm name=""/></StgValue>
</bind>
</comp>

<comp id="106" class="1001" name="const_106">
<pin_list>
<pin id="107" dir="1" index="0" bw="1" slack="2147483647"/>
</pin_list>
<bind>
<StgValue><ssdm name=""/></StgValue>
</bind>
</comp>

<comp id="108" class="1001" name="const_108">
<pin_list>
<pin id="109" dir="1" index="0" bw="1" slack="2147483647"/>
</pin_list>
<bind>
<StgValue><ssdm name="empty_15"/></StgValue>
</bind>
</comp>

<comp id="110" class="1001" name="const_110">
<pin_list>
<pin id="111" dir="1" index="0" bw="1" slack="2147483647"/>
</pin_list>
<bind>
<StgValue><ssdm name="empty_11"/></StgValue>
</bind>
</comp>

<comp id="112" class="1001" name="const_112">
<pin_list>
<pin id="113" dir="1" index="0" bw="1" slack="2147483647"/>
</pin_list>
<bind>
<StgValue><ssdm name="img_str"/></StgValue>
</bind>
</comp>

<comp id="114" class="1001" name="const_114">
<pin_list>
<pin id="115" dir="1" index="0" bw="1" slack="2147483647"/>
</pin_list>
<bind>
<StgValue><ssdm name="empty_1"/></StgValue>
</bind>
</comp>

<comp id="116" class="1001" name="const_116">
<pin_list>
<pin id="117" dir="1" index="0" bw="1" slack="2147483647"/>
</pin_list>
<bind>
<StgValue><ssdm name="bytePlanes_OC_plane0_str"/></StgValue>
</bind>
</comp>

<comp id="118" class="1001" name="const_118">
<pin_list>
<pin id="119" dir="1" index="0" bw="1" slack="2147483647"/>
</pin_list>
<bind>
<StgValue><ssdm name=""/></StgValue>
</bind>
</comp>

<comp id="120" class="1001" name="const_120">
<pin_list>
<pin id="121" dir="1" index="0" bw="1" slack="2147483647"/>
</pin_list>
<bind>
<StgValue><ssdm name="_ssdm_op_SpecMemCore"/></StgValue>
</bind>
</comp>

<comp id="122" class="1001" name="const_122">
<pin_list>
<pin id="123" dir="1" index="0" bw="1" slack="2147483647"/>
</pin_list>
<bind>
<StgValue><ssdm name=""/></StgValue>
</bind>
</comp>

<comp id="124" class="1001" name="const_124">
<pin_list>
<pin id="125" dir="1" index="0" bw="1" slack="2147483647"/>
</pin_list>
<bind>
<StgValue><ssdm name=""/></StgValue>
</bind>
</comp>

<comp id="126" class="1001" name="const_126">
<pin_list>
<pin id="127" dir="1" index="0" bw="1" slack="2147483647"/>
</pin_list>
<bind>
<StgValue><ssdm name=""/></StgValue>
</bind>
</comp>

<comp id="128" class="1004" name="video_format_c_fu_128">
<pin_list>
<pin id="129" dir="0" index="0" bw="1" slack="0"/>
<pin id="130" dir="1" index="1" bw="6" slack="1"/>
</pin_list>
<bind>
<opcode="alloca(26) " fcode="alloca"/>
<opset="video_format_c/1 "/>
</bind>
</comp>

<comp id="132" class="1004" name="stride_c_fu_132">
<pin_list>
<pin id="133" dir="0" index="0" bw="1" slack="0"/>
<pin id="134" dir="1" index="1" bw="16" slack="1"/>
</pin_list>
<bind>
<opcode="alloca(26) " fcode="alloca"/>
<opset="stride_c/1 "/>
</bind>
</comp>

<comp id="136" class="1004" name="height_c10_fu_136">
<pin_list>
<pin id="137" dir="0" index="0" bw="1" slack="0"/>
<pin id="138" dir="1" index="1" bw="12" slack="0"/>
</pin_list>
<bind>
<opcode="alloca(26) " fcode="alloca"/>
<opset="height_c10/1 "/>
</bind>
</comp>

<comp id="140" class="1004" name="height_c_fu_140">
<pin_list>
<pin id="141" dir="0" index="0" bw="1" slack="0"/>
<pin id="142" dir="1" index="1" bw="12" slack="2"/>
</pin_list>
<bind>
<opcode="alloca(26) " fcode="alloca"/>
<opset="height_c/1 "/>
</bind>
</comp>

<comp id="144" class="1004" name="width_c_fu_144">
<pin_list>
<pin id="145" dir="0" index="0" bw="1" slack="0"/>
<pin id="146" dir="1" index="1" bw="13" slack="0"/>
</pin_list>
<bind>
<opcode="alloca(26) " fcode="alloca"/>
<opset="width_c/1 "/>
</bind>
</comp>

<comp id="148" class="1004" name="WidthInBytes_c9_fu_148">
<pin_list>
<pin id="149" dir="0" index="0" bw="1" slack="0"/>
<pin id="150" dir="1" index="1" bw="15" slack="1"/>
</pin_list>
<bind>
<opcode="alloca(26) " fcode="alloca"/>
<opset="WidthInBytes_c9/1 "/>
</bind>
</comp>

<comp id="152" class="1004" name="WidthInBytes_c_fu_152">
<pin_list>
<pin id="153" dir="0" index="0" bw="1" slack="0"/>
<pin id="154" dir="1" index="1" bw="15" slack="2"/>
</pin_list>
<bind>
<opcode="alloca(26) " fcode="alloca"/>
<opset="WidthInBytes_c/1 "/>
</bind>
</comp>

<comp id="156" class="1004" name="HwReg_frm_buffer_c_fu_156">
<pin_list>
<pin id="157" dir="0" index="0" bw="1" slack="0"/>
<pin id="158" dir="1" index="1" bw="32" slack="1"/>
</pin_list>
<bind>
<opcode="alloca(26) " fcode="alloca"/>
<opset="HwReg_frm_buffer_c/1 "/>
</bind>
</comp>

<comp id="160" class="1004" name="img_fu_160">
<pin_list>
<pin id="161" dir="0" index="0" bw="1" slack="0"/>
<pin id="162" dir="1" index="1" bw="120" slack="0"/>
</pin_list>
<bind>
<opcode="alloca(26) " fcode="alloca"/>
<opset="img/1 "/>
</bind>
</comp>

<comp id="164" class="1004" name="bytePlanes_plane0_fu_164">
<pin_list>
<pin id="165" dir="0" index="0" bw="1" slack="0"/>
<pin id="166" dir="1" index="1" bw="256" slack="2"/>
</pin_list>
<bind>
<opcode="alloca(26) " fcode="alloca"/>
<opset="bytePlanes_plane0/1 "/>
</bind>
</comp>

<comp id="168" class="1004" name="p_read_6_read_fu_168">
<pin_list>
<pin id="169" dir="0" index="0" bw="12" slack="0"/>
<pin id="170" dir="0" index="1" bw="12" slack="0"/>
<pin id="171" dir="1" index="2" bw="12" slack="0"/>
</pin_list>
<bind>
<opcode="read(1150) " fcode="read"/>
<opset="p_read_6/1 "/>
</bind>
</comp>

<comp id="174" class="1004" name="p_read26_read_fu_174">
<pin_list>
<pin id="175" dir="0" index="0" bw="13" slack="0"/>
<pin id="176" dir="0" index="1" bw="13" slack="0"/>
<pin id="177" dir="1" index="2" bw="13" slack="0"/>
</pin_list>
<bind>
<opcode="read(1150) " fcode="read"/>
<opset="p_read26/1 "/>
</bind>
</comp>

<comp id="180" class="1004" name="p_read15_read_fu_180">
<pin_list>
<pin id="181" dir="0" index="0" bw="3" slack="0"/>
<pin id="182" dir="0" index="1" bw="3" slack="0"/>
<pin id="183" dir="1" index="2" bw="3" slack="0"/>
</pin_list>
<bind>
<opcode="read(1150) " fcode="read"/>
<opset="p_read15/1 "/>
</bind>
</comp>

<comp id="186" class="1004" name="p_read_4_read_fu_186">
<pin_list>
<pin id="187" dir="0" index="0" bw="6" slack="0"/>
<pin id="188" dir="0" index="1" bw="6" slack="0"/>
<pin id="189" dir="1" index="2" bw="6" slack="0"/>
</pin_list>
<bind>
<opcode="read(1150) " fcode="read"/>
<opset="p_read_4/2 "/>
</bind>
</comp>

<comp id="192" class="1004" name="p_read_5_read_fu_192">
<pin_list>
<pin id="193" dir="0" index="0" bw="16" slack="0"/>
<pin id="194" dir="0" index="1" bw="16" slack="0"/>
<pin id="195" dir="1" index="2" bw="16" slack="0"/>
</pin_list>
<bind>
<opcode="read(1150) " fcode="read"/>
<opset="p_read_5/2 "/>
</bind>
</comp>

<comp id="198" class="1004" name="p_read_7_read_fu_198">
<pin_list>
<pin id="199" dir="0" index="0" bw="15" slack="0"/>
<pin id="200" dir="0" index="1" bw="15" slack="0"/>
<pin id="201" dir="1" index="2" bw="15" slack="0"/>
</pin_list>
<bind>
<opcode="read(1150) " fcode="read"/>
<opset="p_read_7/2 "/>
</bind>
</comp>

<comp id="204" class="1004" name="HwReg_frm_buffer_read_read_fu_204">
<pin_list>
<pin id="205" dir="0" index="0" bw="32" slack="0"/>
<pin id="206" dir="0" index="1" bw="32" slack="0"/>
<pin id="207" dir="1" index="2" bw="32" slack="0"/>
</pin_list>
<bind>
<opcode="read(1150) " fcode="read"/>
<opset="HwReg_frm_buffer_read/2 "/>
</bind>
</comp>

<comp id="210" class="1004" name="grp_AXIvideo2MultiPixStream_fu_210">
<pin_list>
<pin id="211" dir="0" index="0" bw="0" slack="0"/>
<pin id="212" dir="0" index="1" bw="120" slack="0"/>
<pin id="213" dir="0" index="2" bw="15" slack="0"/>
<pin id="214" dir="0" index="3" bw="15" slack="0"/>
<pin id="215" dir="0" index="4" bw="1" slack="0"/>
<pin id="216" dir="0" index="5" bw="1" slack="0"/>
<pin id="217" dir="0" index="6" bw="1" slack="0"/>
<pin id="218" dir="0" index="7" bw="1" slack="0"/>
<pin id="219" dir="0" index="8" bw="120" slack="0"/>
<pin id="220" dir="0" index="9" bw="12" slack="0"/>
<pin id="221" dir="0" index="10" bw="13" slack="0"/>
<pin id="222" dir="0" index="11" bw="3" slack="0"/>
<pin id="223" dir="0" index="12" bw="13" slack="0"/>
<pin id="224" dir="0" index="13" bw="12" slack="0"/>
<pin id="225" dir="1" index="14" bw="0" slack="2147483647"/>
</pin_list>
<bind>
<opcode="call(48) " fcode="call"/>
<opset="call_ln57/1 "/>
</bind>
</comp>

<comp id="237" class="1004" name="call_ln0_entry_proc_fu_237">
<pin_list>
<pin id="238" dir="0" index="0" bw="0" slack="0"/>
<pin id="239" dir="0" index="1" bw="32" slack="0"/>
<pin id="240" dir="0" index="2" bw="32" slack="1"/>
<pin id="241" dir="0" index="3" bw="15" slack="0"/>
<pin id="242" dir="0" index="4" bw="15" slack="1"/>
<pin id="243" dir="0" index="5" bw="16" slack="0"/>
<pin id="244" dir="0" index="6" bw="16" slack="1"/>
<pin id="245" dir="0" index="7" bw="6" slack="0"/>
<pin id="246" dir="0" index="8" bw="6" slack="1"/>
<pin id="247" dir="1" index="9" bw="0" slack="2147483647"/>
</pin_list>
<bind>
<opcode="call(48) " fcode="call"/>
<opset="call_ln0/2 "/>
</bind>
</comp>

<comp id="253" class="1004" name="grp_MultiPixStream2Bytes_fu_253">
<pin_list>
<pin id="254" dir="0" index="0" bw="0" slack="0"/>
<pin id="255" dir="0" index="1" bw="120" slack="2"/>
<pin id="256" dir="0" index="2" bw="256" slack="2"/>
<pin id="257" dir="0" index="3" bw="12" slack="2"/>
<pin id="258" dir="0" index="4" bw="13" slack="2"/>
<pin id="259" dir="0" index="5" bw="15" slack="2"/>
<pin id="260" dir="0" index="6" bw="6" slack="2"/>
<pin id="261" dir="0" index="7" bw="15" slack="2"/>
<pin id="262" dir="0" index="8" bw="12" slack="2"/>
<pin id="263" dir="1" index="9" bw="0" slack="2147483647"/>
</pin_list>
<bind>
<opcode="call(48) " fcode="call"/>
<opset="call_ln60/3 "/>
</bind>
</comp>

<comp id="265" class="1004" name="grp_Bytes2AXIMMvideo_fu_265">
<pin_list>
<pin id="266" dir="0" index="0" bw="0" slack="0"/>
<pin id="267" dir="0" index="1" bw="256" slack="4"/>
<pin id="268" dir="0" index="2" bw="256" slack="0"/>
<pin id="269" dir="0" index="3" bw="32" slack="4"/>
<pin id="270" dir="0" index="4" bw="12" slack="4"/>
<pin id="271" dir="0" index="5" bw="15" slack="4"/>
<pin id="272" dir="0" index="6" bw="16" slack="4"/>
<pin id="273" dir="1" index="7" bw="0" slack="2147483647"/>
</pin_list>
<bind>
<opcode="call(48) " fcode="call"/>
<opset="call_ln63/5 "/>
</bind>
</comp>

<comp id="276" class="1005" name="p_read_6_reg_276">
<pin_list>
<pin id="277" dir="0" index="0" bw="12" slack="1"/>
<pin id="278" dir="1" index="1" bw="12" slack="1"/>
</pin_list>
<bind>
<opset="p_read_6 "/>
</bind>
</comp>

<comp id="281" class="1005" name="p_read26_reg_281">
<pin_list>
<pin id="282" dir="0" index="0" bw="13" slack="1"/>
<pin id="283" dir="1" index="1" bw="13" slack="1"/>
</pin_list>
<bind>
<opset="p_read26 "/>
</bind>
</comp>

<comp id="286" class="1005" name="p_read15_reg_286">
<pin_list>
<pin id="287" dir="0" index="0" bw="3" slack="1"/>
<pin id="288" dir="1" index="1" bw="3" slack="1"/>
</pin_list>
<bind>
<opset="p_read15 "/>
</bind>
</comp>

<comp id="291" class="1005" name="video_format_c_reg_291">
<pin_list>
<pin id="292" dir="0" index="0" bw="6" slack="1"/>
<pin id="293" dir="1" index="1" bw="6" slack="1"/>
</pin_list>
<bind>
<opset="video_format_c "/>
</bind>
</comp>

<comp id="297" class="1005" name="stride_c_reg_297">
<pin_list>
<pin id="298" dir="0" index="0" bw="16" slack="1"/>
<pin id="299" dir="1" index="1" bw="16" slack="1"/>
</pin_list>
<bind>
<opset="stride_c "/>
</bind>
</comp>

<comp id="303" class="1005" name="height_c10_reg_303">
<pin_list>
<pin id="304" dir="0" index="0" bw="12" slack="0"/>
<pin id="305" dir="1" index="1" bw="12" slack="0"/>
</pin_list>
<bind>
<opset="height_c10 "/>
</bind>
</comp>

<comp id="309" class="1005" name="height_c_reg_309">
<pin_list>
<pin id="310" dir="0" index="0" bw="12" slack="2"/>
<pin id="311" dir="1" index="1" bw="12" slack="2"/>
</pin_list>
<bind>
<opset="height_c "/>
</bind>
</comp>

<comp id="315" class="1005" name="width_c_reg_315">
<pin_list>
<pin id="316" dir="0" index="0" bw="13" slack="0"/>
<pin id="317" dir="1" index="1" bw="13" slack="0"/>
</pin_list>
<bind>
<opset="width_c "/>
</bind>
</comp>

<comp id="321" class="1005" name="WidthInBytes_c9_reg_321">
<pin_list>
<pin id="322" dir="0" index="0" bw="15" slack="1"/>
<pin id="323" dir="1" index="1" bw="15" slack="1"/>
</pin_list>
<bind>
<opset="WidthInBytes_c9 "/>
</bind>
</comp>

<comp id="327" class="1005" name="WidthInBytes_c_reg_327">
<pin_list>
<pin id="328" dir="0" index="0" bw="15" slack="2"/>
<pin id="329" dir="1" index="1" bw="15" slack="2"/>
</pin_list>
<bind>
<opset="WidthInBytes_c "/>
</bind>
</comp>

<comp id="333" class="1005" name="HwReg_frm_buffer_c_reg_333">
<pin_list>
<pin id="334" dir="0" index="0" bw="32" slack="1"/>
<pin id="335" dir="1" index="1" bw="32" slack="1"/>
</pin_list>
<bind>
<opset="HwReg_frm_buffer_c "/>
</bind>
</comp>

<comp id="339" class="1005" name="img_reg_339">
<pin_list>
<pin id="340" dir="0" index="0" bw="120" slack="0"/>
<pin id="341" dir="1" index="1" bw="120" slack="0"/>
</pin_list>
<bind>
<opset="img "/>
</bind>
</comp>

<comp id="345" class="1005" name="bytePlanes_plane0_reg_345">
<pin_list>
<pin id="346" dir="0" index="0" bw="256" slack="2"/>
<pin id="347" dir="1" index="1" bw="256" slack="2"/>
</pin_list>
<bind>
<opset="bytePlanes_plane0 "/>
</bind>
</comp>

</comp_list>

<net_list>
<net id="131"><net_src comp="36" pin="0"/><net_sink comp="128" pin=0"/></net>

<net id="135"><net_src comp="36" pin="0"/><net_sink comp="132" pin=0"/></net>

<net id="139"><net_src comp="36" pin="0"/><net_sink comp="136" pin=0"/></net>

<net id="143"><net_src comp="36" pin="0"/><net_sink comp="140" pin=0"/></net>

<net id="147"><net_src comp="36" pin="0"/><net_sink comp="144" pin=0"/></net>

<net id="151"><net_src comp="36" pin="0"/><net_sink comp="148" pin=0"/></net>

<net id="155"><net_src comp="36" pin="0"/><net_sink comp="152" pin=0"/></net>

<net id="159"><net_src comp="36" pin="0"/><net_sink comp="156" pin=0"/></net>

<net id="163"><net_src comp="36" pin="0"/><net_sink comp="160" pin=0"/></net>

<net id="167"><net_src comp="36" pin="0"/><net_sink comp="164" pin=0"/></net>

<net id="172"><net_src comp="30" pin="0"/><net_sink comp="168" pin=0"/></net>

<net id="173"><net_src comp="24" pin="0"/><net_sink comp="168" pin=1"/></net>

<net id="178"><net_src comp="32" pin="0"/><net_sink comp="174" pin=0"/></net>

<net id="179"><net_src comp="22" pin="0"/><net_sink comp="174" pin=1"/></net>

<net id="184"><net_src comp="34" pin="0"/><net_sink comp="180" pin=0"/></net>

<net id="185"><net_src comp="20" pin="0"/><net_sink comp="180" pin=1"/></net>

<net id="190"><net_src comp="40" pin="0"/><net_sink comp="186" pin=0"/></net>

<net id="191"><net_src comp="28" pin="0"/><net_sink comp="186" pin=1"/></net>

<net id="196"><net_src comp="42" pin="0"/><net_sink comp="192" pin=0"/></net>

<net id="197"><net_src comp="26" pin="0"/><net_sink comp="192" pin=1"/></net>

<net id="202"><net_src comp="44" pin="0"/><net_sink comp="198" pin=0"/></net>

<net id="203"><net_src comp="18" pin="0"/><net_sink comp="198" pin=1"/></net>

<net id="208"><net_src comp="46" pin="0"/><net_sink comp="204" pin=0"/></net>

<net id="209"><net_src comp="16" pin="0"/><net_sink comp="204" pin=1"/></net>

<net id="226"><net_src comp="38" pin="0"/><net_sink comp="210" pin=0"/></net>

<net id="227"><net_src comp="0" pin="0"/><net_sink comp="210" pin=1"/></net>

<net id="228"><net_src comp="2" pin="0"/><net_sink comp="210" pin=2"/></net>

<net id="229"><net_src comp="4" pin="0"/><net_sink comp="210" pin=3"/></net>

<net id="230"><net_src comp="6" pin="0"/><net_sink comp="210" pin=4"/></net>

<net id="231"><net_src comp="8" pin="0"/><net_sink comp="210" pin=5"/></net>

<net id="232"><net_src comp="10" pin="0"/><net_sink comp="210" pin=6"/></net>

<net id="233"><net_src comp="12" pin="0"/><net_sink comp="210" pin=7"/></net>

<net id="234"><net_src comp="168" pin="2"/><net_sink comp="210" pin=9"/></net>

<net id="235"><net_src comp="174" pin="2"/><net_sink comp="210" pin=10"/></net>

<net id="236"><net_src comp="180" pin="2"/><net_sink comp="210" pin=11"/></net>

<net id="248"><net_src comp="48" pin="0"/><net_sink comp="237" pin=0"/></net>

<net id="249"><net_src comp="204" pin="2"/><net_sink comp="237" pin=1"/></net>

<net id="250"><net_src comp="198" pin="2"/><net_sink comp="237" pin=3"/></net>

<net id="251"><net_src comp="192" pin="2"/><net_sink comp="237" pin=5"/></net>

<net id="252"><net_src comp="186" pin="2"/><net_sink comp="237" pin=7"/></net>

<net id="264"><net_src comp="50" pin="0"/><net_sink comp="253" pin=0"/></net>

<net id="274"><net_src comp="52" pin="0"/><net_sink comp="265" pin=0"/></net>

<net id="275"><net_src comp="14" pin="0"/><net_sink comp="265" pin=2"/></net>

<net id="279"><net_src comp="168" pin="2"/><net_sink comp="276" pin=0"/></net>

<net id="280"><net_src comp="276" pin="1"/><net_sink comp="210" pin=9"/></net>

<net id="284"><net_src comp="174" pin="2"/><net_sink comp="281" pin=0"/></net>

<net id="285"><net_src comp="281" pin="1"/><net_sink comp="210" pin=10"/></net>

<net id="289"><net_src comp="180" pin="2"/><net_sink comp="286" pin=0"/></net>

<net id="290"><net_src comp="286" pin="1"/><net_sink comp="210" pin=11"/></net>

<net id="294"><net_src comp="128" pin="1"/><net_sink comp="291" pin=0"/></net>

<net id="295"><net_src comp="291" pin="1"/><net_sink comp="237" pin=8"/></net>

<net id="296"><net_src comp="291" pin="1"/><net_sink comp="253" pin=6"/></net>

<net id="300"><net_src comp="132" pin="1"/><net_sink comp="297" pin=0"/></net>

<net id="301"><net_src comp="297" pin="1"/><net_sink comp="237" pin=6"/></net>

<net id="302"><net_src comp="297" pin="1"/><net_sink comp="265" pin=6"/></net>

<net id="306"><net_src comp="136" pin="1"/><net_sink comp="303" pin=0"/></net>

<net id="307"><net_src comp="303" pin="1"/><net_sink comp="210" pin=13"/></net>

<net id="308"><net_src comp="303" pin="1"/><net_sink comp="253" pin=3"/></net>

<net id="312"><net_src comp="140" pin="1"/><net_sink comp="309" pin=0"/></net>

<net id="313"><net_src comp="309" pin="1"/><net_sink comp="253" pin=8"/></net>

<net id="314"><net_src comp="309" pin="1"/><net_sink comp="265" pin=4"/></net>

<net id="318"><net_src comp="144" pin="1"/><net_sink comp="315" pin=0"/></net>

<net id="319"><net_src comp="315" pin="1"/><net_sink comp="210" pin=12"/></net>

<net id="320"><net_src comp="315" pin="1"/><net_sink comp="253" pin=4"/></net>

<net id="324"><net_src comp="148" pin="1"/><net_sink comp="321" pin=0"/></net>

<net id="325"><net_src comp="321" pin="1"/><net_sink comp="237" pin=4"/></net>

<net id="326"><net_src comp="321" pin="1"/><net_sink comp="253" pin=5"/></net>

<net id="330"><net_src comp="152" pin="1"/><net_sink comp="327" pin=0"/></net>

<net id="331"><net_src comp="327" pin="1"/><net_sink comp="253" pin=7"/></net>

<net id="332"><net_src comp="327" pin="1"/><net_sink comp="265" pin=5"/></net>

<net id="336"><net_src comp="156" pin="1"/><net_sink comp="333" pin=0"/></net>

<net id="337"><net_src comp="333" pin="1"/><net_sink comp="237" pin=2"/></net>

<net id="338"><net_src comp="333" pin="1"/><net_sink comp="265" pin=3"/></net>

<net id="342"><net_src comp="160" pin="1"/><net_sink comp="339" pin=0"/></net>

<net id="343"><net_src comp="339" pin="1"/><net_sink comp="210" pin=8"/></net>

<net id="344"><net_src comp="339" pin="1"/><net_sink comp="253" pin=1"/></net>

<net id="348"><net_src comp="164" pin="1"/><net_sink comp="345" pin=0"/></net>

<net id="349"><net_src comp="345" pin="1"/><net_sink comp="253" pin=2"/></net>

<net id="350"><net_src comp="345" pin="1"/><net_sink comp="265" pin=1"/></net>

</net_list>

</model> 
---------------- Datapath Model END ------------------

* FSMD analyzer results:
  - Output states:
	Port: mm_video | {5 6 }
 - Input state : 
	Port: FrmbufWrHlsDataFlow : s_axis_video_V_data_V | {1 2 }
	Port: FrmbufWrHlsDataFlow : s_axis_video_V_keep_V | {1 2 }
	Port: FrmbufWrHlsDataFlow : s_axis_video_V_strb_V | {1 2 }
	Port: FrmbufWrHlsDataFlow : s_axis_video_V_user_V | {1 2 }
	Port: FrmbufWrHlsDataFlow : s_axis_video_V_last_V | {1 2 }
	Port: FrmbufWrHlsDataFlow : s_axis_video_V_id_V | {1 2 }
	Port: FrmbufWrHlsDataFlow : s_axis_video_V_dest_V | {1 2 }
	Port: FrmbufWrHlsDataFlow : HwReg_frm_buffer | {2 }
	Port: FrmbufWrHlsDataFlow : p_read | {2 }
	Port: FrmbufWrHlsDataFlow : p_read1 | {1 }
	Port: FrmbufWrHlsDataFlow : p_read2 | {1 }
	Port: FrmbufWrHlsDataFlow : p_read3 | {1 }
	Port: FrmbufWrHlsDataFlow : p_read14 | {2 }
	Port: FrmbufWrHlsDataFlow : p_read25 | {2 }
  - Chain level:
	State 1
		call_ln57 : 1
	State 2
	State 3
	State 4
	State 5
	State 6


============================================================
+ Verbose Summary: Datapath Resource usage 
============================================================

* Functional unit list:
|----------|------------------------------------|---------|---------|---------|
| Operation|           Functional Unit          |  Delay  |    FF   |   LUT   |
|----------|------------------------------------|---------|---------|---------|
|          | grp_AXIvideo2MultiPixStream_fu_210 |  0.427  |   597   |   288   |
|   call   |     call_ln0_entry_proc_fu_237     |    0    |    0    |    0    |
|          |   grp_MultiPixStream2Bytes_fu_253  |  0.427  |   2155  |   460   |
|          |     grp_Bytes2AXIMMvideo_fu_265    |  0.854  |   997   |   171   |
|----------|------------------------------------|---------|---------|---------|
|          |        p_read_6_read_fu_168        |    0    |    0    |    0    |
|          |        p_read26_read_fu_174        |    0    |    0    |    0    |
|          |        p_read15_read_fu_180        |    0    |    0    |    0    |
|   read   |        p_read_4_read_fu_186        |    0    |    0    |    0    |
|          |        p_read_5_read_fu_192        |    0    |    0    |    0    |
|          |        p_read_7_read_fu_198        |    0    |    0    |    0    |
|          |  HwReg_frm_buffer_read_read_fu_204 |    0    |    0    |    0    |
|----------|------------------------------------|---------|---------|---------|
|   Total  |                                    |  1.708  |   3749  |   919   |
|----------|------------------------------------|---------|---------|---------|

Memories:
N/A

* Register list:
+--------------------------+--------+
|                          |   FF   |
+--------------------------+--------+
|HwReg_frm_buffer_c_reg_333|   32   |
|  WidthInBytes_c9_reg_321 |   15   |
|  WidthInBytes_c_reg_327  |   15   |
| bytePlanes_plane0_reg_345|   256  |
|    height_c10_reg_303    |   12   |
|     height_c_reg_309     |   12   |
|        img_reg_339       |   120  |
|     p_read15_reg_286     |    3   |
|     p_read26_reg_281     |   13   |
|     p_read_6_reg_276     |   12   |
|     stride_c_reg_297     |   16   |
|  video_format_c_reg_291  |    6   |
|      width_c_reg_315     |   13   |
+--------------------------+--------+
|           Total          |   525  |
+--------------------------+--------+

* Multiplexer (MUX) list: 
|------------------------------------|------|------|------|--------||---------||---------|
|                Comp                |  Pin | Size |  BW  | S x BW ||  Delay  ||   LUT   |
|------------------------------------|------|------|------|--------||---------||---------|
| grp_AXIvideo2MultiPixStream_fu_210 |  p9  |   2  |  12  |   24   ||    9    |
| grp_AXIvideo2MultiPixStream_fu_210 |  p10 |   2  |  13  |   26   ||    9    |
| grp_AXIvideo2MultiPixStream_fu_210 |  p11 |   2  |   3  |    6   ||    9    |
|------------------------------------|------|------|------|--------||---------||---------|
|                Total               |      |      |      |   56   ||  1.281  ||    27   |
|------------------------------------|------|------|------|--------||---------||---------|



* Summary:
+-----------+--------+--------+--------+
|           |  Delay |   FF   |   LUT  |
+-----------+--------+--------+--------+
|  Function |    1   |  3749  |   919  |
|   Memory  |    -   |    -   |    -   |
|Multiplexer|    1   |    -   |   27   |
|  Register |    -   |   525  |    -   |
+-----------+--------+--------+--------+
|   Total   |    2   |  4274  |   946  |
+-----------+--------+--------+--------+
