

================================================================
== Vitis HLS Report for 'MultiPixStream2Bytes'
================================================================
* Date:           Sat Dec 17 00:27:12 2022

* Version:        2022.1 (Build 3526262 on Mon Apr 18 15:48:16 MDT 2022)
* Project:        prj
* Solution:       sol (Vivado IP Flow Target)
* Product family: zynquplus
* Target device:  xck26-sfvc784-2LV-c


================================================================
== Performance Estimates
================================================================
+ Timing: 
    * Summary: 
    +--------+---------+----------+------------+
    |  Clock |  Target | Estimated| Uncertainty|
    +--------+---------+----------+------------+
    |ap_clk  |  3.33 ns|  2.433 ns|     0.90 ns|
    +--------+---------+----------+------------+

+ Latency: 
    * Summary: 
    +---------+----------+----------+-----------+-----+----------+---------+
    |  Latency (cycles)  |  Latency (absolute)  |    Interval    | Pipeline|
    |   min   |    max   |    min   |    max    | min |    max   |   Type  |
    +---------+----------+----------+-----------+-----+----------+---------+
    |        1|  70809123|  3.333 ns|  0.236 sec|    1|  70809123|       no|
    +---------+----------+----------+-----------+-----+----------+---------+

    + Detail: 
        * Instance: 
        N/A

        * Loop: 
        +------------+---------+----------+-----------+-----------+-----------+----------+----------+
        |            |  Latency (cycles)  | Iteration |  Initiation Interval  |   Trip   |          |
        |  Loop Name |   min   |    max   |  Latency  |  achieved |   target  |   Count  | Pipelined|
        +------------+---------+----------+-----------+-----------+-----------+----------+----------+
        |- loop_Y8   |        0|  70809120|  7 ~ 16391|          -|          -|  0 ~ 4320|        no|
        |- loop_Y10  |        0|  53114400|  7 ~ 12295|          -|          -|  0 ~ 4320|        no|
        +------------+---------+----------+-----------+-----------+-----------+----------+----------+

============================================================
+ Verbose Summary: Synthesis Manager
============================================================
InlineROM: 1
ExposeGlobal: 0
============================================================
+ Verbose Summary: CDFG Model
============================================================
IsTopModel: 0
ResetActiveHigh: 1
IsCombinational: 2
IsDatapathOnly: 0
HasWiredReturn: 1
HasMFsm: 0
HasVarLatency: 1
IsPipeline: 0
IsRtlPipelined: 0
IsInstanceOverlapped: 0
IsDontTouch: 0
HasImplIP: 0
IsGatedGlobalClock: 0


============================================================
+ Verbose Summary: Schedule
============================================================
* Number of FSM states : 26
* Pipeline : 0
* Dataflow Pipeline: 0

* FSM state transitions: 
1 --> 2 20 23 
2 --> 3 
3 --> 4 
4 --> 5 
5 --> 6 
6 --> 7 
7 --> 8 
8 --> 9 
9 --> 10 
10 --> 11 
11 --> 12 
12 --> 13 
13 --> 14 
14 --> 15 
15 --> 16 
16 --> 17 
17 --> 18 
18 --> 19 
19 --> 20 
20 --> 21 
21 --> 22 
22 --> 20 
23 --> 24 
24 --> 25 20 
25 --> 26 
26 --> 24 

* FSM state operations: 

State 1 <SV = 0> <Delay = 2.43>
ST_1 : Operation 27 [1/1] (0.00ns)   --->   "%specinterface_ln0 = specinterface void @_ssdm_op_SpecInterface, i6 %VideoFormat, void @ap_fifo_str, i32 0, i32 0, void @p_str, i32 0, i32 0, void @p_str, void @p_str, void @p_str, i32 2, i32 2, i32 16, i32 16, void @p_str, void @ScalarProp_str, i32 4294967295, i32 0"   --->   Operation 27 'specinterface' 'specinterface_ln0' <Predicate = true> <Delay = 0.00>
ST_1 : Operation 28 [1/1] (1.21ns)   --->   "%VideoFormat_read = read i6 @_ssdm_op_Read.ap_fifo.i6P0A, i6 %VideoFormat"   --->   Operation 28 'read' 'VideoFormat_read' <Predicate = true> <Delay = 1.21> <CoreInst = "FIFO_SRL">   --->   Core 81 'FIFO_SRL' <Latency = 0> <II = 1> <Delay = 1.83> <Storage> <Opcode : 'read' 'write' 'nbread' 'nbwrite'> <Ports = 0> <Width = 6> <Depth = 3> <FIFO>
ST_1 : Operation 29 [1/1] (0.00ns)   --->   "%specinterface_ln0 = specinterface void @_ssdm_op_SpecInterface, i12 %Height, void @ap_fifo_str, i32 0, i32 0, void @p_str, i32 0, i32 0, void @p_str, void @p_str, void @p_str, i32 2, i32 2, i32 16, i32 16, void @p_str, void @ScalarProp_str, i32 4294967295, i32 0"   --->   Operation 29 'specinterface' 'specinterface_ln0' <Predicate = true> <Delay = 0.00>
ST_1 : Operation 30 [1/1] (1.21ns)   --->   "%Height_read = read i12 @_ssdm_op_Read.ap_fifo.i12P0A, i12 %Height"   --->   Operation 30 'read' 'Height_read' <Predicate = true> <Delay = 1.21> <CoreInst = "FIFO_SRL">   --->   Core 81 'FIFO_SRL' <Latency = 0> <II = 1> <Delay = 1.83> <Storage> <Opcode : 'read' 'write' 'nbread' 'nbwrite'> <Ports = 0> <Width = 12> <Depth = 2> <FIFO>
ST_1 : Operation 31 [1/1] (0.00ns)   --->   "%specinterface_ln0 = specinterface void @_ssdm_op_SpecInterface, i12 %height_c, void @ap_fifo_str, i32 0, i32 0, void @p_str, i32 0, i32 0, void @p_str, void @p_str, void @p_str, i32 2, i32 2, i32 16, i32 16, void @p_str, void @ScalarProp_str, i32 4294967295, i32 0"   --->   Operation 31 'specinterface' 'specinterface_ln0' <Predicate = true> <Delay = 0.00>
ST_1 : Operation 32 [1/1] (1.21ns)   --->   "%write_ln0 = write void @_ssdm_op_Write.ap_fifo.i12P0A, i12 %height_c, i12 %Height_read"   --->   Operation 32 'write' 'write_ln0' <Predicate = true> <Delay = 1.21> <CoreInst = "FIFO_SRL">   --->   Core 81 'FIFO_SRL' <Latency = 0> <II = 1> <Delay = 1.83> <Storage> <Opcode : 'read' 'write' 'nbread' 'nbwrite'> <Ports = 0> <Width = 12> <Depth = 2> <FIFO>
ST_1 : Operation 33 [1/1] (0.00ns)   --->   "%specinterface_ln0 = specinterface void @_ssdm_op_SpecInterface, i13 %WidthInPix, void @ap_fifo_str, i32 0, i32 0, void @p_str, i32 0, i32 0, void @p_str, void @p_str, void @p_str, i32 2, i32 2, i32 16, i32 16, void @p_str, void @ScalarProp_str, i32 4294967295, i32 0"   --->   Operation 33 'specinterface' 'specinterface_ln0' <Predicate = true> <Delay = 0.00>
ST_1 : Operation 34 [1/1] (1.21ns)   --->   "%WidthInPix_read = read i13 @_ssdm_op_Read.ap_fifo.i13P0A, i13 %WidthInPix"   --->   Operation 34 'read' 'WidthInPix_read' <Predicate = true> <Delay = 1.21> <CoreInst = "FIFO_SRL">   --->   Core 81 'FIFO_SRL' <Latency = 0> <II = 1> <Delay = 1.83> <Storage> <Opcode : 'read' 'write' 'nbread' 'nbwrite'> <Ports = 0> <Width = 13> <Depth = 2> <FIFO>
ST_1 : Operation 35 [1/1] (0.00ns)   --->   "%specinterface_ln0 = specinterface void @_ssdm_op_SpecInterface, i15 %WidthInBytes, void @ap_fifo_str, i32 0, i32 0, void @p_str, i32 0, i32 0, void @p_str, void @p_str, void @p_str, i32 2, i32 2, i32 16, i32 16, void @p_str, void @ScalarProp_str, i32 4294967295, i32 0"   --->   Operation 35 'specinterface' 'specinterface_ln0' <Predicate = true> <Delay = 0.00>
ST_1 : Operation 36 [1/1] (1.21ns)   --->   "%widthInPix = read i15 @_ssdm_op_Read.ap_fifo.i15P0A, i15 %WidthInBytes"   --->   Operation 36 'read' 'widthInPix' <Predicate = true> <Delay = 1.21> <CoreInst = "FIFO_SRL">   --->   Core 81 'FIFO_SRL' <Latency = 0> <II = 1> <Delay = 1.83> <Storage> <Opcode : 'read' 'write' 'nbread' 'nbwrite'> <Ports = 0> <Width = 15> <Depth = 3> <FIFO>
ST_1 : Operation 37 [1/1] (0.00ns)   --->   "%specinterface_ln0 = specinterface void @_ssdm_op_SpecInterface, i15 %WidthInBytes_c, void @ap_fifo_str, i32 0, i32 0, void @p_str, i32 0, i32 0, void @p_str, void @p_str, void @p_str, i32 2, i32 2, i32 16, i32 16, void @p_str, void @ScalarProp_str, i32 4294967295, i32 0"   --->   Operation 37 'specinterface' 'specinterface_ln0' <Predicate = true> <Delay = 0.00>
ST_1 : Operation 38 [1/1] (1.21ns)   --->   "%write_ln0 = write void @_ssdm_op_Write.ap_fifo.i15P0A, i15 %WidthInBytes_c, i15 %widthInPix"   --->   Operation 38 'write' 'write_ln0' <Predicate = true> <Delay = 1.21> <CoreInst = "FIFO_SRL">   --->   Core 81 'FIFO_SRL' <Latency = 0> <II = 1> <Delay = 1.83> <Storage> <Opcode : 'read' 'write' 'nbread' 'nbwrite'> <Ports = 0> <Width = 15> <Depth = 2> <FIFO>
ST_1 : Operation 39 [1/1] (0.00ns)   --->   "%specmemcore_ln0 = specmemcore void @_ssdm_op_SpecMemCore, i256 %bytePlanes1, i64 666, i64 8, i64 18446744073709551615"   --->   Operation 39 'specmemcore' 'specmemcore_ln0' <Predicate = true> <Delay = 0.00>
ST_1 : Operation 40 [1/1] (0.00ns)   --->   "%specinterface_ln0 = specinterface void @_ssdm_op_SpecInterface, i256 %bytePlanes1, void @empty_1, i32 0, i32 0, void @empty_14, i32 0, i32 0, void @empty_14, void @empty_14, void @empty_14, i32 0, i32 0, i32 0, i32 0, void @empty_14, void @empty_14, i32 4294967295, i32 0"   --->   Operation 40 'specinterface' 'specinterface_ln0' <Predicate = true> <Delay = 0.00>
ST_1 : Operation 41 [1/1] (0.00ns)   --->   "%specinterface_ln0 = specinterface void @_ssdm_op_SpecInterface, i120 %img, void @empty_1, i32 0, i32 0, void @empty_14, i32 0, i32 0, void @empty_14, void @empty_14, void @empty_14, i32 0, i32 0, i32 0, i32 0, void @empty_14, void @empty_14, i32 4294967295, i32 0"   --->   Operation 41 'specinterface' 'specinterface_ln0' <Predicate = true> <Delay = 0.00>
ST_1 : Operation 42 [1/1] (0.44ns)   --->   "%switch_ln274 = switch i6 %VideoFormat_read, void %if.end234, i6 43, void %if.end250, i6 42, void %if.end249, i6 10, void %if.then9, i6 11, void %if.then9, i6 27, void %if.end247, i6 15, void %if.then20, i6 16, void %if.then20, i6 12, void %if.end245, i6 28, void %if.end244, i6 18, void %if.then35, i6 19, void %if.then35, i6 22, void %if.then42, i6 23, void %if.then42, i6 32, void %if.then49, i6 33, void %if.then49, i6 37, void %if.then56, i6 38, void %if.then56, i6 20, void %if.then63, i6 21, void %if.then63, i6 30, void %if.then70, i6 31, void %if.then70, i6 35, void %if.then77, i6 36, void %if.then77, i6 29, void %if.end236, i6 24, void %if.then85, i6 25, void %if.then132" [D:/zynqmp_cam_isp_demo/zynqmp_cam_isp_demo.runs/design_1_v_frmbuf_wr_0_0_synth_1/prj/sol/.autopilot/db/v_frmbuf_wr.cpp:274]   --->   Operation 42 'switch' 'switch_ln274' <Predicate = true> <Delay = 0.44>
ST_1 : Operation 43 [1/1] (0.00ns)   --->   "%br_ln864 = br void %if.end237" [D:/zynqmp_cam_isp_demo/zynqmp_cam_isp_demo.runs/design_1_v_frmbuf_wr_0_0_synth_1/prj/sol/.autopilot/db/v_frmbuf_wr.cpp:864]   --->   Operation 43 'br' 'br_ln864' <Predicate = (VideoFormat_read == 36) | (VideoFormat_read == 35)> <Delay = 0.00>
ST_1 : Operation 44 [1/1] (0.00ns)   --->   "%br_ln826 = br void %if.end238" [D:/zynqmp_cam_isp_demo/zynqmp_cam_isp_demo.runs/design_1_v_frmbuf_wr_0_0_synth_1/prj/sol/.autopilot/db/v_frmbuf_wr.cpp:826]   --->   Operation 44 'br' 'br_ln826' <Predicate = (VideoFormat_read == 31) | (VideoFormat_read == 30)> <Delay = 0.00>
ST_1 : Operation 45 [1/1] (0.00ns)   --->   "%br_ln789 = br void %if.end239" [D:/zynqmp_cam_isp_demo/zynqmp_cam_isp_demo.runs/design_1_v_frmbuf_wr_0_0_synth_1/prj/sol/.autopilot/db/v_frmbuf_wr.cpp:789]   --->   Operation 45 'br' 'br_ln789' <Predicate = (VideoFormat_read == 21) | (VideoFormat_read == 20)> <Delay = 0.00>
ST_1 : Operation 46 [1/1] (0.00ns)   --->   "%br_ln740 = br void %if.end240" [D:/zynqmp_cam_isp_demo/zynqmp_cam_isp_demo.runs/design_1_v_frmbuf_wr_0_0_synth_1/prj/sol/.autopilot/db/v_frmbuf_wr.cpp:740]   --->   Operation 46 'br' 'br_ln740' <Predicate = (VideoFormat_read == 38) | (VideoFormat_read == 37)> <Delay = 0.00>
ST_1 : Operation 47 [1/1] (0.00ns)   --->   "%br_ln705 = br void %if.end241" [D:/zynqmp_cam_isp_demo/zynqmp_cam_isp_demo.runs/design_1_v_frmbuf_wr_0_0_synth_1/prj/sol/.autopilot/db/v_frmbuf_wr.cpp:705]   --->   Operation 47 'br' 'br_ln705' <Predicate = (VideoFormat_read == 33) | (VideoFormat_read == 32)> <Delay = 0.00>
ST_1 : Operation 48 [1/1] (0.00ns)   --->   "%br_ln662 = br void %if.end242" [D:/zynqmp_cam_isp_demo/zynqmp_cam_isp_demo.runs/design_1_v_frmbuf_wr_0_0_synth_1/prj/sol/.autopilot/db/v_frmbuf_wr.cpp:662]   --->   Operation 48 'br' 'br_ln662' <Predicate = (VideoFormat_read == 23) | (VideoFormat_read == 22)> <Delay = 0.00>
ST_1 : Operation 49 [1/1] (0.00ns)   --->   "%br_ln611 = br void %if.end243" [D:/zynqmp_cam_isp_demo/zynqmp_cam_isp_demo.runs/design_1_v_frmbuf_wr_0_0_synth_1/prj/sol/.autopilot/db/v_frmbuf_wr.cpp:611]   --->   Operation 49 'br' 'br_ln611' <Predicate = (VideoFormat_read == 19) | (VideoFormat_read == 18)> <Delay = 0.00>
ST_1 : Operation 50 [1/1] (0.00ns)   --->   "%br_ln494 = br void %if.end246" [D:/zynqmp_cam_isp_demo/zynqmp_cam_isp_demo.runs/design_1_v_frmbuf_wr_0_0_synth_1/prj/sol/.autopilot/db/v_frmbuf_wr.cpp:494]   --->   Operation 50 'br' 'br_ln494' <Predicate = (VideoFormat_read == 16) | (VideoFormat_read == 15)> <Delay = 0.00>
ST_1 : Operation 51 [1/1] (0.00ns)   --->   "%br_ln415 = br void %if.end248" [D:/zynqmp_cam_isp_demo/zynqmp_cam_isp_demo.runs/design_1_v_frmbuf_wr_0_0_synth_1/prj/sol/.autopilot/db/v_frmbuf_wr.cpp:415]   --->   Operation 51 'br' 'br_ln415' <Predicate = (VideoFormat_read == 11) | (VideoFormat_read == 10)> <Delay = 0.00>

State 2 <SV = 1> <Delay = 1.38>
ST_2 : Operation 52 [1/1] (0.00ns)   --->   "%raw_pix_V = alloca i32 1"   --->   Operation 52 'alloca' 'raw_pix_V' <Predicate = true> <Delay = 0.00>
ST_2 : Operation 53 [1/1] (0.00ns)   --->   "%out_pix_V = alloca i32 1"   --->   Operation 53 'alloca' 'out_pix_V' <Predicate = true> <Delay = 0.00>
ST_2 : Operation 54 [1/1] (0.00ns)   --->   "%y_1 = alloca i32 1"   --->   Operation 54 'alloca' 'y_1' <Predicate = true> <Delay = 0.00>
ST_2 : Operation 55 [1/1] (0.00ns)   --->   "%pix_val_V_4 = alloca i32 1"   --->   Operation 55 'alloca' 'pix_val_V_4' <Predicate = true> <Delay = 0.00>
ST_2 : Operation 56 [1/1] (0.00ns)   --->   "%pix_val_V_5 = alloca i32 1"   --->   Operation 56 'alloca' 'pix_val_V_5' <Predicate = true> <Delay = 0.00>
ST_2 : Operation 57 [1/1] (0.00ns)   --->   "%pix_val_V_6 = alloca i32 1"   --->   Operation 57 'alloca' 'pix_val_V_6' <Predicate = true> <Delay = 0.00>
ST_2 : Operation 58 [1/1] (0.00ns)   --->   "%pix_val_V_7 = alloca i32 1"   --->   Operation 58 'alloca' 'pix_val_V_7' <Predicate = true> <Delay = 0.00>
ST_2 : Operation 59 [1/1] (0.00ns)   --->   "%zext_ln950 = zext i15 %widthInPix" [D:/zynqmp_cam_isp_demo/zynqmp_cam_isp_demo.runs/design_1_v_frmbuf_wr_0_0_synth_1/prj/sol/.autopilot/db/v_frmbuf_wr.cpp:950]   --->   Operation 59 'zext' 'zext_ln950' <Predicate = true> <Delay = 0.00>
ST_2 : Operation 60 [1/1] (0.84ns)   --->   "%add_ln950 = add i16 %zext_ln950, i16 31" [D:/zynqmp_cam_isp_demo/zynqmp_cam_isp_demo.runs/design_1_v_frmbuf_wr_0_0_synth_1/prj/sol/.autopilot/db/v_frmbuf_wr.cpp:950]   --->   Operation 60 'add' 'add_ln950' <Predicate = true> <Delay = 0.84> <CoreInst = "Adder">   --->   Core 1 'Adder' <Latency = 0> <II = 1> <Delay = 0.84> <FuncUnit> <Opcode : 'add' 'sub'> <InPorts = 2> <OutPorts = 1>
ST_2 : Operation 61 [1/1] (0.00ns)   --->   "%trunc_ln1 = partselect i11 @_ssdm_op_PartSelect.i11.i16.i32.i32, i16 %add_ln950, i32 5, i32 15" [D:/zynqmp_cam_isp_demo/zynqmp_cam_isp_demo.runs/design_1_v_frmbuf_wr_0_0_synth_1/prj/sol/.autopilot/db/v_frmbuf_wr.cpp:950]   --->   Operation 61 'partselect' 'trunc_ln1' <Predicate = true> <Delay = 0.00>
ST_2 : Operation 62 [17/17] (1.38ns)   --->   "%remainPix_2 = urem i13 %WidthInPix_read, i13 24" [D:/zynqmp_cam_isp_demo/zynqmp_cam_isp_demo.runs/design_1_v_frmbuf_wr_0_0_synth_1/prj/sol/.autopilot/db/v_frmbuf_wr.cpp:953]   --->   Operation 62 'urem' 'remainPix_2' <Predicate = true> <Delay = 1.38> <CoreInst = "DivnS_SEQ">   --->   Core 7 'DivnS_SEQ' <Latency = 16> <II = 13> <Delay = 1.38> <FuncUnit> <Opcode : 'sdiv' 'srem' 'udiv' 'urem'> <InPorts = 2> <OutPorts = 1>
ST_2 : Operation 63 [1/1] (0.42ns)   --->   "%store_ln963 = store i12 0, i12 %y_1" [D:/zynqmp_cam_isp_demo/zynqmp_cam_isp_demo.runs/design_1_v_frmbuf_wr_0_0_synth_1/prj/sol/.autopilot/db/v_frmbuf_wr.cpp:963]   --->   Operation 63 'store' 'store_ln963' <Predicate = true> <Delay = 0.42>
ST_2 : Operation 64 [1/1] (0.00ns)   --->   "%store_ln963 = store i256 0, i256 %out_pix_V" [D:/zynqmp_cam_isp_demo/zynqmp_cam_isp_demo.runs/design_1_v_frmbuf_wr_0_0_synth_1/prj/sol/.autopilot/db/v_frmbuf_wr.cpp:963]   --->   Operation 64 'store' 'store_ln963' <Predicate = true> <Delay = 0.00>
ST_2 : Operation 65 [1/1] (0.00ns)   --->   "%store_ln963 = store i256 0, i256 %raw_pix_V" [D:/zynqmp_cam_isp_demo/zynqmp_cam_isp_demo.runs/design_1_v_frmbuf_wr_0_0_synth_1/prj/sol/.autopilot/db/v_frmbuf_wr.cpp:963]   --->   Operation 65 'store' 'store_ln963' <Predicate = true> <Delay = 0.00>

State 3 <SV = 2> <Delay = 1.38>
ST_3 : Operation 66 [16/17] (1.38ns)   --->   "%remainPix_2 = urem i13 %WidthInPix_read, i13 24" [D:/zynqmp_cam_isp_demo/zynqmp_cam_isp_demo.runs/design_1_v_frmbuf_wr_0_0_synth_1/prj/sol/.autopilot/db/v_frmbuf_wr.cpp:953]   --->   Operation 66 'urem' 'remainPix_2' <Predicate = true> <Delay = 1.38> <CoreInst = "DivnS_SEQ">   --->   Core 7 'DivnS_SEQ' <Latency = 16> <II = 13> <Delay = 1.38> <FuncUnit> <Opcode : 'sdiv' 'srem' 'udiv' 'urem'> <InPorts = 2> <OutPorts = 1>

State 4 <SV = 3> <Delay = 1.38>
ST_4 : Operation 67 [15/17] (1.38ns)   --->   "%remainPix_2 = urem i13 %WidthInPix_read, i13 24" [D:/zynqmp_cam_isp_demo/zynqmp_cam_isp_demo.runs/design_1_v_frmbuf_wr_0_0_synth_1/prj/sol/.autopilot/db/v_frmbuf_wr.cpp:953]   --->   Operation 67 'urem' 'remainPix_2' <Predicate = true> <Delay = 1.38> <CoreInst = "DivnS_SEQ">   --->   Core 7 'DivnS_SEQ' <Latency = 16> <II = 13> <Delay = 1.38> <FuncUnit> <Opcode : 'sdiv' 'srem' 'udiv' 'urem'> <InPorts = 2> <OutPorts = 1>

State 5 <SV = 4> <Delay = 1.38>
ST_5 : Operation 68 [14/17] (1.38ns)   --->   "%remainPix_2 = urem i13 %WidthInPix_read, i13 24" [D:/zynqmp_cam_isp_demo/zynqmp_cam_isp_demo.runs/design_1_v_frmbuf_wr_0_0_synth_1/prj/sol/.autopilot/db/v_frmbuf_wr.cpp:953]   --->   Operation 68 'urem' 'remainPix_2' <Predicate = true> <Delay = 1.38> <CoreInst = "DivnS_SEQ">   --->   Core 7 'DivnS_SEQ' <Latency = 16> <II = 13> <Delay = 1.38> <FuncUnit> <Opcode : 'sdiv' 'srem' 'udiv' 'urem'> <InPorts = 2> <OutPorts = 1>

State 6 <SV = 5> <Delay = 1.38>
ST_6 : Operation 69 [13/17] (1.38ns)   --->   "%remainPix_2 = urem i13 %WidthInPix_read, i13 24" [D:/zynqmp_cam_isp_demo/zynqmp_cam_isp_demo.runs/design_1_v_frmbuf_wr_0_0_synth_1/prj/sol/.autopilot/db/v_frmbuf_wr.cpp:953]   --->   Operation 69 'urem' 'remainPix_2' <Predicate = true> <Delay = 1.38> <CoreInst = "DivnS_SEQ">   --->   Core 7 'DivnS_SEQ' <Latency = 16> <II = 13> <Delay = 1.38> <FuncUnit> <Opcode : 'sdiv' 'srem' 'udiv' 'urem'> <InPorts = 2> <OutPorts = 1>

State 7 <SV = 6> <Delay = 1.38>
ST_7 : Operation 70 [12/17] (1.38ns)   --->   "%remainPix_2 = urem i13 %WidthInPix_read, i13 24" [D:/zynqmp_cam_isp_demo/zynqmp_cam_isp_demo.runs/design_1_v_frmbuf_wr_0_0_synth_1/prj/sol/.autopilot/db/v_frmbuf_wr.cpp:953]   --->   Operation 70 'urem' 'remainPix_2' <Predicate = true> <Delay = 1.38> <CoreInst = "DivnS_SEQ">   --->   Core 7 'DivnS_SEQ' <Latency = 16> <II = 13> <Delay = 1.38> <FuncUnit> <Opcode : 'sdiv' 'srem' 'udiv' 'urem'> <InPorts = 2> <OutPorts = 1>

State 8 <SV = 7> <Delay = 1.38>
ST_8 : Operation 71 [11/17] (1.38ns)   --->   "%remainPix_2 = urem i13 %WidthInPix_read, i13 24" [D:/zynqmp_cam_isp_demo/zynqmp_cam_isp_demo.runs/design_1_v_frmbuf_wr_0_0_synth_1/prj/sol/.autopilot/db/v_frmbuf_wr.cpp:953]   --->   Operation 71 'urem' 'remainPix_2' <Predicate = true> <Delay = 1.38> <CoreInst = "DivnS_SEQ">   --->   Core 7 'DivnS_SEQ' <Latency = 16> <II = 13> <Delay = 1.38> <FuncUnit> <Opcode : 'sdiv' 'srem' 'udiv' 'urem'> <InPorts = 2> <OutPorts = 1>

State 9 <SV = 8> <Delay = 1.38>
ST_9 : Operation 72 [10/17] (1.38ns)   --->   "%remainPix_2 = urem i13 %WidthInPix_read, i13 24" [D:/zynqmp_cam_isp_demo/zynqmp_cam_isp_demo.runs/design_1_v_frmbuf_wr_0_0_synth_1/prj/sol/.autopilot/db/v_frmbuf_wr.cpp:953]   --->   Operation 72 'urem' 'remainPix_2' <Predicate = true> <Delay = 1.38> <CoreInst = "DivnS_SEQ">   --->   Core 7 'DivnS_SEQ' <Latency = 16> <II = 13> <Delay = 1.38> <FuncUnit> <Opcode : 'sdiv' 'srem' 'udiv' 'urem'> <InPorts = 2> <OutPorts = 1>

State 10 <SV = 9> <Delay = 1.38>
ST_10 : Operation 73 [9/17] (1.38ns)   --->   "%remainPix_2 = urem i13 %WidthInPix_read, i13 24" [D:/zynqmp_cam_isp_demo/zynqmp_cam_isp_demo.runs/design_1_v_frmbuf_wr_0_0_synth_1/prj/sol/.autopilot/db/v_frmbuf_wr.cpp:953]   --->   Operation 73 'urem' 'remainPix_2' <Predicate = true> <Delay = 1.38> <CoreInst = "DivnS_SEQ">   --->   Core 7 'DivnS_SEQ' <Latency = 16> <II = 13> <Delay = 1.38> <FuncUnit> <Opcode : 'sdiv' 'srem' 'udiv' 'urem'> <InPorts = 2> <OutPorts = 1>

State 11 <SV = 10> <Delay = 1.38>
ST_11 : Operation 74 [8/17] (1.38ns)   --->   "%remainPix_2 = urem i13 %WidthInPix_read, i13 24" [D:/zynqmp_cam_isp_demo/zynqmp_cam_isp_demo.runs/design_1_v_frmbuf_wr_0_0_synth_1/prj/sol/.autopilot/db/v_frmbuf_wr.cpp:953]   --->   Operation 74 'urem' 'remainPix_2' <Predicate = true> <Delay = 1.38> <CoreInst = "DivnS_SEQ">   --->   Core 7 'DivnS_SEQ' <Latency = 16> <II = 13> <Delay = 1.38> <FuncUnit> <Opcode : 'sdiv' 'srem' 'udiv' 'urem'> <InPorts = 2> <OutPorts = 1>

State 12 <SV = 11> <Delay = 1.38>
ST_12 : Operation 75 [7/17] (1.38ns)   --->   "%remainPix_2 = urem i13 %WidthInPix_read, i13 24" [D:/zynqmp_cam_isp_demo/zynqmp_cam_isp_demo.runs/design_1_v_frmbuf_wr_0_0_synth_1/prj/sol/.autopilot/db/v_frmbuf_wr.cpp:953]   --->   Operation 75 'urem' 'remainPix_2' <Predicate = true> <Delay = 1.38> <CoreInst = "DivnS_SEQ">   --->   Core 7 'DivnS_SEQ' <Latency = 16> <II = 13> <Delay = 1.38> <FuncUnit> <Opcode : 'sdiv' 'srem' 'udiv' 'urem'> <InPorts = 2> <OutPorts = 1>

State 13 <SV = 12> <Delay = 1.38>
ST_13 : Operation 76 [6/17] (1.38ns)   --->   "%remainPix_2 = urem i13 %WidthInPix_read, i13 24" [D:/zynqmp_cam_isp_demo/zynqmp_cam_isp_demo.runs/design_1_v_frmbuf_wr_0_0_synth_1/prj/sol/.autopilot/db/v_frmbuf_wr.cpp:953]   --->   Operation 76 'urem' 'remainPix_2' <Predicate = true> <Delay = 1.38> <CoreInst = "DivnS_SEQ">   --->   Core 7 'DivnS_SEQ' <Latency = 16> <II = 13> <Delay = 1.38> <FuncUnit> <Opcode : 'sdiv' 'srem' 'udiv' 'urem'> <InPorts = 2> <OutPorts = 1>

State 14 <SV = 13> <Delay = 1.38>
ST_14 : Operation 77 [5/17] (1.38ns)   --->   "%remainPix_2 = urem i13 %WidthInPix_read, i13 24" [D:/zynqmp_cam_isp_demo/zynqmp_cam_isp_demo.runs/design_1_v_frmbuf_wr_0_0_synth_1/prj/sol/.autopilot/db/v_frmbuf_wr.cpp:953]   --->   Operation 77 'urem' 'remainPix_2' <Predicate = true> <Delay = 1.38> <CoreInst = "DivnS_SEQ">   --->   Core 7 'DivnS_SEQ' <Latency = 16> <II = 13> <Delay = 1.38> <FuncUnit> <Opcode : 'sdiv' 'srem' 'udiv' 'urem'> <InPorts = 2> <OutPorts = 1>

State 15 <SV = 14> <Delay = 1.38>
ST_15 : Operation 78 [4/17] (1.38ns)   --->   "%remainPix_2 = urem i13 %WidthInPix_read, i13 24" [D:/zynqmp_cam_isp_demo/zynqmp_cam_isp_demo.runs/design_1_v_frmbuf_wr_0_0_synth_1/prj/sol/.autopilot/db/v_frmbuf_wr.cpp:953]   --->   Operation 78 'urem' 'remainPix_2' <Predicate = true> <Delay = 1.38> <CoreInst = "DivnS_SEQ">   --->   Core 7 'DivnS_SEQ' <Latency = 16> <II = 13> <Delay = 1.38> <FuncUnit> <Opcode : 'sdiv' 'srem' 'udiv' 'urem'> <InPorts = 2> <OutPorts = 1>

State 16 <SV = 15> <Delay = 1.38>
ST_16 : Operation 79 [3/17] (1.38ns)   --->   "%remainPix_2 = urem i13 %WidthInPix_read, i13 24" [D:/zynqmp_cam_isp_demo/zynqmp_cam_isp_demo.runs/design_1_v_frmbuf_wr_0_0_synth_1/prj/sol/.autopilot/db/v_frmbuf_wr.cpp:953]   --->   Operation 79 'urem' 'remainPix_2' <Predicate = true> <Delay = 1.38> <CoreInst = "DivnS_SEQ">   --->   Core 7 'DivnS_SEQ' <Latency = 16> <II = 13> <Delay = 1.38> <FuncUnit> <Opcode : 'sdiv' 'srem' 'udiv' 'urem'> <InPorts = 2> <OutPorts = 1>

State 17 <SV = 16> <Delay = 1.38>
ST_17 : Operation 80 [2/17] (1.38ns)   --->   "%remainPix_2 = urem i13 %WidthInPix_read, i13 24" [D:/zynqmp_cam_isp_demo/zynqmp_cam_isp_demo.runs/design_1_v_frmbuf_wr_0_0_synth_1/prj/sol/.autopilot/db/v_frmbuf_wr.cpp:953]   --->   Operation 80 'urem' 'remainPix_2' <Predicate = true> <Delay = 1.38> <CoreInst = "DivnS_SEQ">   --->   Core 7 'DivnS_SEQ' <Latency = 16> <II = 13> <Delay = 1.38> <FuncUnit> <Opcode : 'sdiv' 'srem' 'udiv' 'urem'> <InPorts = 2> <OutPorts = 1>

State 18 <SV = 17> <Delay = 2.13>
ST_18 : Operation 81 [1/17] (1.38ns)   --->   "%remainPix_2 = urem i13 %WidthInPix_read, i13 24" [D:/zynqmp_cam_isp_demo/zynqmp_cam_isp_demo.runs/design_1_v_frmbuf_wr_0_0_synth_1/prj/sol/.autopilot/db/v_frmbuf_wr.cpp:953]   --->   Operation 81 'urem' 'remainPix_2' <Predicate = true> <Delay = 1.38> <CoreInst = "DivnS_SEQ">   --->   Core 7 'DivnS_SEQ' <Latency = 16> <II = 13> <Delay = 1.38> <FuncUnit> <Opcode : 'sdiv' 'srem' 'udiv' 'urem'> <InPorts = 2> <OutPorts = 1>
ST_18 : Operation 82 [1/1] (0.00ns)   --->   "%trunc_ln953 = trunc i13 %remainPix_2" [D:/zynqmp_cam_isp_demo/zynqmp_cam_isp_demo.runs/design_1_v_frmbuf_wr_0_0_synth_1/prj/sol/.autopilot/db/v_frmbuf_wr.cpp:953]   --->   Operation 82 'trunc' 'trunc_ln953' <Predicate = true> <Delay = 0.00>
ST_18 : Operation 83 [1/1] (0.75ns)   --->   "%icmp_ln955 = icmp_eq  i5 %trunc_ln953, i5 0" [D:/zynqmp_cam_isp_demo/zynqmp_cam_isp_demo.runs/design_1_v_frmbuf_wr_0_0_synth_1/prj/sol/.autopilot/db/v_frmbuf_wr.cpp:955]   --->   Operation 83 'icmp' 'icmp_ln955' <Predicate = true> <Delay = 0.75> <CoreInst = "Cmp">   --->   Core 9 'Cmp' <Latency = 0> <II = 1> <Delay = 0.75> <FuncUnit> <Opcode : 'icmp'> <InPorts = 2> <OutPorts = 1>
ST_18 : Operation 84 [1/1] (0.00ns)   --->   "%trunc_ln3 = partselect i3 @_ssdm_op_PartSelect.i3.i13.i32.i32, i13 %remainPix_2, i32 2, i32 4" [D:/zynqmp_cam_isp_demo/zynqmp_cam_isp_demo.runs/design_1_v_frmbuf_wr_0_0_synth_1/prj/sol/.autopilot/db/v_frmbuf_wr.cpp:955]   --->   Operation 84 'partselect' 'trunc_ln3' <Predicate = true> <Delay = 0.00>

State 19 <SV = 18> <Delay = 0.79>
ST_19 : Operation 85 [1/1] (0.20ns)   --->   "%remainPix_3 = select i1 %icmp_ln955, i3 6, i3 %trunc_ln3" [D:/zynqmp_cam_isp_demo/zynqmp_cam_isp_demo.runs/design_1_v_frmbuf_wr_0_0_synth_1/prj/sol/.autopilot/db/v_frmbuf_wr.cpp:955]   --->   Operation 85 'select' 'remainPix_3' <Predicate = true> <Delay = 0.20> <CoreInst = "Sel">   --->   Core 73 'Sel' <Latency = 0> <II = 1> <Delay = 0.20> <FuncUnit> <Opcode : 'select'> <InPorts = 3> <OutPorts = 1>
ST_19 : Operation 86 [1/1] (0.79ns)   --->   "%sub166 = add i11 %trunc_ln1, i11 2047" [D:/zynqmp_cam_isp_demo/zynqmp_cam_isp_demo.runs/design_1_v_frmbuf_wr_0_0_synth_1/prj/sol/.autopilot/db/v_frmbuf_wr.cpp:950]   --->   Operation 86 'add' 'sub166' <Predicate = true> <Delay = 0.79> <CoreInst = "Adder">   --->   Core 1 'Adder' <Latency = 0> <II = 1> <Delay = 0.79> <FuncUnit> <Opcode : 'add' 'sub'> <InPorts = 2> <OutPorts = 1>
ST_19 : Operation 87 [1/1] (0.58ns)   --->   "%cmp169 = icmp_ne  i3 %remainPix_3, i3 0" [D:/zynqmp_cam_isp_demo/zynqmp_cam_isp_demo.runs/design_1_v_frmbuf_wr_0_0_synth_1/prj/sol/.autopilot/db/v_frmbuf_wr.cpp:955]   --->   Operation 87 'icmp' 'cmp169' <Predicate = true> <Delay = 0.58> <CoreInst = "Cmp">   --->   Core 9 'Cmp' <Latency = 0> <II = 1> <Delay = 0.58> <FuncUnit> <Opcode : 'icmp'> <InPorts = 2> <OutPorts = 1>
ST_19 : Operation 88 [1/1] (0.00ns)   --->   "%tmp_2 = partselect i2 @_ssdm_op_PartSelect.i2.i3.i32.i32, i3 %remainPix_3, i32 1, i32 2" [D:/zynqmp_cam_isp_demo/zynqmp_cam_isp_demo.runs/design_1_v_frmbuf_wr_0_0_synth_1/prj/sol/.autopilot/db/v_frmbuf_wr.cpp:955]   --->   Operation 88 'partselect' 'tmp_2' <Predicate = true> <Delay = 0.00>
ST_19 : Operation 89 [1/1] (0.44ns)   --->   "%icmp16 = icmp_ne  i2 %tmp_2, i2 0" [D:/zynqmp_cam_isp_demo/zynqmp_cam_isp_demo.runs/design_1_v_frmbuf_wr_0_0_synth_1/prj/sol/.autopilot/db/v_frmbuf_wr.cpp:955]   --->   Operation 89 'icmp' 'icmp16' <Predicate = true> <Delay = 0.44> <CoreInst = "Cmp">   --->   Core 9 'Cmp' <Latency = 0> <II = 1> <Delay = 0.44> <FuncUnit> <Opcode : 'icmp'> <InPorts = 2> <OutPorts = 1>
ST_19 : Operation 90 [1/1] (0.58ns)   --->   "%cmp169_2 = icmp_ugt  i3 %remainPix_3, i3 2" [D:/zynqmp_cam_isp_demo/zynqmp_cam_isp_demo.runs/design_1_v_frmbuf_wr_0_0_synth_1/prj/sol/.autopilot/db/v_frmbuf_wr.cpp:955]   --->   Operation 90 'icmp' 'cmp169_2' <Predicate = true> <Delay = 0.58> <CoreInst = "Cmp">   --->   Core 9 'Cmp' <Latency = 0> <II = 1> <Delay = 0.58> <FuncUnit> <Opcode : 'icmp'> <InPorts = 2> <OutPorts = 1>
ST_19 : Operation 91 [1/1] (0.00ns)   --->   "%tmp_3 = bitselect i1 @_ssdm_op_BitSelect.i1.i3.i32, i3 %remainPix_3, i32 2" [D:/zynqmp_cam_isp_demo/zynqmp_cam_isp_demo.runs/design_1_v_frmbuf_wr_0_0_synth_1/prj/sol/.autopilot/db/v_frmbuf_wr.cpp:955]   --->   Operation 91 'bitselect' 'tmp_3' <Predicate = true> <Delay = 0.00>
ST_19 : Operation 92 [1/1] (0.58ns)   --->   "%cmp169_4 = icmp_ugt  i3 %remainPix_3, i3 4" [D:/zynqmp_cam_isp_demo/zynqmp_cam_isp_demo.runs/design_1_v_frmbuf_wr_0_0_synth_1/prj/sol/.autopilot/db/v_frmbuf_wr.cpp:955]   --->   Operation 92 'icmp' 'cmp169_4' <Predicate = true> <Delay = 0.58> <CoreInst = "Cmp">   --->   Core 9 'Cmp' <Latency = 0> <II = 1> <Delay = 0.58> <FuncUnit> <Opcode : 'icmp'> <InPorts = 2> <OutPorts = 1>
ST_19 : Operation 93 [1/1] (0.58ns)   --->   "%cmp169_5 = icmp_ugt  i3 %remainPix_3, i3 5" [D:/zynqmp_cam_isp_demo/zynqmp_cam_isp_demo.runs/design_1_v_frmbuf_wr_0_0_synth_1/prj/sol/.autopilot/db/v_frmbuf_wr.cpp:955]   --->   Operation 93 'icmp' 'cmp169_5' <Predicate = true> <Delay = 0.58> <CoreInst = "Cmp">   --->   Core 9 'Cmp' <Latency = 0> <II = 1> <Delay = 0.58> <FuncUnit> <Opcode : 'icmp'> <InPorts = 2> <OutPorts = 1>
ST_19 : Operation 94 [1/1] (0.00ns)   --->   "%br_ln963 = br void %VITIS_LOOP_966_4" [D:/zynqmp_cam_isp_demo/zynqmp_cam_isp_demo.runs/design_1_v_frmbuf_wr_0_0_synth_1/prj/sol/.autopilot/db/v_frmbuf_wr.cpp:963]   --->   Operation 94 'br' 'br_ln963' <Predicate = true> <Delay = 0.00>

State 20 <SV = 19> <Delay = 1.40>
ST_20 : Operation 95 [1/1] (0.00ns)   --->   "%y_4 = load i12 %y_1" [D:/zynqmp_cam_isp_demo/zynqmp_cam_isp_demo.runs/design_1_v_frmbuf_wr_0_0_synth_1/prj/sol/.autopilot/db/v_frmbuf_wr.cpp:963]   --->   Operation 95 'load' 'y_4' <Predicate = (VideoFormat_read == 25)> <Delay = 0.00>
ST_20 : Operation 96 [1/1] (0.97ns)   --->   "%icmp_ln963 = icmp_eq  i12 %y_4, i12 %Height_read" [D:/zynqmp_cam_isp_demo/zynqmp_cam_isp_demo.runs/design_1_v_frmbuf_wr_0_0_synth_1/prj/sol/.autopilot/db/v_frmbuf_wr.cpp:963]   --->   Operation 96 'icmp' 'icmp_ln963' <Predicate = (VideoFormat_read == 25)> <Delay = 0.97> <CoreInst = "Cmp">   --->   Core 9 'Cmp' <Latency = 0> <II = 1> <Delay = 0.97> <FuncUnit> <Opcode : 'icmp'> <InPorts = 2> <OutPorts = 1>
ST_20 : Operation 97 [1/1] (0.80ns)   --->   "%y_5 = add i12 %y_4, i12 1" [D:/zynqmp_cam_isp_demo/zynqmp_cam_isp_demo.runs/design_1_v_frmbuf_wr_0_0_synth_1/prj/sol/.autopilot/db/v_frmbuf_wr.cpp:963]   --->   Operation 97 'add' 'y_5' <Predicate = (VideoFormat_read == 25)> <Delay = 0.80> <CoreInst = "Adder">   --->   Core 1 'Adder' <Latency = 0> <II = 1> <Delay = 0.80> <FuncUnit> <Opcode : 'add' 'sub'> <InPorts = 2> <OutPorts = 1>
ST_20 : Operation 98 [1/1] (0.00ns)   --->   "%br_ln963 = br i1 %icmp_ln963, void %VITIS_LOOP_966_4.split, void %if.end234.loopexit" [D:/zynqmp_cam_isp_demo/zynqmp_cam_isp_demo.runs/design_1_v_frmbuf_wr_0_0_synth_1/prj/sol/.autopilot/db/v_frmbuf_wr.cpp:963]   --->   Operation 98 'br' 'br_ln963' <Predicate = (VideoFormat_read == 25)> <Delay = 0.00>
ST_20 : Operation 99 [1/1] (0.00ns)   --->   "%pix_val_V_4_load = load i10 %pix_val_V_4"   --->   Operation 99 'load' 'pix_val_V_4_load' <Predicate = (VideoFormat_read == 25 & !icmp_ln963)> <Delay = 0.00>
ST_20 : Operation 100 [1/1] (0.00ns)   --->   "%pix_val_V_5_load = load i10 %pix_val_V_5"   --->   Operation 100 'load' 'pix_val_V_5_load' <Predicate = (VideoFormat_read == 25 & !icmp_ln963)> <Delay = 0.00>
ST_20 : Operation 101 [1/1] (0.00ns)   --->   "%pix_val_V_6_load = load i10 %pix_val_V_6"   --->   Operation 101 'load' 'pix_val_V_6_load' <Predicate = (VideoFormat_read == 25 & !icmp_ln963)> <Delay = 0.00>
ST_20 : Operation 102 [1/1] (0.00ns)   --->   "%pix_val_V_7_load = load i10 %pix_val_V_7"   --->   Operation 102 'load' 'pix_val_V_7_load' <Predicate = (VideoFormat_read == 25 & !icmp_ln963)> <Delay = 0.00>
ST_20 : Operation 103 [1/1] (0.00ns)   --->   "%empty_362 = wait i32 @_ssdm_op_Wait"   --->   Operation 103 'wait' 'empty_362' <Predicate = (VideoFormat_read == 25 & !icmp_ln963)> <Delay = 0.00>
ST_20 : Operation 104 [1/1] (0.42ns)   --->   "%store_ln963 = store i12 %y_5, i12 %y_1" [D:/zynqmp_cam_isp_demo/zynqmp_cam_isp_demo.runs/design_1_v_frmbuf_wr_0_0_synth_1/prj/sol/.autopilot/db/v_frmbuf_wr.cpp:963]   --->   Operation 104 'store' 'store_ln963' <Predicate = (VideoFormat_read == 25 & !icmp_ln963)> <Delay = 0.42>
ST_20 : Operation 105 [1/1] (0.00ns)   --->   "%br_ln0 = br void %if.end234"   --->   Operation 105 'br' 'br_ln0' <Predicate = (VideoFormat_read == 25 & icmp_ln963)> <Delay = 0.00>
ST_20 : Operation 106 [1/1] (0.00ns)   --->   "%br_ln0 = br void %if.end235"   --->   Operation 106 'br' 'br_ln0' <Predicate = (VideoFormat_read == 63) | (VideoFormat_read == 62) | (VideoFormat_read == 61) | (VideoFormat_read == 60) | (VideoFormat_read == 59) | (VideoFormat_read == 58) | (VideoFormat_read == 57) | (VideoFormat_read == 56) | (VideoFormat_read == 55) | (VideoFormat_read == 54) | (VideoFormat_read == 53) | (VideoFormat_read == 52) | (VideoFormat_read == 51) | (VideoFormat_read == 50) | (VideoFormat_read == 49) | (VideoFormat_read == 48) | (VideoFormat_read == 47) | (VideoFormat_read == 46) | (VideoFormat_read == 45) | (VideoFormat_read == 44) | (VideoFormat_read == 41) | (VideoFormat_read == 40) | (VideoFormat_read == 39) | (VideoFormat_read == 34) | (VideoFormat_read == 26) | (VideoFormat_read == 17) | (VideoFormat_read == 14) | (VideoFormat_read == 13) | (VideoFormat_read == 9) | (VideoFormat_read == 8) | (VideoFormat_read == 7) | (VideoFormat_read == 6) | (VideoFormat_read == 5) | (VideoFormat_read == 4) | (VideoFormat_read == 3) | (VideoFormat_read == 2) | (VideoFormat_read == 1) | (VideoFormat_read == 0) | (VideoFormat_read == 25 & icmp_ln963)> <Delay = 0.00>
ST_20 : Operation 107 [1/1] (0.00ns)   --->   "%br_ln0 = br void %if.end236"   --->   Operation 107 'br' 'br_ln0' <Predicate = (VideoFormat_read == 25 & icmp_ln963) | (VideoFormat_read != 43 & VideoFormat_read != 42 & VideoFormat_read != 10 & VideoFormat_read != 11 & VideoFormat_read != 27 & VideoFormat_read != 15 & VideoFormat_read != 16 & VideoFormat_read != 12 & VideoFormat_read != 28 & VideoFormat_read != 18 & VideoFormat_read != 19 & VideoFormat_read != 22 & VideoFormat_read != 23 & VideoFormat_read != 32 & VideoFormat_read != 33 & VideoFormat_read != 37 & VideoFormat_read != 38 & VideoFormat_read != 20 & VideoFormat_read != 21 & VideoFormat_read != 30 & VideoFormat_read != 31 & VideoFormat_read != 35 & VideoFormat_read != 36 & VideoFormat_read != 29 & VideoFormat_read != 25)> <Delay = 0.00>
ST_20 : Operation 108 [1/1] (0.00ns)   --->   "%br_ln0 = br void %if.end237"   --->   Operation 108 'br' 'br_ln0' <Predicate = (VideoFormat_read == 25 & icmp_ln963) | (VideoFormat_read != 43 & VideoFormat_read != 42 & VideoFormat_read != 10 & VideoFormat_read != 11 & VideoFormat_read != 27 & VideoFormat_read != 15 & VideoFormat_read != 16 & VideoFormat_read != 12 & VideoFormat_read != 28 & VideoFormat_read != 18 & VideoFormat_read != 19 & VideoFormat_read != 22 & VideoFormat_read != 23 & VideoFormat_read != 32 & VideoFormat_read != 33 & VideoFormat_read != 37 & VideoFormat_read != 38 & VideoFormat_read != 20 & VideoFormat_read != 21 & VideoFormat_read != 30 & VideoFormat_read != 31 & VideoFormat_read != 35 & VideoFormat_read != 36 & VideoFormat_read != 25)> <Delay = 0.00>
ST_20 : Operation 109 [1/1] (0.00ns)   --->   "%br_ln0 = br void %if.end238"   --->   Operation 109 'br' 'br_ln0' <Predicate = (VideoFormat_read == 25 & icmp_ln963) | (VideoFormat_read != 43 & VideoFormat_read != 42 & VideoFormat_read != 10 & VideoFormat_read != 11 & VideoFormat_read != 27 & VideoFormat_read != 15 & VideoFormat_read != 16 & VideoFormat_read != 12 & VideoFormat_read != 28 & VideoFormat_read != 18 & VideoFormat_read != 19 & VideoFormat_read != 22 & VideoFormat_read != 23 & VideoFormat_read != 32 & VideoFormat_read != 33 & VideoFormat_read != 37 & VideoFormat_read != 38 & VideoFormat_read != 20 & VideoFormat_read != 21 & VideoFormat_read != 30 & VideoFormat_read != 31 & VideoFormat_read != 25)> <Delay = 0.00>
ST_20 : Operation 110 [1/1] (0.00ns)   --->   "%br_ln0 = br void %if.end239"   --->   Operation 110 'br' 'br_ln0' <Predicate = (VideoFormat_read == 25 & icmp_ln963) | (VideoFormat_read != 43 & VideoFormat_read != 42 & VideoFormat_read != 10 & VideoFormat_read != 11 & VideoFormat_read != 27 & VideoFormat_read != 15 & VideoFormat_read != 16 & VideoFormat_read != 12 & VideoFormat_read != 28 & VideoFormat_read != 18 & VideoFormat_read != 19 & VideoFormat_read != 22 & VideoFormat_read != 23 & VideoFormat_read != 32 & VideoFormat_read != 33 & VideoFormat_read != 37 & VideoFormat_read != 38 & VideoFormat_read != 20 & VideoFormat_read != 21 & VideoFormat_read != 25)> <Delay = 0.00>
ST_20 : Operation 111 [1/1] (0.00ns)   --->   "%br_ln0 = br void %if.end240"   --->   Operation 111 'br' 'br_ln0' <Predicate = (VideoFormat_read == 25 & icmp_ln963) | (VideoFormat_read != 43 & VideoFormat_read != 42 & VideoFormat_read != 10 & VideoFormat_read != 11 & VideoFormat_read != 27 & VideoFormat_read != 15 & VideoFormat_read != 16 & VideoFormat_read != 12 & VideoFormat_read != 28 & VideoFormat_read != 18 & VideoFormat_read != 19 & VideoFormat_read != 22 & VideoFormat_read != 23 & VideoFormat_read != 32 & VideoFormat_read != 33 & VideoFormat_read != 37 & VideoFormat_read != 38 & VideoFormat_read != 25)> <Delay = 0.00>
ST_20 : Operation 112 [1/1] (0.00ns)   --->   "%br_ln0 = br void %if.end241"   --->   Operation 112 'br' 'br_ln0' <Predicate = (VideoFormat_read == 25 & icmp_ln963) | (VideoFormat_read != 43 & VideoFormat_read != 42 & VideoFormat_read != 10 & VideoFormat_read != 11 & VideoFormat_read != 27 & VideoFormat_read != 15 & VideoFormat_read != 16 & VideoFormat_read != 12 & VideoFormat_read != 28 & VideoFormat_read != 18 & VideoFormat_read != 19 & VideoFormat_read != 22 & VideoFormat_read != 23 & VideoFormat_read != 32 & VideoFormat_read != 33 & VideoFormat_read != 25)> <Delay = 0.00>
ST_20 : Operation 113 [1/1] (0.00ns)   --->   "%br_ln0 = br void %if.end242"   --->   Operation 113 'br' 'br_ln0' <Predicate = (VideoFormat_read == 25 & icmp_ln963) | (VideoFormat_read != 43 & VideoFormat_read != 42 & VideoFormat_read != 10 & VideoFormat_read != 11 & VideoFormat_read != 27 & VideoFormat_read != 15 & VideoFormat_read != 16 & VideoFormat_read != 12 & VideoFormat_read != 28 & VideoFormat_read != 18 & VideoFormat_read != 19 & VideoFormat_read != 22 & VideoFormat_read != 23 & VideoFormat_read != 25)> <Delay = 0.00>
ST_20 : Operation 114 [1/1] (0.00ns)   --->   "%br_ln0 = br void %if.end243"   --->   Operation 114 'br' 'br_ln0' <Predicate = (VideoFormat_read == 25 & icmp_ln963) | (VideoFormat_read != 43 & VideoFormat_read != 42 & VideoFormat_read != 10 & VideoFormat_read != 11 & VideoFormat_read != 27 & VideoFormat_read != 15 & VideoFormat_read != 16 & VideoFormat_read != 12 & VideoFormat_read != 28 & VideoFormat_read != 18 & VideoFormat_read != 19 & VideoFormat_read != 25)> <Delay = 0.00>
ST_20 : Operation 115 [1/1] (0.00ns)   --->   "%br_ln0 = br void %if.end244"   --->   Operation 115 'br' 'br_ln0' <Predicate = (VideoFormat_read == 25 & icmp_ln963) | (VideoFormat_read != 43 & VideoFormat_read != 42 & VideoFormat_read != 10 & VideoFormat_read != 11 & VideoFormat_read != 27 & VideoFormat_read != 15 & VideoFormat_read != 16 & VideoFormat_read != 12 & VideoFormat_read != 28 & VideoFormat_read != 25)> <Delay = 0.00>
ST_20 : Operation 116 [1/1] (0.00ns)   --->   "%br_ln0 = br void %if.end245"   --->   Operation 116 'br' 'br_ln0' <Predicate = (VideoFormat_read == 25 & icmp_ln963) | (VideoFormat_read != 43 & VideoFormat_read != 42 & VideoFormat_read != 10 & VideoFormat_read != 11 & VideoFormat_read != 27 & VideoFormat_read != 15 & VideoFormat_read != 16 & VideoFormat_read != 12 & VideoFormat_read != 25)> <Delay = 0.00>
ST_20 : Operation 117 [1/1] (0.00ns)   --->   "%br_ln0 = br void %if.end246"   --->   Operation 117 'br' 'br_ln0' <Predicate = (VideoFormat_read == 25 & icmp_ln963) | (VideoFormat_read != 43 & VideoFormat_read != 42 & VideoFormat_read != 10 & VideoFormat_read != 11 & VideoFormat_read != 27 & VideoFormat_read != 15 & VideoFormat_read != 16 & VideoFormat_read != 25)> <Delay = 0.00>
ST_20 : Operation 118 [1/1] (0.00ns)   --->   "%br_ln0 = br void %if.end247"   --->   Operation 118 'br' 'br_ln0' <Predicate = (VideoFormat_read == 25 & icmp_ln963) | (VideoFormat_read != 43 & VideoFormat_read != 42 & VideoFormat_read != 10 & VideoFormat_read != 11 & VideoFormat_read != 27 & VideoFormat_read != 25)> <Delay = 0.00>
ST_20 : Operation 119 [1/1] (0.00ns)   --->   "%br_ln0 = br void %if.end248"   --->   Operation 119 'br' 'br_ln0' <Predicate = (VideoFormat_read == 25 & icmp_ln963) | (VideoFormat_read != 43 & VideoFormat_read != 42 & VideoFormat_read != 10 & VideoFormat_read != 11 & VideoFormat_read != 25)> <Delay = 0.00>
ST_20 : Operation 120 [1/1] (0.00ns)   --->   "%br_ln0 = br void %if.end249"   --->   Operation 120 'br' 'br_ln0' <Predicate = (VideoFormat_read == 25 & icmp_ln963) | (VideoFormat_read != 43 & VideoFormat_read != 42 & VideoFormat_read != 25)> <Delay = 0.00>
ST_20 : Operation 121 [1/1] (0.00ns)   --->   "%br_ln0 = br void %if.end250"   --->   Operation 121 'br' 'br_ln0' <Predicate = (VideoFormat_read != 43 & icmp_ln963) | (VideoFormat_read != 43 & VideoFormat_read != 25) | (VideoFormat_read != 43 & VideoFormat_read == 24) | (VideoFormat_read != 43 & VideoFormat_read == 29) | (VideoFormat_read != 43 & VideoFormat_read == 36) | (VideoFormat_read != 43 & VideoFormat_read == 35) | (VideoFormat_read != 43 & VideoFormat_read == 31) | (VideoFormat_read != 43 & VideoFormat_read == 30) | (VideoFormat_read != 43 & VideoFormat_read == 21) | (VideoFormat_read != 43 & VideoFormat_read == 20) | (VideoFormat_read != 43 & VideoFormat_read == 38) | (VideoFormat_read != 43 & VideoFormat_read == 37) | (VideoFormat_read != 43 & VideoFormat_read == 33) | (VideoFormat_read != 43 & VideoFormat_read == 32) | (VideoFormat_read != 43 & VideoFormat_read == 23) | (VideoFormat_read != 43 & VideoFormat_read == 22) | (VideoFormat_read != 43 & VideoFormat_read == 19) | (VideoFormat_read != 43 & VideoFormat_read == 18) | (VideoFormat_read != 43 & VideoFormat_read == 28) | (VideoFormat_read != 43 & VideoFormat_read == 12) | (VideoFormat_read != 43 & VideoFormat_read == 16) | (VideoFormat_read != 43 & VideoFormat_read == 15) | (VideoFormat_read != 43 & VideoFormat_read == 27) | (VideoFormat_read != 43 & VideoFormat_read == 11) | (VideoFormat_read != 43 & VideoFormat_read == 10) | (VideoFormat_read != 43 & VideoFormat_read == 42)> <Delay = 0.00>
ST_20 : Operation 122 [1/1] (0.00ns)   --->   "%ret_ln1056 = ret" [D:/zynqmp_cam_isp_demo/zynqmp_cam_isp_demo.runs/design_1_v_frmbuf_wr_0_0_synth_1/prj/sol/.autopilot/db/v_frmbuf_wr.cpp:1056]   --->   Operation 122 'ret' 'ret_ln1056' <Predicate = (icmp_ln963) | (VideoFormat_read != 25)> <Delay = 0.00>

State 21 <SV = 20> <Delay = 1.37>
ST_21 : Operation 123 [2/2] (1.37ns)   --->   "%call_ln950 = call void @MultiPixStream2Bytes_Pipeline_VITIS_LOOP_966_4, i10 %pix_val_V_7_load, i10 %pix_val_V_6_load, i10 %pix_val_V_5_load, i10 %pix_val_V_4_load, i11 %trunc_ln1, i256 %bytePlanes1, i1 %cmp169_5, i1 %cmp169_4, i1 %tmp_3, i1 %cmp169_2, i1 %icmp16, i11 %sub166, i1 %cmp169, i120 %img, i10 %pix_val_V_7, i10 %pix_val_V_6, i10 %pix_val_V_5, i10 %pix_val_V_4, i256 %out_pix_V, i256 %raw_pix_V" [D:/zynqmp_cam_isp_demo/zynqmp_cam_isp_demo.runs/design_1_v_frmbuf_wr_0_0_synth_1/prj/sol/.autopilot/db/v_frmbuf_wr.cpp:950]   --->   Operation 123 'call' 'call_ln950' <Predicate = true> <Delay = 1.37> <CoreType = "Generic">   --->   Core 0 '' <Latency = 0> <II = 1> <Delay = 1.00> <Generic> <Opcode : >

State 22 <SV = 21> <Delay = 0.00>
ST_22 : Operation 124 [1/1] (0.00ns)   --->   "%speclooptripcount_ln964 = speclooptripcount void @_ssdm_op_SpecLoopTripCount, i64 0, i64 4320, i64 2160" [D:/zynqmp_cam_isp_demo/zynqmp_cam_isp_demo.runs/design_1_v_frmbuf_wr_0_0_synth_1/prj/sol/.autopilot/db/v_frmbuf_wr.cpp:964]   --->   Operation 124 'speclooptripcount' 'speclooptripcount_ln964' <Predicate = true> <Delay = 0.00>
ST_22 : Operation 125 [1/1] (0.00ns)   --->   "%specloopname_ln273 = specloopname void @_ssdm_op_SpecLoopName, void @empty_10" [D:/zynqmp_cam_isp_demo/zynqmp_cam_isp_demo.runs/design_1_v_frmbuf_wr_0_0_synth_1/prj/sol/.autopilot/db/v_frmbuf_wr.cpp:273]   --->   Operation 125 'specloopname' 'specloopname_ln273' <Predicate = true> <Delay = 0.00>
ST_22 : Operation 126 [1/2] (0.00ns)   --->   "%call_ln950 = call void @MultiPixStream2Bytes_Pipeline_VITIS_LOOP_966_4, i10 %pix_val_V_7_load, i10 %pix_val_V_6_load, i10 %pix_val_V_5_load, i10 %pix_val_V_4_load, i11 %trunc_ln1, i256 %bytePlanes1, i1 %cmp169_5, i1 %cmp169_4, i1 %tmp_3, i1 %cmp169_2, i1 %icmp16, i11 %sub166, i1 %cmp169, i120 %img, i10 %pix_val_V_7, i10 %pix_val_V_6, i10 %pix_val_V_5, i10 %pix_val_V_4, i256 %out_pix_V, i256 %raw_pix_V" [D:/zynqmp_cam_isp_demo/zynqmp_cam_isp_demo.runs/design_1_v_frmbuf_wr_0_0_synth_1/prj/sol/.autopilot/db/v_frmbuf_wr.cpp:950]   --->   Operation 126 'call' 'call_ln950' <Predicate = true> <Delay = 0.00> <CoreType = "Generic">   --->   Core 0 '' <Latency = 0> <II = 1> <Delay = 1.00> <Generic> <Opcode : >
ST_22 : Operation 127 [1/1] (0.00ns)   --->   "%br_ln963 = br void %VITIS_LOOP_966_4" [D:/zynqmp_cam_isp_demo/zynqmp_cam_isp_demo.runs/design_1_v_frmbuf_wr_0_0_synth_1/prj/sol/.autopilot/db/v_frmbuf_wr.cpp:963]   --->   Operation 127 'br' 'br_ln963' <Predicate = true> <Delay = 0.00>

State 23 <SV = 1> <Delay = 1.86>
ST_23 : Operation 128 [1/1] (0.00ns)   --->   "%y = alloca i32 1"   --->   Operation 128 'alloca' 'y' <Predicate = true> <Delay = 0.00>
ST_23 : Operation 129 [1/1] (0.00ns)   --->   "%pix_val_V = alloca i32 1"   --->   Operation 129 'alloca' 'pix_val_V' <Predicate = true> <Delay = 0.00>
ST_23 : Operation 130 [1/1] (0.00ns)   --->   "%pix_val_V_1 = alloca i32 1"   --->   Operation 130 'alloca' 'pix_val_V_1' <Predicate = true> <Delay = 0.00>
ST_23 : Operation 131 [1/1] (0.00ns)   --->   "%pix_val_V_2 = alloca i32 1"   --->   Operation 131 'alloca' 'pix_val_V_2' <Predicate = true> <Delay = 0.00>
ST_23 : Operation 132 [1/1] (0.00ns)   --->   "%pix_val_V_3 = alloca i32 1"   --->   Operation 132 'alloca' 'pix_val_V_3' <Predicate = true> <Delay = 0.00>
ST_23 : Operation 133 [1/1] (0.00ns)   --->   "%remainPix = trunc i15 %widthInPix" [D:/zynqmp_cam_isp_demo/zynqmp_cam_isp_demo.runs/design_1_v_frmbuf_wr_0_0_synth_1/prj/sol/.autopilot/db/v_frmbuf_wr.cpp:915]   --->   Operation 133 'trunc' 'remainPix' <Predicate = true> <Delay = 0.00>
ST_23 : Operation 134 [1/1] (0.00ns)   --->   "%zext_ln915 = zext i15 %widthInPix" [D:/zynqmp_cam_isp_demo/zynqmp_cam_isp_demo.runs/design_1_v_frmbuf_wr_0_0_synth_1/prj/sol/.autopilot/db/v_frmbuf_wr.cpp:915]   --->   Operation 134 'zext' 'zext_ln915' <Predicate = true> <Delay = 0.00>
ST_23 : Operation 135 [1/1] (0.84ns)   --->   "%add_ln915 = add i16 %zext_ln915, i16 31" [D:/zynqmp_cam_isp_demo/zynqmp_cam_isp_demo.runs/design_1_v_frmbuf_wr_0_0_synth_1/prj/sol/.autopilot/db/v_frmbuf_wr.cpp:915]   --->   Operation 135 'add' 'add_ln915' <Predicate = true> <Delay = 0.84> <CoreInst = "Adder">   --->   Core 1 'Adder' <Latency = 0> <II = 1> <Delay = 0.84> <FuncUnit> <Opcode : 'add' 'sub'> <InPorts = 2> <OutPorts = 1>
ST_23 : Operation 136 [1/1] (0.00ns)   --->   "%trunc_ln915_1 = partselect i11 @_ssdm_op_PartSelect.i11.i16.i32.i32, i16 %add_ln915, i32 5, i32 15" [D:/zynqmp_cam_isp_demo/zynqmp_cam_isp_demo.runs/design_1_v_frmbuf_wr_0_0_synth_1/prj/sol/.autopilot/db/v_frmbuf_wr.cpp:915]   --->   Operation 136 'partselect' 'trunc_ln915_1' <Predicate = true> <Delay = 0.00>
ST_23 : Operation 137 [1/1] (0.75ns)   --->   "%icmp_ln920 = icmp_eq  i5 %remainPix, i5 0" [D:/zynqmp_cam_isp_demo/zynqmp_cam_isp_demo.runs/design_1_v_frmbuf_wr_0_0_synth_1/prj/sol/.autopilot/db/v_frmbuf_wr.cpp:920]   --->   Operation 137 'icmp' 'icmp_ln920' <Predicate = true> <Delay = 0.75> <CoreInst = "Cmp">   --->   Core 9 'Cmp' <Latency = 0> <II = 1> <Delay = 0.75> <FuncUnit> <Opcode : 'icmp'> <InPorts = 2> <OutPorts = 1>
ST_23 : Operation 138 [1/1] (0.00ns)   --->   "%trunc_ln = partselect i3 @_ssdm_op_PartSelect.i3.i15.i32.i32, i15 %widthInPix, i32 2, i32 4" [D:/zynqmp_cam_isp_demo/zynqmp_cam_isp_demo.runs/design_1_v_frmbuf_wr_0_0_synth_1/prj/sol/.autopilot/db/v_frmbuf_wr.cpp:920]   --->   Operation 138 'partselect' 'trunc_ln' <Predicate = true> <Delay = 0.00>
ST_23 : Operation 139 [1/1] (0.00ns)   --->   "%zext_ln920 = zext i3 %trunc_ln" [D:/zynqmp_cam_isp_demo/zynqmp_cam_isp_demo.runs/design_1_v_frmbuf_wr_0_0_synth_1/prj/sol/.autopilot/db/v_frmbuf_wr.cpp:920]   --->   Operation 139 'zext' 'zext_ln920' <Predicate = true> <Delay = 0.00>
ST_23 : Operation 140 [1/1] (0.39ns)   --->   "%remainPix_1 = select i1 %icmp_ln920, i4 8, i4 %zext_ln920" [D:/zynqmp_cam_isp_demo/zynqmp_cam_isp_demo.runs/design_1_v_frmbuf_wr_0_0_synth_1/prj/sol/.autopilot/db/v_frmbuf_wr.cpp:920]   --->   Operation 140 'select' 'remainPix_1' <Predicate = true> <Delay = 0.39> <CoreInst = "Sel">   --->   Core 73 'Sel' <Latency = 0> <II = 1> <Delay = 0.39> <FuncUnit> <Opcode : 'select'> <InPorts = 3> <OutPorts = 1>
ST_23 : Operation 141 [1/1] (0.79ns)   --->   "%sub100 = add i11 %trunc_ln915_1, i11 2047" [D:/zynqmp_cam_isp_demo/zynqmp_cam_isp_demo.runs/design_1_v_frmbuf_wr_0_0_synth_1/prj/sol/.autopilot/db/v_frmbuf_wr.cpp:915]   --->   Operation 141 'add' 'sub100' <Predicate = true> <Delay = 0.79> <CoreInst = "Adder">   --->   Core 1 'Adder' <Latency = 0> <II = 1> <Delay = 0.79> <FuncUnit> <Opcode : 'add' 'sub'> <InPorts = 2> <OutPorts = 1>
ST_23 : Operation 142 [1/1] (0.72ns)   --->   "%cmp103 = icmp_ne  i4 %remainPix_1, i4 0" [D:/zynqmp_cam_isp_demo/zynqmp_cam_isp_demo.runs/design_1_v_frmbuf_wr_0_0_synth_1/prj/sol/.autopilot/db/v_frmbuf_wr.cpp:920]   --->   Operation 142 'icmp' 'cmp103' <Predicate = true> <Delay = 0.72> <CoreInst = "Cmp">   --->   Core 9 'Cmp' <Latency = 0> <II = 1> <Delay = 0.72> <FuncUnit> <Opcode : 'icmp'> <InPorts = 2> <OutPorts = 1>
ST_23 : Operation 143 [1/1] (0.00ns)   --->   "%tmp = partselect i3 @_ssdm_op_PartSelect.i3.i4.i32.i32, i4 %remainPix_1, i32 1, i32 3" [D:/zynqmp_cam_isp_demo/zynqmp_cam_isp_demo.runs/design_1_v_frmbuf_wr_0_0_synth_1/prj/sol/.autopilot/db/v_frmbuf_wr.cpp:920]   --->   Operation 143 'partselect' 'tmp' <Predicate = true> <Delay = 0.00>
ST_23 : Operation 144 [1/1] (0.58ns)   --->   "%icmp = icmp_ne  i3 %tmp, i3 0" [D:/zynqmp_cam_isp_demo/zynqmp_cam_isp_demo.runs/design_1_v_frmbuf_wr_0_0_synth_1/prj/sol/.autopilot/db/v_frmbuf_wr.cpp:920]   --->   Operation 144 'icmp' 'icmp' <Predicate = true> <Delay = 0.58> <CoreInst = "Cmp">   --->   Core 9 'Cmp' <Latency = 0> <II = 1> <Delay = 0.58> <FuncUnit> <Opcode : 'icmp'> <InPorts = 2> <OutPorts = 1>
ST_23 : Operation 145 [1/1] (0.72ns)   --->   "%cmp103_2 = icmp_ugt  i4 %remainPix_1, i4 2" [D:/zynqmp_cam_isp_demo/zynqmp_cam_isp_demo.runs/design_1_v_frmbuf_wr_0_0_synth_1/prj/sol/.autopilot/db/v_frmbuf_wr.cpp:920]   --->   Operation 145 'icmp' 'cmp103_2' <Predicate = true> <Delay = 0.72> <CoreInst = "Cmp">   --->   Core 9 'Cmp' <Latency = 0> <II = 1> <Delay = 0.72> <FuncUnit> <Opcode : 'icmp'> <InPorts = 2> <OutPorts = 1>
ST_23 : Operation 146 [1/1] (0.00ns)   --->   "%tmp_1 = partselect i2 @_ssdm_op_PartSelect.i2.i4.i32.i32, i4 %remainPix_1, i32 2, i32 3" [D:/zynqmp_cam_isp_demo/zynqmp_cam_isp_demo.runs/design_1_v_frmbuf_wr_0_0_synth_1/prj/sol/.autopilot/db/v_frmbuf_wr.cpp:920]   --->   Operation 146 'partselect' 'tmp_1' <Predicate = true> <Delay = 0.00>
ST_23 : Operation 147 [1/1] (0.44ns)   --->   "%icmp13 = icmp_ne  i2 %tmp_1, i2 0" [D:/zynqmp_cam_isp_demo/zynqmp_cam_isp_demo.runs/design_1_v_frmbuf_wr_0_0_synth_1/prj/sol/.autopilot/db/v_frmbuf_wr.cpp:920]   --->   Operation 147 'icmp' 'icmp13' <Predicate = true> <Delay = 0.44> <CoreInst = "Cmp">   --->   Core 9 'Cmp' <Latency = 0> <II = 1> <Delay = 0.44> <FuncUnit> <Opcode : 'icmp'> <InPorts = 2> <OutPorts = 1>
ST_23 : Operation 148 [1/1] (0.72ns)   --->   "%cmp103_4 = icmp_ugt  i4 %remainPix_1, i4 4" [D:/zynqmp_cam_isp_demo/zynqmp_cam_isp_demo.runs/design_1_v_frmbuf_wr_0_0_synth_1/prj/sol/.autopilot/db/v_frmbuf_wr.cpp:920]   --->   Operation 148 'icmp' 'cmp103_4' <Predicate = true> <Delay = 0.72> <CoreInst = "Cmp">   --->   Core 9 'Cmp' <Latency = 0> <II = 1> <Delay = 0.72> <FuncUnit> <Opcode : 'icmp'> <InPorts = 2> <OutPorts = 1>
ST_23 : Operation 149 [1/1] (0.72ns)   --->   "%cmp103_5 = icmp_ugt  i4 %remainPix_1, i4 5" [D:/zynqmp_cam_isp_demo/zynqmp_cam_isp_demo.runs/design_1_v_frmbuf_wr_0_0_synth_1/prj/sol/.autopilot/db/v_frmbuf_wr.cpp:920]   --->   Operation 149 'icmp' 'cmp103_5' <Predicate = true> <Delay = 0.72> <CoreInst = "Cmp">   --->   Core 9 'Cmp' <Latency = 0> <II = 1> <Delay = 0.72> <FuncUnit> <Opcode : 'icmp'> <InPorts = 2> <OutPorts = 1>
ST_23 : Operation 150 [1/1] (0.72ns)   --->   "%cmp103_6 = icmp_ugt  i4 %remainPix_1, i4 6" [D:/zynqmp_cam_isp_demo/zynqmp_cam_isp_demo.runs/design_1_v_frmbuf_wr_0_0_synth_1/prj/sol/.autopilot/db/v_frmbuf_wr.cpp:920]   --->   Operation 150 'icmp' 'cmp103_6' <Predicate = true> <Delay = 0.72> <CoreInst = "Cmp">   --->   Core 9 'Cmp' <Latency = 0> <II = 1> <Delay = 0.72> <FuncUnit> <Opcode : 'icmp'> <InPorts = 2> <OutPorts = 1>
ST_23 : Operation 151 [1/1] (0.42ns)   --->   "%store_ln927 = store i12 0, i12 %y" [D:/zynqmp_cam_isp_demo/zynqmp_cam_isp_demo.runs/design_1_v_frmbuf_wr_0_0_synth_1/prj/sol/.autopilot/db/v_frmbuf_wr.cpp:927]   --->   Operation 151 'store' 'store_ln927' <Predicate = true> <Delay = 0.42>
ST_23 : Operation 152 [1/1] (0.00ns)   --->   "%br_ln927 = br void %VITIS_LOOP_930_1" [D:/zynqmp_cam_isp_demo/zynqmp_cam_isp_demo.runs/design_1_v_frmbuf_wr_0_0_synth_1/prj/sol/.autopilot/db/v_frmbuf_wr.cpp:927]   --->   Operation 152 'br' 'br_ln927' <Predicate = true> <Delay = 0.00>

State 24 <SV = 2> <Delay = 1.40>
ST_24 : Operation 153 [1/1] (0.00ns)   --->   "%y_2 = load i12 %y" [D:/zynqmp_cam_isp_demo/zynqmp_cam_isp_demo.runs/design_1_v_frmbuf_wr_0_0_synth_1/prj/sol/.autopilot/db/v_frmbuf_wr.cpp:927]   --->   Operation 153 'load' 'y_2' <Predicate = true> <Delay = 0.00>
ST_24 : Operation 154 [1/1] (0.97ns)   --->   "%icmp_ln927 = icmp_eq  i12 %y_2, i12 %Height_read" [D:/zynqmp_cam_isp_demo/zynqmp_cam_isp_demo.runs/design_1_v_frmbuf_wr_0_0_synth_1/prj/sol/.autopilot/db/v_frmbuf_wr.cpp:927]   --->   Operation 154 'icmp' 'icmp_ln927' <Predicate = true> <Delay = 0.97> <CoreInst = "Cmp">   --->   Core 9 'Cmp' <Latency = 0> <II = 1> <Delay = 0.97> <FuncUnit> <Opcode : 'icmp'> <InPorts = 2> <OutPorts = 1>
ST_24 : Operation 155 [1/1] (0.80ns)   --->   "%y_3 = add i12 %y_2, i12 1" [D:/zynqmp_cam_isp_demo/zynqmp_cam_isp_demo.runs/design_1_v_frmbuf_wr_0_0_synth_1/prj/sol/.autopilot/db/v_frmbuf_wr.cpp:927]   --->   Operation 155 'add' 'y_3' <Predicate = true> <Delay = 0.80> <CoreInst = "Adder">   --->   Core 1 'Adder' <Latency = 0> <II = 1> <Delay = 0.80> <FuncUnit> <Opcode : 'add' 'sub'> <InPorts = 2> <OutPorts = 1>
ST_24 : Operation 156 [1/1] (0.00ns)   --->   "%br_ln927 = br i1 %icmp_ln927, void %VITIS_LOOP_930_1.split, void %if.end235.loopexit" [D:/zynqmp_cam_isp_demo/zynqmp_cam_isp_demo.runs/design_1_v_frmbuf_wr_0_0_synth_1/prj/sol/.autopilot/db/v_frmbuf_wr.cpp:927]   --->   Operation 156 'br' 'br_ln927' <Predicate = true> <Delay = 0.00>
ST_24 : Operation 157 [1/1] (0.00ns)   --->   "%pix_val_V_load = load i10 %pix_val_V"   --->   Operation 157 'load' 'pix_val_V_load' <Predicate = (!icmp_ln927)> <Delay = 0.00>
ST_24 : Operation 158 [1/1] (0.00ns)   --->   "%pix_val_V_1_load = load i10 %pix_val_V_1"   --->   Operation 158 'load' 'pix_val_V_1_load' <Predicate = (!icmp_ln927)> <Delay = 0.00>
ST_24 : Operation 159 [1/1] (0.00ns)   --->   "%pix_val_V_2_load = load i10 %pix_val_V_2"   --->   Operation 159 'load' 'pix_val_V_2_load' <Predicate = (!icmp_ln927)> <Delay = 0.00>
ST_24 : Operation 160 [1/1] (0.00ns)   --->   "%pix_val_V_3_load = load i10 %pix_val_V_3"   --->   Operation 160 'load' 'pix_val_V_3_load' <Predicate = (!icmp_ln927)> <Delay = 0.00>
ST_24 : Operation 161 [1/1] (0.00ns)   --->   "%empty = wait i32 @_ssdm_op_Wait"   --->   Operation 161 'wait' 'empty' <Predicate = (!icmp_ln927)> <Delay = 0.00>
ST_24 : Operation 162 [1/1] (0.42ns)   --->   "%store_ln927 = store i12 %y_3, i12 %y" [D:/zynqmp_cam_isp_demo/zynqmp_cam_isp_demo.runs/design_1_v_frmbuf_wr_0_0_synth_1/prj/sol/.autopilot/db/v_frmbuf_wr.cpp:927]   --->   Operation 162 'store' 'store_ln927' <Predicate = (!icmp_ln927)> <Delay = 0.42>
ST_24 : Operation 163 [1/1] (0.00ns)   --->   "%br_ln0 = br void %if.end235"   --->   Operation 163 'br' 'br_ln0' <Predicate = (icmp_ln927)> <Delay = 0.00>

State 25 <SV = 3> <Delay = 1.37>
ST_25 : Operation 164 [2/2] (1.37ns)   --->   "%call_ln915 = call void @MultiPixStream2Bytes_Pipeline_VITIS_LOOP_930_1, i10 %pix_val_V_3_load, i10 %pix_val_V_2_load, i10 %pix_val_V_1_load, i10 %pix_val_V_load, i11 %trunc_ln915_1, i256 %bytePlanes1, i1 %icmp_ln920, i1 %cmp103_6, i1 %cmp103_5, i1 %cmp103_4, i1 %icmp13, i1 %cmp103_2, i1 %icmp, i11 %sub100, i1 %cmp103, i120 %img, i10 %pix_val_V_3, i10 %pix_val_V_2, i10 %pix_val_V_1, i10 %pix_val_V" [D:/zynqmp_cam_isp_demo/zynqmp_cam_isp_demo.runs/design_1_v_frmbuf_wr_0_0_synth_1/prj/sol/.autopilot/db/v_frmbuf_wr.cpp:915]   --->   Operation 164 'call' 'call_ln915' <Predicate = true> <Delay = 1.37> <CoreType = "Generic">   --->   Core 0 '' <Latency = 0> <II = 1> <Delay = 1.00> <Generic> <Opcode : >

State 26 <SV = 4> <Delay = 0.00>
ST_26 : Operation 165 [1/1] (0.00ns)   --->   "%speclooptripcount_ln928 = speclooptripcount void @_ssdm_op_SpecLoopTripCount, i64 0, i64 4320, i64 2160" [D:/zynqmp_cam_isp_demo/zynqmp_cam_isp_demo.runs/design_1_v_frmbuf_wr_0_0_synth_1/prj/sol/.autopilot/db/v_frmbuf_wr.cpp:928]   --->   Operation 165 'speclooptripcount' 'speclooptripcount_ln928' <Predicate = true> <Delay = 0.00>
ST_26 : Operation 166 [1/1] (0.00ns)   --->   "%specloopname_ln273 = specloopname void @_ssdm_op_SpecLoopName, void @empty_8" [D:/zynqmp_cam_isp_demo/zynqmp_cam_isp_demo.runs/design_1_v_frmbuf_wr_0_0_synth_1/prj/sol/.autopilot/db/v_frmbuf_wr.cpp:273]   --->   Operation 166 'specloopname' 'specloopname_ln273' <Predicate = true> <Delay = 0.00>
ST_26 : Operation 167 [1/2] (0.00ns)   --->   "%call_ln915 = call void @MultiPixStream2Bytes_Pipeline_VITIS_LOOP_930_1, i10 %pix_val_V_3_load, i10 %pix_val_V_2_load, i10 %pix_val_V_1_load, i10 %pix_val_V_load, i11 %trunc_ln915_1, i256 %bytePlanes1, i1 %icmp_ln920, i1 %cmp103_6, i1 %cmp103_5, i1 %cmp103_4, i1 %icmp13, i1 %cmp103_2, i1 %icmp, i11 %sub100, i1 %cmp103, i120 %img, i10 %pix_val_V_3, i10 %pix_val_V_2, i10 %pix_val_V_1, i10 %pix_val_V" [D:/zynqmp_cam_isp_demo/zynqmp_cam_isp_demo.runs/design_1_v_frmbuf_wr_0_0_synth_1/prj/sol/.autopilot/db/v_frmbuf_wr.cpp:915]   --->   Operation 167 'call' 'call_ln915' <Predicate = true> <Delay = 0.00> <CoreType = "Generic">   --->   Core 0 '' <Latency = 0> <II = 1> <Delay = 1.00> <Generic> <Opcode : >
ST_26 : Operation 168 [1/1] (0.00ns)   --->   "%br_ln927 = br void %VITIS_LOOP_930_1" [D:/zynqmp_cam_isp_demo/zynqmp_cam_isp_demo.runs/design_1_v_frmbuf_wr_0_0_synth_1/prj/sol/.autopilot/db/v_frmbuf_wr.cpp:927]   --->   Operation 168 'br' 'br_ln927' <Predicate = true> <Delay = 0.00>


============================================================
+ Verbose Summary: Timing violations
============================================================
Target clock period: 3.33ns, clock uncertainty: 0.9ns.

 <State 1>: 2.43ns
The critical path consists of the following:
	fifo read operation ('Height_read') on port 'Height' [12]  (1.22 ns)
	fifo write operation ('write_ln0') on port 'height_c' [14]  (1.22 ns)

 <State 2>: 1.38ns
The critical path consists of the following:
	'urem' operation ('remainPix', D:/zynqmp_cam_isp_demo/zynqmp_cam_isp_demo.runs/design_1_v_frmbuf_wr_0_0_synth_1/prj/sol/.autopilot/db/v_frmbuf_wr.cpp:953) [36]  (1.38 ns)

 <State 3>: 1.38ns
The critical path consists of the following:
	'urem' operation ('remainPix', D:/zynqmp_cam_isp_demo/zynqmp_cam_isp_demo.runs/design_1_v_frmbuf_wr_0_0_synth_1/prj/sol/.autopilot/db/v_frmbuf_wr.cpp:953) [36]  (1.38 ns)

 <State 4>: 1.38ns
The critical path consists of the following:
	'urem' operation ('remainPix', D:/zynqmp_cam_isp_demo/zynqmp_cam_isp_demo.runs/design_1_v_frmbuf_wr_0_0_synth_1/prj/sol/.autopilot/db/v_frmbuf_wr.cpp:953) [36]  (1.38 ns)

 <State 5>: 1.38ns
The critical path consists of the following:
	'urem' operation ('remainPix', D:/zynqmp_cam_isp_demo/zynqmp_cam_isp_demo.runs/design_1_v_frmbuf_wr_0_0_synth_1/prj/sol/.autopilot/db/v_frmbuf_wr.cpp:953) [36]  (1.38 ns)

 <State 6>: 1.38ns
The critical path consists of the following:
	'urem' operation ('remainPix', D:/zynqmp_cam_isp_demo/zynqmp_cam_isp_demo.runs/design_1_v_frmbuf_wr_0_0_synth_1/prj/sol/.autopilot/db/v_frmbuf_wr.cpp:953) [36]  (1.38 ns)

 <State 7>: 1.38ns
The critical path consists of the following:
	'urem' operation ('remainPix', D:/zynqmp_cam_isp_demo/zynqmp_cam_isp_demo.runs/design_1_v_frmbuf_wr_0_0_synth_1/prj/sol/.autopilot/db/v_frmbuf_wr.cpp:953) [36]  (1.38 ns)

 <State 8>: 1.38ns
The critical path consists of the following:
	'urem' operation ('remainPix', D:/zynqmp_cam_isp_demo/zynqmp_cam_isp_demo.runs/design_1_v_frmbuf_wr_0_0_synth_1/prj/sol/.autopilot/db/v_frmbuf_wr.cpp:953) [36]  (1.38 ns)

 <State 9>: 1.38ns
The critical path consists of the following:
	'urem' operation ('remainPix', D:/zynqmp_cam_isp_demo/zynqmp_cam_isp_demo.runs/design_1_v_frmbuf_wr_0_0_synth_1/prj/sol/.autopilot/db/v_frmbuf_wr.cpp:953) [36]  (1.38 ns)

 <State 10>: 1.38ns
The critical path consists of the following:
	'urem' operation ('remainPix', D:/zynqmp_cam_isp_demo/zynqmp_cam_isp_demo.runs/design_1_v_frmbuf_wr_0_0_synth_1/prj/sol/.autopilot/db/v_frmbuf_wr.cpp:953) [36]  (1.38 ns)

 <State 11>: 1.38ns
The critical path consists of the following:
	'urem' operation ('remainPix', D:/zynqmp_cam_isp_demo/zynqmp_cam_isp_demo.runs/design_1_v_frmbuf_wr_0_0_synth_1/prj/sol/.autopilot/db/v_frmbuf_wr.cpp:953) [36]  (1.38 ns)

 <State 12>: 1.38ns
The critical path consists of the following:
	'urem' operation ('remainPix', D:/zynqmp_cam_isp_demo/zynqmp_cam_isp_demo.runs/design_1_v_frmbuf_wr_0_0_synth_1/prj/sol/.autopilot/db/v_frmbuf_wr.cpp:953) [36]  (1.38 ns)

 <State 13>: 1.38ns
The critical path consists of the following:
	'urem' operation ('remainPix', D:/zynqmp_cam_isp_demo/zynqmp_cam_isp_demo.runs/design_1_v_frmbuf_wr_0_0_synth_1/prj/sol/.autopilot/db/v_frmbuf_wr.cpp:953) [36]  (1.38 ns)

 <State 14>: 1.38ns
The critical path consists of the following:
	'urem' operation ('remainPix', D:/zynqmp_cam_isp_demo/zynqmp_cam_isp_demo.runs/design_1_v_frmbuf_wr_0_0_synth_1/prj/sol/.autopilot/db/v_frmbuf_wr.cpp:953) [36]  (1.38 ns)

 <State 15>: 1.38ns
The critical path consists of the following:
	'urem' operation ('remainPix', D:/zynqmp_cam_isp_demo/zynqmp_cam_isp_demo.runs/design_1_v_frmbuf_wr_0_0_synth_1/prj/sol/.autopilot/db/v_frmbuf_wr.cpp:953) [36]  (1.38 ns)

 <State 16>: 1.38ns
The critical path consists of the following:
	'urem' operation ('remainPix', D:/zynqmp_cam_isp_demo/zynqmp_cam_isp_demo.runs/design_1_v_frmbuf_wr_0_0_synth_1/prj/sol/.autopilot/db/v_frmbuf_wr.cpp:953) [36]  (1.38 ns)

 <State 17>: 1.38ns
The critical path consists of the following:
	'urem' operation ('remainPix', D:/zynqmp_cam_isp_demo/zynqmp_cam_isp_demo.runs/design_1_v_frmbuf_wr_0_0_synth_1/prj/sol/.autopilot/db/v_frmbuf_wr.cpp:953) [36]  (1.38 ns)

 <State 18>: 2.13ns
The critical path consists of the following:
	'urem' operation ('remainPix', D:/zynqmp_cam_isp_demo/zynqmp_cam_isp_demo.runs/design_1_v_frmbuf_wr_0_0_synth_1/prj/sol/.autopilot/db/v_frmbuf_wr.cpp:953) [36]  (1.38 ns)
	'icmp' operation ('icmp_ln955', D:/zynqmp_cam_isp_demo/zynqmp_cam_isp_demo.runs/design_1_v_frmbuf_wr_0_0_synth_1/prj/sol/.autopilot/db/v_frmbuf_wr.cpp:955) [38]  (0.753 ns)

 <State 19>: 0.798ns
The critical path consists of the following:
	'add' operation ('sub166', D:/zynqmp_cam_isp_demo/zynqmp_cam_isp_demo.runs/design_1_v_frmbuf_wr_0_0_synth_1/prj/sol/.autopilot/db/v_frmbuf_wr.cpp:950) [41]  (0.798 ns)

 <State 20>: 1.4ns
The critical path consists of the following:
	'load' operation ('y', D:/zynqmp_cam_isp_demo/zynqmp_cam_isp_demo.runs/design_1_v_frmbuf_wr_0_0_synth_1/prj/sol/.autopilot/db/v_frmbuf_wr.cpp:963) on local variable 'y' [54]  (0 ns)
	'add' operation ('y', D:/zynqmp_cam_isp_demo/zynqmp_cam_isp_demo.runs/design_1_v_frmbuf_wr_0_0_synth_1/prj/sol/.autopilot/db/v_frmbuf_wr.cpp:963) [56]  (0.809 ns)
	'store' operation ('store_ln963', D:/zynqmp_cam_isp_demo/zynqmp_cam_isp_demo.runs/design_1_v_frmbuf_wr_0_0_synth_1/prj/sol/.autopilot/db/v_frmbuf_wr.cpp:963) of variable 'y', D:/zynqmp_cam_isp_demo/zynqmp_cam_isp_demo.runs/design_1_v_frmbuf_wr_0_0_synth_1/prj/sol/.autopilot/db/v_frmbuf_wr.cpp:963 on local variable 'y' [67]  (0.427 ns)
	blocking operation 0.167 ns on control path)

 <State 21>: 1.37ns
The critical path consists of the following:
	'call' operation ('call_ln950', D:/zynqmp_cam_isp_demo/zynqmp_cam_isp_demo.runs/design_1_v_frmbuf_wr_0_0_synth_1/prj/sol/.autopilot/db/v_frmbuf_wr.cpp:950) to 'MultiPixStream2Bytes_Pipeline_VITIS_LOOP_966_4' [66]  (1.37 ns)

 <State 22>: 0ns
The critical path consists of the following:

 <State 23>: 1.87ns
The critical path consists of the following:
	'icmp' operation ('icmp_ln920', D:/zynqmp_cam_isp_demo/zynqmp_cam_isp_demo.runs/design_1_v_frmbuf_wr_0_0_synth_1/prj/sol/.autopilot/db/v_frmbuf_wr.cpp:920) [81]  (0.753 ns)
	'select' operation ('remainPix', D:/zynqmp_cam_isp_demo/zynqmp_cam_isp_demo.runs/design_1_v_frmbuf_wr_0_0_synth_1/prj/sol/.autopilot/db/v_frmbuf_wr.cpp:920) [84]  (0.391 ns)
	'icmp' operation ('cmp103', D:/zynqmp_cam_isp_demo/zynqmp_cam_isp_demo.runs/design_1_v_frmbuf_wr_0_0_synth_1/prj/sol/.autopilot/db/v_frmbuf_wr.cpp:920) [86]  (0.721 ns)

 <State 24>: 1.4ns
The critical path consists of the following:
	'load' operation ('y', D:/zynqmp_cam_isp_demo/zynqmp_cam_isp_demo.runs/design_1_v_frmbuf_wr_0_0_synth_1/prj/sol/.autopilot/db/v_frmbuf_wr.cpp:927) on local variable 'y' [98]  (0 ns)
	'add' operation ('y', D:/zynqmp_cam_isp_demo/zynqmp_cam_isp_demo.runs/design_1_v_frmbuf_wr_0_0_synth_1/prj/sol/.autopilot/db/v_frmbuf_wr.cpp:927) [100]  (0.809 ns)
	'store' operation ('store_ln927', D:/zynqmp_cam_isp_demo/zynqmp_cam_isp_demo.runs/design_1_v_frmbuf_wr_0_0_synth_1/prj/sol/.autopilot/db/v_frmbuf_wr.cpp:927) of variable 'y', D:/zynqmp_cam_isp_demo/zynqmp_cam_isp_demo.runs/design_1_v_frmbuf_wr_0_0_synth_1/prj/sol/.autopilot/db/v_frmbuf_wr.cpp:927 on local variable 'y' [111]  (0.427 ns)
	blocking operation 0.167 ns on control path)

 <State 25>: 1.37ns
The critical path consists of the following:
	'call' operation ('call_ln915', D:/zynqmp_cam_isp_demo/zynqmp_cam_isp_demo.runs/design_1_v_frmbuf_wr_0_0_synth_1/prj/sol/.autopilot/db/v_frmbuf_wr.cpp:915) to 'MultiPixStream2Bytes_Pipeline_VITIS_LOOP_930_1' [110]  (1.37 ns)

 <State 26>: 0ns
The critical path consists of the following:


============================================================
+ Verbose Summary: Binding
============================================================
N/A
* FSMD analyzer results:
  - Output states:
 - Input state : 
  - Chain level:
	State 1
	State 2
	State 3
	State 4
	State 5
	State 6
	State 7
	State 8
	State 9
	State 10
	State 11
	State 12
	State 13
	State 14
	State 15
	State 16
	State 17
	State 18
	State 19
	State 20
	State 21
	State 22
	State 23
	State 24
	State 25
	State 26


============================================================
+ Verbose Summary: Datapath Resource usage 
============================================================
N/A
