

================================================================
== Vitis HLS Report for 'AXIMMvideo2Bytes_Pipeline_VITIS_LOOP_437_1'
================================================================
* Date:           Sat Dec 10 20:38:21 2022

* Version:        2022.1 (Build 3526262 on Mon Apr 18 15:48:16 MDT 2022)
* Project:        prj
* Solution:       sol (Vivado IP Flow Target)
* Product family: zynquplus
* Target device:  xck26-sfvc784-2LV-c


================================================================
== Performance Estimates
================================================================
+ Timing: 
    * Summary: 
    +--------+---------+----------+------------+
    |  Clock |  Target | Estimated| Uncertainty|
    +--------+---------+----------+------------+
    |ap_clk  |  6.66 ns|  4.864 ns|     1.80 ns|
    +--------+---------+----------+------------+

+ Latency: 
    * Summary: 
    +---------+---------+-----------+-----------+-----+------+---------+
    |  Latency (cycles) |   Latency (absolute)  |  Interval  | Pipeline|
    |   min   |   max   |    min    |    max    | min |  max |   Type  |
    +---------+---------+-----------+-----------+-----+------+---------+
    |        4|     8195|  26.652 ns|  54.603 us|    4|  8195|       no|
    +---------+---------+-----------+-----------+-----+------+---------+

    + Detail: 
        * Instance: 
        N/A

        * Loop: 
        +--------------------+---------+---------+----------+-----------+-----------+----------+----------+
        |                    |  Latency (cycles) | Iteration|  Initiation Interval  |   Trip   |          |
        |      Loop Name     |   min   |   max   |  Latency |  achieved |   target  |   Count  | Pipelined|
        +--------------------+---------+---------+----------+-----------+-----------+----------+----------+
        |- VITIS_LOOP_437_1  |        2|     8193|         3|          1|          1|  1 ~ 8192|       yes|
        +--------------------+---------+---------+----------+-----------+-----------+----------+----------+

============================================================
+ Verbose Summary: Synthesis Manager
============================================================
InlineROM: 1
ExposeGlobal: 0
============================================================
+ Verbose Summary: CDFG Model
============================================================
IsTopModel: 0
ResetActiveHigh: 1
IsCombinational: 0
IsDatapathOnly: 0
HasWiredReturn: 1
HasMFsm: 2
HasVarLatency: 1
IsPipeline: 0
IsRtlPipelined: 0
IsInstanceOverlapped: 0
IsDontTouch: 0
HasImplIP: 0
IsGatedGlobalClock: 0

+ Individual pipeline summary: 
  * Pipeline-0: initiation interval (II) = 1, depth = 3


============================================================
+ Verbose Summary: Schedule
============================================================
* Number of FSM states : 3
* Pipeline : 1
  Pipeline-0 : II = 1, D = 3, States = { 1 2 3 }
* Dataflow Pipeline: 0

* FSM state transitions: 
1 --> 2 
2 --> 3 
3 --> 

* FSM state operations: 

State 1 <SV = 0> <Delay = 1.43>
ST_1 : Operation 6 [1/1] (0.00ns)   --->   "%x = alloca i32 1"   --->   Operation 6 'alloca' 'x' <Predicate = true> <Delay = 0.00>
ST_1 : Operation 7 [1/1] (0.00ns)   --->   "%div_read = read i13 @_ssdm_op_Read.ap_auto.i13, i13 %div"   --->   Operation 7 'read' 'div_read' <Predicate = true> <Delay = 0.00>
ST_1 : Operation 8 [1/1] (0.00ns)   --->   "%sext_ln437_read = read i29 @_ssdm_op_Read.ap_auto.i29, i29 %sext_ln437"   --->   Operation 8 'read' 'sext_ln437_read' <Predicate = true> <Delay = 0.00>
ST_1 : Operation 9 [1/1] (0.00ns)   --->   "%sext_ln437_cast = sext i29 %sext_ln437_read"   --->   Operation 9 'sext' 'sext_ln437_cast' <Predicate = true> <Delay = 0.00>
ST_1 : Operation 10 [1/1] (0.00ns)   --->   "%specmemcore_ln0 = specmemcore void @_ssdm_op_SpecMemCore, i64 %bytePlanes1, i64 666, i64 8, i64 18446744073709551615"   --->   Operation 10 'specmemcore' 'specmemcore_ln0' <Predicate = true> <Delay = 0.00>
ST_1 : Operation 11 [1/1] (0.00ns)   --->   "%specinterface_ln0 = specinterface void @_ssdm_op_SpecInterface, i64 %mm_video, void @empty_12, i32 0, i32 0, void @empty_8, i32 100, i32 2073600, void @empty_13, void @empty_14, void @empty_8, i32 4, i32 16, i32 16, i32 16, void @empty_8, void @empty_8, i32 4294967295, i32 0"   --->   Operation 11 'specinterface' 'specinterface_ln0' <Predicate = true> <Delay = 0.00>
ST_1 : Operation 12 [1/1] (0.00ns)   --->   "%specinterface_ln0 = specinterface void @_ssdm_op_SpecInterface, i64 %bytePlanes1, void @empty_1, i32 0, i32 0, void @empty_8, i32 0, i32 0, void @empty_8, void @empty_8, void @empty_8, i32 0, i32 0, i32 0, i32 0, void @empty_8, void @empty_8, i32 4294967295, i32 0"   --->   Operation 12 'specinterface' 'specinterface_ln0' <Predicate = true> <Delay = 0.00>
ST_1 : Operation 13 [1/1] (0.42ns)   --->   "%store_ln0 = store i13 0, i13 %x"   --->   Operation 13 'store' 'store_ln0' <Predicate = true> <Delay = 0.42>
ST_1 : Operation 14 [1/1] (0.00ns)   --->   "%br_ln0 = br void %for.inc"   --->   Operation 14 'br' 'br_ln0' <Predicate = true> <Delay = 0.00>
ST_1 : Operation 15 [1/1] (0.00ns)   --->   "%x_5 = load i13 %x" [D:/zynqmp_cam_isp_demo/zynqmp_cam_isp_demo.runs/design_1_v_frmbuf_rd_0_0_synth_1/prj/sol/.autopilot/db/v_frmbuf_rd.cpp:437]   --->   Operation 15 'load' 'x_5' <Predicate = true> <Delay = 0.00>
ST_1 : Operation 16 [1/1] (1.00ns)   --->   "%icmp_ln437 = icmp_eq  i13 %x_5, i13 %div_read" [D:/zynqmp_cam_isp_demo/zynqmp_cam_isp_demo.runs/design_1_v_frmbuf_rd_0_0_synth_1/prj/sol/.autopilot/db/v_frmbuf_rd.cpp:437]   --->   Operation 16 'icmp' 'icmp_ln437' <Predicate = true> <Delay = 1.00> <CoreInst = "Cmp">   --->   Core 9 'Cmp' <Latency = 0> <II = 1> <Delay = 1.00> <FuncUnit> <Opcode : 'icmp'> <InPorts = 2> <OutPorts = 1>
ST_1 : Operation 17 [1/1] (0.82ns)   --->   "%add_ln437 = add i13 %x_5, i13 1" [D:/zynqmp_cam_isp_demo/zynqmp_cam_isp_demo.runs/design_1_v_frmbuf_rd_0_0_synth_1/prj/sol/.autopilot/db/v_frmbuf_rd.cpp:437]   --->   Operation 17 'add' 'add_ln437' <Predicate = true> <Delay = 0.82> <CoreInst = "Adder">   --->   Core 1 'Adder' <Latency = 0> <II = 1> <Delay = 0.82> <FuncUnit> <Opcode : 'add' 'sub'> <InPorts = 2> <OutPorts = 1>
ST_1 : Operation 18 [1/1] (0.00ns)   --->   "%br_ln437 = br i1 %icmp_ln437, void %for.inc.split, void %for.inc10.loopexit.exitStub" [D:/zynqmp_cam_isp_demo/zynqmp_cam_isp_demo.runs/design_1_v_frmbuf_rd_0_0_synth_1/prj/sol/.autopilot/db/v_frmbuf_rd.cpp:437]   --->   Operation 18 'br' 'br_ln437' <Predicate = true> <Delay = 0.00>
ST_1 : Operation 19 [1/1] (0.42ns)   --->   "%store_ln437 = store i13 %add_ln437, i13 %x" [D:/zynqmp_cam_isp_demo/zynqmp_cam_isp_demo.runs/design_1_v_frmbuf_rd_0_0_synth_1/prj/sol/.autopilot/db/v_frmbuf_rd.cpp:437]   --->   Operation 19 'store' 'store_ln437' <Predicate = (!icmp_ln437)> <Delay = 0.42>

State 2 <SV = 1> <Delay = 4.86>
ST_2 : Operation 20 [1/1] (0.00ns)   --->   "%mm_video_addr = getelementptr i64 %mm_video, i32 %sext_ln437_cast" [D:/zynqmp_cam_isp_demo/zynqmp_cam_isp_demo.runs/design_1_v_frmbuf_rd_0_0_synth_1/prj/sol/.autopilot/db/v_frmbuf_rd.cpp:437]   --->   Operation 20 'getelementptr' 'mm_video_addr' <Predicate = true> <Delay = 0.00>
ST_2 : Operation 21 [1/1] (0.00ns)   --->   "%speclooptripcount_ln0 = speclooptripcount void @_ssdm_op_SpecLoopTripCount, i64 1, i64 8192, i64 0"   --->   Operation 21 'speclooptripcount' 'speclooptripcount_ln0' <Predicate = true> <Delay = 0.00>
ST_2 : Operation 22 [1/1] (4.86ns)   --->   "%mm_video_addr_read = read i64 @_ssdm_op_Read.m_axi.p1i64, i64 %mm_video_addr" [D:/zynqmp_cam_isp_demo/zynqmp_cam_isp_demo.runs/design_1_v_frmbuf_rd_0_0_synth_1/prj/sol/.autopilot/db/v_frmbuf_rd.cpp:441]   --->   Operation 22 'read' 'mm_video_addr_read' <Predicate = (!icmp_ln437)> <Delay = 4.86> <CoreInst = "m_axi">   --->   Core 121 'm_axi' <Latency = 0> <II = 1> <Delay = 1.00> <Adapter> <Opcode : 'read' 'write' 'readreq' 'writereq' 'writeresp'>
ST_2 : Operation 27 [1/1] (0.00ns)   --->   "%ret_ln0 = ret"   --->   Operation 27 'ret' 'ret_ln0' <Predicate = (icmp_ln437)> <Delay = 0.00>

State 3 <SV = 2> <Delay = 1.74>
ST_3 : Operation 23 [1/1] (0.00ns)   --->   "%specpipeline_ln439 = specpipeline void @_ssdm_op_SpecPipeline, i32 1, i32 0, i32 0, i32 0, void @empty_8" [D:/zynqmp_cam_isp_demo/zynqmp_cam_isp_demo.runs/design_1_v_frmbuf_rd_0_0_synth_1/prj/sol/.autopilot/db/v_frmbuf_rd.cpp:439]   --->   Operation 23 'specpipeline' 'specpipeline_ln439' <Predicate = true> <Delay = 0.00>
ST_3 : Operation 24 [1/1] (0.00ns)   --->   "%specloopname_ln437 = specloopname void @_ssdm_op_SpecLoopName, void @empty_20" [D:/zynqmp_cam_isp_demo/zynqmp_cam_isp_demo.runs/design_1_v_frmbuf_rd_0_0_synth_1/prj/sol/.autopilot/db/v_frmbuf_rd.cpp:437]   --->   Operation 24 'specloopname' 'specloopname_ln437' <Predicate = true> <Delay = 0.00>
ST_3 : Operation 25 [1/1] (1.74ns)   --->   "%write_ln174 = write void @_ssdm_op_Write.ap_fifo.volatile.i64P0A, i64 %bytePlanes1, i64 %mm_video_addr_read" [D:/Xilinx/Vitis_HLS/2022.1/common/technology/autopilot/hls_stream_39.h:174]   --->   Operation 25 'write' 'write_ln174' <Predicate = true> <Delay = 1.74> <CoreInst = "FIFO_BRAM">   --->   Core 79 'FIFO_BRAM' <Latency = 0> <II = 1> <Delay = 1.74> <Storage> <Opcode : 'read' 'write' 'nbread' 'nbwrite'> <Ports = 0> <Width = 64> <Depth = 960> <FIFO>
ST_3 : Operation 26 [1/1] (0.00ns)   --->   "%br_ln437 = br void %for.inc" [D:/zynqmp_cam_isp_demo/zynqmp_cam_isp_demo.runs/design_1_v_frmbuf_rd_0_0_synth_1/prj/sol/.autopilot/db/v_frmbuf_rd.cpp:437]   --->   Operation 26 'br' 'br_ln437' <Predicate = true> <Delay = 0.00>


============================================================
+ Verbose Summary: Binding
============================================================
STG Binding: 
---------------- STG Properties BEGIN ----------------
- Is combinational: 0
- Is one-state seq: 0
- Is datapath-only: 0
- Is pipelined: 0
- Is top level: 0
Port [ Return ] is wired: 1; IO mode=ap_ctrl_hs:ce=0
Port [ mm_video]:  wired=1; compound=1; hidden=0; nouse=0; global=0; static=0; extern=0; dir=0; type=4; pingpong=0; private_global=0; IO mode=m_axi:ce=0
Port [ sext_ln437]:  wired=1; compound=0; hidden=0; nouse=0; global=0; static=0; extern=0; dir=0; type=0; pingpong=0; private_global=0; IO mode=ap_none:ce=0
Port [ div]:  wired=1; compound=0; hidden=0; nouse=0; global=0; static=0; extern=0; dir=0; type=0; pingpong=0; private_global=0; IO mode=ap_none:ce=0
Port [ bytePlanes1]:  wired=1; compound=1; hidden=0; nouse=0; global=0; static=0; extern=0; dir=1; type=3; pingpong=0; private_global=0; IO mode=ap_fifo:ce=0
---------------- STG Properties END ------------------

---------------- Datapath Model BEGIN ----------------

<LifeTime>
<method=bitvector/>
x                     (alloca           ) [ 0100]
div_read              (read             ) [ 0000]
sext_ln437_read       (read             ) [ 0000]
sext_ln437_cast       (sext             ) [ 0110]
specmemcore_ln0       (specmemcore      ) [ 0000]
specinterface_ln0     (specinterface    ) [ 0000]
specinterface_ln0     (specinterface    ) [ 0000]
store_ln0             (store            ) [ 0000]
br_ln0                (br               ) [ 0000]
x_5                   (load             ) [ 0000]
icmp_ln437            (icmp             ) [ 0110]
add_ln437             (add              ) [ 0000]
br_ln437              (br               ) [ 0000]
store_ln437           (store            ) [ 0000]
mm_video_addr         (getelementptr    ) [ 0000]
speclooptripcount_ln0 (speclooptripcount) [ 0000]
mm_video_addr_read    (read             ) [ 0101]
specpipeline_ln439    (specpipeline     ) [ 0000]
specloopname_ln437    (specloopname     ) [ 0000]
write_ln174           (write            ) [ 0000]
br_ln437              (br               ) [ 0000]
ret_ln0               (ret              ) [ 0000]
</LifeTime>

<model>

<comp_list>
<comp id="0" class="1000" name="mm_video">
<pin_list>
<pin id="1" dir="1" index="0" bw="1" slack="0"/>
</pin_list>
<bind>
<StgValue><ssdm name="mm_video"/></StgValue>
</bind>
</comp>

<comp id="2" class="1000" name="sext_ln437">
<pin_list>
<pin id="3" dir="1" index="0" bw="1" slack="0"/>
</pin_list>
<bind>
<StgValue><ssdm name="sext_ln437"/></StgValue>
</bind>
</comp>

<comp id="4" class="1000" name="div">
<pin_list>
<pin id="5" dir="1" index="0" bw="1" slack="0"/>
</pin_list>
<bind>
<StgValue><ssdm name="div"/></StgValue>
</bind>
</comp>

<comp id="6" class="1000" name="bytePlanes1">
<pin_list>
<pin id="7" dir="1" index="0" bw="1" slack="0"/>
</pin_list>
<bind>
<StgValue><ssdm name="bytePlanes1"/></StgValue>
</bind>
</comp>

<comp id="8" class="1001" name="const_8">
<pin_list>
<pin id="9" dir="1" index="0" bw="1" slack="0"/>
</pin_list>
<bind>
<StgValue><ssdm name=""/></StgValue>
</bind>
</comp>

<comp id="10" class="1001" name="const_10">
<pin_list>
<pin id="11" dir="1" index="0" bw="1" slack="0"/>
</pin_list>
<bind>
<StgValue><ssdm name="_ssdm_op_Read.ap_auto.i13"/></StgValue>
</bind>
</comp>

<comp id="12" class="1001" name="const_12">
<pin_list>
<pin id="13" dir="1" index="0" bw="1" slack="0"/>
</pin_list>
<bind>
<StgValue><ssdm name="_ssdm_op_Read.ap_auto.i29"/></StgValue>
</bind>
</comp>

<comp id="14" class="1001" name="const_14">
<pin_list>
<pin id="15" dir="1" index="0" bw="1" slack="2147483647"/>
</pin_list>
<bind>
<StgValue><ssdm name="_ssdm_op_SpecMemCore"/></StgValue>
</bind>
</comp>

<comp id="16" class="1001" name="const_16">
<pin_list>
<pin id="17" dir="1" index="0" bw="1" slack="2147483647"/>
</pin_list>
<bind>
<StgValue><ssdm name=""/></StgValue>
</bind>
</comp>

<comp id="18" class="1001" name="const_18">
<pin_list>
<pin id="19" dir="1" index="0" bw="1" slack="2147483647"/>
</pin_list>
<bind>
<StgValue><ssdm name=""/></StgValue>
</bind>
</comp>

<comp id="20" class="1001" name="const_20">
<pin_list>
<pin id="21" dir="1" index="0" bw="1" slack="2147483647"/>
</pin_list>
<bind>
<StgValue><ssdm name=""/></StgValue>
</bind>
</comp>

<comp id="22" class="1001" name="const_22">
<pin_list>
<pin id="23" dir="1" index="0" bw="1" slack="2147483647"/>
</pin_list>
<bind>
<StgValue><ssdm name="_ssdm_op_SpecInterface"/></StgValue>
</bind>
</comp>

<comp id="24" class="1001" name="const_24">
<pin_list>
<pin id="25" dir="1" index="0" bw="1" slack="2147483647"/>
</pin_list>
<bind>
<StgValue><ssdm name="empty_12"/></StgValue>
</bind>
</comp>

<comp id="26" class="1001" name="const_26">
<pin_list>
<pin id="27" dir="1" index="0" bw="1" slack="2147483647"/>
</pin_list>
<bind>
<StgValue><ssdm name=""/></StgValue>
</bind>
</comp>

<comp id="28" class="1001" name="const_28">
<pin_list>
<pin id="29" dir="1" index="0" bw="1" slack="2147483647"/>
</pin_list>
<bind>
<StgValue><ssdm name="empty_8"/></StgValue>
</bind>
</comp>

<comp id="30" class="1001" name="const_30">
<pin_list>
<pin id="31" dir="1" index="0" bw="1" slack="2147483647"/>
</pin_list>
<bind>
<StgValue><ssdm name=""/></StgValue>
</bind>
</comp>

<comp id="32" class="1001" name="const_32">
<pin_list>
<pin id="33" dir="1" index="0" bw="1" slack="2147483647"/>
</pin_list>
<bind>
<StgValue><ssdm name=""/></StgValue>
</bind>
</comp>

<comp id="34" class="1001" name="const_34">
<pin_list>
<pin id="35" dir="1" index="0" bw="1" slack="2147483647"/>
</pin_list>
<bind>
<StgValue><ssdm name="empty_13"/></StgValue>
</bind>
</comp>

<comp id="36" class="1001" name="const_36">
<pin_list>
<pin id="37" dir="1" index="0" bw="1" slack="2147483647"/>
</pin_list>
<bind>
<StgValue><ssdm name="empty_14"/></StgValue>
</bind>
</comp>

<comp id="38" class="1001" name="const_38">
<pin_list>
<pin id="39" dir="1" index="0" bw="1" slack="2147483647"/>
</pin_list>
<bind>
<StgValue><ssdm name=""/></StgValue>
</bind>
</comp>

<comp id="40" class="1001" name="const_40">
<pin_list>
<pin id="41" dir="1" index="0" bw="1" slack="2147483647"/>
</pin_list>
<bind>
<StgValue><ssdm name=""/></StgValue>
</bind>
</comp>

<comp id="42" class="1001" name="const_42">
<pin_list>
<pin id="43" dir="1" index="0" bw="1" slack="2147483647"/>
</pin_list>
<bind>
<StgValue><ssdm name=""/></StgValue>
</bind>
</comp>

<comp id="44" class="1001" name="const_44">
<pin_list>
<pin id="45" dir="1" index="0" bw="1" slack="2147483647"/>
</pin_list>
<bind>
<StgValue><ssdm name="empty_1"/></StgValue>
</bind>
</comp>

<comp id="46" class="1001" name="const_46">
<pin_list>
<pin id="47" dir="1" index="0" bw="1" slack="0"/>
</pin_list>
<bind>
<StgValue><ssdm name=""/></StgValue>
</bind>
</comp>

<comp id="48" class="1001" name="const_48">
<pin_list>
<pin id="49" dir="1" index="0" bw="1" slack="0"/>
</pin_list>
<bind>
<StgValue><ssdm name=""/></StgValue>
</bind>
</comp>

<comp id="50" class="1001" name="const_50">
<pin_list>
<pin id="51" dir="1" index="0" bw="1" slack="2147483647"/>
</pin_list>
<bind>
<StgValue><ssdm name="_ssdm_op_SpecLoopTripCount"/></StgValue>
</bind>
</comp>

<comp id="52" class="1001" name="const_52">
<pin_list>
<pin id="53" dir="1" index="0" bw="1" slack="2147483647"/>
</pin_list>
<bind>
<StgValue><ssdm name=""/></StgValue>
</bind>
</comp>

<comp id="54" class="1001" name="const_54">
<pin_list>
<pin id="55" dir="1" index="0" bw="1" slack="2147483647"/>
</pin_list>
<bind>
<StgValue><ssdm name=""/></StgValue>
</bind>
</comp>

<comp id="56" class="1001" name="const_56">
<pin_list>
<pin id="57" dir="1" index="0" bw="1" slack="2147483647"/>
</pin_list>
<bind>
<StgValue><ssdm name=""/></StgValue>
</bind>
</comp>

<comp id="58" class="1001" name="const_58">
<pin_list>
<pin id="59" dir="1" index="0" bw="1" slack="0"/>
</pin_list>
<bind>
<StgValue><ssdm name="_ssdm_op_Read.m_axi.p1i64"/></StgValue>
</bind>
</comp>

<comp id="60" class="1001" name="const_60">
<pin_list>
<pin id="61" dir="1" index="0" bw="1" slack="2147483647"/>
</pin_list>
<bind>
<StgValue><ssdm name="_ssdm_op_SpecPipeline"/></StgValue>
</bind>
</comp>

<comp id="62" class="1001" name="const_62">
<pin_list>
<pin id="63" dir="1" index="0" bw="1" slack="2147483647"/>
</pin_list>
<bind>
<StgValue><ssdm name="_ssdm_op_SpecLoopName"/></StgValue>
</bind>
</comp>

<comp id="64" class="1001" name="const_64">
<pin_list>
<pin id="65" dir="1" index="0" bw="1" slack="2147483647"/>
</pin_list>
<bind>
<StgValue><ssdm name="empty_20"/></StgValue>
</bind>
</comp>

<comp id="66" class="1001" name="const_66">
<pin_list>
<pin id="67" dir="1" index="0" bw="1" slack="0"/>
</pin_list>
<bind>
<StgValue><ssdm name="_ssdm_op_Write.ap_fifo.volatile.i64P0A"/></StgValue>
</bind>
</comp>

<comp id="68" class="1004" name="x_fu_68">
<pin_list>
<pin id="69" dir="0" index="0" bw="1" slack="0"/>
<pin id="70" dir="1" index="1" bw="13" slack="0"/>
</pin_list>
<bind>
<opcode="alloca(26) " fcode="alloca"/>
<opset="x/1 "/>
</bind>
</comp>

<comp id="72" class="1004" name="div_read_read_fu_72">
<pin_list>
<pin id="73" dir="0" index="0" bw="13" slack="0"/>
<pin id="74" dir="0" index="1" bw="13" slack="0"/>
<pin id="75" dir="1" index="2" bw="13" slack="0"/>
</pin_list>
<bind>
<opcode="read(1150) " fcode="read"/>
<opset="div_read/1 "/>
</bind>
</comp>

<comp id="78" class="1004" name="sext_ln437_read_read_fu_78">
<pin_list>
<pin id="79" dir="0" index="0" bw="29" slack="0"/>
<pin id="80" dir="0" index="1" bw="29" slack="0"/>
<pin id="81" dir="1" index="2" bw="29" slack="0"/>
</pin_list>
<bind>
<opcode="read(1150) " fcode="read"/>
<opset="sext_ln437_read/1 "/>
</bind>
</comp>

<comp id="84" class="1004" name="mm_video_addr_read_read_fu_84">
<pin_list>
<pin id="85" dir="0" index="0" bw="64" slack="0"/>
<pin id="86" dir="0" index="1" bw="64" slack="0"/>
<pin id="87" dir="1" index="2" bw="64" slack="1"/>
</pin_list>
<bind>
<opcode="read(1150) " fcode="read"/>
<opset="mm_video_addr_read/2 "/>
</bind>
</comp>

<comp id="89" class="1004" name="write_ln174_write_fu_89">
<pin_list>
<pin id="90" dir="0" index="0" bw="0" slack="0"/>
<pin id="91" dir="0" index="1" bw="64" slack="0"/>
<pin id="92" dir="0" index="2" bw="64" slack="1"/>
<pin id="93" dir="1" index="3" bw="0" slack="2147483647"/>
</pin_list>
<bind>
<opcode="write(1151) " fcode="write"/>
<opset="write_ln174/3 "/>
</bind>
</comp>

<comp id="96" class="1004" name="sext_ln437_cast_fu_96">
<pin_list>
<pin id="97" dir="0" index="0" bw="29" slack="0"/>
<pin id="98" dir="1" index="1" bw="32" slack="1"/>
</pin_list>
<bind>
<opcode="sext(35) " fcode="sext"/>
<opset="sext_ln437_cast/1 "/>
</bind>
</comp>

<comp id="100" class="1004" name="store_ln0_store_fu_100">
<pin_list>
<pin id="101" dir="0" index="0" bw="1" slack="0"/>
<pin id="102" dir="0" index="1" bw="13" slack="0"/>
<pin id="103" dir="1" index="2" bw="0" slack="2147483647"/>
</pin_list>
<bind>
<opcode="store(28) " fcode="store"/>
<opset="store_ln0/1 "/>
</bind>
</comp>

<comp id="105" class="1004" name="x_5_load_fu_105">
<pin_list>
<pin id="106" dir="0" index="0" bw="13" slack="0"/>
<pin id="107" dir="1" index="1" bw="13" slack="0"/>
</pin_list>
<bind>
<opcode="load(27) " fcode="load"/>
<opset="x_5/1 "/>
</bind>
</comp>

<comp id="108" class="1004" name="icmp_ln437_fu_108">
<pin_list>
<pin id="109" dir="0" index="0" bw="13" slack="0"/>
<pin id="110" dir="0" index="1" bw="13" slack="0"/>
<pin id="111" dir="1" index="2" bw="1" slack="1"/>
</pin_list>
<bind>
<opcode="icmp(45) " fcode="icmp"/>
<opset="icmp_ln437/1 "/>
</bind>
</comp>

<comp id="114" class="1004" name="add_ln437_fu_114">
<pin_list>
<pin id="115" dir="0" index="0" bw="13" slack="0"/>
<pin id="116" dir="0" index="1" bw="1" slack="0"/>
<pin id="117" dir="1" index="2" bw="13" slack="0"/>
</pin_list>
<bind>
<opcode="add(8) " fcode="add"/>
<opset="add_ln437/1 "/>
</bind>
</comp>

<comp id="120" class="1004" name="store_ln437_store_fu_120">
<pin_list>
<pin id="121" dir="0" index="0" bw="13" slack="0"/>
<pin id="122" dir="0" index="1" bw="13" slack="0"/>
<pin id="123" dir="1" index="2" bw="0" slack="2147483647"/>
</pin_list>
<bind>
<opcode="store(28) " fcode="store"/>
<opset="store_ln437/1 "/>
</bind>
</comp>

<comp id="125" class="1004" name="mm_video_addr_fu_125">
<pin_list>
<pin id="126" dir="0" index="0" bw="64" slack="0"/>
<pin id="127" dir="0" index="1" bw="29" slack="1"/>
<pin id="128" dir="1" index="2" bw="64" slack="0"/>
</pin_list>
<bind>
<opcode="getelementptr(29) " fcode="getelementptr"/>
<opset="mm_video_addr/2 "/>
</bind>
</comp>

<comp id="131" class="1005" name="x_reg_131">
<pin_list>
<pin id="132" dir="0" index="0" bw="13" slack="0"/>
<pin id="133" dir="1" index="1" bw="13" slack="0"/>
</pin_list>
<bind>
<opset="x "/>
</bind>
</comp>

<comp id="138" class="1005" name="sext_ln437_cast_reg_138">
<pin_list>
<pin id="139" dir="0" index="0" bw="32" slack="1"/>
<pin id="140" dir="1" index="1" bw="32" slack="1"/>
</pin_list>
<bind>
<opset="sext_ln437_cast "/>
</bind>
</comp>

<comp id="143" class="1005" name="icmp_ln437_reg_143">
<pin_list>
<pin id="144" dir="0" index="0" bw="1" slack="1"/>
<pin id="145" dir="1" index="1" bw="1" slack="2147483647"/>
</pin_list>
<bind>
<opset="icmp_ln437 "/>
</bind>
</comp>

<comp id="147" class="1005" name="mm_video_addr_read_reg_147">
<pin_list>
<pin id="148" dir="0" index="0" bw="64" slack="1"/>
<pin id="149" dir="1" index="1" bw="64" slack="1"/>
</pin_list>
<bind>
<opset="mm_video_addr_read "/>
</bind>
</comp>

</comp_list>

<net_list>
<net id="71"><net_src comp="8" pin="0"/><net_sink comp="68" pin=0"/></net>

<net id="76"><net_src comp="10" pin="0"/><net_sink comp="72" pin=0"/></net>

<net id="77"><net_src comp="4" pin="0"/><net_sink comp="72" pin=1"/></net>

<net id="82"><net_src comp="12" pin="0"/><net_sink comp="78" pin=0"/></net>

<net id="83"><net_src comp="2" pin="0"/><net_sink comp="78" pin=1"/></net>

<net id="88"><net_src comp="58" pin="0"/><net_sink comp="84" pin=0"/></net>

<net id="94"><net_src comp="66" pin="0"/><net_sink comp="89" pin=0"/></net>

<net id="95"><net_src comp="6" pin="0"/><net_sink comp="89" pin=1"/></net>

<net id="99"><net_src comp="78" pin="2"/><net_sink comp="96" pin=0"/></net>

<net id="104"><net_src comp="46" pin="0"/><net_sink comp="100" pin=0"/></net>

<net id="112"><net_src comp="105" pin="1"/><net_sink comp="108" pin=0"/></net>

<net id="113"><net_src comp="72" pin="2"/><net_sink comp="108" pin=1"/></net>

<net id="118"><net_src comp="105" pin="1"/><net_sink comp="114" pin=0"/></net>

<net id="119"><net_src comp="48" pin="0"/><net_sink comp="114" pin=1"/></net>

<net id="124"><net_src comp="114" pin="2"/><net_sink comp="120" pin=0"/></net>

<net id="129"><net_src comp="0" pin="0"/><net_sink comp="125" pin=0"/></net>

<net id="130"><net_src comp="125" pin="2"/><net_sink comp="84" pin=1"/></net>

<net id="134"><net_src comp="68" pin="1"/><net_sink comp="131" pin=0"/></net>

<net id="135"><net_src comp="131" pin="1"/><net_sink comp="100" pin=1"/></net>

<net id="136"><net_src comp="131" pin="1"/><net_sink comp="105" pin=0"/></net>

<net id="137"><net_src comp="131" pin="1"/><net_sink comp="120" pin=1"/></net>

<net id="141"><net_src comp="96" pin="1"/><net_sink comp="138" pin=0"/></net>

<net id="142"><net_src comp="138" pin="1"/><net_sink comp="125" pin=1"/></net>

<net id="146"><net_src comp="108" pin="2"/><net_sink comp="143" pin=0"/></net>

<net id="150"><net_src comp="84" pin="2"/><net_sink comp="147" pin=0"/></net>

<net id="151"><net_src comp="147" pin="1"/><net_sink comp="89" pin=2"/></net>

</net_list>

</model> 
---------------- Datapath Model END ------------------

* FSMD analyzer results:
  - Output states:
	Port: bytePlanes1 | {3 }
 - Input state : 
	Port: AXIMMvideo2Bytes_Pipeline_VITIS_LOOP_437_1 : mm_video | {2 }
	Port: AXIMMvideo2Bytes_Pipeline_VITIS_LOOP_437_1 : sext_ln437 | {1 }
	Port: AXIMMvideo2Bytes_Pipeline_VITIS_LOOP_437_1 : div | {1 }
  - Chain level:
	State 1
		store_ln0 : 1
		x_5 : 1
		icmp_ln437 : 2
		add_ln437 : 2
		br_ln437 : 3
		store_ln437 : 3
	State 2
		mm_video_addr_read : 1
	State 3


============================================================
+ Verbose Summary: Datapath Resource usage 
============================================================

* Functional unit list:
|----------|-------------------------------|---------|---------|
| Operation|        Functional Unit        |    FF   |   LUT   |
|----------|-------------------------------|---------|---------|
|    add   |        add_ln437_fu_114       |    0    |    20   |
|----------|-------------------------------|---------|---------|
|   icmp   |       icmp_ln437_fu_108       |    0    |    12   |
|----------|-------------------------------|---------|---------|
|          |      div_read_read_fu_72      |    0    |    0    |
|   read   |   sext_ln437_read_read_fu_78  |    0    |    0    |
|          | mm_video_addr_read_read_fu_84 |    0    |    0    |
|----------|-------------------------------|---------|---------|
|   write  |    write_ln174_write_fu_89    |    0    |    0    |
|----------|-------------------------------|---------|---------|
|   sext   |     sext_ln437_cast_fu_96     |    0    |    0    |
|----------|-------------------------------|---------|---------|
|   Total  |                               |    0    |    32   |
|----------|-------------------------------|---------|---------|

Memories:
N/A

* Register list:
+--------------------------+--------+
|                          |   FF   |
+--------------------------+--------+
|    icmp_ln437_reg_143    |    1   |
|mm_video_addr_read_reg_147|   64   |
|  sext_ln437_cast_reg_138 |   32   |
|         x_reg_131        |   13   |
+--------------------------+--------+
|           Total          |   110  |
+--------------------------+--------+

* Multiplexer (MUX) list: 
|--------|------|------|------|--------|
|  Comp  |  Pin | Size |  BW  | S x BW |
|--------|------|------|------|--------|
|  Total |      |      |      |    0   |
|--------|------|------|------|--------|



* Summary:
+-----------+--------+--------+
|           |   FF   |   LUT  |
+-----------+--------+--------+
|  Function |    0   |   32   |
|   Memory  |    -   |    -   |
|Multiplexer|    -   |    -   |
|  Register |   110  |    -   |
+-----------+--------+--------+
|   Total   |   110  |   32   |
+-----------+--------+--------+
