

================================================================
== Vitis HLS Report for 'Bytes2MultiPixStream'
================================================================
* Date:           Sat Dec 17 00:27:12 2022

* Version:        2022.1 (Build 3526262 on Mon Apr 18 15:48:16 MDT 2022)
* Project:        prj
* Solution:       sol (Vivado IP Flow Target)
* Product family: zynquplus
* Target device:  xck26-sfvc784-2LV-c


================================================================
== Performance Estimates
================================================================
+ Timing: 
    * Summary: 
    +--------+---------+----------+------------+
    |  Clock |  Target | Estimated| Uncertainty|
    +--------+---------+----------+------------+
    |ap_clk  |  3.33 ns|  2.433 ns|     0.90 ns|
    +--------+---------+----------+------------+

+ Latency: 
    * Summary: 
    +---------+-----------+----------+-----------+-----+-----------+---------+
    |   Latency (cycles)  |  Latency (absolute)  |     Interval    | Pipeline|
    |   min   |    max    |    min   |    max    | min |    max    |   Type  |
    +---------+-----------+----------+-----------+-----+-----------+---------+
    |        1|  283132803|  3.333 ns|  0.944 sec|    1|  283132803|       no|
    +---------+-----------+----------+-----------+-----+-----------+---------+

    + Detail: 
        * Instance: 
        N/A

        * Loop: 
        +------------+---------+-----------+-----------+-----------+-----------+----------+----------+
        |            |   Latency (cycles)  | Iteration |  Initiation Interval  |   Trip   |          |
        |  Loop Name |   min   |    max    |  Latency  |  achieved |   target  |   Count  | Pipelined|
        +------------+---------+-----------+-----------+-----------+-----------+----------+----------+
        |- loop_Y8   |        0|  283132800|  4 ~ 65540|          -|          -|  0 ~ 4320|        no|
        |- loop_Y10  |        0|  212353920|  4 ~ 49156|          -|          -|  0 ~ 4320|        no|
        +------------+---------+-----------+-----------+-----------+-----------+----------+----------+

============================================================
+ Verbose Summary: Synthesis Manager
============================================================
InlineROM: 1
ExposeGlobal: 0
============================================================
+ Verbose Summary: CDFG Model
============================================================
IsTopModel: 0
ResetActiveHigh: 1
IsCombinational: 2
IsDatapathOnly: 0
HasWiredReturn: 1
HasMFsm: 0
HasVarLatency: 1
IsPipeline: 0
IsRtlPipelined: 0
IsInstanceOverlapped: 0
IsDontTouch: 0
HasImplIP: 0
IsGatedGlobalClock: 0


============================================================
+ Verbose Summary: Schedule
============================================================
* Number of FSM states : 23
* Pipeline : 0
* Dataflow Pipeline: 0

* FSM state transitions: 
1 --> 2 19 21 
2 --> 3 
3 --> 4 
4 --> 5 
5 --> 6 
6 --> 7 
7 --> 8 
8 --> 9 
9 --> 10 
10 --> 11 
11 --> 12 
12 --> 13 
13 --> 14 
14 --> 15 
15 --> 16 
16 --> 17 
17 --> 18 
18 --> 19 
19 --> 20 
20 --> 19 
21 --> 22 
22 --> 23 19 
23 --> 22 

* FSM state operations: 

State 1 <SV = 0> <Delay = 2.43>
ST_1 : Operation 24 [1/1] (0.00ns)   --->   "%specinterface_ln0 = specinterface void @_ssdm_op_SpecInterface, i15 %WidthInBytes, void @ap_fifo_str, i32 0, i32 0, void @p_str, i32 0, i32 0, void @p_str, void @p_str, void @p_str, i32 2, i32 2, i32 16, i32 16, void @p_str, void @ScalarProp_str, i32 4294967295, i32 0"   --->   Operation 24 'specinterface' 'specinterface_ln0' <Predicate = true> <Delay = 0.00>
ST_1 : Operation 25 [1/1] (1.21ns)   --->   "%widthInPix = read i15 @_ssdm_op_Read.ap_fifo.i15P0A, i15 %WidthInBytes"   --->   Operation 25 'read' 'widthInPix' <Predicate = true> <Delay = 1.21> <CoreInst = "FIFO_SRL">   --->   Core 81 'FIFO_SRL' <Latency = 0> <II = 1> <Delay = 1.83> <Storage> <Opcode : 'read' 'write' 'nbread' 'nbwrite'> <Ports = 0> <Width = 15> <Depth = 2> <FIFO>
ST_1 : Operation 26 [1/1] (0.00ns)   --->   "%specinterface_ln0 = specinterface void @_ssdm_op_SpecInterface, i6 %VideoFormat, void @ap_fifo_str, i32 0, i32 0, void @p_str, i32 0, i32 0, void @p_str, void @p_str, void @p_str, i32 2, i32 2, i32 16, i32 16, void @p_str, void @ScalarProp_str, i32 4294967295, i32 0"   --->   Operation 26 'specinterface' 'specinterface_ln0' <Predicate = true> <Delay = 0.00>
ST_1 : Operation 27 [1/1] (1.21ns)   --->   "%VideoFormat_read = read i6 @_ssdm_op_Read.ap_fifo.i6P0A, i6 %VideoFormat"   --->   Operation 27 'read' 'VideoFormat_read' <Predicate = true> <Delay = 1.21> <CoreInst = "FIFO_SRL">   --->   Core 81 'FIFO_SRL' <Latency = 0> <II = 1> <Delay = 1.83> <Storage> <Opcode : 'read' 'write' 'nbread' 'nbwrite'> <Ports = 0> <Width = 6> <Depth = 3> <FIFO>
ST_1 : Operation 28 [1/1] (0.00ns)   --->   "%specinterface_ln0 = specinterface void @_ssdm_op_SpecInterface, i12 %Height, void @ap_fifo_str, i32 0, i32 0, void @p_str, i32 0, i32 0, void @p_str, void @p_str, void @p_str, i32 2, i32 2, i32 16, i32 16, void @p_str, void @ScalarProp_str, i32 4294967295, i32 0"   --->   Operation 28 'specinterface' 'specinterface_ln0' <Predicate = true> <Delay = 0.00>
ST_1 : Operation 29 [1/1] (1.21ns)   --->   "%Height_read = read i12 @_ssdm_op_Read.ap_fifo.i12P0A, i12 %Height"   --->   Operation 29 'read' 'Height_read' <Predicate = true> <Delay = 1.21> <CoreInst = "FIFO_SRL">   --->   Core 81 'FIFO_SRL' <Latency = 0> <II = 1> <Delay = 1.83> <Storage> <Opcode : 'read' 'write' 'nbread' 'nbwrite'> <Ports = 0> <Width = 12> <Depth = 2> <FIFO>
ST_1 : Operation 30 [1/1] (0.00ns)   --->   "%specinterface_ln0 = specinterface void @_ssdm_op_SpecInterface, i12 %height_c, void @ap_fifo_str, i32 0, i32 0, void @p_str, i32 0, i32 0, void @p_str, void @p_str, void @p_str, i32 2, i32 2, i32 16, i32 16, void @p_str, void @ScalarProp_str, i32 4294967295, i32 0"   --->   Operation 30 'specinterface' 'specinterface_ln0' <Predicate = true> <Delay = 0.00>
ST_1 : Operation 31 [1/1] (1.21ns)   --->   "%write_ln0 = write void @_ssdm_op_Write.ap_fifo.i12P0A, i12 %height_c, i12 %Height_read"   --->   Operation 31 'write' 'write_ln0' <Predicate = true> <Delay = 1.21> <CoreInst = "FIFO_SRL">   --->   Core 81 'FIFO_SRL' <Latency = 0> <II = 1> <Delay = 1.83> <Storage> <Opcode : 'read' 'write' 'nbread' 'nbwrite'> <Ports = 0> <Width = 12> <Depth = 2> <FIFO>
ST_1 : Operation 32 [1/1] (0.00ns)   --->   "%specinterface_ln0 = specinterface void @_ssdm_op_SpecInterface, i12 %Width, void @ap_fifo_str, i32 0, i32 0, void @p_str, i32 0, i32 0, void @p_str, void @p_str, void @p_str, i32 2, i32 2, i32 16, i32 16, void @p_str, void @ScalarProp_str, i32 4294967295, i32 0"   --->   Operation 32 'specinterface' 'specinterface_ln0' <Predicate = true> <Delay = 0.00>
ST_1 : Operation 33 [1/1] (1.21ns)   --->   "%Width_read = read i12 @_ssdm_op_Read.ap_fifo.i12P0A, i12 %Width"   --->   Operation 33 'read' 'Width_read' <Predicate = true> <Delay = 1.21> <CoreInst = "FIFO_SRL">   --->   Core 81 'FIFO_SRL' <Latency = 0> <II = 1> <Delay = 1.83> <Storage> <Opcode : 'read' 'write' 'nbread' 'nbwrite'> <Ports = 0> <Width = 12> <Depth = 3> <FIFO>
ST_1 : Operation 34 [1/1] (0.00ns)   --->   "%specinterface_ln0 = specinterface void @_ssdm_op_SpecInterface, i12 %width_c, void @ap_fifo_str, i32 0, i32 0, void @p_str, i32 0, i32 0, void @p_str, void @p_str, void @p_str, i32 2, i32 2, i32 16, i32 16, void @p_str, void @ScalarProp_str, i32 4294967295, i32 0"   --->   Operation 34 'specinterface' 'specinterface_ln0' <Predicate = true> <Delay = 0.00>
ST_1 : Operation 35 [1/1] (1.21ns)   --->   "%write_ln0 = write void @_ssdm_op_Write.ap_fifo.i12P0A, i12 %width_c, i12 %Width_read"   --->   Operation 35 'write' 'write_ln0' <Predicate = true> <Delay = 1.21> <CoreInst = "FIFO_SRL">   --->   Core 81 'FIFO_SRL' <Latency = 0> <II = 1> <Delay = 1.83> <Storage> <Opcode : 'read' 'write' 'nbread' 'nbwrite'> <Ports = 0> <Width = 12> <Depth = 2> <FIFO>
ST_1 : Operation 36 [1/1] (0.00ns)   --->   "%specmemcore_ln0 = specmemcore void @_ssdm_op_SpecMemCore, i64 %bytePlanes1, i64 666, i64 8, i64 18446744073709551615"   --->   Operation 36 'specmemcore' 'specmemcore_ln0' <Predicate = true> <Delay = 0.00>
ST_1 : Operation 37 [1/1] (0.00ns)   --->   "%specinterface_ln0 = specinterface void @_ssdm_op_SpecInterface, i64 %bytePlanes1, void @empty_1, i32 0, i32 0, void @empty_8, i32 0, i32 0, void @empty_8, void @empty_8, void @empty_8, i32 0, i32 0, i32 0, i32 0, void @empty_8, void @empty_8, i32 4294967295, i32 0"   --->   Operation 37 'specinterface' 'specinterface_ln0' <Predicate = true> <Delay = 0.00>
ST_1 : Operation 38 [1/1] (0.00ns)   --->   "%specinterface_ln0 = specinterface void @_ssdm_op_SpecInterface, i30 %img, void @empty_1, i32 0, i32 0, void @empty_8, i32 0, i32 0, void @empty_8, void @empty_8, void @empty_8, i32 0, i32 0, i32 0, i32 0, void @empty_8, void @empty_8, i32 4294967295, i32 0"   --->   Operation 38 'specinterface' 'specinterface_ln0' <Predicate = true> <Delay = 0.00>
ST_1 : Operation 39 [1/1] (0.44ns)   --->   "%switch_ln573 = switch i6 %VideoFormat_read, void %if.end266, i6 43, void %if.end281, i6 42, void %if.end280, i6 18, void %if.then9, i6 19, void %if.then9, i6 22, void %if.then16, i6 23, void %if.then16, i6 32, void %if.then23, i6 33, void %if.then23, i6 37, void %if.then30, i6 38, void %if.then30, i6 12, void %if.end275, i6 28, void %if.end274, i6 20, void %if.then45, i6 21, void %if.then45, i6 30, void %if.then52, i6 31, void %if.then52, i6 35, void %if.then59, i6 36, void %if.then59, i6 29, void %if.end270, i6 10, void %if.then70, i6 11, void %if.then70, i6 15, void %if.then77, i6 16, void %if.then77, i6 24, void %if.then81, i6 25, void %if.then139" [D:/zynqmp_cam_isp_demo/zynqmp_cam_isp_demo.runs/design_1_v_frmbuf_rd_0_0_synth_1/prj/sol/.autopilot/db/v_frmbuf_rd.cpp:573]   --->   Operation 39 'switch' 'switch_ln573' <Predicate = true> <Delay = 0.44>
ST_1 : Operation 40 [1/1] (0.00ns)   --->   "%br_ln1244 = br void %if.end268" [D:/zynqmp_cam_isp_demo/zynqmp_cam_isp_demo.runs/design_1_v_frmbuf_rd_0_0_synth_1/prj/sol/.autopilot/db/v_frmbuf_rd.cpp:1244]   --->   Operation 40 'br' 'br_ln1244' <Predicate = (VideoFormat_read == 16) | (VideoFormat_read == 15)> <Delay = 0.00>
ST_1 : Operation 41 [1/1] (0.00ns)   --->   "%br_ln1203 = br void %if.end269" [D:/zynqmp_cam_isp_demo/zynqmp_cam_isp_demo.runs/design_1_v_frmbuf_rd_0_0_synth_1/prj/sol/.autopilot/db/v_frmbuf_rd.cpp:1203]   --->   Operation 41 'br' 'br_ln1203' <Predicate = (VideoFormat_read == 11) | (VideoFormat_read == 10)> <Delay = 0.00>
ST_1 : Operation 42 [1/1] (0.00ns)   --->   "%br_ln1107 = br void %if.end271" [D:/zynqmp_cam_isp_demo/zynqmp_cam_isp_demo.runs/design_1_v_frmbuf_rd_0_0_synth_1/prj/sol/.autopilot/db/v_frmbuf_rd.cpp:1107]   --->   Operation 42 'br' 'br_ln1107' <Predicate = (VideoFormat_read == 36) | (VideoFormat_read == 35)> <Delay = 0.00>
ST_1 : Operation 43 [1/1] (0.00ns)   --->   "%br_ln1057 = br void %if.end272" [D:/zynqmp_cam_isp_demo/zynqmp_cam_isp_demo.runs/design_1_v_frmbuf_rd_0_0_synth_1/prj/sol/.autopilot/db/v_frmbuf_rd.cpp:1057]   --->   Operation 43 'br' 'br_ln1057' <Predicate = (VideoFormat_read == 31) | (VideoFormat_read == 30)> <Delay = 0.00>
ST_1 : Operation 44 [1/1] (0.00ns)   --->   "%br_ln1007 = br void %if.end273" [D:/zynqmp_cam_isp_demo/zynqmp_cam_isp_demo.runs/design_1_v_frmbuf_rd_0_0_synth_1/prj/sol/.autopilot/db/v_frmbuf_rd.cpp:1007]   --->   Operation 44 'br' 'br_ln1007' <Predicate = (VideoFormat_read == 21) | (VideoFormat_read == 20)> <Delay = 0.00>
ST_1 : Operation 45 [1/1] (0.00ns)   --->   "%br_ln869 = br void %if.end276" [D:/zynqmp_cam_isp_demo/zynqmp_cam_isp_demo.runs/design_1_v_frmbuf_rd_0_0_synth_1/prj/sol/.autopilot/db/v_frmbuf_rd.cpp:869]   --->   Operation 45 'br' 'br_ln869' <Predicate = (VideoFormat_read == 38) | (VideoFormat_read == 37)> <Delay = 0.00>
ST_1 : Operation 46 [1/1] (0.00ns)   --->   "%br_ln826 = br void %if.end277" [D:/zynqmp_cam_isp_demo/zynqmp_cam_isp_demo.runs/design_1_v_frmbuf_rd_0_0_synth_1/prj/sol/.autopilot/db/v_frmbuf_rd.cpp:826]   --->   Operation 46 'br' 'br_ln826' <Predicate = (VideoFormat_read == 33) | (VideoFormat_read == 32)> <Delay = 0.00>
ST_1 : Operation 47 [1/1] (0.00ns)   --->   "%br_ln769 = br void %if.end278" [D:/zynqmp_cam_isp_demo/zynqmp_cam_isp_demo.runs/design_1_v_frmbuf_rd_0_0_synth_1/prj/sol/.autopilot/db/v_frmbuf_rd.cpp:769]   --->   Operation 47 'br' 'br_ln769' <Predicate = (VideoFormat_read == 23) | (VideoFormat_read == 22)> <Delay = 0.00>
ST_1 : Operation 48 [1/1] (0.00ns)   --->   "%br_ln711 = br void %if.end279" [D:/zynqmp_cam_isp_demo/zynqmp_cam_isp_demo.runs/design_1_v_frmbuf_rd_0_0_synth_1/prj/sol/.autopilot/db/v_frmbuf_rd.cpp:711]   --->   Operation 48 'br' 'br_ln711' <Predicate = (VideoFormat_read == 19) | (VideoFormat_read == 18)> <Delay = 0.00>

State 2 <SV = 1> <Delay = 1.38>
ST_2 : Operation 49 [1/1] (0.00ns)   --->   "%y_1 = alloca i32 1"   --->   Operation 49 'alloca' 'y_1' <Predicate = true> <Delay = 0.00>
ST_2 : Operation 50 [1/1] (0.00ns)   --->   "%zext_ln1289 = zext i15 %widthInPix" [D:/zynqmp_cam_isp_demo/zynqmp_cam_isp_demo.runs/design_1_v_frmbuf_rd_0_0_synth_1/prj/sol/.autopilot/db/v_frmbuf_rd.cpp:1289]   --->   Operation 50 'zext' 'zext_ln1289' <Predicate = true> <Delay = 0.00>
ST_2 : Operation 51 [1/1] (0.84ns)   --->   "%add_ln1289 = add i16 %zext_ln1289, i16 7" [D:/zynqmp_cam_isp_demo/zynqmp_cam_isp_demo.runs/design_1_v_frmbuf_rd_0_0_synth_1/prj/sol/.autopilot/db/v_frmbuf_rd.cpp:1289]   --->   Operation 51 'add' 'add_ln1289' <Predicate = true> <Delay = 0.84> <CoreInst = "Adder">   --->   Core 1 'Adder' <Latency = 0> <II = 1> <Delay = 0.84> <FuncUnit> <Opcode : 'add' 'sub'> <InPorts = 2> <OutPorts = 1>
ST_2 : Operation 52 [1/1] (0.00ns)   --->   "%trunc_ln = partselect i13 @_ssdm_op_PartSelect.i13.i16.i32.i32, i16 %add_ln1289, i32 3, i32 15" [D:/zynqmp_cam_isp_demo/zynqmp_cam_isp_demo.runs/design_1_v_frmbuf_rd_0_0_synth_1/prj/sol/.autopilot/db/v_frmbuf_rd.cpp:1289]   --->   Operation 52 'partselect' 'trunc_ln' <Predicate = true> <Delay = 0.00>
ST_2 : Operation 53 [16/16] (1.38ns)   --->   "%remainPix_2 = urem i12 %Width_read, i12 6" [D:/zynqmp_cam_isp_demo/zynqmp_cam_isp_demo.runs/design_1_v_frmbuf_rd_0_0_synth_1/prj/sol/.autopilot/db/v_frmbuf_rd.cpp:1291]   --->   Operation 53 'urem' 'remainPix_2' <Predicate = true> <Delay = 1.38> <CoreInst = "DivnS_SEQ">   --->   Core 7 'DivnS_SEQ' <Latency = 15> <II = 3> <Delay = 1.38> <FuncUnit> <Opcode : 'sdiv' 'srem' 'udiv' 'urem'> <InPorts = 2> <OutPorts = 1>
ST_2 : Operation 54 [1/1] (0.42ns)   --->   "%store_ln1295 = store i12 0, i12 %y_1" [D:/zynqmp_cam_isp_demo/zynqmp_cam_isp_demo.runs/design_1_v_frmbuf_rd_0_0_synth_1/prj/sol/.autopilot/db/v_frmbuf_rd.cpp:1295]   --->   Operation 54 'store' 'store_ln1295' <Predicate = true> <Delay = 0.42>

State 3 <SV = 2> <Delay = 1.38>
ST_3 : Operation 55 [15/16] (1.38ns)   --->   "%remainPix_2 = urem i12 %Width_read, i12 6" [D:/zynqmp_cam_isp_demo/zynqmp_cam_isp_demo.runs/design_1_v_frmbuf_rd_0_0_synth_1/prj/sol/.autopilot/db/v_frmbuf_rd.cpp:1291]   --->   Operation 55 'urem' 'remainPix_2' <Predicate = true> <Delay = 1.38> <CoreInst = "DivnS_SEQ">   --->   Core 7 'DivnS_SEQ' <Latency = 15> <II = 3> <Delay = 1.38> <FuncUnit> <Opcode : 'sdiv' 'srem' 'udiv' 'urem'> <InPorts = 2> <OutPorts = 1>

State 4 <SV = 3> <Delay = 1.38>
ST_4 : Operation 56 [14/16] (1.38ns)   --->   "%remainPix_2 = urem i12 %Width_read, i12 6" [D:/zynqmp_cam_isp_demo/zynqmp_cam_isp_demo.runs/design_1_v_frmbuf_rd_0_0_synth_1/prj/sol/.autopilot/db/v_frmbuf_rd.cpp:1291]   --->   Operation 56 'urem' 'remainPix_2' <Predicate = true> <Delay = 1.38> <CoreInst = "DivnS_SEQ">   --->   Core 7 'DivnS_SEQ' <Latency = 15> <II = 3> <Delay = 1.38> <FuncUnit> <Opcode : 'sdiv' 'srem' 'udiv' 'urem'> <InPorts = 2> <OutPorts = 1>

State 5 <SV = 4> <Delay = 1.38>
ST_5 : Operation 57 [13/16] (1.38ns)   --->   "%remainPix_2 = urem i12 %Width_read, i12 6" [D:/zynqmp_cam_isp_demo/zynqmp_cam_isp_demo.runs/design_1_v_frmbuf_rd_0_0_synth_1/prj/sol/.autopilot/db/v_frmbuf_rd.cpp:1291]   --->   Operation 57 'urem' 'remainPix_2' <Predicate = true> <Delay = 1.38> <CoreInst = "DivnS_SEQ">   --->   Core 7 'DivnS_SEQ' <Latency = 15> <II = 3> <Delay = 1.38> <FuncUnit> <Opcode : 'sdiv' 'srem' 'udiv' 'urem'> <InPorts = 2> <OutPorts = 1>

State 6 <SV = 5> <Delay = 1.38>
ST_6 : Operation 58 [12/16] (1.38ns)   --->   "%remainPix_2 = urem i12 %Width_read, i12 6" [D:/zynqmp_cam_isp_demo/zynqmp_cam_isp_demo.runs/design_1_v_frmbuf_rd_0_0_synth_1/prj/sol/.autopilot/db/v_frmbuf_rd.cpp:1291]   --->   Operation 58 'urem' 'remainPix_2' <Predicate = true> <Delay = 1.38> <CoreInst = "DivnS_SEQ">   --->   Core 7 'DivnS_SEQ' <Latency = 15> <II = 3> <Delay = 1.38> <FuncUnit> <Opcode : 'sdiv' 'srem' 'udiv' 'urem'> <InPorts = 2> <OutPorts = 1>

State 7 <SV = 6> <Delay = 1.38>
ST_7 : Operation 59 [11/16] (1.38ns)   --->   "%remainPix_2 = urem i12 %Width_read, i12 6" [D:/zynqmp_cam_isp_demo/zynqmp_cam_isp_demo.runs/design_1_v_frmbuf_rd_0_0_synth_1/prj/sol/.autopilot/db/v_frmbuf_rd.cpp:1291]   --->   Operation 59 'urem' 'remainPix_2' <Predicate = true> <Delay = 1.38> <CoreInst = "DivnS_SEQ">   --->   Core 7 'DivnS_SEQ' <Latency = 15> <II = 3> <Delay = 1.38> <FuncUnit> <Opcode : 'sdiv' 'srem' 'udiv' 'urem'> <InPorts = 2> <OutPorts = 1>

State 8 <SV = 7> <Delay = 1.38>
ST_8 : Operation 60 [10/16] (1.38ns)   --->   "%remainPix_2 = urem i12 %Width_read, i12 6" [D:/zynqmp_cam_isp_demo/zynqmp_cam_isp_demo.runs/design_1_v_frmbuf_rd_0_0_synth_1/prj/sol/.autopilot/db/v_frmbuf_rd.cpp:1291]   --->   Operation 60 'urem' 'remainPix_2' <Predicate = true> <Delay = 1.38> <CoreInst = "DivnS_SEQ">   --->   Core 7 'DivnS_SEQ' <Latency = 15> <II = 3> <Delay = 1.38> <FuncUnit> <Opcode : 'sdiv' 'srem' 'udiv' 'urem'> <InPorts = 2> <OutPorts = 1>

State 9 <SV = 8> <Delay = 1.38>
ST_9 : Operation 61 [9/16] (1.38ns)   --->   "%remainPix_2 = urem i12 %Width_read, i12 6" [D:/zynqmp_cam_isp_demo/zynqmp_cam_isp_demo.runs/design_1_v_frmbuf_rd_0_0_synth_1/prj/sol/.autopilot/db/v_frmbuf_rd.cpp:1291]   --->   Operation 61 'urem' 'remainPix_2' <Predicate = true> <Delay = 1.38> <CoreInst = "DivnS_SEQ">   --->   Core 7 'DivnS_SEQ' <Latency = 15> <II = 3> <Delay = 1.38> <FuncUnit> <Opcode : 'sdiv' 'srem' 'udiv' 'urem'> <InPorts = 2> <OutPorts = 1>

State 10 <SV = 9> <Delay = 1.38>
ST_10 : Operation 62 [8/16] (1.38ns)   --->   "%remainPix_2 = urem i12 %Width_read, i12 6" [D:/zynqmp_cam_isp_demo/zynqmp_cam_isp_demo.runs/design_1_v_frmbuf_rd_0_0_synth_1/prj/sol/.autopilot/db/v_frmbuf_rd.cpp:1291]   --->   Operation 62 'urem' 'remainPix_2' <Predicate = true> <Delay = 1.38> <CoreInst = "DivnS_SEQ">   --->   Core 7 'DivnS_SEQ' <Latency = 15> <II = 3> <Delay = 1.38> <FuncUnit> <Opcode : 'sdiv' 'srem' 'udiv' 'urem'> <InPorts = 2> <OutPorts = 1>

State 11 <SV = 10> <Delay = 1.38>
ST_11 : Operation 63 [7/16] (1.38ns)   --->   "%remainPix_2 = urem i12 %Width_read, i12 6" [D:/zynqmp_cam_isp_demo/zynqmp_cam_isp_demo.runs/design_1_v_frmbuf_rd_0_0_synth_1/prj/sol/.autopilot/db/v_frmbuf_rd.cpp:1291]   --->   Operation 63 'urem' 'remainPix_2' <Predicate = true> <Delay = 1.38> <CoreInst = "DivnS_SEQ">   --->   Core 7 'DivnS_SEQ' <Latency = 15> <II = 3> <Delay = 1.38> <FuncUnit> <Opcode : 'sdiv' 'srem' 'udiv' 'urem'> <InPorts = 2> <OutPorts = 1>

State 12 <SV = 11> <Delay = 1.38>
ST_12 : Operation 64 [6/16] (1.38ns)   --->   "%remainPix_2 = urem i12 %Width_read, i12 6" [D:/zynqmp_cam_isp_demo/zynqmp_cam_isp_demo.runs/design_1_v_frmbuf_rd_0_0_synth_1/prj/sol/.autopilot/db/v_frmbuf_rd.cpp:1291]   --->   Operation 64 'urem' 'remainPix_2' <Predicate = true> <Delay = 1.38> <CoreInst = "DivnS_SEQ">   --->   Core 7 'DivnS_SEQ' <Latency = 15> <II = 3> <Delay = 1.38> <FuncUnit> <Opcode : 'sdiv' 'srem' 'udiv' 'urem'> <InPorts = 2> <OutPorts = 1>

State 13 <SV = 12> <Delay = 1.38>
ST_13 : Operation 65 [5/16] (1.38ns)   --->   "%remainPix_2 = urem i12 %Width_read, i12 6" [D:/zynqmp_cam_isp_demo/zynqmp_cam_isp_demo.runs/design_1_v_frmbuf_rd_0_0_synth_1/prj/sol/.autopilot/db/v_frmbuf_rd.cpp:1291]   --->   Operation 65 'urem' 'remainPix_2' <Predicate = true> <Delay = 1.38> <CoreInst = "DivnS_SEQ">   --->   Core 7 'DivnS_SEQ' <Latency = 15> <II = 3> <Delay = 1.38> <FuncUnit> <Opcode : 'sdiv' 'srem' 'udiv' 'urem'> <InPorts = 2> <OutPorts = 1>

State 14 <SV = 13> <Delay = 1.38>
ST_14 : Operation 66 [4/16] (1.38ns)   --->   "%remainPix_2 = urem i12 %Width_read, i12 6" [D:/zynqmp_cam_isp_demo/zynqmp_cam_isp_demo.runs/design_1_v_frmbuf_rd_0_0_synth_1/prj/sol/.autopilot/db/v_frmbuf_rd.cpp:1291]   --->   Operation 66 'urem' 'remainPix_2' <Predicate = true> <Delay = 1.38> <CoreInst = "DivnS_SEQ">   --->   Core 7 'DivnS_SEQ' <Latency = 15> <II = 3> <Delay = 1.38> <FuncUnit> <Opcode : 'sdiv' 'srem' 'udiv' 'urem'> <InPorts = 2> <OutPorts = 1>

State 15 <SV = 14> <Delay = 1.38>
ST_15 : Operation 67 [3/16] (1.38ns)   --->   "%remainPix_2 = urem i12 %Width_read, i12 6" [D:/zynqmp_cam_isp_demo/zynqmp_cam_isp_demo.runs/design_1_v_frmbuf_rd_0_0_synth_1/prj/sol/.autopilot/db/v_frmbuf_rd.cpp:1291]   --->   Operation 67 'urem' 'remainPix_2' <Predicate = true> <Delay = 1.38> <CoreInst = "DivnS_SEQ">   --->   Core 7 'DivnS_SEQ' <Latency = 15> <II = 3> <Delay = 1.38> <FuncUnit> <Opcode : 'sdiv' 'srem' 'udiv' 'urem'> <InPorts = 2> <OutPorts = 1>

State 16 <SV = 15> <Delay = 1.38>
ST_16 : Operation 68 [2/16] (1.38ns)   --->   "%remainPix_2 = urem i12 %Width_read, i12 6" [D:/zynqmp_cam_isp_demo/zynqmp_cam_isp_demo.runs/design_1_v_frmbuf_rd_0_0_synth_1/prj/sol/.autopilot/db/v_frmbuf_rd.cpp:1291]   --->   Operation 68 'urem' 'remainPix_2' <Predicate = true> <Delay = 1.38> <CoreInst = "DivnS_SEQ">   --->   Core 7 'DivnS_SEQ' <Latency = 15> <II = 3> <Delay = 1.38> <FuncUnit> <Opcode : 'sdiv' 'srem' 'udiv' 'urem'> <InPorts = 2> <OutPorts = 1>

State 17 <SV = 16> <Delay = 1.38>
ST_17 : Operation 69 [1/16] (1.38ns)   --->   "%remainPix_2 = urem i12 %Width_read, i12 6" [D:/zynqmp_cam_isp_demo/zynqmp_cam_isp_demo.runs/design_1_v_frmbuf_rd_0_0_synth_1/prj/sol/.autopilot/db/v_frmbuf_rd.cpp:1291]   --->   Operation 69 'urem' 'remainPix_2' <Predicate = true> <Delay = 1.38> <CoreInst = "DivnS_SEQ">   --->   Core 7 'DivnS_SEQ' <Latency = 15> <II = 3> <Delay = 1.38> <FuncUnit> <Opcode : 'sdiv' 'srem' 'udiv' 'urem'> <InPorts = 2> <OutPorts = 1>

State 18 <SV = 17> <Delay = 1.37>
ST_18 : Operation 70 [1/1] (0.00ns)   --->   "%trunc_ln1291 = trunc i3 %remainPix_2" [D:/zynqmp_cam_isp_demo/zynqmp_cam_isp_demo.runs/design_1_v_frmbuf_rd_0_0_synth_1/prj/sol/.autopilot/db/v_frmbuf_rd.cpp:1291]   --->   Operation 70 'trunc' 'trunc_ln1291' <Predicate = true> <Delay = 0.00>
ST_18 : Operation 71 [1/1] (0.58ns)   --->   "%icmp_ln1292 = icmp_eq  i3 %trunc_ln1291, i3 0" [D:/zynqmp_cam_isp_demo/zynqmp_cam_isp_demo.runs/design_1_v_frmbuf_rd_0_0_synth_1/prj/sol/.autopilot/db/v_frmbuf_rd.cpp:1292]   --->   Operation 71 'icmp' 'icmp_ln1292' <Predicate = true> <Delay = 0.58> <CoreInst = "Cmp">   --->   Core 9 'Cmp' <Latency = 0> <II = 1> <Delay = 0.58> <FuncUnit> <Opcode : 'icmp'> <InPorts = 2> <OutPorts = 1>
ST_18 : Operation 72 [1/1] (0.20ns)   --->   "%remainPix_3 = select i1 %icmp_ln1292, i3 6, i3 %trunc_ln1291" [D:/zynqmp_cam_isp_demo/zynqmp_cam_isp_demo.runs/design_1_v_frmbuf_rd_0_0_synth_1/prj/sol/.autopilot/db/v_frmbuf_rd.cpp:1292]   --->   Operation 72 'select' 'remainPix_3' <Predicate = true> <Delay = 0.20> <CoreInst = "Sel">   --->   Core 73 'Sel' <Latency = 0> <II = 1> <Delay = 0.20> <FuncUnit> <Opcode : 'select'> <InPorts = 3> <OutPorts = 1>
ST_18 : Operation 73 [1/1] (0.82ns)   --->   "%sub222 = add i13 %trunc_ln, i13 8191" [D:/zynqmp_cam_isp_demo/zynqmp_cam_isp_demo.runs/design_1_v_frmbuf_rd_0_0_synth_1/prj/sol/.autopilot/db/v_frmbuf_rd.cpp:1289]   --->   Operation 73 'add' 'sub222' <Predicate = true> <Delay = 0.82> <CoreInst = "Adder">   --->   Core 1 'Adder' <Latency = 0> <II = 1> <Delay = 0.82> <FuncUnit> <Opcode : 'add' 'sub'> <InPorts = 2> <OutPorts = 1>
ST_18 : Operation 74 [1/1] (0.58ns)   --->   "%cmp226 = icmp_ne  i3 %remainPix_3, i3 0" [D:/zynqmp_cam_isp_demo/zynqmp_cam_isp_demo.runs/design_1_v_frmbuf_rd_0_0_synth_1/prj/sol/.autopilot/db/v_frmbuf_rd.cpp:1292]   --->   Operation 74 'icmp' 'cmp226' <Predicate = true> <Delay = 0.58> <CoreInst = "Cmp">   --->   Core 9 'Cmp' <Latency = 0> <II = 1> <Delay = 0.58> <FuncUnit> <Opcode : 'icmp'> <InPorts = 2> <OutPorts = 1>
ST_18 : Operation 75 [1/1] (0.00ns)   --->   "%tmp_2 = partselect i2 @_ssdm_op_PartSelect.i2.i3.i32.i32, i3 %remainPix_3, i32 1, i32 2" [D:/zynqmp_cam_isp_demo/zynqmp_cam_isp_demo.runs/design_1_v_frmbuf_rd_0_0_synth_1/prj/sol/.autopilot/db/v_frmbuf_rd.cpp:1292]   --->   Operation 75 'partselect' 'tmp_2' <Predicate = true> <Delay = 0.00>
ST_18 : Operation 76 [1/1] (0.44ns)   --->   "%icmp16 = icmp_ne  i2 %tmp_2, i2 0" [D:/zynqmp_cam_isp_demo/zynqmp_cam_isp_demo.runs/design_1_v_frmbuf_rd_0_0_synth_1/prj/sol/.autopilot/db/v_frmbuf_rd.cpp:1292]   --->   Operation 76 'icmp' 'icmp16' <Predicate = true> <Delay = 0.44> <CoreInst = "Cmp">   --->   Core 9 'Cmp' <Latency = 0> <II = 1> <Delay = 0.44> <FuncUnit> <Opcode : 'icmp'> <InPorts = 2> <OutPorts = 1>
ST_18 : Operation 77 [1/1] (0.58ns)   --->   "%cmp226_2 = icmp_ugt  i3 %remainPix_3, i3 2" [D:/zynqmp_cam_isp_demo/zynqmp_cam_isp_demo.runs/design_1_v_frmbuf_rd_0_0_synth_1/prj/sol/.autopilot/db/v_frmbuf_rd.cpp:1292]   --->   Operation 77 'icmp' 'cmp226_2' <Predicate = true> <Delay = 0.58> <CoreInst = "Cmp">   --->   Core 9 'Cmp' <Latency = 0> <II = 1> <Delay = 0.58> <FuncUnit> <Opcode : 'icmp'> <InPorts = 2> <OutPorts = 1>
ST_18 : Operation 78 [1/1] (0.00ns)   --->   "%tmp_3 = bitselect i1 @_ssdm_op_BitSelect.i1.i3.i32, i3 %remainPix_3, i32 2" [D:/zynqmp_cam_isp_demo/zynqmp_cam_isp_demo.runs/design_1_v_frmbuf_rd_0_0_synth_1/prj/sol/.autopilot/db/v_frmbuf_rd.cpp:1292]   --->   Operation 78 'bitselect' 'tmp_3' <Predicate = true> <Delay = 0.00>
ST_18 : Operation 79 [1/1] (0.58ns)   --->   "%cmp226_4 = icmp_ugt  i3 %remainPix_3, i3 4" [D:/zynqmp_cam_isp_demo/zynqmp_cam_isp_demo.runs/design_1_v_frmbuf_rd_0_0_synth_1/prj/sol/.autopilot/db/v_frmbuf_rd.cpp:1292]   --->   Operation 79 'icmp' 'cmp226_4' <Predicate = true> <Delay = 0.58> <CoreInst = "Cmp">   --->   Core 9 'Cmp' <Latency = 0> <II = 1> <Delay = 0.58> <FuncUnit> <Opcode : 'icmp'> <InPorts = 2> <OutPorts = 1>
ST_18 : Operation 80 [1/1] (0.00ns)   --->   "%br_ln1295 = br void %for.body159" [D:/zynqmp_cam_isp_demo/zynqmp_cam_isp_demo.runs/design_1_v_frmbuf_rd_0_0_synth_1/prj/sol/.autopilot/db/v_frmbuf_rd.cpp:1295]   --->   Operation 80 'br' 'br_ln1295' <Predicate = true> <Delay = 0.00>

State 19 <SV = 18> <Delay = 2.40>
ST_19 : Operation 81 [1/1] (0.00ns)   --->   "%y_4 = load i12 %y_1" [D:/zynqmp_cam_isp_demo/zynqmp_cam_isp_demo.runs/design_1_v_frmbuf_rd_0_0_synth_1/prj/sol/.autopilot/db/v_frmbuf_rd.cpp:1295]   --->   Operation 81 'load' 'y_4' <Predicate = (VideoFormat_read == 25)> <Delay = 0.00>
ST_19 : Operation 82 [1/1] (0.97ns)   --->   "%icmp_ln1295 = icmp_eq  i12 %y_4, i12 %Height_read" [D:/zynqmp_cam_isp_demo/zynqmp_cam_isp_demo.runs/design_1_v_frmbuf_rd_0_0_synth_1/prj/sol/.autopilot/db/v_frmbuf_rd.cpp:1295]   --->   Operation 82 'icmp' 'icmp_ln1295' <Predicate = (VideoFormat_read == 25)> <Delay = 0.97> <CoreInst = "Cmp">   --->   Core 9 'Cmp' <Latency = 0> <II = 1> <Delay = 0.97> <FuncUnit> <Opcode : 'icmp'> <InPorts = 2> <OutPorts = 1>
ST_19 : Operation 83 [1/1] (0.80ns)   --->   "%y_5 = add i12 %y_4, i12 1" [D:/zynqmp_cam_isp_demo/zynqmp_cam_isp_demo.runs/design_1_v_frmbuf_rd_0_0_synth_1/prj/sol/.autopilot/db/v_frmbuf_rd.cpp:1295]   --->   Operation 83 'add' 'y_5' <Predicate = (VideoFormat_read == 25)> <Delay = 0.80> <CoreInst = "Adder">   --->   Core 1 'Adder' <Latency = 0> <II = 1> <Delay = 0.80> <FuncUnit> <Opcode : 'add' 'sub'> <InPorts = 2> <OutPorts = 1>
ST_19 : Operation 84 [1/1] (0.00ns)   --->   "%br_ln1295 = br i1 %icmp_ln1295, void %for.body159.split, void %if.end266.loopexit" [D:/zynqmp_cam_isp_demo/zynqmp_cam_isp_demo.runs/design_1_v_frmbuf_rd_0_0_synth_1/prj/sol/.autopilot/db/v_frmbuf_rd.cpp:1295]   --->   Operation 84 'br' 'br_ln1295' <Predicate = (VideoFormat_read == 25)> <Delay = 0.00>
ST_19 : Operation 85 [1/1] (0.00ns)   --->   "%empty_105 = wait i32 @_ssdm_op_Wait"   --->   Operation 85 'wait' 'empty_105' <Predicate = (VideoFormat_read == 25 & !icmp_ln1295)> <Delay = 0.00>
ST_19 : Operation 86 [2/2] (1.43ns)   --->   "%call_ln1289 = call void @Bytes2MultiPixStream_Pipeline_VITIS_LOOP_1302_4, i13 %trunc_ln, i1 %icmp_ln1292, i1 %cmp226_4, i1 %tmp_3, i1 %cmp226_2, i1 %icmp16, i64 %bytePlanes1, i13 %sub222, i1 %cmp226, i30 %img" [D:/zynqmp_cam_isp_demo/zynqmp_cam_isp_demo.runs/design_1_v_frmbuf_rd_0_0_synth_1/prj/sol/.autopilot/db/v_frmbuf_rd.cpp:1289]   --->   Operation 86 'call' 'call_ln1289' <Predicate = (VideoFormat_read == 25 & !icmp_ln1295)> <Delay = 1.43> <CoreType = "Generic">   --->   Core 0 '' <Latency = 0> <II = 1> <Delay = 1.00> <Generic> <Opcode : >
ST_19 : Operation 87 [1/1] (0.42ns)   --->   "%store_ln1295 = store i12 %y_5, i12 %y_1" [D:/zynqmp_cam_isp_demo/zynqmp_cam_isp_demo.runs/design_1_v_frmbuf_rd_0_0_synth_1/prj/sol/.autopilot/db/v_frmbuf_rd.cpp:1295]   --->   Operation 87 'store' 'store_ln1295' <Predicate = (VideoFormat_read == 25 & !icmp_ln1295)> <Delay = 0.42>
ST_19 : Operation 88 [1/1] (0.00ns)   --->   "%br_ln0 = br void %if.end266"   --->   Operation 88 'br' 'br_ln0' <Predicate = (VideoFormat_read == 25 & icmp_ln1295)> <Delay = 0.00>
ST_19 : Operation 89 [1/1] (0.00ns)   --->   "%br_ln0 = br void %if.end267"   --->   Operation 89 'br' 'br_ln0' <Predicate = (VideoFormat_read == 63) | (VideoFormat_read == 62) | (VideoFormat_read == 61) | (VideoFormat_read == 60) | (VideoFormat_read == 59) | (VideoFormat_read == 58) | (VideoFormat_read == 57) | (VideoFormat_read == 56) | (VideoFormat_read == 55) | (VideoFormat_read == 54) | (VideoFormat_read == 53) | (VideoFormat_read == 52) | (VideoFormat_read == 51) | (VideoFormat_read == 50) | (VideoFormat_read == 49) | (VideoFormat_read == 48) | (VideoFormat_read == 47) | (VideoFormat_read == 46) | (VideoFormat_read == 45) | (VideoFormat_read == 44) | (VideoFormat_read == 41) | (VideoFormat_read == 40) | (VideoFormat_read == 39) | (VideoFormat_read == 34) | (VideoFormat_read == 27) | (VideoFormat_read == 26) | (VideoFormat_read == 17) | (VideoFormat_read == 14) | (VideoFormat_read == 13) | (VideoFormat_read == 9) | (VideoFormat_read == 8) | (VideoFormat_read == 7) | (VideoFormat_read == 6) | (VideoFormat_read == 5) | (VideoFormat_read == 4) | (VideoFormat_read == 3) | (VideoFormat_read == 2) | (VideoFormat_read == 1) | (VideoFormat_read == 0) | (VideoFormat_read == 25 & icmp_ln1295)> <Delay = 0.00>
ST_19 : Operation 90 [1/1] (0.00ns)   --->   "%br_ln0 = br void %if.end268"   --->   Operation 90 'br' 'br_ln0' <Predicate = (VideoFormat_read == 25 & icmp_ln1295) | (VideoFormat_read != 43 & VideoFormat_read != 42 & VideoFormat_read != 18 & VideoFormat_read != 19 & VideoFormat_read != 22 & VideoFormat_read != 23 & VideoFormat_read != 32 & VideoFormat_read != 33 & VideoFormat_read != 37 & VideoFormat_read != 38 & VideoFormat_read != 12 & VideoFormat_read != 28 & VideoFormat_read != 20 & VideoFormat_read != 21 & VideoFormat_read != 30 & VideoFormat_read != 31 & VideoFormat_read != 35 & VideoFormat_read != 36 & VideoFormat_read != 29 & VideoFormat_read != 10 & VideoFormat_read != 11 & VideoFormat_read != 15 & VideoFormat_read != 16 & VideoFormat_read != 25)> <Delay = 0.00>
ST_19 : Operation 91 [1/1] (0.00ns)   --->   "%br_ln0 = br void %if.end269"   --->   Operation 91 'br' 'br_ln0' <Predicate = (VideoFormat_read == 25 & icmp_ln1295) | (VideoFormat_read != 43 & VideoFormat_read != 42 & VideoFormat_read != 18 & VideoFormat_read != 19 & VideoFormat_read != 22 & VideoFormat_read != 23 & VideoFormat_read != 32 & VideoFormat_read != 33 & VideoFormat_read != 37 & VideoFormat_read != 38 & VideoFormat_read != 12 & VideoFormat_read != 28 & VideoFormat_read != 20 & VideoFormat_read != 21 & VideoFormat_read != 30 & VideoFormat_read != 31 & VideoFormat_read != 35 & VideoFormat_read != 36 & VideoFormat_read != 29 & VideoFormat_read != 10 & VideoFormat_read != 11 & VideoFormat_read != 25)> <Delay = 0.00>
ST_19 : Operation 92 [1/1] (0.00ns)   --->   "%br_ln0 = br void %if.end270"   --->   Operation 92 'br' 'br_ln0' <Predicate = (VideoFormat_read == 25 & icmp_ln1295) | (VideoFormat_read != 43 & VideoFormat_read != 42 & VideoFormat_read != 18 & VideoFormat_read != 19 & VideoFormat_read != 22 & VideoFormat_read != 23 & VideoFormat_read != 32 & VideoFormat_read != 33 & VideoFormat_read != 37 & VideoFormat_read != 38 & VideoFormat_read != 12 & VideoFormat_read != 28 & VideoFormat_read != 20 & VideoFormat_read != 21 & VideoFormat_read != 30 & VideoFormat_read != 31 & VideoFormat_read != 35 & VideoFormat_read != 36 & VideoFormat_read != 29 & VideoFormat_read != 25)> <Delay = 0.00>
ST_19 : Operation 93 [1/1] (0.00ns)   --->   "%br_ln0 = br void %if.end271"   --->   Operation 93 'br' 'br_ln0' <Predicate = (VideoFormat_read == 25 & icmp_ln1295) | (VideoFormat_read != 43 & VideoFormat_read != 42 & VideoFormat_read != 18 & VideoFormat_read != 19 & VideoFormat_read != 22 & VideoFormat_read != 23 & VideoFormat_read != 32 & VideoFormat_read != 33 & VideoFormat_read != 37 & VideoFormat_read != 38 & VideoFormat_read != 12 & VideoFormat_read != 28 & VideoFormat_read != 20 & VideoFormat_read != 21 & VideoFormat_read != 30 & VideoFormat_read != 31 & VideoFormat_read != 35 & VideoFormat_read != 36 & VideoFormat_read != 25)> <Delay = 0.00>
ST_19 : Operation 94 [1/1] (0.00ns)   --->   "%br_ln0 = br void %if.end272"   --->   Operation 94 'br' 'br_ln0' <Predicate = (VideoFormat_read == 25 & icmp_ln1295) | (VideoFormat_read != 43 & VideoFormat_read != 42 & VideoFormat_read != 18 & VideoFormat_read != 19 & VideoFormat_read != 22 & VideoFormat_read != 23 & VideoFormat_read != 32 & VideoFormat_read != 33 & VideoFormat_read != 37 & VideoFormat_read != 38 & VideoFormat_read != 12 & VideoFormat_read != 28 & VideoFormat_read != 20 & VideoFormat_read != 21 & VideoFormat_read != 30 & VideoFormat_read != 31 & VideoFormat_read != 25)> <Delay = 0.00>
ST_19 : Operation 95 [1/1] (0.00ns)   --->   "%br_ln0 = br void %if.end273"   --->   Operation 95 'br' 'br_ln0' <Predicate = (VideoFormat_read == 25 & icmp_ln1295) | (VideoFormat_read != 43 & VideoFormat_read != 42 & VideoFormat_read != 18 & VideoFormat_read != 19 & VideoFormat_read != 22 & VideoFormat_read != 23 & VideoFormat_read != 32 & VideoFormat_read != 33 & VideoFormat_read != 37 & VideoFormat_read != 38 & VideoFormat_read != 12 & VideoFormat_read != 28 & VideoFormat_read != 20 & VideoFormat_read != 21 & VideoFormat_read != 25)> <Delay = 0.00>
ST_19 : Operation 96 [1/1] (0.00ns)   --->   "%br_ln0 = br void %if.end274"   --->   Operation 96 'br' 'br_ln0' <Predicate = (VideoFormat_read == 25 & icmp_ln1295) | (VideoFormat_read != 43 & VideoFormat_read != 42 & VideoFormat_read != 18 & VideoFormat_read != 19 & VideoFormat_read != 22 & VideoFormat_read != 23 & VideoFormat_read != 32 & VideoFormat_read != 33 & VideoFormat_read != 37 & VideoFormat_read != 38 & VideoFormat_read != 12 & VideoFormat_read != 28 & VideoFormat_read != 25)> <Delay = 0.00>
ST_19 : Operation 97 [1/1] (0.00ns)   --->   "%br_ln0 = br void %if.end275"   --->   Operation 97 'br' 'br_ln0' <Predicate = (VideoFormat_read == 25 & icmp_ln1295) | (VideoFormat_read != 43 & VideoFormat_read != 42 & VideoFormat_read != 18 & VideoFormat_read != 19 & VideoFormat_read != 22 & VideoFormat_read != 23 & VideoFormat_read != 32 & VideoFormat_read != 33 & VideoFormat_read != 37 & VideoFormat_read != 38 & VideoFormat_read != 12 & VideoFormat_read != 25)> <Delay = 0.00>
ST_19 : Operation 98 [1/1] (0.00ns)   --->   "%br_ln0 = br void %if.end276"   --->   Operation 98 'br' 'br_ln0' <Predicate = (VideoFormat_read == 25 & icmp_ln1295) | (VideoFormat_read != 43 & VideoFormat_read != 42 & VideoFormat_read != 18 & VideoFormat_read != 19 & VideoFormat_read != 22 & VideoFormat_read != 23 & VideoFormat_read != 32 & VideoFormat_read != 33 & VideoFormat_read != 37 & VideoFormat_read != 38 & VideoFormat_read != 25)> <Delay = 0.00>
ST_19 : Operation 99 [1/1] (0.00ns)   --->   "%br_ln0 = br void %if.end277"   --->   Operation 99 'br' 'br_ln0' <Predicate = (VideoFormat_read == 25 & icmp_ln1295) | (VideoFormat_read != 43 & VideoFormat_read != 42 & VideoFormat_read != 18 & VideoFormat_read != 19 & VideoFormat_read != 22 & VideoFormat_read != 23 & VideoFormat_read != 32 & VideoFormat_read != 33 & VideoFormat_read != 25)> <Delay = 0.00>
ST_19 : Operation 100 [1/1] (0.00ns)   --->   "%br_ln0 = br void %if.end278"   --->   Operation 100 'br' 'br_ln0' <Predicate = (VideoFormat_read == 25 & icmp_ln1295) | (VideoFormat_read != 43 & VideoFormat_read != 42 & VideoFormat_read != 18 & VideoFormat_read != 19 & VideoFormat_read != 22 & VideoFormat_read != 23 & VideoFormat_read != 25)> <Delay = 0.00>
ST_19 : Operation 101 [1/1] (0.00ns)   --->   "%br_ln0 = br void %if.end279"   --->   Operation 101 'br' 'br_ln0' <Predicate = (VideoFormat_read == 25 & icmp_ln1295) | (VideoFormat_read != 43 & VideoFormat_read != 42 & VideoFormat_read != 18 & VideoFormat_read != 19 & VideoFormat_read != 25)> <Delay = 0.00>
ST_19 : Operation 102 [1/1] (0.00ns)   --->   "%br_ln0 = br void %if.end280"   --->   Operation 102 'br' 'br_ln0' <Predicate = (VideoFormat_read == 25 & icmp_ln1295) | (VideoFormat_read != 43 & VideoFormat_read != 42 & VideoFormat_read != 25)> <Delay = 0.00>
ST_19 : Operation 103 [1/1] (0.00ns)   --->   "%br_ln0 = br void %if.end281"   --->   Operation 103 'br' 'br_ln0' <Predicate = (VideoFormat_read != 43 & icmp_ln1295) | (VideoFormat_read != 43 & VideoFormat_read != 25) | (VideoFormat_read != 43 & VideoFormat_read == 24) | (VideoFormat_read != 43 & VideoFormat_read == 16) | (VideoFormat_read != 43 & VideoFormat_read == 15) | (VideoFormat_read != 43 & VideoFormat_read == 11) | (VideoFormat_read != 43 & VideoFormat_read == 10) | (VideoFormat_read != 43 & VideoFormat_read == 29) | (VideoFormat_read != 43 & VideoFormat_read == 36) | (VideoFormat_read != 43 & VideoFormat_read == 35) | (VideoFormat_read != 43 & VideoFormat_read == 31) | (VideoFormat_read != 43 & VideoFormat_read == 30) | (VideoFormat_read != 43 & VideoFormat_read == 21) | (VideoFormat_read != 43 & VideoFormat_read == 20) | (VideoFormat_read != 43 & VideoFormat_read == 28) | (VideoFormat_read != 43 & VideoFormat_read == 12) | (VideoFormat_read != 43 & VideoFormat_read == 38) | (VideoFormat_read != 43 & VideoFormat_read == 37) | (VideoFormat_read != 43 & VideoFormat_read == 33) | (VideoFormat_read != 43 & VideoFormat_read == 32) | (VideoFormat_read != 43 & VideoFormat_read == 23) | (VideoFormat_read != 43 & VideoFormat_read == 22) | (VideoFormat_read != 43 & VideoFormat_read == 19) | (VideoFormat_read != 43 & VideoFormat_read == 18) | (VideoFormat_read != 43 & VideoFormat_read == 42)> <Delay = 0.00>
ST_19 : Operation 104 [1/1] (0.00ns)   --->   "%ret_ln1526 = ret" [D:/zynqmp_cam_isp_demo/zynqmp_cam_isp_demo.runs/design_1_v_frmbuf_rd_0_0_synth_1/prj/sol/.autopilot/db/v_frmbuf_rd.cpp:1526]   --->   Operation 104 'ret' 'ret_ln1526' <Predicate = (icmp_ln1295) | (VideoFormat_read != 25)> <Delay = 0.00>

State 20 <SV = 19> <Delay = 0.00>
ST_20 : Operation 105 [1/1] (0.00ns)   --->   "%speclooptripcount_ln1297 = speclooptripcount void @_ssdm_op_SpecLoopTripCount, i64 0, i64 4320, i64 2160" [D:/zynqmp_cam_isp_demo/zynqmp_cam_isp_demo.runs/design_1_v_frmbuf_rd_0_0_synth_1/prj/sol/.autopilot/db/v_frmbuf_rd.cpp:1297]   --->   Operation 105 'speclooptripcount' 'speclooptripcount_ln1297' <Predicate = true> <Delay = 0.00>
ST_20 : Operation 106 [1/1] (0.00ns)   --->   "%specloopname_ln1295 = specloopname void @_ssdm_op_SpecLoopName, void @empty_9" [D:/zynqmp_cam_isp_demo/zynqmp_cam_isp_demo.runs/design_1_v_frmbuf_rd_0_0_synth_1/prj/sol/.autopilot/db/v_frmbuf_rd.cpp:1295]   --->   Operation 106 'specloopname' 'specloopname_ln1295' <Predicate = true> <Delay = 0.00>
ST_20 : Operation 107 [1/2] (0.00ns)   --->   "%call_ln1289 = call void @Bytes2MultiPixStream_Pipeline_VITIS_LOOP_1302_4, i13 %trunc_ln, i1 %icmp_ln1292, i1 %cmp226_4, i1 %tmp_3, i1 %cmp226_2, i1 %icmp16, i64 %bytePlanes1, i13 %sub222, i1 %cmp226, i30 %img" [D:/zynqmp_cam_isp_demo/zynqmp_cam_isp_demo.runs/design_1_v_frmbuf_rd_0_0_synth_1/prj/sol/.autopilot/db/v_frmbuf_rd.cpp:1289]   --->   Operation 107 'call' 'call_ln1289' <Predicate = true> <Delay = 0.00> <CoreType = "Generic">   --->   Core 0 '' <Latency = 0> <II = 1> <Delay = 1.00> <Generic> <Opcode : >
ST_20 : Operation 108 [1/1] (0.00ns)   --->   "%br_ln1295 = br void %for.body159" [D:/zynqmp_cam_isp_demo/zynqmp_cam_isp_demo.runs/design_1_v_frmbuf_rd_0_0_synth_1/prj/sol/.autopilot/db/v_frmbuf_rd.cpp:1295]   --->   Operation 108 'br' 'br_ln1295' <Predicate = true> <Delay = 0.00>

State 21 <SV = 1> <Delay = 1.69>
ST_21 : Operation 109 [1/1] (0.00ns)   --->   "%y = alloca i32 1"   --->   Operation 109 'alloca' 'y' <Predicate = true> <Delay = 0.00>
ST_21 : Operation 110 [1/1] (0.00ns)   --->   "%remainPix = trunc i15 %widthInPix" [D:/zynqmp_cam_isp_demo/zynqmp_cam_isp_demo.runs/design_1_v_frmbuf_rd_0_0_synth_1/prj/sol/.autopilot/db/v_frmbuf_rd.cpp:1249]   --->   Operation 110 'trunc' 'remainPix' <Predicate = true> <Delay = 0.00>
ST_21 : Operation 111 [1/1] (0.00ns)   --->   "%zext_ln1249 = zext i15 %widthInPix" [D:/zynqmp_cam_isp_demo/zynqmp_cam_isp_demo.runs/design_1_v_frmbuf_rd_0_0_synth_1/prj/sol/.autopilot/db/v_frmbuf_rd.cpp:1249]   --->   Operation 111 'zext' 'zext_ln1249' <Predicate = true> <Delay = 0.00>
ST_21 : Operation 112 [1/1] (0.84ns)   --->   "%add_ln1249 = add i16 %zext_ln1249, i16 7" [D:/zynqmp_cam_isp_demo/zynqmp_cam_isp_demo.runs/design_1_v_frmbuf_rd_0_0_synth_1/prj/sol/.autopilot/db/v_frmbuf_rd.cpp:1249]   --->   Operation 112 'add' 'add_ln1249' <Predicate = true> <Delay = 0.84> <CoreInst = "Adder">   --->   Core 1 'Adder' <Latency = 0> <II = 1> <Delay = 0.84> <FuncUnit> <Opcode : 'add' 'sub'> <InPorts = 2> <OutPorts = 1>
ST_21 : Operation 113 [1/1] (0.00ns)   --->   "%trunc_ln1249_1 = partselect i13 @_ssdm_op_PartSelect.i13.i16.i32.i32, i16 %add_ln1249, i32 3, i32 15" [D:/zynqmp_cam_isp_demo/zynqmp_cam_isp_demo.runs/design_1_v_frmbuf_rd_0_0_synth_1/prj/sol/.autopilot/db/v_frmbuf_rd.cpp:1249]   --->   Operation 113 'partselect' 'trunc_ln1249_1' <Predicate = true> <Delay = 0.00>
ST_21 : Operation 114 [1/1] (0.00ns)   --->   "%zext_ln1251 = zext i3 %remainPix" [D:/zynqmp_cam_isp_demo/zynqmp_cam_isp_demo.runs/design_1_v_frmbuf_rd_0_0_synth_1/prj/sol/.autopilot/db/v_frmbuf_rd.cpp:1251]   --->   Operation 114 'zext' 'zext_ln1251' <Predicate = true> <Delay = 0.00>
ST_21 : Operation 115 [1/1] (0.58ns)   --->   "%icmp_ln1252 = icmp_eq  i3 %remainPix, i3 0" [D:/zynqmp_cam_isp_demo/zynqmp_cam_isp_demo.runs/design_1_v_frmbuf_rd_0_0_synth_1/prj/sol/.autopilot/db/v_frmbuf_rd.cpp:1252]   --->   Operation 115 'icmp' 'icmp_ln1252' <Predicate = true> <Delay = 0.58> <CoreInst = "Cmp">   --->   Core 9 'Cmp' <Latency = 0> <II = 1> <Delay = 0.58> <FuncUnit> <Opcode : 'icmp'> <InPorts = 2> <OutPorts = 1>
ST_21 : Operation 116 [1/1] (0.39ns)   --->   "%remainPix_1 = select i1 %icmp_ln1252, i4 8, i4 %zext_ln1251" [D:/zynqmp_cam_isp_demo/zynqmp_cam_isp_demo.runs/design_1_v_frmbuf_rd_0_0_synth_1/prj/sol/.autopilot/db/v_frmbuf_rd.cpp:1252]   --->   Operation 116 'select' 'remainPix_1' <Predicate = true> <Delay = 0.39> <CoreInst = "Sel">   --->   Core 73 'Sel' <Latency = 0> <II = 1> <Delay = 0.39> <FuncUnit> <Opcode : 'select'> <InPorts = 3> <OutPorts = 1>
ST_21 : Operation 117 [1/1] (0.82ns)   --->   "%sub121 = add i13 %trunc_ln1249_1, i13 8191" [D:/zynqmp_cam_isp_demo/zynqmp_cam_isp_demo.runs/design_1_v_frmbuf_rd_0_0_synth_1/prj/sol/.autopilot/db/v_frmbuf_rd.cpp:1249]   --->   Operation 117 'add' 'sub121' <Predicate = true> <Delay = 0.82> <CoreInst = "Adder">   --->   Core 1 'Adder' <Latency = 0> <II = 1> <Delay = 0.82> <FuncUnit> <Opcode : 'add' 'sub'> <InPorts = 2> <OutPorts = 1>
ST_21 : Operation 118 [1/1] (0.72ns)   --->   "%cmp125 = icmp_ne  i4 %remainPix_1, i4 0" [D:/zynqmp_cam_isp_demo/zynqmp_cam_isp_demo.runs/design_1_v_frmbuf_rd_0_0_synth_1/prj/sol/.autopilot/db/v_frmbuf_rd.cpp:1252]   --->   Operation 118 'icmp' 'cmp125' <Predicate = true> <Delay = 0.72> <CoreInst = "Cmp">   --->   Core 9 'Cmp' <Latency = 0> <II = 1> <Delay = 0.72> <FuncUnit> <Opcode : 'icmp'> <InPorts = 2> <OutPorts = 1>
ST_21 : Operation 119 [1/1] (0.00ns)   --->   "%tmp = partselect i3 @_ssdm_op_PartSelect.i3.i4.i32.i32, i4 %remainPix_1, i32 1, i32 3" [D:/zynqmp_cam_isp_demo/zynqmp_cam_isp_demo.runs/design_1_v_frmbuf_rd_0_0_synth_1/prj/sol/.autopilot/db/v_frmbuf_rd.cpp:1252]   --->   Operation 119 'partselect' 'tmp' <Predicate = true> <Delay = 0.00>
ST_21 : Operation 120 [1/1] (0.58ns)   --->   "%icmp = icmp_ne  i3 %tmp, i3 0" [D:/zynqmp_cam_isp_demo/zynqmp_cam_isp_demo.runs/design_1_v_frmbuf_rd_0_0_synth_1/prj/sol/.autopilot/db/v_frmbuf_rd.cpp:1252]   --->   Operation 120 'icmp' 'icmp' <Predicate = true> <Delay = 0.58> <CoreInst = "Cmp">   --->   Core 9 'Cmp' <Latency = 0> <II = 1> <Delay = 0.58> <FuncUnit> <Opcode : 'icmp'> <InPorts = 2> <OutPorts = 1>
ST_21 : Operation 121 [1/1] (0.72ns)   --->   "%cmp125_2 = icmp_ugt  i4 %remainPix_1, i4 2" [D:/zynqmp_cam_isp_demo/zynqmp_cam_isp_demo.runs/design_1_v_frmbuf_rd_0_0_synth_1/prj/sol/.autopilot/db/v_frmbuf_rd.cpp:1252]   --->   Operation 121 'icmp' 'cmp125_2' <Predicate = true> <Delay = 0.72> <CoreInst = "Cmp">   --->   Core 9 'Cmp' <Latency = 0> <II = 1> <Delay = 0.72> <FuncUnit> <Opcode : 'icmp'> <InPorts = 2> <OutPorts = 1>
ST_21 : Operation 122 [1/1] (0.00ns)   --->   "%tmp_1 = partselect i2 @_ssdm_op_PartSelect.i2.i4.i32.i32, i4 %remainPix_1, i32 2, i32 3" [D:/zynqmp_cam_isp_demo/zynqmp_cam_isp_demo.runs/design_1_v_frmbuf_rd_0_0_synth_1/prj/sol/.autopilot/db/v_frmbuf_rd.cpp:1252]   --->   Operation 122 'partselect' 'tmp_1' <Predicate = true> <Delay = 0.00>
ST_21 : Operation 123 [1/1] (0.44ns)   --->   "%icmp13 = icmp_ne  i2 %tmp_1, i2 0" [D:/zynqmp_cam_isp_demo/zynqmp_cam_isp_demo.runs/design_1_v_frmbuf_rd_0_0_synth_1/prj/sol/.autopilot/db/v_frmbuf_rd.cpp:1252]   --->   Operation 123 'icmp' 'icmp13' <Predicate = true> <Delay = 0.44> <CoreInst = "Cmp">   --->   Core 9 'Cmp' <Latency = 0> <II = 1> <Delay = 0.44> <FuncUnit> <Opcode : 'icmp'> <InPorts = 2> <OutPorts = 1>
ST_21 : Operation 124 [1/1] (0.72ns)   --->   "%cmp125_4 = icmp_ugt  i4 %remainPix_1, i4 4" [D:/zynqmp_cam_isp_demo/zynqmp_cam_isp_demo.runs/design_1_v_frmbuf_rd_0_0_synth_1/prj/sol/.autopilot/db/v_frmbuf_rd.cpp:1252]   --->   Operation 124 'icmp' 'cmp125_4' <Predicate = true> <Delay = 0.72> <CoreInst = "Cmp">   --->   Core 9 'Cmp' <Latency = 0> <II = 1> <Delay = 0.72> <FuncUnit> <Opcode : 'icmp'> <InPorts = 2> <OutPorts = 1>
ST_21 : Operation 125 [1/1] (0.72ns)   --->   "%cmp125_5 = icmp_ugt  i4 %remainPix_1, i4 5" [D:/zynqmp_cam_isp_demo/zynqmp_cam_isp_demo.runs/design_1_v_frmbuf_rd_0_0_synth_1/prj/sol/.autopilot/db/v_frmbuf_rd.cpp:1252]   --->   Operation 125 'icmp' 'cmp125_5' <Predicate = true> <Delay = 0.72> <CoreInst = "Cmp">   --->   Core 9 'Cmp' <Latency = 0> <II = 1> <Delay = 0.72> <FuncUnit> <Opcode : 'icmp'> <InPorts = 2> <OutPorts = 1>
ST_21 : Operation 126 [1/1] (0.72ns)   --->   "%cmp125_6 = icmp_ugt  i4 %remainPix_1, i4 6" [D:/zynqmp_cam_isp_demo/zynqmp_cam_isp_demo.runs/design_1_v_frmbuf_rd_0_0_synth_1/prj/sol/.autopilot/db/v_frmbuf_rd.cpp:1252]   --->   Operation 126 'icmp' 'cmp125_6' <Predicate = true> <Delay = 0.72> <CoreInst = "Cmp">   --->   Core 9 'Cmp' <Latency = 0> <II = 1> <Delay = 0.72> <FuncUnit> <Opcode : 'icmp'> <InPorts = 2> <OutPorts = 1>
ST_21 : Operation 127 [1/1] (0.42ns)   --->   "%store_ln1255 = store i12 0, i12 %y" [D:/zynqmp_cam_isp_demo/zynqmp_cam_isp_demo.runs/design_1_v_frmbuf_rd_0_0_synth_1/prj/sol/.autopilot/db/v_frmbuf_rd.cpp:1255]   --->   Operation 127 'store' 'store_ln1255' <Predicate = true> <Delay = 0.42>
ST_21 : Operation 128 [1/1] (0.00ns)   --->   "%br_ln1255 = br void %for.body" [D:/zynqmp_cam_isp_demo/zynqmp_cam_isp_demo.runs/design_1_v_frmbuf_rd_0_0_synth_1/prj/sol/.autopilot/db/v_frmbuf_rd.cpp:1255]   --->   Operation 128 'br' 'br_ln1255' <Predicate = true> <Delay = 0.00>

State 22 <SV = 2> <Delay = 2.40>
ST_22 : Operation 129 [1/1] (0.00ns)   --->   "%y_2 = load i12 %y" [D:/zynqmp_cam_isp_demo/zynqmp_cam_isp_demo.runs/design_1_v_frmbuf_rd_0_0_synth_1/prj/sol/.autopilot/db/v_frmbuf_rd.cpp:1255]   --->   Operation 129 'load' 'y_2' <Predicate = true> <Delay = 0.00>
ST_22 : Operation 130 [1/1] (0.97ns)   --->   "%icmp_ln1255 = icmp_eq  i12 %y_2, i12 %Height_read" [D:/zynqmp_cam_isp_demo/zynqmp_cam_isp_demo.runs/design_1_v_frmbuf_rd_0_0_synth_1/prj/sol/.autopilot/db/v_frmbuf_rd.cpp:1255]   --->   Operation 130 'icmp' 'icmp_ln1255' <Predicate = true> <Delay = 0.97> <CoreInst = "Cmp">   --->   Core 9 'Cmp' <Latency = 0> <II = 1> <Delay = 0.97> <FuncUnit> <Opcode : 'icmp'> <InPorts = 2> <OutPorts = 1>
ST_22 : Operation 131 [1/1] (0.80ns)   --->   "%y_3 = add i12 %y_2, i12 1" [D:/zynqmp_cam_isp_demo/zynqmp_cam_isp_demo.runs/design_1_v_frmbuf_rd_0_0_synth_1/prj/sol/.autopilot/db/v_frmbuf_rd.cpp:1255]   --->   Operation 131 'add' 'y_3' <Predicate = true> <Delay = 0.80> <CoreInst = "Adder">   --->   Core 1 'Adder' <Latency = 0> <II = 1> <Delay = 0.80> <FuncUnit> <Opcode : 'add' 'sub'> <InPorts = 2> <OutPorts = 1>
ST_22 : Operation 132 [1/1] (0.00ns)   --->   "%br_ln1255 = br i1 %icmp_ln1255, void %for.body.split, void %if.end267.loopexit" [D:/zynqmp_cam_isp_demo/zynqmp_cam_isp_demo.runs/design_1_v_frmbuf_rd_0_0_synth_1/prj/sol/.autopilot/db/v_frmbuf_rd.cpp:1255]   --->   Operation 132 'br' 'br_ln1255' <Predicate = true> <Delay = 0.00>
ST_22 : Operation 133 [1/1] (0.00ns)   --->   "%empty = wait i32 @_ssdm_op_Wait"   --->   Operation 133 'wait' 'empty' <Predicate = (!icmp_ln1255)> <Delay = 0.00>
ST_22 : Operation 134 [2/2] (1.43ns)   --->   "%call_ln1249 = call void @Bytes2MultiPixStream_Pipeline_VITIS_LOOP_1262_1, i13 %trunc_ln1249_1, i1 %icmp_ln1252, i1 %cmp125_6, i1 %cmp125_5, i1 %cmp125_4, i1 %icmp13, i1 %cmp125_2, i1 %icmp, i64 %bytePlanes1, i13 %sub121, i1 %cmp125, i30 %img" [D:/zynqmp_cam_isp_demo/zynqmp_cam_isp_demo.runs/design_1_v_frmbuf_rd_0_0_synth_1/prj/sol/.autopilot/db/v_frmbuf_rd.cpp:1249]   --->   Operation 134 'call' 'call_ln1249' <Predicate = (!icmp_ln1255)> <Delay = 1.43> <CoreType = "Generic">   --->   Core 0 '' <Latency = 0> <II = 1> <Delay = 1.00> <Generic> <Opcode : >
ST_22 : Operation 135 [1/1] (0.42ns)   --->   "%store_ln1255 = store i12 %y_3, i12 %y" [D:/zynqmp_cam_isp_demo/zynqmp_cam_isp_demo.runs/design_1_v_frmbuf_rd_0_0_synth_1/prj/sol/.autopilot/db/v_frmbuf_rd.cpp:1255]   --->   Operation 135 'store' 'store_ln1255' <Predicate = (!icmp_ln1255)> <Delay = 0.42>
ST_22 : Operation 136 [1/1] (0.00ns)   --->   "%br_ln0 = br void %if.end267"   --->   Operation 136 'br' 'br_ln0' <Predicate = (icmp_ln1255)> <Delay = 0.00>

State 23 <SV = 3> <Delay = 0.00>
ST_23 : Operation 137 [1/1] (0.00ns)   --->   "%speclooptripcount_ln1257 = speclooptripcount void @_ssdm_op_SpecLoopTripCount, i64 0, i64 4320, i64 2160" [D:/zynqmp_cam_isp_demo/zynqmp_cam_isp_demo.runs/design_1_v_frmbuf_rd_0_0_synth_1/prj/sol/.autopilot/db/v_frmbuf_rd.cpp:1257]   --->   Operation 137 'speclooptripcount' 'speclooptripcount_ln1257' <Predicate = true> <Delay = 0.00>
ST_23 : Operation 138 [1/1] (0.00ns)   --->   "%specloopname_ln1255 = specloopname void @_ssdm_op_SpecLoopName, void @empty_6" [D:/zynqmp_cam_isp_demo/zynqmp_cam_isp_demo.runs/design_1_v_frmbuf_rd_0_0_synth_1/prj/sol/.autopilot/db/v_frmbuf_rd.cpp:1255]   --->   Operation 138 'specloopname' 'specloopname_ln1255' <Predicate = true> <Delay = 0.00>
ST_23 : Operation 139 [1/2] (0.00ns)   --->   "%call_ln1249 = call void @Bytes2MultiPixStream_Pipeline_VITIS_LOOP_1262_1, i13 %trunc_ln1249_1, i1 %icmp_ln1252, i1 %cmp125_6, i1 %cmp125_5, i1 %cmp125_4, i1 %icmp13, i1 %cmp125_2, i1 %icmp, i64 %bytePlanes1, i13 %sub121, i1 %cmp125, i30 %img" [D:/zynqmp_cam_isp_demo/zynqmp_cam_isp_demo.runs/design_1_v_frmbuf_rd_0_0_synth_1/prj/sol/.autopilot/db/v_frmbuf_rd.cpp:1249]   --->   Operation 139 'call' 'call_ln1249' <Predicate = true> <Delay = 0.00> <CoreType = "Generic">   --->   Core 0 '' <Latency = 0> <II = 1> <Delay = 1.00> <Generic> <Opcode : >
ST_23 : Operation 140 [1/1] (0.00ns)   --->   "%br_ln1255 = br void %for.body" [D:/zynqmp_cam_isp_demo/zynqmp_cam_isp_demo.runs/design_1_v_frmbuf_rd_0_0_synth_1/prj/sol/.autopilot/db/v_frmbuf_rd.cpp:1255]   --->   Operation 140 'br' 'br_ln1255' <Predicate = true> <Delay = 0.00>


============================================================
+ Verbose Summary: Timing violations
============================================================
Target clock period: 3.33ns, clock uncertainty: 0.9ns.

 <State 1>: 2.43ns
The critical path consists of the following:
	fifo read operation ('Height_read') on port 'Height' [14]  (1.22 ns)
	fifo write operation ('write_ln0') on port 'height_c' [16]  (1.22 ns)

 <State 2>: 1.39ns
The critical path consists of the following:
	'urem' operation ('remainPix', D:/zynqmp_cam_isp_demo/zynqmp_cam_isp_demo.runs/design_1_v_frmbuf_rd_0_0_synth_1/prj/sol/.autopilot/db/v_frmbuf_rd.cpp:1291) [30]  (1.39 ns)

 <State 3>: 1.39ns
The critical path consists of the following:
	'urem' operation ('remainPix', D:/zynqmp_cam_isp_demo/zynqmp_cam_isp_demo.runs/design_1_v_frmbuf_rd_0_0_synth_1/prj/sol/.autopilot/db/v_frmbuf_rd.cpp:1291) [30]  (1.39 ns)

 <State 4>: 1.39ns
The critical path consists of the following:
	'urem' operation ('remainPix', D:/zynqmp_cam_isp_demo/zynqmp_cam_isp_demo.runs/design_1_v_frmbuf_rd_0_0_synth_1/prj/sol/.autopilot/db/v_frmbuf_rd.cpp:1291) [30]  (1.39 ns)

 <State 5>: 1.39ns
The critical path consists of the following:
	'urem' operation ('remainPix', D:/zynqmp_cam_isp_demo/zynqmp_cam_isp_demo.runs/design_1_v_frmbuf_rd_0_0_synth_1/prj/sol/.autopilot/db/v_frmbuf_rd.cpp:1291) [30]  (1.39 ns)

 <State 6>: 1.39ns
The critical path consists of the following:
	'urem' operation ('remainPix', D:/zynqmp_cam_isp_demo/zynqmp_cam_isp_demo.runs/design_1_v_frmbuf_rd_0_0_synth_1/prj/sol/.autopilot/db/v_frmbuf_rd.cpp:1291) [30]  (1.39 ns)

 <State 7>: 1.39ns
The critical path consists of the following:
	'urem' operation ('remainPix', D:/zynqmp_cam_isp_demo/zynqmp_cam_isp_demo.runs/design_1_v_frmbuf_rd_0_0_synth_1/prj/sol/.autopilot/db/v_frmbuf_rd.cpp:1291) [30]  (1.39 ns)

 <State 8>: 1.39ns
The critical path consists of the following:
	'urem' operation ('remainPix', D:/zynqmp_cam_isp_demo/zynqmp_cam_isp_demo.runs/design_1_v_frmbuf_rd_0_0_synth_1/prj/sol/.autopilot/db/v_frmbuf_rd.cpp:1291) [30]  (1.39 ns)

 <State 9>: 1.39ns
The critical path consists of the following:
	'urem' operation ('remainPix', D:/zynqmp_cam_isp_demo/zynqmp_cam_isp_demo.runs/design_1_v_frmbuf_rd_0_0_synth_1/prj/sol/.autopilot/db/v_frmbuf_rd.cpp:1291) [30]  (1.39 ns)

 <State 10>: 1.39ns
The critical path consists of the following:
	'urem' operation ('remainPix', D:/zynqmp_cam_isp_demo/zynqmp_cam_isp_demo.runs/design_1_v_frmbuf_rd_0_0_synth_1/prj/sol/.autopilot/db/v_frmbuf_rd.cpp:1291) [30]  (1.39 ns)

 <State 11>: 1.39ns
The critical path consists of the following:
	'urem' operation ('remainPix', D:/zynqmp_cam_isp_demo/zynqmp_cam_isp_demo.runs/design_1_v_frmbuf_rd_0_0_synth_1/prj/sol/.autopilot/db/v_frmbuf_rd.cpp:1291) [30]  (1.39 ns)

 <State 12>: 1.39ns
The critical path consists of the following:
	'urem' operation ('remainPix', D:/zynqmp_cam_isp_demo/zynqmp_cam_isp_demo.runs/design_1_v_frmbuf_rd_0_0_synth_1/prj/sol/.autopilot/db/v_frmbuf_rd.cpp:1291) [30]  (1.39 ns)

 <State 13>: 1.39ns
The critical path consists of the following:
	'urem' operation ('remainPix', D:/zynqmp_cam_isp_demo/zynqmp_cam_isp_demo.runs/design_1_v_frmbuf_rd_0_0_synth_1/prj/sol/.autopilot/db/v_frmbuf_rd.cpp:1291) [30]  (1.39 ns)

 <State 14>: 1.39ns
The critical path consists of the following:
	'urem' operation ('remainPix', D:/zynqmp_cam_isp_demo/zynqmp_cam_isp_demo.runs/design_1_v_frmbuf_rd_0_0_synth_1/prj/sol/.autopilot/db/v_frmbuf_rd.cpp:1291) [30]  (1.39 ns)

 <State 15>: 1.39ns
The critical path consists of the following:
	'urem' operation ('remainPix', D:/zynqmp_cam_isp_demo/zynqmp_cam_isp_demo.runs/design_1_v_frmbuf_rd_0_0_synth_1/prj/sol/.autopilot/db/v_frmbuf_rd.cpp:1291) [30]  (1.39 ns)

 <State 16>: 1.39ns
The critical path consists of the following:
	'urem' operation ('remainPix', D:/zynqmp_cam_isp_demo/zynqmp_cam_isp_demo.runs/design_1_v_frmbuf_rd_0_0_synth_1/prj/sol/.autopilot/db/v_frmbuf_rd.cpp:1291) [30]  (1.39 ns)

 <State 17>: 1.39ns
The critical path consists of the following:
	'urem' operation ('remainPix', D:/zynqmp_cam_isp_demo/zynqmp_cam_isp_demo.runs/design_1_v_frmbuf_rd_0_0_synth_1/prj/sol/.autopilot/db/v_frmbuf_rd.cpp:1291) [30]  (1.39 ns)

 <State 18>: 1.38ns
The critical path consists of the following:
	'icmp' operation ('icmp_ln1292', D:/zynqmp_cam_isp_demo/zynqmp_cam_isp_demo.runs/design_1_v_frmbuf_rd_0_0_synth_1/prj/sol/.autopilot/db/v_frmbuf_rd.cpp:1292) [32]  (0.584 ns)
	'select' operation ('remainPix', D:/zynqmp_cam_isp_demo/zynqmp_cam_isp_demo.runs/design_1_v_frmbuf_rd_0_0_synth_1/prj/sol/.autopilot/db/v_frmbuf_rd.cpp:1292) [33]  (0.208 ns)
	'icmp' operation ('cmp226', D:/zynqmp_cam_isp_demo/zynqmp_cam_isp_demo.runs/design_1_v_frmbuf_rd_0_0_synth_1/prj/sol/.autopilot/db/v_frmbuf_rd.cpp:1292) [35]  (0.584 ns)

 <State 19>: 2.41ns
The critical path consists of the following:
	'call' operation ('call_ln1289', D:/zynqmp_cam_isp_demo/zynqmp_cam_isp_demo.runs/design_1_v_frmbuf_rd_0_0_synth_1/prj/sol/.autopilot/db/v_frmbuf_rd.cpp:1289) to 'Bytes2MultiPixStream_Pipeline_VITIS_LOOP_1302_4' [52]  (1.43 ns)
	blocking operation 0.976 ns on control path)

 <State 20>: 0ns
The critical path consists of the following:

 <State 21>: 1.7ns
The critical path consists of the following:
	'icmp' operation ('icmp_ln1252', D:/zynqmp_cam_isp_demo/zynqmp_cam_isp_demo.runs/design_1_v_frmbuf_rd_0_0_synth_1/prj/sol/.autopilot/db/v_frmbuf_rd.cpp:1252) [64]  (0.584 ns)
	'select' operation ('remainPix', D:/zynqmp_cam_isp_demo/zynqmp_cam_isp_demo.runs/design_1_v_frmbuf_rd_0_0_synth_1/prj/sol/.autopilot/db/v_frmbuf_rd.cpp:1252) [65]  (0.391 ns)
	'icmp' operation ('cmp125', D:/zynqmp_cam_isp_demo/zynqmp_cam_isp_demo.runs/design_1_v_frmbuf_rd_0_0_synth_1/prj/sol/.autopilot/db/v_frmbuf_rd.cpp:1252) [67]  (0.721 ns)

 <State 22>: 2.41ns
The critical path consists of the following:
	'call' operation ('call_ln1249', D:/zynqmp_cam_isp_demo/zynqmp_cam_isp_demo.runs/design_1_v_frmbuf_rd_0_0_synth_1/prj/sol/.autopilot/db/v_frmbuf_rd.cpp:1249) to 'Bytes2MultiPixStream_Pipeline_VITIS_LOOP_1262_1' [87]  (1.43 ns)
	blocking operation 0.976 ns on control path)

 <State 23>: 0ns
The critical path consists of the following:


============================================================
+ Verbose Summary: Binding
============================================================
N/A
* FSMD analyzer results:
  - Output states:
 - Input state : 
  - Chain level:
	State 1
	State 2
	State 3
	State 4
	State 5
	State 6
	State 7
	State 8
	State 9
	State 10
	State 11
	State 12
	State 13
	State 14
	State 15
	State 16
	State 17
	State 18
	State 19
	State 20
	State 21
	State 22
	State 23


============================================================
+ Verbose Summary: Datapath Resource usage 
============================================================
N/A
