

================================================================
== Vitis HLS Report for 'AXIvideo2MultiPixStream_Pipeline_loop_width'
================================================================
* Date:           Fri Nov 25 21:03:44 2022

* Version:        2022.1 (Build 3526262 on Mon Apr 18 15:48:16 MDT 2022)
* Project:        prj
* Solution:       sol (Vivado IP Flow Target)
* Product family: zynquplus
* Target device:  xck26-sfvc784-2LV-c


================================================================
== Performance Estimates
================================================================
+ Timing: 
    * Summary: 
    +--------+---------+----------+------------+
    |  Clock |  Target | Estimated| Uncertainty|
    +--------+---------+----------+------------+
    |ap_clk  |  6.66 ns|  2.231 ns|     1.80 ns|
    +--------+---------+----------+------------+

+ Latency: 
    * Summary: 
    +---------+---------+-----------+-----------+-----+------+---------+
    |  Latency (cycles) |   Latency (absolute)  |  Interval  | Pipeline|
    |   min   |   max   |    min    |    max    | min |  max |   Type  |
    +---------+---------+-----------+-----------+-----+------+---------+
    |        3|     3842|  19.989 ns|  25.599 us|    3|  3842|       no|
    +---------+---------+-----------+-----------+-----+------+---------+

    + Detail: 
        * Instance: 
        N/A

        * Loop: 
        +--------------+---------+---------+----------+-----------+-----------+----------+----------+
        |              |  Latency (cycles) | Iteration|  Initiation Interval  |   Trip   |          |
        |   Loop Name  |   min   |   max   |  Latency |  achieved |   target  |   Count  | Pipelined|
        +--------------+---------+---------+----------+-----------+-----------+----------+----------+
        |- loop_width  |        1|     3840|         2|          1|          1|  1 ~ 3840|       yes|
        +--------------+---------+---------+----------+-----------+-----------+----------+----------+



================================================================
== Utilization Estimates
================================================================
* Summary: 
+-----------------+---------+------+--------+--------+-----+
|       Name      | BRAM_18K|  DSP |   FF   |   LUT  | URAM|
+-----------------+---------+------+--------+--------+-----+
|DSP              |        -|     -|       -|       -|    -|
|Expression       |        -|     -|       0|      73|    -|
|FIFO             |        -|     -|       -|       -|    -|
|Instance         |        -|     -|       -|       -|    -|
|Memory           |        -|     -|       -|       -|    -|
|Multiplexer      |        -|     -|       -|     104|    -|
|Register         |        -|     -|      42|       -|    -|
+-----------------+---------+------+--------+--------+-----+
|Total            |        0|     0|      42|     177|    0|
+-----------------+---------+------+--------+--------+-----+
|Available        |      288|  1248|  234240|  117120|   64|
+-----------------+---------+------+--------+--------+-----+
|Utilization (%)  |        0|     0|      ~0|      ~0|    0|
+-----------------+---------+------+--------+--------+-----+

+ Detail: 
    * Instance: 
    N/A

    * DSP: 
    N/A

    * Memory: 
    N/A

    * FIFO: 
    N/A

    * Expression: 
    +----------------------------------+----------+----+---+----+------------+------------+
    |           Variable Name          | Operation| DSP| FF| LUT| Bitwidth P0| Bitwidth P1|
    +----------------------------------+----------+----+---+----+------------+------------+
    |j_2_fu_219_p2                     |         +|   0|  0|  19|          12|           1|
    |ap_block_state1_pp0_stage0_iter0  |       and|   0|  0|   2|           1|           1|
    |ap_block_state2_pp0_stage0_iter1  |       and|   0|  0|   2|           1|           1|
    |ap_condition_259                  |       and|   0|  0|   2|           1|           1|
    |ap_condition_262                  |       and|   0|  0|   2|           1|           1|
    |ap_condition_266                  |       and|   0|  0|   2|           1|           1|
    |ap_predicate_op36_read_state1     |       and|   0|  0|   2|           1|           1|
    |icmp_ln207_fu_213_p2              |      icmp|   0|  0|  12|          12|          12|
    |ap_block_pp0_stage0_01001         |        or|   0|  0|   2|           1|           1|
    |or_ln210_fu_225_p2                |        or|   0|  0|   2|           1|           1|
    |select_ln235_1_fu_298_p3          |    select|   0|  0|   8|           1|           8|
    |select_ln235_2_fu_274_p3          |    select|   0|  0|   8|           1|           8|
    |select_ln235_fu_291_p3            |    select|   0|  0|   8|           1|           8|
    |ap_enable_pp0                     |       xor|   0|  0|   2|           1|           2|
    +----------------------------------+----------+----+---+----+------------+------------+
    |Total                             |          |   0|  0|  73|          36|          47|
    +----------------------------------+----------+----+---+----+------------+------------+

    * Multiplexer: 
    +------------------------------+----+-----------+-----+-----------+
    |             Name             | LUT| Input Size| Bits| Total Bits|
    +------------------------------+----+-----------+-----+-----------+
    |ap_done_int                   |   9|          2|    1|          2|
    |ap_enable_reg_pp0_iter1       |   9|          2|    1|          2|
    |ap_phi_mux_eol_phi_fu_176_p4  |  14|          3|    1|          3|
    |ap_phi_mux_sof_phi_fu_187_p4  |   9|          2|    1|          2|
    |ap_sig_allocacmp_j_1          |   9|          2|   12|         24|
    |axi_data_V_fu_96              |   9|          2|   24|         48|
    |axi_last_V_fu_100             |   9|          2|    1|          2|
    |eol_reg_173                   |   9|          2|    1|          2|
    |img_blk_n                     |   9|          2|    1|          2|
    |j_fu_92                       |   9|          2|   12|         24|
    |s_axis_video_TDATA_blk_n      |   9|          2|    1|          2|
    +------------------------------+----+-----------+-----+-----------+
    |Total                         | 104|         23|   56|        113|
    +------------------------------+----+-----------+-----+-----------+

    * Register: 
    +-------------------------+----+----+-----+-----------+
    |           Name          | FF | LUT| Bits| Const Bits|
    +-------------------------+----+----+-----+-----------+
    |ap_CS_fsm                |   1|   0|    1|          0|
    |ap_done_reg              |   1|   0|    1|          0|
    |ap_enable_reg_pp0_iter1  |   1|   0|    1|          0|
    |axi_data_V_fu_96         |  24|   0|   24|          0|
    |axi_last_V_fu_100        |   1|   0|    1|          0|
    |eol_reg_173              |   1|   0|    1|          0|
    |icmp_ln207_reg_349       |   1|   0|    1|          0|
    |j_fu_92                  |  12|   0|   12|          0|
    +-------------------------+----+----+-----+-----------+
    |Total                    |  42|   0|   42|          0|
    +-------------------------+----+----+-----+-----------+



================================================================
== Interface
================================================================
* Summary: 
+-------------------------+-----+-----+------------+---------------------------------------------+--------------+
|        RTL Ports        | Dir | Bits|  Protocol  |                Source Object                |    C Type    |
+-------------------------+-----+-----+------------+---------------------------------------------+--------------+
|ap_clk                   |   in|    1|  ap_ctrl_hs|  AXIvideo2MultiPixStream_Pipeline_loop_width|  return value|
|ap_rst                   |   in|    1|  ap_ctrl_hs|  AXIvideo2MultiPixStream_Pipeline_loop_width|  return value|
|ap_start                 |   in|    1|  ap_ctrl_hs|  AXIvideo2MultiPixStream_Pipeline_loop_width|  return value|
|ap_done                  |  out|    1|  ap_ctrl_hs|  AXIvideo2MultiPixStream_Pipeline_loop_width|  return value|
|ap_idle                  |  out|    1|  ap_ctrl_hs|  AXIvideo2MultiPixStream_Pipeline_loop_width|  return value|
|ap_ready                 |  out|    1|  ap_ctrl_hs|  AXIvideo2MultiPixStream_Pipeline_loop_width|  return value|
|s_axis_video_TVALID      |   in|    1|        axis|                        s_axis_video_V_data_V|       pointer|
|s_axis_video_TDATA       |   in|   24|        axis|                        s_axis_video_V_data_V|       pointer|
|img_din                  |  out|   24|     ap_fifo|                                          img|       pointer|
|img_num_data_valid       |   in|    2|     ap_fifo|                                          img|       pointer|
|img_fifo_cap             |   in|    2|     ap_fifo|                                          img|       pointer|
|img_full_n               |   in|    1|     ap_fifo|                                          img|       pointer|
|img_write                |  out|    1|     ap_fifo|                                          img|       pointer|
|sof_2                    |   in|    1|     ap_none|                                        sof_2|        scalar|
|axi_last_V_2             |   in|    1|     ap_none|                                 axi_last_V_2|        scalar|
|axi_data_V_2             |   in|   24|     ap_none|                                 axi_data_V_2|        scalar|
|cols                     |   in|   12|     ap_none|                                         cols|        scalar|
|cond                     |   in|    1|     ap_none|                                         cond|        scalar|
|s_axis_video_TREADY      |  out|    1|        axis|                        s_axis_video_V_dest_V|       pointer|
|s_axis_video_TDEST       |   in|    1|        axis|                        s_axis_video_V_dest_V|       pointer|
|s_axis_video_TKEEP       |   in|    3|        axis|                        s_axis_video_V_keep_V|       pointer|
|s_axis_video_TSTRB       |   in|    3|        axis|                        s_axis_video_V_strb_V|       pointer|
|s_axis_video_TUSER       |   in|    1|        axis|                        s_axis_video_V_user_V|       pointer|
|s_axis_video_TLAST       |   in|    1|        axis|                        s_axis_video_V_last_V|       pointer|
|s_axis_video_TID         |   in|    1|        axis|                          s_axis_video_V_id_V|       pointer|
|eol_out                  |  out|    1|      ap_vld|                                      eol_out|       pointer|
|eol_out_ap_vld           |  out|    1|      ap_vld|                                      eol_out|       pointer|
|axi_data_V_3_out         |  out|   24|      ap_vld|                             axi_data_V_3_out|       pointer|
|axi_data_V_3_out_ap_vld  |  out|    1|      ap_vld|                             axi_data_V_3_out|       pointer|
+-------------------------+-----+-----+------------+---------------------------------------------+--------------+

