

================================================================
== Vitis HLS Report for 'v_frmbuf_wr'
================================================================
* Date:           Sat Dec 17 00:27:29 2022

* Version:        2022.1 (Build 3526262 on Mon Apr 18 15:48:16 MDT 2022)
* Project:        prj
* Solution:       sol (Vivado IP Flow Target)
* Product family: zynquplus
* Target device:  xck26-sfvc784-2LV-c


================================================================
== Performance Estimates
================================================================
+ Timing: 
    * Summary: 
    +--------+---------+----------+------------+
    |  Clock |  Target | Estimated| Uncertainty|
    +--------+---------+----------+------------+
    |ap_clk  |  3.33 ns|  2.433 ns|     0.90 ns|
    +--------+---------+----------+------------+

+ Latency: 
    * Summary: 
    +---------+-----------+-----------+-----------+-----+-----------+---------+
    |   Latency (cycles)  |   Latency (absolute)  |     Interval    | Pipeline|
    |   min   |    max    |    min    |    max    | min |    max    |   Type  |
    +---------+-----------+-----------+-----------+-----+-----------+---------+
    |       16|  283145769|  53.328 ns|  0.944 sec|   17|  283145770|       no|
    +---------+-----------+-----------+-----------+-----+-----------+---------+

    + Detail: 
        * Instance: 
        +--------------------------------+---------------------+---------+-----------+-----------+-----------+-----+-----------+----------+
        |                                |                     |   Latency (cycles)  |   Latency (absolute)  |     Interval    | Pipeline |
        |            Instance            |        Module       |   min   |    max    |    min    |    max    | min |    max    |   Type   |
        +--------------------------------+---------------------+---------+-----------+-----------+-----------+-----+-----------+----------+
        |grp_FrmbufWrHlsDataFlow_fu_162  |FrmbufWrHlsDataFlow  |       12|  283145765|  39.996 ns|  0.944 sec|    7|  283145764|  dataflow|
        +--------------------------------+---------------------+---------+-----------+-----------+-----------+-----+-----------+----------+

        * Loop: 
        N/A



================================================================
== Utilization Estimates
================================================================
* Summary: 
+-----------------+---------+------+--------+--------+-----+
|       Name      | BRAM_18K|  DSP |   FF   |   LUT  | URAM|
+-----------------+---------+------+--------+--------+-----+
|DSP              |        -|     -|       -|       -|    -|
|Expression       |        -|     -|       0|       6|    -|
|FIFO             |        -|     -|       -|       -|    -|
|Instance         |        8|     2|    5194|    8543|    0|
|Memory           |        0|     -|       6|       6|    -|
|Multiplexer      |        -|     -|       -|      67|    -|
|Register         |        -|     -|     140|       -|    -|
+-----------------+---------+------+--------+--------+-----+
|Total            |        8|     2|    5340|    8622|    0|
+-----------------+---------+------+--------+--------+-----+
|Available        |      288|  1248|  234240|  117120|   64|
+-----------------+---------+------+--------+--------+-----+
|Utilization (%)  |        2|    ~0|       2|       7|    0|
+-----------------+---------+------+--------+--------+-----+

+ Detail: 
    * Instance: 
    +--------------------------------+---------------------+---------+----+------+------+-----+
    |            Instance            |        Module       | BRAM_18K| DSP|  FF  |  LUT | URAM|
    +--------------------------------+---------------------+---------+----+------+------+-----+
    |CTRL_s_axi_U                    |CTRL_s_axi           |        0|   0|   238|   360|    0|
    |grp_FrmbufWrHlsDataFlow_fu_162  |FrmbufWrHlsDataFlow  |        8|   2|  4192|  6947|    0|
    |mm_video_m_axi_U                |mm_video_m_axi       |        0|   0|   764|  1231|    0|
    |mul_12ns_3ns_15_1_1_U206        |mul_12ns_3ns_15_1_1  |        0|   0|     0|     5|    0|
    +--------------------------------+---------------------+---------+----+------+------+-----+
    |Total                           |                     |        8|   2|  5194|  8543|    0|
    +--------------------------------+---------------------+---------+----+------+------+-----+

    * DSP: 
    N/A

    * Memory: 
    +-------------------+-----------------------------+---------+---+----+-----+------+-----+------+-------------+
    |       Memory      |            Module           | BRAM_18K| FF| LUT| URAM| Words| Bits| Banks| W*Bits*Banks|
    +-------------------+-----------------------------+---------+---+----+-----+------+-----+------+-------------+
    |BYTES_PER_PIXEL_U  |BYTES_PER_PIXEL_ROM_AUTO_1R  |        0|  3|   3|    0|    44|    3|     1|          132|
    |MEMORY2LIVE_U      |MEMORY2LIVE_ROM_AUTO_1R      |        0|  3|   3|    0|    44|    3|     1|          132|
    +-------------------+-----------------------------+---------+---+----+-----+------+-----+------+-------------+
    |Total              |                             |        0|  6|   6|    0|    88|    6|     2|          264|
    +-------------------+-----------------------------+---------+---+----+-----+------+-----+------+-------------+

    * FIFO: 
    N/A

    * Expression: 
    +-------------------------------------------------+----------+----+---+----+------------+------------+
    |                  Variable Name                  | Operation| DSP| FF| LUT| Bitwidth P0| Bitwidth P1|
    +-------------------------------------------------+----------+----+---+----+------------+------------+
    |s_axi_CTRL_flush_done                            |       and|   0|  0|   2|           1|           0|
    |ap_sync_grp_FrmbufWrHlsDataFlow_fu_162_ap_done   |        or|   0|  0|   2|           1|           1|
    |ap_sync_grp_FrmbufWrHlsDataFlow_fu_162_ap_ready  |        or|   0|  0|   2|           1|           1|
    +-------------------------------------------------+----------+----+---+----+------------+------------+
    |Total                                            |          |   0|  0|   6|           3|           2|
    +-------------------------------------------------+----------+----+---+----+------------+------------+

    * Multiplexer: 
    +----------------------------------+----+-----------+-----+-----------+
    |               Name               | LUT| Input Size| Bits| Total Bits|
    +----------------------------------+----+-----------+-----+-----------+
    |ap_NS_fsm                         |  31|          6|    1|          6|
    |mm_video_AWVALID                  |   9|          2|    1|          2|
    |mm_video_BREADY                   |   9|          2|    1|          2|
    |mm_video_WVALID                   |   9|          2|    1|          2|
    |s_axis_video_TREADY_int_regslice  |   9|          2|    1|          2|
    +----------------------------------+----+-----------+-----+-----------+
    |Total                             |  67|         14|    5|         14|
    +----------------------------------+----+-----------+-----+-----------+

    * Register: 
    +-----------------------------------------------------+----+----+-----+-----------+
    |                         Name                        | FF | LUT| Bits| Const Bits|
    +-----------------------------------------------------+----+----+-----+-----------+
    |BYTES_PER_PIXEL_load_reg_261                         |   3|   0|    3|          0|
    |WidthInBytes_reg_271                                 |  15|   0|   15|          0|
    |ap_CS_fsm                                            |   5|   0|    5|          0|
    |ap_sync_reg_grp_FrmbufWrHlsDataFlow_fu_162_ap_done   |   1|   0|    1|          0|
    |ap_sync_reg_grp_FrmbufWrHlsDataFlow_fu_162_ap_ready  |   1|   0|    1|          0|
    |colorFormat_reg_266                                  |   3|   0|    3|          0|
    |empty_64_reg_241                                     |   6|   0|    6|          0|
    |empty_65_reg_246                                     |  12|   0|   12|          0|
    |empty_reg_235                                        |  12|   0|   12|          0|
    |frm_buffer2_read_reg_220                             |  32|   0|   32|          0|
    |frm_buffer_read_reg_225                              |  32|   0|   32|          0|
    |grp_FrmbufWrHlsDataFlow_fu_162_ap_start_reg          |   1|   0|    1|          0|
    |s_axi_CTRL_flush_done                                |   1|   0|    1|          0|
    |stride_read_reg_230                                  |  16|   0|   16|          0|
    +-----------------------------------------------------+----+----+-----+-----------+
    |Total                                                | 140|   0|  140|          0|
    +-----------------------------------------------------+----+----+-----+-----------+



================================================================
== Interface
================================================================
* Summary: 
+-------------------------+-----+-----+------------+-----------------------+--------------+
|        RTL Ports        | Dir | Bits|  Protocol  |     Source Object     |    C Type    |
+-------------------------+-----+-----+------------+-----------------------+--------------+
|s_axi_CTRL_AWVALID       |   in|    1|       s_axi|                   CTRL|        scalar|
|s_axi_CTRL_AWREADY       |  out|    1|       s_axi|                   CTRL|        scalar|
|s_axi_CTRL_AWADDR        |   in|    7|       s_axi|                   CTRL|        scalar|
|s_axi_CTRL_WVALID        |   in|    1|       s_axi|                   CTRL|        scalar|
|s_axi_CTRL_WREADY        |  out|    1|       s_axi|                   CTRL|        scalar|
|s_axi_CTRL_WDATA         |   in|   32|       s_axi|                   CTRL|        scalar|
|s_axi_CTRL_WSTRB         |   in|    4|       s_axi|                   CTRL|        scalar|
|s_axi_CTRL_ARVALID       |   in|    1|       s_axi|                   CTRL|        scalar|
|s_axi_CTRL_ARREADY       |  out|    1|       s_axi|                   CTRL|        scalar|
|s_axi_CTRL_ARADDR        |   in|    7|       s_axi|                   CTRL|        scalar|
|s_axi_CTRL_RVALID        |  out|    1|       s_axi|                   CTRL|        scalar|
|s_axi_CTRL_RREADY        |   in|    1|       s_axi|                   CTRL|        scalar|
|s_axi_CTRL_RDATA         |  out|   32|       s_axi|                   CTRL|        scalar|
|s_axi_CTRL_RRESP         |  out|    2|       s_axi|                   CTRL|        scalar|
|s_axi_CTRL_BVALID        |  out|    1|       s_axi|                   CTRL|        scalar|
|s_axi_CTRL_BREADY        |   in|    1|       s_axi|                   CTRL|        scalar|
|s_axi_CTRL_BRESP         |  out|    2|       s_axi|                   CTRL|        scalar|
|ap_clk                   |   in|    1|  ap_ctrl_hs|            v_frmbuf_wr|  return value|
|ap_rst_n                 |   in|    1|  ap_ctrl_hs|            v_frmbuf_wr|  return value|
|interrupt                |  out|    1|  ap_ctrl_hs|            v_frmbuf_wr|  return value|
|m_axi_mm_video_AWVALID   |  out|    1|       m_axi|               mm_video|       pointer|
|m_axi_mm_video_AWREADY   |   in|    1|       m_axi|               mm_video|       pointer|
|m_axi_mm_video_AWADDR    |  out|   32|       m_axi|               mm_video|       pointer|
|m_axi_mm_video_AWID      |  out|    1|       m_axi|               mm_video|       pointer|
|m_axi_mm_video_AWLEN     |  out|    8|       m_axi|               mm_video|       pointer|
|m_axi_mm_video_AWSIZE    |  out|    3|       m_axi|               mm_video|       pointer|
|m_axi_mm_video_AWBURST   |  out|    2|       m_axi|               mm_video|       pointer|
|m_axi_mm_video_AWLOCK    |  out|    2|       m_axi|               mm_video|       pointer|
|m_axi_mm_video_AWCACHE   |  out|    4|       m_axi|               mm_video|       pointer|
|m_axi_mm_video_AWPROT    |  out|    3|       m_axi|               mm_video|       pointer|
|m_axi_mm_video_AWQOS     |  out|    4|       m_axi|               mm_video|       pointer|
|m_axi_mm_video_AWREGION  |  out|    4|       m_axi|               mm_video|       pointer|
|m_axi_mm_video_AWUSER    |  out|    1|       m_axi|               mm_video|       pointer|
|m_axi_mm_video_WVALID    |  out|    1|       m_axi|               mm_video|       pointer|
|m_axi_mm_video_WREADY    |   in|    1|       m_axi|               mm_video|       pointer|
|m_axi_mm_video_WDATA     |  out|   64|       m_axi|               mm_video|       pointer|
|m_axi_mm_video_WSTRB     |  out|    8|       m_axi|               mm_video|       pointer|
|m_axi_mm_video_WLAST     |  out|    1|       m_axi|               mm_video|       pointer|
|m_axi_mm_video_WID       |  out|    1|       m_axi|               mm_video|       pointer|
|m_axi_mm_video_WUSER     |  out|    1|       m_axi|               mm_video|       pointer|
|m_axi_mm_video_ARVALID   |  out|    1|       m_axi|               mm_video|       pointer|
|m_axi_mm_video_ARREADY   |   in|    1|       m_axi|               mm_video|       pointer|
|m_axi_mm_video_ARADDR    |  out|   32|       m_axi|               mm_video|       pointer|
|m_axi_mm_video_ARID      |  out|    1|       m_axi|               mm_video|       pointer|
|m_axi_mm_video_ARLEN     |  out|    8|       m_axi|               mm_video|       pointer|
|m_axi_mm_video_ARSIZE    |  out|    3|       m_axi|               mm_video|       pointer|
|m_axi_mm_video_ARBURST   |  out|    2|       m_axi|               mm_video|       pointer|
|m_axi_mm_video_ARLOCK    |  out|    2|       m_axi|               mm_video|       pointer|
|m_axi_mm_video_ARCACHE   |  out|    4|       m_axi|               mm_video|       pointer|
|m_axi_mm_video_ARPROT    |  out|    3|       m_axi|               mm_video|       pointer|
|m_axi_mm_video_ARQOS     |  out|    4|       m_axi|               mm_video|       pointer|
|m_axi_mm_video_ARREGION  |  out|    4|       m_axi|               mm_video|       pointer|
|m_axi_mm_video_ARUSER    |  out|    1|       m_axi|               mm_video|       pointer|
|m_axi_mm_video_RVALID    |   in|    1|       m_axi|               mm_video|       pointer|
|m_axi_mm_video_RREADY    |  out|    1|       m_axi|               mm_video|       pointer|
|m_axi_mm_video_RDATA     |   in|   64|       m_axi|               mm_video|       pointer|
|m_axi_mm_video_RLAST     |   in|    1|       m_axi|               mm_video|       pointer|
|m_axi_mm_video_RID       |   in|    1|       m_axi|               mm_video|       pointer|
|m_axi_mm_video_RUSER     |   in|    1|       m_axi|               mm_video|       pointer|
|m_axi_mm_video_RRESP     |   in|    2|       m_axi|               mm_video|       pointer|
|m_axi_mm_video_BVALID    |   in|    1|       m_axi|               mm_video|       pointer|
|m_axi_mm_video_BREADY    |  out|    1|       m_axi|               mm_video|       pointer|
|m_axi_mm_video_BRESP     |   in|    2|       m_axi|               mm_video|       pointer|
|m_axi_mm_video_BID       |   in|    1|       m_axi|               mm_video|       pointer|
|m_axi_mm_video_BUSER     |   in|    1|       m_axi|               mm_video|       pointer|
|s_axis_video_TDATA       |   in|   24|        axis|  s_axis_video_V_data_V|       pointer|
|s_axis_video_TVALID      |   in|    1|        axis|  s_axis_video_V_dest_V|       pointer|
|s_axis_video_TREADY      |  out|    1|        axis|  s_axis_video_V_dest_V|       pointer|
|s_axis_video_TDEST       |   in|    1|        axis|  s_axis_video_V_dest_V|       pointer|
|s_axis_video_TKEEP       |   in|    3|        axis|  s_axis_video_V_keep_V|       pointer|
|s_axis_video_TSTRB       |   in|    3|        axis|  s_axis_video_V_strb_V|       pointer|
|s_axis_video_TUSER       |   in|    1|        axis|  s_axis_video_V_user_V|       pointer|
|s_axis_video_TLAST       |   in|    1|        axis|  s_axis_video_V_last_V|       pointer|
|s_axis_video_TID         |   in|    1|        axis|    s_axis_video_V_id_V|       pointer|
+-------------------------+-----+-----+------------+-----------------------+--------------+

