==============================================================
Vitis HLS - High-Level Synthesis from C, C++ and OpenCL v2022.1 (64-bit)
Tool Version Limit: 2022.04
Copyright 1986-2022 Xilinx, Inc. All Rights Reserved.
==============================================================
INFO: [HLS 200-1505] Using default flow_target 'vivado'
INFO: [HLS 200-435] Setting 'open_solution -flow_target vivado' configuration: config_interface -m_axi_latency=0
INFO: [HLS 200-1510] Running: set_part xck26-sfvc784-2lv-c 
INFO: [HLS 200-1611] Setting target device to 'xck26-sfvc784-2LV-c'
INFO: [HLS 200-1510] Running: add_files -cflags  -I d:/zynqmp_cam_isp_demo/zynqmp_cam_isp_demo.gen/sources_1/bd/design_1/ip/design_1_v_frmbuf_wr_0_0/src/hls -I d:/zynqmp_cam_isp_demo/zynqmp_cam_isp_demo.gen/sources_1/bd/design_1/ip/design_1_v_frmbuf_wr_0_0/src  d:/zynqmp_cam_isp_demo/zynqmp_cam_isp_demo.gen/sources_1/bd/design_1/ip/design_1_v_frmbuf_wr_0_0/src/v_frmbuf_wr_config.h 
INFO: [HLS 200-10] Adding design file 'd:/zynqmp_cam_isp_demo/zynqmp_cam_isp_demo.gen/sources_1/bd/design_1/ip/design_1_v_frmbuf_wr_0_0/src/v_frmbuf_wr_config.h' to the project
INFO: [HLS 200-1510] Running: add_files -cflags  -I d:/zynqmp_cam_isp_demo/zynqmp_cam_isp_demo.gen/sources_1/bd/design_1/ip/design_1_v_frmbuf_wr_0_0/src/hls -I d:/zynqmp_cam_isp_demo/zynqmp_cam_isp_demo.gen/sources_1/bd/design_1/ip/design_1_v_frmbuf_wr_0_0/src  d:/zynqmp_cam_isp_demo/zynqmp_cam_isp_demo.gen/sources_1/bd/design_1/ip/design_1_v_frmbuf_wr_0_0/src/v_frmbuf_wr.cpp 
INFO: [HLS 200-10] Adding design file 'd:/zynqmp_cam_isp_demo/zynqmp_cam_isp_demo.gen/sources_1/bd/design_1/ip/design_1_v_frmbuf_wr_0_0/src/v_frmbuf_wr.cpp' to the project
INFO: [HLS 200-1510] Running: add_files -cflags  -I d:/zynqmp_cam_isp_demo/zynqmp_cam_isp_demo.gen/sources_1/bd/design_1/ip/design_1_v_frmbuf_wr_0_0/src/hls -I d:/zynqmp_cam_isp_demo/zynqmp_cam_isp_demo.gen/sources_1/bd/design_1/ip/design_1_v_frmbuf_wr_0_0/src  d:/zynqmp_cam_isp_demo/zynqmp_cam_isp_demo.gen/sources_1/bd/design_1/ip/design_1_v_frmbuf_wr_0_0/src/v_frmbuf_wr.h 
INFO: [HLS 200-10] Adding design file 'd:/zynqmp_cam_isp_demo/zynqmp_cam_isp_demo.gen/sources_1/bd/design_1/ip/design_1_v_frmbuf_wr_0_0/src/v_frmbuf_wr.h' to the project
INFO: [HLS 200-1510] Running: add_files -cflags  -I d:/zynqmp_cam_isp_demo/zynqmp_cam_isp_demo.gen/sources_1/bd/design_1/ip/design_1_v_frmbuf_wr_0_0/src/hls -I d:/zynqmp_cam_isp_demo/zynqmp_cam_isp_demo.gen/sources_1/bd/design_1/ip/design_1_v_frmbuf_wr_0_0/src  d:/zynqmp_cam_isp_demo/zynqmp_cam_isp_demo.gen/sources_1/bd/design_1/ip/design_1_v_frmbuf_wr_0_0/src/hls_video.h 
INFO: [HLS 200-10] Adding design file 'd:/zynqmp_cam_isp_demo/zynqmp_cam_isp_demo.gen/sources_1/bd/design_1/ip/design_1_v_frmbuf_wr_0_0/src/hls_video.h' to the project
INFO: [HLS 200-1510] Running: add_files -cflags  -I d:/zynqmp_cam_isp_demo/zynqmp_cam_isp_demo.gen/sources_1/bd/design_1/ip/design_1_v_frmbuf_wr_0_0/src/hls -I d:/zynqmp_cam_isp_demo/zynqmp_cam_isp_demo.gen/sources_1/bd/design_1/ip/design_1_v_frmbuf_wr_0_0/src  d:/zynqmp_cam_isp_demo/zynqmp_cam_isp_demo.gen/sources_1/bd/design_1/ip/design_1_v_frmbuf_wr_0_0/src/hls_opencv.h 
INFO: [HLS 200-10] Adding design file 'd:/zynqmp_cam_isp_demo/zynqmp_cam_isp_demo.gen/sources_1/bd/design_1/ip/design_1_v_frmbuf_wr_0_0/src/hls_opencv.h' to the project
INFO: [HLS 200-1510] Running: add_files -cflags  -I d:/zynqmp_cam_isp_demo/zynqmp_cam_isp_demo.gen/sources_1/bd/design_1/ip/design_1_v_frmbuf_wr_0_0/src/hls -I d:/zynqmp_cam_isp_demo/zynqmp_cam_isp_demo.gen/sources_1/bd/design_1/ip/design_1_v_frmbuf_wr_0_0/src  d:/zynqmp_cam_isp_demo/zynqmp_cam_isp_demo.gen/sources_1/bd/design_1/ip/design_1_v_frmbuf_wr_0_0/src/hls/hls_axi_io.h 
INFO: [HLS 200-10] Adding design file 'd:/zynqmp_cam_isp_demo/zynqmp_cam_isp_demo.gen/sources_1/bd/design_1/ip/design_1_v_frmbuf_wr_0_0/src/hls/hls_axi_io.h' to the project
INFO: [HLS 200-1510] Running: add_files -cflags  -I d:/zynqmp_cam_isp_demo/zynqmp_cam_isp_demo.gen/sources_1/bd/design_1/ip/design_1_v_frmbuf_wr_0_0/src/hls -I d:/zynqmp_cam_isp_demo/zynqmp_cam_isp_demo.gen/sources_1/bd/design_1/ip/design_1_v_frmbuf_wr_0_0/src  d:/zynqmp_cam_isp_demo/zynqmp_cam_isp_demo.gen/sources_1/bd/design_1/ip/design_1_v_frmbuf_wr_0_0/src/hls/hls_video_arithm.h 
INFO: [HLS 200-10] Adding design file 'd:/zynqmp_cam_isp_demo/zynqmp_cam_isp_demo.gen/sources_1/bd/design_1/ip/design_1_v_frmbuf_wr_0_0/src/hls/hls_video_arithm.h' to the project
INFO: [HLS 200-1510] Running: add_files -cflags  -I d:/zynqmp_cam_isp_demo/zynqmp_cam_isp_demo.gen/sources_1/bd/design_1/ip/design_1_v_frmbuf_wr_0_0/src/hls -I d:/zynqmp_cam_isp_demo/zynqmp_cam_isp_demo.gen/sources_1/bd/design_1/ip/design_1_v_frmbuf_wr_0_0/src  d:/zynqmp_cam_isp_demo/zynqmp_cam_isp_demo.gen/sources_1/bd/design_1/ip/design_1_v_frmbuf_wr_0_0/src/hls/hls_video_core.h 
INFO: [HLS 200-10] Adding design file 'd:/zynqmp_cam_isp_demo/zynqmp_cam_isp_demo.gen/sources_1/bd/design_1/ip/design_1_v_frmbuf_wr_0_0/src/hls/hls_video_core.h' to the project
INFO: [HLS 200-1510] Running: add_files -cflags  -I d:/zynqmp_cam_isp_demo/zynqmp_cam_isp_demo.gen/sources_1/bd/design_1/ip/design_1_v_frmbuf_wr_0_0/src/hls -I d:/zynqmp_cam_isp_demo/zynqmp_cam_isp_demo.gen/sources_1/bd/design_1/ip/design_1_v_frmbuf_wr_0_0/src  d:/zynqmp_cam_isp_demo/zynqmp_cam_isp_demo.gen/sources_1/bd/design_1/ip/design_1_v_frmbuf_wr_0_0/src/hls/hls_video_fast.h 
INFO: [HLS 200-10] Adding design file 'd:/zynqmp_cam_isp_demo/zynqmp_cam_isp_demo.gen/sources_1/bd/design_1/ip/design_1_v_frmbuf_wr_0_0/src/hls/hls_video_fast.h' to the project
INFO: [HLS 200-1510] Running: add_files -cflags  -I d:/zynqmp_cam_isp_demo/zynqmp_cam_isp_demo.gen/sources_1/bd/design_1/ip/design_1_v_frmbuf_wr_0_0/src/hls -I d:/zynqmp_cam_isp_demo/zynqmp_cam_isp_demo.gen/sources_1/bd/design_1/ip/design_1_v_frmbuf_wr_0_0/src  d:/zynqmp_cam_isp_demo/zynqmp_cam_isp_demo.gen/sources_1/bd/design_1/ip/design_1_v_frmbuf_wr_0_0/src/hls/hls_video_haar.h 
INFO: [HLS 200-10] Adding design file 'd:/zynqmp_cam_isp_demo/zynqmp_cam_isp_demo.gen/sources_1/bd/design_1/ip/design_1_v_frmbuf_wr_0_0/src/hls/hls_video_haar.h' to the project
INFO: [HLS 200-1510] Running: add_files -cflags  -I d:/zynqmp_cam_isp_demo/zynqmp_cam_isp_demo.gen/sources_1/bd/design_1/ip/design_1_v_frmbuf_wr_0_0/src/hls -I d:/zynqmp_cam_isp_demo/zynqmp_cam_isp_demo.gen/sources_1/bd/design_1/ip/design_1_v_frmbuf_wr_0_0/src  d:/zynqmp_cam_isp_demo/zynqmp_cam_isp_demo.gen/sources_1/bd/design_1/ip/design_1_v_frmbuf_wr_0_0/src/hls/hls_video_harris.h 
INFO: [HLS 200-10] Adding design file 'd:/zynqmp_cam_isp_demo/zynqmp_cam_isp_demo.gen/sources_1/bd/design_1/ip/design_1_v_frmbuf_wr_0_0/src/hls/hls_video_harris.h' to the project
INFO: [HLS 200-1510] Running: add_files -cflags  -I d:/zynqmp_cam_isp_demo/zynqmp_cam_isp_demo.gen/sources_1/bd/design_1/ip/design_1_v_frmbuf_wr_0_0/src/hls -I d:/zynqmp_cam_isp_demo/zynqmp_cam_isp_demo.gen/sources_1/bd/design_1/ip/design_1_v_frmbuf_wr_0_0/src  d:/zynqmp_cam_isp_demo/zynqmp_cam_isp_demo.gen/sources_1/bd/design_1/ip/design_1_v_frmbuf_wr_0_0/src/hls/hls_video_histogram.h 
INFO: [HLS 200-10] Adding design file 'd:/zynqmp_cam_isp_demo/zynqmp_cam_isp_demo.gen/sources_1/bd/design_1/ip/design_1_v_frmbuf_wr_0_0/src/hls/hls_video_histogram.h' to the project
INFO: [HLS 200-1510] Running: add_files -cflags  -I d:/zynqmp_cam_isp_demo/zynqmp_cam_isp_demo.gen/sources_1/bd/design_1/ip/design_1_v_frmbuf_wr_0_0/src/hls -I d:/zynqmp_cam_isp_demo/zynqmp_cam_isp_demo.gen/sources_1/bd/design_1/ip/design_1_v_frmbuf_wr_0_0/src  d:/zynqmp_cam_isp_demo/zynqmp_cam_isp_demo.gen/sources_1/bd/design_1/ip/design_1_v_frmbuf_wr_0_0/src/hls/hls_video_hough.h 
INFO: [HLS 200-10] Adding design file 'd:/zynqmp_cam_isp_demo/zynqmp_cam_isp_demo.gen/sources_1/bd/design_1/ip/design_1_v_frmbuf_wr_0_0/src/hls/hls_video_hough.h' to the project
INFO: [HLS 200-1510] Running: add_files -cflags  -I d:/zynqmp_cam_isp_demo/zynqmp_cam_isp_demo.gen/sources_1/bd/design_1/ip/design_1_v_frmbuf_wr_0_0/src/hls -I d:/zynqmp_cam_isp_demo/zynqmp_cam_isp_demo.gen/sources_1/bd/design_1/ip/design_1_v_frmbuf_wr_0_0/src  d:/zynqmp_cam_isp_demo/zynqmp_cam_isp_demo.gen/sources_1/bd/design_1/ip/design_1_v_frmbuf_wr_0_0/src/hls/hls_video_imgbase.h 
INFO: [HLS 200-10] Adding design file 'd:/zynqmp_cam_isp_demo/zynqmp_cam_isp_demo.gen/sources_1/bd/design_1/ip/design_1_v_frmbuf_wr_0_0/src/hls/hls_video_imgbase.h' to the project
INFO: [HLS 200-1510] Running: add_files -cflags  -I d:/zynqmp_cam_isp_demo/zynqmp_cam_isp_demo.gen/sources_1/bd/design_1/ip/design_1_v_frmbuf_wr_0_0/src/hls -I d:/zynqmp_cam_isp_demo/zynqmp_cam_isp_demo.gen/sources_1/bd/design_1/ip/design_1_v_frmbuf_wr_0_0/src  d:/zynqmp_cam_isp_demo/zynqmp_cam_isp_demo.gen/sources_1/bd/design_1/ip/design_1_v_frmbuf_wr_0_0/src/hls/hls_video_imgproc.h 
INFO: [HLS 200-10] Adding design file 'd:/zynqmp_cam_isp_demo/zynqmp_cam_isp_demo.gen/sources_1/bd/design_1/ip/design_1_v_frmbuf_wr_0_0/src/hls/hls_video_imgproc.h' to the project
INFO: [HLS 200-1510] Running: add_files -cflags  -I d:/zynqmp_cam_isp_demo/zynqmp_cam_isp_demo.gen/sources_1/bd/design_1/ip/design_1_v_frmbuf_wr_0_0/src/hls -I d:/zynqmp_cam_isp_demo/zynqmp_cam_isp_demo.gen/sources_1/bd/design_1/ip/design_1_v_frmbuf_wr_0_0/src  d:/zynqmp_cam_isp_demo/zynqmp_cam_isp_demo.gen/sources_1/bd/design_1/ip/design_1_v_frmbuf_wr_0_0/src/hls/hls_video_io.h 
INFO: [HLS 200-10] Adding design file 'd:/zynqmp_cam_isp_demo/zynqmp_cam_isp_demo.gen/sources_1/bd/design_1/ip/design_1_v_frmbuf_wr_0_0/src/hls/hls_video_io.h' to the project
INFO: [HLS 200-1510] Running: add_files -cflags  -I d:/zynqmp_cam_isp_demo/zynqmp_cam_isp_demo.gen/sources_1/bd/design_1/ip/design_1_v_frmbuf_wr_0_0/src/hls -I d:/zynqmp_cam_isp_demo/zynqmp_cam_isp_demo.gen/sources_1/bd/design_1/ip/design_1_v_frmbuf_wr_0_0/src  d:/zynqmp_cam_isp_demo/zynqmp_cam_isp_demo.gen/sources_1/bd/design_1/ip/design_1_v_frmbuf_wr_0_0/src/hls/hls_video_mem.h 
INFO: [HLS 200-10] Adding design file 'd:/zynqmp_cam_isp_demo/zynqmp_cam_isp_demo.gen/sources_1/bd/design_1/ip/design_1_v_frmbuf_wr_0_0/src/hls/hls_video_mem.h' to the project
INFO: [HLS 200-1510] Running: add_files -cflags  -I d:/zynqmp_cam_isp_demo/zynqmp_cam_isp_demo.gen/sources_1/bd/design_1/ip/design_1_v_frmbuf_wr_0_0/src/hls -I d:/zynqmp_cam_isp_demo/zynqmp_cam_isp_demo.gen/sources_1/bd/design_1/ip/design_1_v_frmbuf_wr_0_0/src  d:/zynqmp_cam_isp_demo/zynqmp_cam_isp_demo.gen/sources_1/bd/design_1/ip/design_1_v_frmbuf_wr_0_0/src/hls/hls_video_stereobm.h 
INFO: [HLS 200-10] Adding design file 'd:/zynqmp_cam_isp_demo/zynqmp_cam_isp_demo.gen/sources_1/bd/design_1/ip/design_1_v_frmbuf_wr_0_0/src/hls/hls_video_stereobm.h' to the project
INFO: [HLS 200-1510] Running: add_files -cflags  -I d:/zynqmp_cam_isp_demo/zynqmp_cam_isp_demo.gen/sources_1/bd/design_1/ip/design_1_v_frmbuf_wr_0_0/src/hls -I d:/zynqmp_cam_isp_demo/zynqmp_cam_isp_demo.gen/sources_1/bd/design_1/ip/design_1_v_frmbuf_wr_0_0/src  d:/zynqmp_cam_isp_demo/zynqmp_cam_isp_demo.gen/sources_1/bd/design_1/ip/design_1_v_frmbuf_wr_0_0/src/hls/hls_video_types.h 
INFO: [HLS 200-10] Adding design file 'd:/zynqmp_cam_isp_demo/zynqmp_cam_isp_demo.gen/sources_1/bd/design_1/ip/design_1_v_frmbuf_wr_0_0/src/hls/hls_video_types.h' to the project
INFO: [HLS 200-1510] Running: add_files -cflags  -I d:/zynqmp_cam_isp_demo/zynqmp_cam_isp_demo.gen/sources_1/bd/design_1/ip/design_1_v_frmbuf_wr_0_0/src/hls -I d:/zynqmp_cam_isp_demo/zynqmp_cam_isp_demo.gen/sources_1/bd/design_1/ip/design_1_v_frmbuf_wr_0_0/src  d:/zynqmp_cam_isp_demo/zynqmp_cam_isp_demo.gen/sources_1/bd/design_1/ip/design_1_v_frmbuf_wr_0_0/src/hls/hls_video_undistort.h 
INFO: [HLS 200-10] Adding design file 'd:/zynqmp_cam_isp_demo/zynqmp_cam_isp_demo.gen/sources_1/bd/design_1/ip/design_1_v_frmbuf_wr_0_0/src/hls/hls_video_undistort.h' to the project
INFO: [HLS 200-1510] Running: create_clock -period 6.663 -name ap_clk 
INFO: [SYN 201-201] Setting up clock 'ap_clk' with a period of 6.663ns.
INFO: [HLS 200-1510] Running: config_interface -m_axi_flush_mode 
INFO: [HLS 200-1510] Running: config_interface -m_axi_conservative_mode 
INFO: [HLS 200-1510] Running: config_interface -m_axi_addr64=false 
INFO: [HLS 200-1510] Running: config_rtl -module_prefix design_1_v_frmbuf_wr_0_0_ 
INFO: [HLS 200-1510] Running: config_export -vendor xilinx.com -library ip -version 2.4 
INFO: [HLS 200-1510] Running: csynth_design 
INFO: [HLS 200-111] Finished File checks and directory preparation: CPU user time: 0 seconds. CPU system time: 0 seconds. Elapsed time: 0.235 seconds; current allocated memory: 38.051 MB.
INFO: [HLS 200-10] Analyzing design file 'd:/zynqmp_cam_isp_demo/zynqmp_cam_isp_demo.gen/sources_1/bd/design_1/ip/design_1_v_frmbuf_wr_0_0/src/v_frmbuf_wr.cpp' ... 
WARNING: [HLS 207-5292] unused parameter 'dstImg2' (D:/zynqmp_cam_isp_demo/zynqmp_cam_isp_demo.runs/design_1_v_frmbuf_wr_0_0_synth_1/prj/sol/.autopilot/db/v_frmbuf_wr.cpp:1068:30)
WARNING: [HLS 207-5292] unused parameter 'dstImg3' (D:/zynqmp_cam_isp_demo/zynqmp_cam_isp_demo.runs/design_1_v_frmbuf_wr_0_0_synth_1/prj/sol/.autopilot/db/v_frmbuf_wr.cpp:1069:15)
WARNING: [HLS 207-5292] unused parameter 'VideoFormat' (D:/zynqmp_cam_isp_demo/zynqmp_cam_isp_demo.runs/design_1_v_frmbuf_wr_0_0_synth_1/prj/sol/.autopilot/db/v_frmbuf_wr.cpp:1073:28)
INFO: [HLS 200-111] Finished Source Code Analysis and Preprocessing: CPU user time: 6 seconds. CPU system time: 1 seconds. Elapsed time: 52.526 seconds; current allocated memory: 959.031 MB.
INFO: [HLS 200-777] Using interface defaults for 'Vivado' flow target.
INFO: [HLS 214-131] Inlining function 'hls::axis<ap_uint<120>, 1ul, 1ul, 1ul>::get_user_ptr()' into 'hls::stream<hls::axis<ap_uint<120>, 1ul, 1ul, 1ul>, 0>::read(hls::axis<ap_uint<120>, 1ul, 1ul, 1ul>&)' (D:/Xilinx/Vitis_HLS/2022.1/common/technology/autopilot\ap_axi_sdata.h:283:50)
INFO: [HLS 214-131] Inlining function 'hls::axis<ap_uint<120>, 1ul, 1ul, 1ul>::get_dest_ptr()' into 'hls::stream<hls::axis<ap_uint<120>, 1ul, 1ul, 1ul>, 0>::read(hls::axis<ap_uint<120>, 1ul, 1ul, 1ul>&)' (D:/Xilinx/Vitis_HLS/2022.1/common/technology/autopilot\ap_axi_sdata.h:286:25)
INFO: [HLS 214-131] Inlining function 'hls::axis<ap_uint<120>, 1ul, 1ul, 1ul>::get_id_ptr()' into 'hls::stream<hls::axis<ap_uint<120>, 1ul, 1ul, 1ul>, 0>::read(hls::axis<ap_uint<120>, 1ul, 1ul, 1ul>&)' (D:/Xilinx/Vitis_HLS/2022.1/common/technology/autopilot\ap_axi_sdata.h:285:67)
INFO: [HLS 214-131] Inlining function 'hls::axis<ap_uint<120>, 1ul, 1ul, 1ul>::get_user_ptr()' into 'hls::stream<hls::axis<ap_uint<120>, 1ul, 1ul, 1ul>, 0>::read(hls::axis<ap_uint<120>, 1ul, 1ul, 1ul>&)' (D:/Xilinx/Vitis_HLS/2022.1/common/technology/autopilot\ap_axi_sdata.h:285:36)
INFO: [HLS 214-131] Inlining function 'hls::axis<ap_uint<120>, 1ul, 1ul, 1ul>::get_dest_ptr()' into 'hls::stream<hls::axis<ap_uint<120>, 1ul, 1ul, 1ul>, 0>::read(hls::axis<ap_uint<120>, 1ul, 1ul, 1ul>&)' (D:/Xilinx/Vitis_HLS/2022.1/common/technology/autopilot\ap_axi_sdata.h:284:39)
INFO: [HLS 214-131] Inlining function 'hls::axis<ap_uint<120>, 1ul, 1ul, 1ul>::get_id_ptr()' into 'hls::stream<hls::axis<ap_uint<120>, 1ul, 1ul, 1ul>, 0>::read(hls::axis<ap_uint<120>, 1ul, 1ul, 1ul>&)' (D:/Xilinx/Vitis_HLS/2022.1/common/technology/autopilot\ap_axi_sdata.h:284:23)
INFO: [HLS 214-131] Inlining function 'hls::stream<hls::axis<ap_uint<120>, 1ul, 1ul, 1ul>, 0>::read(hls::axis<ap_uint<120>, 1ul, 1ul, 1ul>&)' into 'hls::stream<hls::axis<ap_uint<120>, 1ul, 1ul, 1ul>, 0>::operator>>(hls::axis<ap_uint<120>, 1ul, 1ul, 1ul>&)' (D:/Xilinx/Vitis_HLS/2022.1/common/technology/autopilot\ap_axi_sdata.h:260:80)
INFO: [HLS 214-131] Inlining function 'ap_range_ref<120, false>::ap_range_ref(ap_int_base<120, false>*, int, int)' into 'ap_int_base<120, false>::range(int, int)' (D:/Xilinx/Vitis_HLS/2022.1/common/technology/autopilot\ap_int_base.h:1094:12)
INFO: [HLS 214-131] Inlining function 'ap_int_base<120, false>::range(int, int)' into 'ap_int_base<120, false>::operator()(int, int)' (D:/Xilinx/Vitis_HLS/2022.1/common/technology/autopilot\ap_int_base.h:1131:18)
INFO: [HLS 214-131] Inlining function 'ap_range_ref<120, false>::get() const' into 'ap_int_base<10, false>::ap_int_base<120, false>(ap_range_ref<120, false> const&)' (D:/Xilinx/Vitis_HLS/2022.1/common/technology/autopilot\ap_int_base.h:404:20)
INFO: [HLS 214-131] Inlining function 'ap_int_base<10, false>::ap_int_base<120, false>(ap_range_ref<120, false> const&)' into 'ap_uint<10>::ap_uint<120, false>(ap_range_ref<120, false> const&)' (D:/Xilinx/Vitis_HLS/2022.1/common/technology/autopilot/ap_int.h:266:92)
INFO: [HLS 214-131] Inlining function 'ap_int_base<120, false>::operator()(int, int)' into 'void hls::AXIGetBitFields<120, ap_uint<10> >(ap_uint<120>, int, int, ap_uint<10>&)' (d:/zynqmp_cam_isp_demo/zynqmp_cam_isp_demo.gen/sources_1/bd/design_1/ip/design_1_v_frmbuf_wr_0_0/src/hls/hls_axi_io.h:49:14)
INFO: [HLS 214-131] Inlining function 'void hls::AXIGetBitFields<120, ap_uint<10> >(ap_uint<120>, int, int, ap_uint<10>&)' into 'void hls::AXIGetBitFields<120, ap_uint<10> >(hls::axis<ap_uint<120>, 1ul, 1ul, 1ul>, int, int, ap_uint<10>&)' (d:/zynqmp_cam_isp_demo/zynqmp_cam_isp_demo.gen/sources_1/bd/design_1/ip/design_1_v_frmbuf_wr_0_0/src/hls/hls_axi_io.h:71:2)
INFO: [HLS 214-131] Inlining function 'hls::Scalar<12, ap_uint<10> >::Scalar()' into 'AXIvideo2MultiPixStream(hls::stream<hls::axis<ap_uint<120>, 1ul, 1ul, 1ul>, 0>&, hls::stream<hls::Scalar<12, ap_uint<10> >, 0>&, unsigned short&, unsigned short&, unsigned char&)' (D:/zynqmp_cam_isp_demo/zynqmp_cam_isp_demo.runs/design_1_v_frmbuf_wr_0_0_synth_1/prj/sol/.autopilot/db/v_frmbuf_wr.cpp:182:18)
INFO: [HLS 214-131] Inlining function 'ap_int_base<1, false>::to_int() const' into 'AXIvideo2MultiPixStream(hls::stream<hls::axis<ap_uint<120>, 1ul, 1ul, 1ul>, 0>&, hls::stream<hls::Scalar<12, ap_uint<10> >, 0>&, unsigned short&, unsigned short&, unsigned char&)' (D:/zynqmp_cam_isp_demo/zynqmp_cam_isp_demo.runs/design_1_v_frmbuf_wr_0_0_synth_1/prj/sol/.autopilot/db/v_frmbuf_wr.cpp:254:19)
INFO: [HLS 214-131] Inlining function 'hls::stream<hls::axis<ap_uint<120>, 1ul, 1ul, 1ul>, 0>::operator>>(hls::axis<ap_uint<120>, 1ul, 1ul, 1ul>&)' into 'AXIvideo2MultiPixStream(hls::stream<hls::axis<ap_uint<120>, 1ul, 1ul, 1ul>, 0>&, hls::stream<hls::Scalar<12, ap_uint<10> >, 0>&, unsigned short&, unsigned short&, unsigned char&)' (D:/zynqmp_cam_isp_demo/zynqmp_cam_isp_demo.runs/design_1_v_frmbuf_wr_0_0_synth_1/prj/sol/.autopilot/db/v_frmbuf_wr.cpp:253:17)
INFO: [HLS 214-131] Inlining function 'void hls::AXIGetBitFields<120, ap_uint<10> >(hls::axis<ap_uint<120>, 1ul, 1ul, 1ul>, int, int, ap_uint<10>&)' into 'AXIvideo2MultiPixStream(hls::stream<hls::axis<ap_uint<120>, 1ul, 1ul, 1ul>, 0>&, hls::stream<hls::Scalar<12, ap_uint<10> >, 0>&, unsigned short&, unsigned short&, unsigned char&)' (D:/zynqmp_cam_isp_demo/zynqmp_cam_isp_demo.runs/design_1_v_frmbuf_wr_0_0_synth_1/prj/sol/.autopilot/db/v_frmbuf_wr.cpp:233:6)
INFO: [HLS 214-131] Inlining function 'hls::stream<hls::axis<ap_uint<120>, 1ul, 1ul, 1ul>, 0>::operator>>(hls::axis<ap_uint<120>, 1ul, 1ul, 1ul>&)' into 'AXIvideo2MultiPixStream(hls::stream<hls::axis<ap_uint<120>, 1ul, 1ul, 1ul>, 0>&, hls::stream<hls::Scalar<12, ap_uint<10> >, 0>&, unsigned short&, unsigned short&, unsigned char&)' (D:/zynqmp_cam_isp_demo/zynqmp_cam_isp_demo.runs/design_1_v_frmbuf_wr_0_0_synth_1/prj/sol/.autopilot/db/v_frmbuf_wr.cpp:198:17)
INFO: [HLS 214-131] Inlining function 'void hls::AXIGetBitFields<120, ap_uint<10> >(hls::axis<ap_uint<120>, 1ul, 1ul, 1ul>, int, int, ap_uint<10>&)' into 'AXIvideo2MultiPixStream(hls::stream<hls::axis<ap_uint<120>, 1ul, 1ul, 1ul>, 0>&, hls::stream<hls::Scalar<12, ap_uint<10> >, 0>&, unsigned short&, unsigned short&, unsigned char&)' (D:/zynqmp_cam_isp_demo/zynqmp_cam_isp_demo.runs/design_1_v_frmbuf_wr_0_0_synth_1/prj/sol/.autopilot/db/v_frmbuf_wr.cpp:231:6)
INFO: [HLS 214-131] Inlining function 'ap_int_base<1, false>::to_int() const' into 'AXIvideo2MultiPixStream(hls::stream<hls::axis<ap_uint<120>, 1ul, 1ul, 1ul>, 0>&, hls::stream<hls::Scalar<12, ap_uint<10> >, 0>&, unsigned short&, unsigned short&, unsigned char&)' (D:/zynqmp_cam_isp_demo/zynqmp_cam_isp_demo.runs/design_1_v_frmbuf_wr_0_0_synth_1/prj/sol/.autopilot/db/v_frmbuf_wr.cpp:199:18)
INFO: [HLS 214-131] Inlining function 'void hls::AXIGetBitFields<120, ap_uint<10> >(hls::axis<ap_uint<120>, 1ul, 1ul, 1ul>, int, int, ap_uint<10>&)' into 'AXIvideo2MultiPixStream(hls::stream<hls::axis<ap_uint<120>, 1ul, 1ul, 1ul>, 0>&, hls::stream<hls::Scalar<12, ap_uint<10> >, 0>&, unsigned short&, unsigned short&, unsigned char&)' (D:/zynqmp_cam_isp_demo/zynqmp_cam_isp_demo.runs/design_1_v_frmbuf_wr_0_0_synth_1/prj/sol/.autopilot/db/v_frmbuf_wr.cpp:229:2)
INFO: [HLS 214-131] Inlining function 'ap_int_base<1, false>::to_int() const' into 'AXIvideo2MultiPixStream(hls::stream<hls::axis<ap_uint<120>, 1ul, 1ul, 1ul>, 0>&, hls::stream<hls::Scalar<12, ap_uint<10> >, 0>&, unsigned short&, unsigned short&, unsigned char&)' (D:/zynqmp_cam_isp_demo/zynqmp_cam_isp_demo.runs/design_1_v_frmbuf_wr_0_0_synth_1/prj/sol/.autopilot/db/v_frmbuf_wr.cpp:212:20)
INFO: [HLS 214-131] Inlining function 'ap_int_base<1, false>::to_int() const' into 'AXIvideo2MultiPixStream(hls::stream<hls::axis<ap_uint<120>, 1ul, 1ul, 1ul>, 0>&, hls::stream<hls::Scalar<12, ap_uint<10> >, 0>&, unsigned short&, unsigned short&, unsigned char&)' (D:/zynqmp_cam_isp_demo/zynqmp_cam_isp_demo.runs/design_1_v_frmbuf_wr_0_0_synth_1/prj/sol/.autopilot/db/v_frmbuf_wr.cpp:215:20)
INFO: [HLS 214-131] Inlining function 'hls::stream<hls::axis<ap_uint<120>, 1ul, 1ul, 1ul>, 0>::operator>>(hls::axis<ap_uint<120>, 1ul, 1ul, 1ul>&)' into 'AXIvideo2MultiPixStream(hls::stream<hls::axis<ap_uint<120>, 1ul, 1ul, 1ul>, 0>&, hls::stream<hls::Scalar<12, ap_uint<10> >, 0>&, unsigned short&, unsigned short&, unsigned char&)' (D:/zynqmp_cam_isp_demo/zynqmp_cam_isp_demo.runs/design_1_v_frmbuf_wr_0_0_synth_1/prj/sol/.autopilot/db/v_frmbuf_wr.cpp:214:20)
INFO: [HLS 214-131] Inlining function 'ssdm_int<32, false>::ssdm_int(unsigned int)' into 'ap_int_base<32, false>::ap_int_base(int)' (D:/Xilinx/Vitis_HLS/2022.1/common/technology/autopilot\ap_int_base.h:260:67)
INFO: [HLS 214-131] Inlining function 'ap_int_base<32, false>::ap_int_base(int)' into 'ap_uint<32>::ap_uint(int)' (D:/Xilinx/Vitis_HLS/2022.1/common/technology/autopilot/ap_int.h:333:58)
INFO: [HLS 214-131] Inlining function '_ZN8ssdm_intILi10ELb0EEC2EDq10_j' into 'ap_int_base<10, false>::ap_int_base(int)' (D:/Xilinx/Vitis_HLS/2022.1/common/technology/autopilot\ap_int_base.h:260:67)
INFO: [HLS 214-131] Inlining function 'ap_int_base<10, false>::ap_int_base(int)' into 'ap_int_base<10, false>::RType<10, false>::arg1 operator>><10, false>(ap_int_base<10, false> const&, int)' (D:/Xilinx/Vitis_HLS/2022.1/common/technology/autopilot\ap_int_base.h:1715:558)
INFO: [HLS 214-131] Inlining function 'ap_range_ref<32, false>::ap_range_ref(ap_int_base<32, false>*, int, int)' into 'ap_int_base<32, false>::range(int, int)' (D:/Xilinx/Vitis_HLS/2022.1/common/technology/autopilot\ap_int_base.h:1094:12)
INFO: [HLS 214-131] Inlining function 'ap_int_base<32, false>::range(int, int)' into 'ap_int_base<32, false>::operator()(int, int)' (D:/Xilinx/Vitis_HLS/2022.1/common/technology/autopilot\ap_int_base.h:1131:18)
INFO: [HLS 214-131] Inlining function 'ssdm_int<32, false>::ssdm_int(unsigned int)' into 'ap_int_base<32, false>::ap_int_base<10, false>(ap_int_base<10, false> const&)' (D:/Xilinx/Vitis_HLS/2022.1/common/technology/autopilot\ap_int_base.h:231:106)
INFO: [HLS 214-131] Inlining function 'ap_int_base<32, false>::ap_int_base<10, false>(ap_int_base<10, false> const&)' into 'ap_range_ref<32, false>& ap_range_ref<32, false>::operator=<10, false>(ap_int_base<10, false> const&)' (D:/Xilinx/Vitis_HLS/2022.1/common/technology/autopilot\ap_int_ref.h:413:31)
INFO: [HLS 214-131] Inlining function 'ap_range_ref<256, false>::ap_range_ref(ap_int_base<256, false>*, int, int)' into 'ap_int_base<256, false>::range(int, int)' (D:/Xilinx/Vitis_HLS/2022.1/common/technology/autopilot\ap_int_base.h:1094:12)
INFO: [HLS 214-131] Inlining function 'ap_int_base<256, false>::range(int, int)' into 'ap_int_base<256, false>::operator()(int, int)' (D:/Xilinx/Vitis_HLS/2022.1/common/technology/autopilot\ap_int_base.h:1131:18)
INFO: [HLS 214-131] Inlining function '_ZN8ssdm_intILi256ELb0EEC2EDq256_j' into 'ap_int_base<256, false>::ap_int_base<32, false>(ap_int_base<32, false> const&)' (D:/Xilinx/Vitis_HLS/2022.1/common/technology/autopilot\ap_int_base.h:231:106)
INFO: [HLS 214-131] Inlining function 'ap_int_base<256, false>::ap_int_base<32, false>(ap_int_base<32, false> const&)' into 'ap_range_ref<256, false>& ap_range_ref<256, false>::operator=<32, false>(ap_int_base<32, false> const&)' (D:/Xilinx/Vitis_HLS/2022.1/common/technology/autopilot\ap_int_ref.h:413:31)
INFO: [HLS 214-131] Inlining function '_ZN8ssdm_intILi40ELb0EEC2EDq40_j' into 'ap_int_base<40, false>::ap_int_base(int)' (D:/Xilinx/Vitis_HLS/2022.1/common/technology/autopilot\ap_int_base.h:260:67)
INFO: [HLS 214-131] Inlining function 'ap_int_base<40, false>::ap_int_base(int)' into 'ap_uint<40>::ap_uint(int)' (D:/Xilinx/Vitis_HLS/2022.1/common/technology/autopilot/ap_int.h:333:58)
INFO: [HLS 214-131] Inlining function '_ZN8ssdm_intILi256ELb0EEC2EDq256_j' into 'ap_int_base<256, false>::ap_int_base(int)' (D:/Xilinx/Vitis_HLS/2022.1/common/technology/autopilot\ap_int_base.h:260:67)
INFO: [HLS 214-131] Inlining function 'ap_int_base<256, false>::ap_int_base(int)' into 'ap_uint<256>::ap_uint(int)' (D:/Xilinx/Vitis_HLS/2022.1/common/technology/autopilot/ap_int.h:333:58)
INFO: [HLS 214-131] Inlining function 'ap_range_ref<40, false>::ap_range_ref(ap_int_base<40, false>*, int, int)' into 'ap_int_base<40, false>::range(int, int)' (D:/Xilinx/Vitis_HLS/2022.1/common/technology/autopilot\ap_int_base.h:1094:12)
INFO: [HLS 214-131] Inlining function 'ap_int_base<40, false>::range(int, int)' into 'ap_int_base<40, false>::operator()(int, int)' (D:/Xilinx/Vitis_HLS/2022.1/common/technology/autopilot\ap_int_base.h:1131:18)
INFO: [HLS 214-131] Inlining function '_ZN8ssdm_intILi40ELb0EEC2EDq40_j' into 'ap_int_base<40, false>::ap_int_base<10, false>(ap_int_base<10, false> const&)' (D:/Xilinx/Vitis_HLS/2022.1/common/technology/autopilot\ap_int_base.h:231:106)
INFO: [HLS 214-131] Inlining function 'ap_int_base<40, false>::ap_int_base<10, false>(ap_int_base<10, false> const&)' into 'ap_range_ref<40, false>& ap_range_ref<40, false>::operator=<10, false>(ap_int_base<10, false> const&)' (D:/Xilinx/Vitis_HLS/2022.1/common/technology/autopilot\ap_int_ref.h:413:31)
INFO: [HLS 214-131] Inlining function '_ZN8ssdm_intILi256ELb0EEC2EDq256_j' into 'ap_int_base<256, false>::ap_int_base<40, false>(ap_int_base<40, false> const&)' (D:/Xilinx/Vitis_HLS/2022.1/common/technology/autopilot\ap_int_base.h:231:106)
INFO: [HLS 214-131] Inlining function 'ap_int_base<256, false>::ap_int_base<40, false>(ap_int_base<40, false> const&)' into 'ap_range_ref<256, false>& ap_range_ref<256, false>::operator=<40, false>(ap_int_base<40, false> const&)' (D:/Xilinx/Vitis_HLS/2022.1/common/technology/autopilot\ap_int_ref.h:413:31)
INFO: [HLS 214-131] Inlining function 'ap_range_ref<256, false>::get() const' into 'ap_int_base<256, false>::ap_int_base<256, false>(ap_range_ref<256, false> const&)' (D:/Xilinx/Vitis_HLS/2022.1/common/technology/autopilot\ap_int_base.h:404:20)
INFO: [HLS 214-131] Inlining function 'ap_int_base<256, false>::ap_int_base<256, false>(ap_range_ref<256, false> const&)' into 'ap_range_ref<256, false>::operator=(ap_range_ref<256, false> const&)' (D:/Xilinx/Vitis_HLS/2022.1/common/technology/autopilot\ap_int_ref.h:422:22)
INFO: [HLS 214-131] Inlining function 'ap_range_ref<256, false>& ap_range_ref<256, false>::operator=<256, false>(ap_int_base<256, false> const&)' into 'ap_range_ref<256, false>::operator=(ap_range_ref<256, false> const&)' (D:/Xilinx/Vitis_HLS/2022.1/common/technology/autopilot\ap_int_ref.h:422:12)
INFO: [HLS 214-131] Inlining function 'hls::Scalar<12, ap_uint<10> >::Scalar()' into 'MultiPixStream2Bytes(hls::stream<hls::Scalar<12, ap_uint<10> >, 0>&, STREAM_PLANES&, unsigned short&, unsigned short&, unsigned short&, unsigned short&)' (D:/zynqmp_cam_isp_demo/zynqmp_cam_isp_demo.runs/design_1_v_frmbuf_wr_0_0_synth_1/prj/sol/.autopilot/db/v_frmbuf_wr.cpp:273:18)
INFO: [HLS 214-131] Inlining function 'ap_range_ref<256, false>::operator=(ap_range_ref<256, false> const&)' into 'MultiPixStream2Bytes(hls::stream<hls::Scalar<12, ap_uint<10> >, 0>&, STREAM_PLANES&, unsigned short&, unsigned short&, unsigned short&, unsigned short&)' (D:/zynqmp_cam_isp_demo/zynqmp_cam_isp_demo.runs/design_1_v_frmbuf_wr_0_0_synth_1/prj/sol/.autopilot/db/v_frmbuf_wr.cpp:981:37)
INFO: [HLS 214-131] Inlining function 'ap_int_base<256, false>::operator()(int, int)' into 'MultiPixStream2Bytes(hls::stream<hls::Scalar<12, ap_uint<10> >, 0>&, STREAM_PLANES&, unsigned short&, unsigned short&, unsigned short&, unsigned short&)' (D:/zynqmp_cam_isp_demo/zynqmp_cam_isp_demo.runs/design_1_v_frmbuf_wr_0_0_synth_1/prj/sol/.autopilot/db/v_frmbuf_wr.cpp:981:6)
INFO: [HLS 214-131] Inlining function 'ap_int_base<256, false>::operator()(int, int)' into 'MultiPixStream2Bytes(hls::stream<hls::Scalar<12, ap_uint<10> >, 0>&, STREAM_PLANES&, unsigned short&, unsigned short&, unsigned short&, unsigned short&)' (D:/zynqmp_cam_isp_demo/zynqmp_cam_isp_demo.runs/design_1_v_frmbuf_wr_0_0_synth_1/prj/sol/.autopilot/db/v_frmbuf_wr.cpp:981:39)
INFO: [HLS 214-131] Inlining function 'ap_range_ref<256, false>& ap_range_ref<256, false>::operator=<40, false>(ap_int_base<40, false> const&)' into 'MultiPixStream2Bytes(hls::stream<hls::Scalar<12, ap_uint<10> >, 0>&, STREAM_PLANES&, unsigned short&, unsigned short&, unsigned short&, unsigned short&)' (D:/zynqmp_cam_isp_demo/zynqmp_cam_isp_demo.runs/design_1_v_frmbuf_wr_0_0_synth_1/prj/sol/.autopilot/db/v_frmbuf_wr.cpp:978:22)
INFO: [HLS 214-131] Inlining function 'ap_int_base<256, false>::operator()(int, int)' into 'MultiPixStream2Bytes(hls::stream<hls::Scalar<12, ap_uint<10> >, 0>&, STREAM_PLANES&, unsigned short&, unsigned short&, unsigned short&, unsigned short&)' (D:/zynqmp_cam_isp_demo/zynqmp_cam_isp_demo.runs/design_1_v_frmbuf_wr_0_0_synth_1/prj/sol/.autopilot/db/v_frmbuf_wr.cpp:977:6)
INFO: [HLS 214-131] Inlining function 'ap_range_ref<40, false>& ap_range_ref<40, false>::operator=<10, false>(ap_int_base<10, false> const&)' into 'MultiPixStream2Bytes(hls::stream<hls::Scalar<12, ap_uint<10> >, 0>&, STREAM_PLANES&, unsigned short&, unsigned short&, unsigned short&, unsigned short&)' (D:/zynqmp_cam_isp_demo/zynqmp_cam_isp_demo.runs/design_1_v_frmbuf_wr_0_0_synth_1/prj/sol/.autopilot/db/v_frmbuf_wr.cpp:974:40)
INFO: [HLS 214-131] Inlining function 'ap_int_base<40, false>::operator()(int, int)' into 'MultiPixStream2Bytes(hls::stream<hls::Scalar<12, ap_uint<10> >, 0>&, STREAM_PLANES&, unsigned short&, unsigned short&, unsigned short&, unsigned short&)' (D:/zynqmp_cam_isp_demo/zynqmp_cam_isp_demo.runs/design_1_v_frmbuf_wr_0_0_synth_1/prj/sol/.autopilot/db/v_frmbuf_wr.cpp:974:7)
INFO: [HLS 214-131] Inlining function 'ap_int_base<10, false>::RType<10, false>::arg1 operator>><10, false>(ap_int_base<10, false> const&, int)' into 'MultiPixStream2Bytes(hls::stream<hls::Scalar<12, ap_uint<10> >, 0>&, STREAM_PLANES&, unsigned short&, unsigned short&, unsigned short&, unsigned short&)' (D:/zynqmp_cam_isp_demo/zynqmp_cam_isp_demo.runs/design_1_v_frmbuf_wr_0_0_synth_1/prj/sol/.autopilot/db/v_frmbuf_wr.cpp:975:18)
INFO: [HLS 214-131] Inlining function 'ap_range_ref<256, false>& ap_range_ref<256, false>::operator=<32, false>(ap_int_base<32, false> const&)' into 'MultiPixStream2Bytes(hls::stream<hls::Scalar<12, ap_uint<10> >, 0>&, STREAM_PLANES&, unsigned short&, unsigned short&, unsigned short&, unsigned short&)' (D:/zynqmp_cam_isp_demo/zynqmp_cam_isp_demo.runs/design_1_v_frmbuf_wr_0_0_synth_1/prj/sol/.autopilot/db/v_frmbuf_wr.cpp:941:21)
INFO: [HLS 214-131] Inlining function 'ap_int_base<256, false>::operator()(int, int)' into 'MultiPixStream2Bytes(hls::stream<hls::Scalar<12, ap_uint<10> >, 0>&, STREAM_PLANES&, unsigned short&, unsigned short&, unsigned short&, unsigned short&)' (D:/zynqmp_cam_isp_demo/zynqmp_cam_isp_demo.runs/design_1_v_frmbuf_wr_0_0_synth_1/prj/sol/.autopilot/db/v_frmbuf_wr.cpp:940:6)
INFO: [HLS 214-131] Inlining function 'ap_range_ref<32, false>& ap_range_ref<32, false>::operator=<10, false>(ap_int_base<10, false> const&)' into 'MultiPixStream2Bytes(hls::stream<hls::Scalar<12, ap_uint<10> >, 0>&, STREAM_PLANES&, unsigned short&, unsigned short&, unsigned short&, unsigned short&)' (D:/zynqmp_cam_isp_demo/zynqmp_cam_isp_demo.runs/design_1_v_frmbuf_wr_0_0_synth_1/prj/sol/.autopilot/db/v_frmbuf_wr.cpp:937:38)
INFO: [HLS 214-131] Inlining function 'ap_int_base<32, false>::operator()(int, int)' into 'MultiPixStream2Bytes(hls::stream<hls::Scalar<12, ap_uint<10> >, 0>&, STREAM_PLANES&, unsigned short&, unsigned short&, unsigned short&, unsigned short&)' (D:/zynqmp_cam_isp_demo/zynqmp_cam_isp_demo.runs/design_1_v_frmbuf_wr_0_0_synth_1/prj/sol/.autopilot/db/v_frmbuf_wr.cpp:937:7)
INFO: [HLS 214-131] Inlining function 'ap_int_base<10, false>::RType<10, false>::arg1 operator>><10, false>(ap_int_base<10, false> const&, int)' into 'MultiPixStream2Bytes(hls::stream<hls::Scalar<12, ap_uint<10> >, 0>&, STREAM_PLANES&, unsigned short&, unsigned short&, unsigned short&, unsigned short&)' (D:/zynqmp_cam_isp_demo/zynqmp_cam_isp_demo.runs/design_1_v_frmbuf_wr_0_0_synth_1/prj/sol/.autopilot/db/v_frmbuf_wr.cpp:938:18)
INFO: [HLS 214-210] Disaggregating variable 'pix' (D:/zynqmp_cam_isp_demo/zynqmp_cam_isp_demo.runs/design_1_v_frmbuf_wr_0_0_synth_1/prj/sol/.autopilot/db/v_frmbuf_wr.cpp:182:18)
INFO: [HLS 214-210] Disaggregating variable 'pix' (D:/zynqmp_cam_isp_demo/zynqmp_cam_isp_demo.runs/design_1_v_frmbuf_wr_0_0_synth_1/prj/sol/.autopilot/db/v_frmbuf_wr.cpp:273:18)
INFO: [HLS 214-210] Disaggregating variable 'bytePlanes' (D:/zynqmp_cam_isp_demo/zynqmp_cam_isp_demo.runs/design_1_v_frmbuf_wr_0_0_synth_1/prj/sol/.autopilot/db/v_frmbuf_wr.cpp:35:16)
INFO: [HLS 214-291] Loop 'VITIS_LOOP_932_2' is marked as complete unroll implied by the pipeline pragma (D:/zynqmp_cam_isp_demo/zynqmp_cam_isp_demo.runs/design_1_v_frmbuf_wr_0_0_synth_1/prj/sol/.autopilot/db/v_frmbuf_wr.cpp:932:20)
INFO: [HLS 214-291] Loop 'VITIS_LOOP_936_3' is marked as complete unroll implied by the pipeline pragma (D:/zynqmp_cam_isp_demo/zynqmp_cam_isp_demo.runs/design_1_v_frmbuf_wr_0_0_synth_1/prj/sol/.autopilot/db/v_frmbuf_wr.cpp:936:24)
INFO: [HLS 214-291] Loop 'VITIS_LOOP_968_5' is marked as complete unroll implied by the pipeline pragma (D:/zynqmp_cam_isp_demo/zynqmp_cam_isp_demo.runs/design_1_v_frmbuf_wr_0_0_synth_1/prj/sol/.autopilot/db/v_frmbuf_wr.cpp:968:20)
INFO: [HLS 214-291] Loop 'VITIS_LOOP_973_6' is marked as complete unroll implied by the pipeline pragma (D:/zynqmp_cam_isp_demo/zynqmp_cam_isp_demo.runs/design_1_v_frmbuf_wr_0_0_synth_1/prj/sol/.autopilot/db/v_frmbuf_wr.cpp:973:24)
INFO: [HLS 214-291] Loop 'VITIS_LOOP_980_7' is marked as complete unroll implied by the pipeline pragma (D:/zynqmp_cam_isp_demo/zynqmp_cam_isp_demo.runs/design_1_v_frmbuf_wr_0_0_synth_1/prj/sol/.autopilot/db/v_frmbuf_wr.cpp:980:23)
INFO: [HLS 214-291] Loop 'VITIS_LOOP_224_1' is marked as complete unroll implied by the pipeline pragma (D:/zynqmp_cam_isp_demo/zynqmp_cam_isp_demo.runs/design_1_v_frmbuf_wr_0_0_synth_1/prj/sol/.autopilot/db/v_frmbuf_wr.cpp:224:22)
INFO: [HLS 214-291] Loop 'VITIS_LOOP_225_2' is marked as complete unroll implied by the pipeline pragma (D:/zynqmp_cam_isp_demo/zynqmp_cam_isp_demo.runs/design_1_v_frmbuf_wr_0_0_synth_1/prj/sol/.autopilot/db/v_frmbuf_wr.cpp:225:23)
INFO: [HLS 214-186] Unrolling loop 'VITIS_LOOP_932_2' (D:/zynqmp_cam_isp_demo/zynqmp_cam_isp_demo.runs/design_1_v_frmbuf_wr_0_0_synth_1/prj/sol/.autopilot/db/v_frmbuf_wr.cpp:932:20) in function 'MultiPixStream2Bytes' completely with a factor of 8 (D:/zynqmp_cam_isp_demo/zynqmp_cam_isp_demo.runs/design_1_v_frmbuf_wr_0_0_synth_1/prj/sol/.autopilot/db/v_frmbuf_wr.cpp:271:0)
INFO: [HLS 214-186] Unrolling loop 'VITIS_LOOP_936_3' (D:/zynqmp_cam_isp_demo/zynqmp_cam_isp_demo.runs/design_1_v_frmbuf_wr_0_0_synth_1/prj/sol/.autopilot/db/v_frmbuf_wr.cpp:936:24) in function 'MultiPixStream2Bytes' completely with a factor of 4 (D:/zynqmp_cam_isp_demo/zynqmp_cam_isp_demo.runs/design_1_v_frmbuf_wr_0_0_synth_1/prj/sol/.autopilot/db/v_frmbuf_wr.cpp:271:0)
INFO: [HLS 214-186] Unrolling loop 'VITIS_LOOP_968_5' (D:/zynqmp_cam_isp_demo/zynqmp_cam_isp_demo.runs/design_1_v_frmbuf_wr_0_0_synth_1/prj/sol/.autopilot/db/v_frmbuf_wr.cpp:968:20) in function 'MultiPixStream2Bytes' completely with a factor of 6 (D:/zynqmp_cam_isp_demo/zynqmp_cam_isp_demo.runs/design_1_v_frmbuf_wr_0_0_synth_1/prj/sol/.autopilot/db/v_frmbuf_wr.cpp:271:0)
INFO: [HLS 214-186] Unrolling loop 'VITIS_LOOP_973_6' (D:/zynqmp_cam_isp_demo/zynqmp_cam_isp_demo.runs/design_1_v_frmbuf_wr_0_0_synth_1/prj/sol/.autopilot/db/v_frmbuf_wr.cpp:973:24) in function 'MultiPixStream2Bytes' completely with a factor of 4 (D:/zynqmp_cam_isp_demo/zynqmp_cam_isp_demo.runs/design_1_v_frmbuf_wr_0_0_synth_1/prj/sol/.autopilot/db/v_frmbuf_wr.cpp:271:0)
INFO: [HLS 214-186] Unrolling loop 'VITIS_LOOP_980_7' (D:/zynqmp_cam_isp_demo/zynqmp_cam_isp_demo.runs/design_1_v_frmbuf_wr_0_0_synth_1/prj/sol/.autopilot/db/v_frmbuf_wr.cpp:980:23) in function 'MultiPixStream2Bytes' completely with a factor of 8 (D:/zynqmp_cam_isp_demo/zynqmp_cam_isp_demo.runs/design_1_v_frmbuf_wr_0_0_synth_1/prj/sol/.autopilot/db/v_frmbuf_wr.cpp:271:0)
INFO: [HLS 214-186] Unrolling loop 'VITIS_LOOP_224_1' (D:/zynqmp_cam_isp_demo/zynqmp_cam_isp_demo.runs/design_1_v_frmbuf_wr_0_0_synth_1/prj/sol/.autopilot/db/v_frmbuf_wr.cpp:224:22) in function 'AXIvideo2MultiPixStream' completely with a factor of 4 (D:/zynqmp_cam_isp_demo/zynqmp_cam_isp_demo.runs/design_1_v_frmbuf_wr_0_0_synth_1/prj/sol/.autopilot/db/v_frmbuf_wr.cpp:176:0)
INFO: [HLS 214-186] Unrolling loop 'VITIS_LOOP_225_2' (D:/zynqmp_cam_isp_demo/zynqmp_cam_isp_demo.runs/design_1_v_frmbuf_wr_0_0_synth_1/prj/sol/.autopilot/db/v_frmbuf_wr.cpp:225:23) in function 'AXIvideo2MultiPixStream' completely with a factor of 3 (D:/zynqmp_cam_isp_demo/zynqmp_cam_isp_demo.runs/design_1_v_frmbuf_wr_0_0_synth_1/prj/sol/.autopilot/db/v_frmbuf_wr.cpp:176:0)
INFO: [HLS 214-248] Applying array_partition to 'pix': Complete partitioning on dimension 1. (D:/zynqmp_cam_isp_demo/zynqmp_cam_isp_demo.runs/design_1_v_frmbuf_wr_0_0_synth_1/prj/sol/.autopilot/db/v_frmbuf_wr.cpp:182:18)
INFO: [HLS 214-248] Applying array_partition to 'pix': Complete partitioning on dimension 1. (D:/zynqmp_cam_isp_demo/zynqmp_cam_isp_demo.runs/design_1_v_frmbuf_wr_0_0_synth_1/prj/sol/.autopilot/db/v_frmbuf_wr.cpp:273:18)
INFO: [HLS 214-241] Aggregating fifo (hls::stream) variable 'img' with compact=bit mode in 120-bits (D:/zynqmp_cam_isp_demo/zynqmp_cam_isp_demo.runs/design_1_v_frmbuf_wr_0_0_synth_1/prj/sol/.autopilot/db/v_frmbuf_wr.cpp:34:18)
INFO: [HLS 214-241] Aggregating maxi variable 'frm_buffer' with compact=none mode in 256-bits
INFO: [HLS 214-115] Multiple burst writes of variable length and bit width 256 in loop 'VITIS_LOOP_1086_1'(D:/zynqmp_cam_isp_demo/zynqmp_cam_isp_demo.runs/design_1_v_frmbuf_wr_0_0_synth_1/prj/sol/.autopilot/db/v_frmbuf_wr.cpp:1086:21) has been inferred on bundle 'mm_video'. These burst requests might be further partitioned into multiple requests during RTL generation, based on max_read_burst_length or max_write_burst_length settings. (D:/zynqmp_cam_isp_demo/zynqmp_cam_isp_demo.runs/design_1_v_frmbuf_wr_0_0_synth_1/prj/sol/.autopilot/db/v_frmbuf_wr.cpp:1086:21)
INFO: [HLS 214-131] Inlining function '_llvm.fpga.unpack.none.s_struct.ap_uint<120>s.i120' into 'AXIvideo2MultiPixStream(hls::stream<hls::axis<ap_uint<120>, 1ul, 1ul, 1ul>, 0>&, hls::stream<hls::Scalar<12, ap_uint<10> >, 0>&, unsigned short&, unsigned short&, unsigned char&) (.1)' (D:/Xilinx/Vitis_HLS/2022.1/common/technology/autopilot\ap_axi_sdata.h:283:5)
INFO: [HLS 214-131] Inlining function '_llvm.fpga.pack.bits.i120.s_class.hls::Scalar<12, ap_uint<10> >s.1' into 'AXIvideo2MultiPixStream(hls::stream<hls::axis<ap_uint<120>, 1ul, 1ul, 1ul>, 0>&, hls::stream<hls::Scalar<12, ap_uint<10> >, 0>&, unsigned short&, unsigned short&, unsigned char&) (.1)' (D:/Xilinx/Vitis_HLS/2022.1/common/technology/autopilot/hls_stream_39.h:174:9)
INFO: [HLS 214-131] Inlining function '_llvm.fpga.unpack.none.s_struct.ap_uint<15>s.i15' into 'AXIvideo2MultiPixStream(hls::stream<hls::axis<ap_uint<120>, 1ul, 1ul, 1ul>, 0>&, hls::stream<hls::Scalar<12, ap_uint<10> >, 0>&, unsigned short&, unsigned short&, unsigned char&) (.1)' (D:/Xilinx/Vitis_HLS/2022.1/common/technology/autopilot\ap_axi_sdata.h:283:5)
INFO: [HLS 214-131] Inlining function '_llvm.fpga.unpack.none.s_struct.ap_uint<1>s.i1' into 'AXIvideo2MultiPixStream(hls::stream<hls::axis<ap_uint<120>, 1ul, 1ul, 1ul>, 0>&, hls::stream<hls::Scalar<12, ap_uint<10> >, 0>&, unsigned short&, unsigned short&, unsigned char&) (.1)' (D:/Xilinx/Vitis_HLS/2022.1/common/technology/autopilot\ap_axi_sdata.h:283:5)
INFO: [HLS 214-131] Inlining function '_llvm.fpga.pack.none.i192.s_class.hls::Scalar<12, ap_uint<10> >s' into 'AXIvideo2MultiPixStream(hls::stream<hls::axis<ap_uint<120>, 1ul, 1ul, 1ul>, 0>&, hls::stream<hls::Scalar<12, ap_uint<10> >, 0>&, unsigned short&, unsigned short&, unsigned char&) (.1)' (D:/Xilinx/Vitis_HLS/2022.1/common/technology/autopilot/hls_stream_39.h:174:9)
INFO: [HLS 214-131] Inlining function '_llvm.fpga.pack.none.i64.a4s_struct.ap_uint<10>s' into '_llvm.fpga.unpack.bits.s_class.hls::Scalar<12, ap_uint<10> >s.i120.1'
INFO: [HLS 214-131] Inlining function '_llvm.fpga.unpack.bits.s_class.hls::Scalar<12, ap_uint<10> >s.i120.1' into 'MultiPixStream2Bytes(hls::stream<hls::Scalar<12, ap_uint<10> >, 0>&, STREAM_PLANES&, unsigned short&, unsigned short&, unsigned short&, unsigned short&) (.1)' (D:/Xilinx/Vitis_HLS/2022.1/common/technology/autopilot/hls_stream_39.h:145:9)
INFO: [HLS 214-131] Inlining function '_llvm.fpga.pack.none.i256.s_struct.ap_uint<256>s' into 'MultiPixStream2Bytes(hls::stream<hls::Scalar<12, ap_uint<10> >, 0>&, STREAM_PLANES&, unsigned short&, unsigned short&, unsigned short&, unsigned short&) (.1)' (D:/Xilinx/Vitis_HLS/2022.1/common/technology/autopilot/hls_stream_39.h:174:9)
INFO: [HLS 200-111] Finished Compiling Optimization and Transform: CPU user time: 1 seconds. CPU system time: 0 seconds. Elapsed time: 14.467 seconds; current allocated memory: 959.031 MB.
INFO: [HLS 200-111] Finished Checking Pragmas: CPU user time: 0 seconds. CPU system time: 0 seconds. Elapsed time: 0.002 seconds; current allocated memory: 959.031 MB.
INFO: [HLS 200-10] Starting code transformations ...
INFO: [HLS 200-111] Finished Standard Transforms: CPU user time: 1 seconds. CPU system time: 0 seconds. Elapsed time: 0.157 seconds; current allocated memory: 959.031 MB.
INFO: [HLS 200-10] Checking synthesizability ...
INFO: [HLS 200-111] Finished Checking Synthesizability: CPU user time: 0 seconds. CPU system time: 0 seconds. Elapsed time: 0.275 seconds; current allocated memory: 959.031 MB.
WARNING: [HLS 200-805] An internal stream 'img' with default size can result in deadlock. Please consider resizing the stream using the directive 'set_directive_stream' or the 'HLS stream' pragma.
INFO: [XFORM 203-712] Applying dataflow to function 'FrmbufWrHlsDataFlow' (D:/zynqmp_cam_isp_demo/zynqmp_cam_isp_demo.runs/design_1_v_frmbuf_wr_0_0_synth_1/prj/sol/.autopilot/db/v_frmbuf_wr.cpp:35:1), detected/extracted 4 process function(s): 
	 'entry_proc'
	 'AXIvideo2MultiPixStream'
	 'MultiPixStream2Bytes'
	 'Bytes2AXIMMvideo'.
INFO: [XFORM 203-401] Performing if-conversion on hyperblock to (D:/zynqmp_cam_isp_demo/zynqmp_cam_isp_demo.runs/design_1_v_frmbuf_wr_0_0_synth_1/prj/sol/.autopilot/db/v_frmbuf_wr.cpp:207:15) in function 'AXIvideo2MultiPixStream'... converting 31 basic blocks.
INFO: [HLS 200-111] Finished Loop, function and other optimizations: CPU user time: 0 seconds. CPU system time: 0 seconds. Elapsed time: 0.651 seconds; current allocated memory: 959.031 MB.
INFO: [HLS 200-111] Finished Architecture Synthesis: CPU user time: 1 seconds. CPU system time: 0 seconds. Elapsed time: 0.49 seconds; current allocated memory: 959.031 MB.
INFO: [HLS 200-10] Starting hardware synthesis ...
INFO: [HLS 200-10] Synthesizing 'v_frmbuf_wr' ...
WARNING: [SYN 201-103] Legalizing function name 'reg<unsigned short>' to 'reg_unsigned_short_s'.
INFO: [HLS 200-10] ----------------------------------------------------------------
INFO: [HLS 200-42] -- Implementing module 'entry_proc' 
INFO: [HLS 200-10] ----------------------------------------------------------------
INFO: [SCHED 204-11] Starting scheduling ...
INFO: [SCHED 204-11] Finished scheduling.
INFO: [HLS 200-111] Finished Scheduling: CPU user time: 0 seconds. CPU system time: 0 seconds. Elapsed time: 0.145 seconds; current allocated memory: 959.031 MB.
INFO: [BIND 205-100] Starting micro-architecture generation ...
INFO: [BIND 205-101] Performing variable lifetime analysis.
INFO: [BIND 205-101] Exploring resource sharing.
INFO: [BIND 205-101] Binding ...
INFO: [BIND 205-100] Finished micro-architecture generation.
INFO: [HLS 200-111] Finished Binding: CPU user time: 0 seconds. CPU system time: 0 seconds. Elapsed time: 0.025 seconds; current allocated memory: 959.031 MB.
INFO: [HLS 200-10] ----------------------------------------------------------------
INFO: [HLS 200-42] -- Implementing module 'reg_unsigned_short_s' 
INFO: [HLS 200-10] ----------------------------------------------------------------
INFO: [SCHED 204-11] Starting scheduling ...
INFO: [SCHED 204-61] Pipelining function 'reg<unsigned short>'.
INFO: [HLS 200-1470] Pipelining result : Target II = 1, Final II = 1, Depth = 2, function 'reg<unsigned short>'
INFO: [SCHED 204-11] Finished scheduling.
INFO: [HLS 200-111] Finished Scheduling: CPU user time: 0 seconds. CPU system time: 0 seconds. Elapsed time: 0.038 seconds; current allocated memory: 959.031 MB.
INFO: [BIND 205-100] Starting micro-architecture generation ...
INFO: [BIND 205-101] Performing variable lifetime analysis.
INFO: [BIND 205-101] Exploring resource sharing.
INFO: [BIND 205-101] Binding ...
INFO: [BIND 205-100] Finished micro-architecture generation.
INFO: [HLS 200-111] Finished Binding: CPU user time: 0 seconds. CPU system time: 0 seconds. Elapsed time: 0.026 seconds; current allocated memory: 959.031 MB.
INFO: [HLS 200-10] ----------------------------------------------------------------
INFO: [HLS 200-42] -- Implementing module 'AXIvideo2MultiPixStream_Pipeline_loop_wait_for_start' 
INFO: [HLS 200-10] ----------------------------------------------------------------
INFO: [SCHED 204-11] Starting scheduling ...
INFO: [SCHED 204-61] Pipelining loop 'loop_wait_for_start'.
INFO: [HLS 200-1470] Pipelining result : Target II = 1, Final II = 1, Depth = 1, loop 'loop_wait_for_start'
INFO: [SCHED 204-11] Finished scheduling.
INFO: [HLS 200-111] Finished Scheduling: CPU user time: 0 seconds. CPU system time: 0 seconds. Elapsed time: 0.038 seconds; current allocated memory: 959.031 MB.
INFO: [BIND 205-100] Starting micro-architecture generation ...
INFO: [BIND 205-101] Performing variable lifetime analysis.
INFO: [BIND 205-101] Exploring resource sharing.
INFO: [BIND 205-101] Binding ...
INFO: [BIND 205-100] Finished micro-architecture generation.
INFO: [HLS 200-111] Finished Binding: CPU user time: 0 seconds. CPU system time: 0 seconds. Elapsed time: 0.026 seconds; current allocated memory: 959.031 MB.
INFO: [HLS 200-10] ----------------------------------------------------------------
INFO: [HLS 200-42] -- Implementing module 'AXIvideo2MultiPixStream_Pipeline_loop_width' 
INFO: [HLS 200-10] ----------------------------------------------------------------
INFO: [SCHED 204-11] Starting scheduling ...
INFO: [SCHED 204-61] Pipelining loop 'loop_width'.
INFO: [HLS 200-1470] Pipelining result : Target II = 1, Final II = 1, Depth = 2, loop 'loop_width'
INFO: [SCHED 204-11] Finished scheduling.
INFO: [HLS 200-111] Finished Scheduling: CPU user time: 0 seconds. CPU system time: 0 seconds. Elapsed time: 0.082 seconds; current allocated memory: 959.031 MB.
INFO: [BIND 205-100] Starting micro-architecture generation ...
INFO: [BIND 205-101] Performing variable lifetime analysis.
INFO: [BIND 205-101] Exploring resource sharing.
INFO: [BIND 205-101] Binding ...
INFO: [BIND 205-100] Finished micro-architecture generation.
INFO: [HLS 200-111] Finished Binding: CPU user time: 0 seconds. CPU system time: 0 seconds. Elapsed time: 0.083 seconds; current allocated memory: 959.031 MB.
INFO: [HLS 200-10] ----------------------------------------------------------------
INFO: [HLS 200-42] -- Implementing module 'AXIvideo2MultiPixStream_Pipeline_loop_wait_for_eol' 
INFO: [HLS 200-10] ----------------------------------------------------------------
INFO: [SCHED 204-11] Starting scheduling ...
INFO: [SCHED 204-61] Pipelining loop 'loop_wait_for_eol'.
INFO: [HLS 200-1470] Pipelining result : Target II = 1, Final II = 1, Depth = 1, loop 'loop_wait_for_eol'
INFO: [SCHED 204-11] Finished scheduling.
INFO: [HLS 200-111] Finished Scheduling: CPU user time: 0 seconds. CPU system time: 0 seconds. Elapsed time: 0.115 seconds; current allocated memory: 959.031 MB.
INFO: [BIND 205-100] Starting micro-architecture generation ...
INFO: [BIND 205-101] Performing variable lifetime analysis.
INFO: [BIND 205-101] Exploring resource sharing.
INFO: [BIND 205-101] Binding ...
INFO: [BIND 205-100] Finished micro-architecture generation.
INFO: [HLS 200-111] Finished Binding: CPU user time: 0 seconds. CPU system time: 0 seconds. Elapsed time: 0.031 seconds; current allocated memory: 959.031 MB.
INFO: [HLS 200-10] ----------------------------------------------------------------
INFO: [HLS 200-42] -- Implementing module 'AXIvideo2MultiPixStream' 
INFO: [HLS 200-10] ----------------------------------------------------------------
INFO: [SCHED 204-11] Starting scheduling ...
INFO: [SCHED 204-11] Finished scheduling.
INFO: [HLS 200-111] Finished Scheduling: CPU user time: 0 seconds. CPU system time: 0 seconds. Elapsed time: 0.084 seconds; current allocated memory: 959.031 MB.
INFO: [BIND 205-100] Starting micro-architecture generation ...
INFO: [BIND 205-101] Performing variable lifetime analysis.
INFO: [BIND 205-101] Exploring resource sharing.
INFO: [BIND 205-101] Binding ...
INFO: [BIND 205-100] Finished micro-architecture generation.
INFO: [HLS 200-111] Finished Binding: CPU user time: 1 seconds. CPU system time: 0 seconds. Elapsed time: 0.125 seconds; current allocated memory: 959.031 MB.
INFO: [HLS 200-10] ----------------------------------------------------------------
INFO: [HLS 200-42] -- Implementing module 'MultiPixStream2Bytes_Pipeline_VITIS_LOOP_966_4' 
INFO: [HLS 200-10] ----------------------------------------------------------------
INFO: [SCHED 204-11] Starting scheduling ...
INFO: [SCHED 204-61] Pipelining loop 'VITIS_LOOP_966_4'.
INFO: [HLS 200-1470] Pipelining result : Target II = 6, Final II = 6, Depth = 7, loop 'VITIS_LOOP_966_4'
INFO: [SCHED 204-11] Finished scheduling.
INFO: [HLS 200-111] Finished Scheduling: CPU user time: 0 seconds. CPU system time: 0 seconds. Elapsed time: 0.279 seconds; current allocated memory: 959.031 MB.
INFO: [BIND 205-100] Starting micro-architecture generation ...
INFO: [BIND 205-101] Performing variable lifetime analysis.
INFO: [BIND 205-101] Exploring resource sharing.
INFO: [BIND 205-101] Binding ...
INFO: [BIND 205-100] Finished micro-architecture generation.
INFO: [HLS 200-111] Finished Binding: CPU user time: 0 seconds. CPU system time: 0 seconds. Elapsed time: 0.115 seconds; current allocated memory: 959.031 MB.
INFO: [HLS 200-10] ----------------------------------------------------------------
INFO: [HLS 200-42] -- Implementing module 'MultiPixStream2Bytes_Pipeline_VITIS_LOOP_930_1' 
INFO: [HLS 200-10] ----------------------------------------------------------------
INFO: [SCHED 204-11] Starting scheduling ...
INFO: [SCHED 204-61] Pipelining loop 'VITIS_LOOP_930_1'.
INFO: [HLS 200-1470] Pipelining result : Target II = 8, Final II = 8, Depth = 9, loop 'VITIS_LOOP_930_1'
INFO: [SCHED 204-11] Finished scheduling.
INFO: [HLS 200-111] Finished Scheduling: CPU user time: 0 seconds. CPU system time: 0 seconds. Elapsed time: 0.262 seconds; current allocated memory: 959.031 MB.
INFO: [BIND 205-100] Starting micro-architecture generation ...
INFO: [BIND 205-101] Performing variable lifetime analysis.
INFO: [BIND 205-101] Exploring resource sharing.
INFO: [BIND 205-101] Binding ...
INFO: [BIND 205-100] Finished micro-architecture generation.
INFO: [HLS 200-111] Finished Binding: CPU user time: 0 seconds. CPU system time: 0 seconds. Elapsed time: 0.139 seconds; current allocated memory: 959.031 MB.
INFO: [HLS 200-10] ----------------------------------------------------------------
INFO: [HLS 200-42] -- Implementing module 'MultiPixStream2Bytes' 
INFO: [HLS 200-10] ----------------------------------------------------------------
INFO: [SCHED 204-11] Starting scheduling ...
INFO: [SCHED 204-11] Finished scheduling.
INFO: [HLS 200-111] Finished Scheduling: CPU user time: 1 seconds. CPU system time: 0 seconds. Elapsed time: 0.25 seconds; current allocated memory: 959.031 MB.
INFO: [BIND 205-100] Starting micro-architecture generation ...
INFO: [BIND 205-101] Performing variable lifetime analysis.
INFO: [BIND 205-101] Exploring resource sharing.
INFO: [BIND 205-101] Binding ...
INFO: [BIND 205-100] Finished micro-architecture generation.
INFO: [HLS 200-111] Finished Binding: CPU user time: 0 seconds. CPU system time: 0 seconds. Elapsed time: 0.262 seconds; current allocated memory: 959.031 MB.
INFO: [HLS 200-10] ----------------------------------------------------------------
INFO: [HLS 200-42] -- Implementing module 'Bytes2AXIMMvideo_Pipeline_VITIS_LOOP_1086_1' 
INFO: [HLS 200-10] ----------------------------------------------------------------
INFO: [SCHED 204-11] Starting scheduling ...
INFO: [SCHED 204-61] Pipelining loop 'VITIS_LOOP_1086_1'.
INFO: [HLS 200-1470] Pipelining result : Target II = 1, Final II = 1, Depth = 3, loop 'VITIS_LOOP_1086_1'
INFO: [SCHED 204-11] Finished scheduling.
INFO: [HLS 200-111] Finished Scheduling: CPU user time: 0 seconds. CPU system time: 0 seconds. Elapsed time: 0.293 seconds; current allocated memory: 959.031 MB.
INFO: [BIND 205-100] Starting micro-architecture generation ...
INFO: [BIND 205-101] Performing variable lifetime analysis.
INFO: [BIND 205-101] Exploring resource sharing.
INFO: [BIND 205-101] Binding ...
INFO: [BIND 205-100] Finished micro-architecture generation.
INFO: [HLS 200-111] Finished Binding: CPU user time: 0 seconds. CPU system time: 0 seconds. Elapsed time: 0.054 seconds; current allocated memory: 959.031 MB.
INFO: [HLS 200-10] ----------------------------------------------------------------
INFO: [HLS 200-42] -- Implementing module 'Bytes2AXIMMvideo' 
INFO: [HLS 200-10] ----------------------------------------------------------------
INFO: [SCHED 204-11] Starting scheduling ...
INFO: [SCHED 204-11] Finished scheduling.
INFO: [HLS 200-111] Finished Scheduling: CPU user time: 0 seconds. CPU system time: 0 seconds. Elapsed time: 0.259 seconds; current allocated memory: 959.031 MB.
INFO: [BIND 205-100] Starting micro-architecture generation ...
INFO: [BIND 205-101] Performing variable lifetime analysis.
INFO: [BIND 205-101] Exploring resource sharing.
INFO: [BIND 205-101] Binding ...
INFO: [BIND 205-100] Finished micro-architecture generation.
INFO: [HLS 200-111] Finished Binding: CPU user time: 1 seconds. CPU system time: 0 seconds. Elapsed time: 0.596 seconds; current allocated memory: 959.031 MB.
INFO: [HLS 200-10] ----------------------------------------------------------------
INFO: [HLS 200-42] -- Implementing module 'FrmbufWrHlsDataFlow' 
INFO: [HLS 200-10] ----------------------------------------------------------------
INFO: [SCHED 204-11] Starting scheduling ...
INFO: [SCHED 204-11] Finished scheduling.
INFO: [HLS 200-111] Finished Scheduling: CPU user time: 0 seconds. CPU system time: 0 seconds. Elapsed time: 0.196 seconds; current allocated memory: 959.031 MB.
INFO: [BIND 205-100] Starting micro-architecture generation ...
INFO: [BIND 205-101] Performing variable lifetime analysis.
INFO: [BIND 205-101] Exploring resource sharing.
INFO: [BIND 205-101] Binding ...
INFO: [BIND 205-100] Finished micro-architecture generation.
INFO: [HLS 200-111] Finished Binding: CPU user time: 0 seconds. CPU system time: 0 seconds. Elapsed time: 0.17 seconds; current allocated memory: 959.031 MB.
INFO: [HLS 200-10] ----------------------------------------------------------------
INFO: [HLS 200-42] -- Implementing module 'v_frmbuf_wr' 
INFO: [HLS 200-10] ----------------------------------------------------------------
INFO: [SCHED 204-11] Starting scheduling ...
INFO: [HLS 200-486] Changing DSP latency (root=mul_ln138) to 3 in order to utilize available DSP registers.
INFO: [SCHED 204-11] Finished scheduling.
INFO: [HLS 200-111] Finished Scheduling: CPU user time: 1 seconds. CPU system time: 0 seconds. Elapsed time: 0.417 seconds; current allocated memory: 959.031 MB.
INFO: [BIND 205-100] Starting micro-architecture generation ...
INFO: [BIND 205-101] Performing variable lifetime analysis.
INFO: [BIND 205-101] Exploring resource sharing.
INFO: [BIND 205-101] Binding ...
INFO: [BIND 205-100] Finished micro-architecture generation.
INFO: [HLS 200-111] Finished Binding: CPU user time: 0 seconds. CPU system time: 0 seconds. Elapsed time: 0.195 seconds; current allocated memory: 959.031 MB.
INFO: [HLS 200-10] ----------------------------------------------------------------
INFO: [HLS 200-10] -- Generating RTL for module 'entry_proc' 
INFO: [HLS 200-10] ----------------------------------------------------------------
INFO: [RTGEN 206-100] Finished creating RTL model for 'entry_proc'.
INFO: [HLS 200-111] Finished Creating RTL model: CPU user time: 0 seconds. CPU system time: 0 seconds. Elapsed time: 0.348 seconds; current allocated memory: 959.031 MB.
INFO: [HLS 200-10] ----------------------------------------------------------------
INFO: [HLS 200-10] -- Generating RTL for module 'reg_unsigned_short_s' 
INFO: [HLS 200-10] ----------------------------------------------------------------
INFO: [RTGEN 206-100] Finished creating RTL model for 'reg_unsigned_short_s'.
INFO: [HLS 200-111] Finished Creating RTL model: CPU user time: 0 seconds. CPU system time: 0 seconds. Elapsed time: 0.074 seconds; current allocated memory: 959.031 MB.
INFO: [HLS 200-10] ----------------------------------------------------------------
INFO: [HLS 200-10] -- Generating RTL for module 'AXIvideo2MultiPixStream_Pipeline_loop_wait_for_start' 
INFO: [HLS 200-10] ----------------------------------------------------------------
INFO: [RTGEN 206-100] Finished creating RTL model for 'AXIvideo2MultiPixStream_Pipeline_loop_wait_for_start'.
INFO: [HLS 200-111] Finished Creating RTL model: CPU user time: 0 seconds. CPU system time: 0 seconds. Elapsed time: 0.06 seconds; current allocated memory: 959.031 MB.
INFO: [HLS 200-10] ----------------------------------------------------------------
INFO: [HLS 200-10] -- Generating RTL for module 'AXIvideo2MultiPixStream_Pipeline_loop_width' 
INFO: [HLS 200-10] ----------------------------------------------------------------
INFO: [HLS 200-1030] Apply Unified Pipeline Control on module 'AXIvideo2MultiPixStream_Pipeline_loop_width' pipeline 'loop_width' pipeline type 'loop pipeline'
INFO: [RTGEN 206-100] Finished creating RTL model for 'AXIvideo2MultiPixStream_Pipeline_loop_width'.
INFO: [HLS 200-111] Finished Creating RTL model: CPU user time: 0 seconds. CPU system time: 0 seconds. Elapsed time: 0.132 seconds; current allocated memory: 959.031 MB.
INFO: [HLS 200-10] ----------------------------------------------------------------
INFO: [HLS 200-10] -- Generating RTL for module 'AXIvideo2MultiPixStream_Pipeline_loop_wait_for_eol' 
INFO: [HLS 200-10] ----------------------------------------------------------------
INFO: [RTGEN 206-100] Finished creating RTL model for 'AXIvideo2MultiPixStream_Pipeline_loop_wait_for_eol'.
INFO: [HLS 200-111] Finished Creating RTL model: CPU user time: 1 seconds. CPU system time: 0 seconds. Elapsed time: 0.384 seconds; current allocated memory: 959.031 MB.
INFO: [HLS 200-10] ----------------------------------------------------------------
INFO: [HLS 200-10] -- Generating RTL for module 'AXIvideo2MultiPixStream' 
INFO: [HLS 200-10] ----------------------------------------------------------------
INFO: [RTGEN 206-100] Finished creating RTL model for 'AXIvideo2MultiPixStream'.
INFO: [HLS 200-111] Finished Creating RTL model: CPU user time: 0 seconds. CPU system time: 0 seconds. Elapsed time: 0.101 seconds; current allocated memory: 959.031 MB.
INFO: [HLS 200-10] ----------------------------------------------------------------
INFO: [HLS 200-10] -- Generating RTL for module 'MultiPixStream2Bytes_Pipeline_VITIS_LOOP_966_4' 
INFO: [HLS 200-10] ----------------------------------------------------------------
INFO: [HLS 200-1030] Apply Unified Pipeline Control on module 'MultiPixStream2Bytes_Pipeline_VITIS_LOOP_966_4' pipeline 'VITIS_LOOP_966_4' pipeline type 'loop pipeline'
INFO: [RTGEN 206-100] Finished creating RTL model for 'MultiPixStream2Bytes_Pipeline_VITIS_LOOP_966_4'.
INFO: [HLS 200-111] Finished Creating RTL model: CPU user time: 0 seconds. CPU system time: 0 seconds. Elapsed time: 0.291 seconds; current allocated memory: 959.031 MB.
INFO: [HLS 200-10] ----------------------------------------------------------------
INFO: [HLS 200-10] -- Generating RTL for module 'MultiPixStream2Bytes_Pipeline_VITIS_LOOP_930_1' 
INFO: [HLS 200-10] ----------------------------------------------------------------
INFO: [HLS 200-1030] Apply Unified Pipeline Control on module 'MultiPixStream2Bytes_Pipeline_VITIS_LOOP_930_1' pipeline 'VITIS_LOOP_930_1' pipeline type 'loop pipeline'
INFO: [RTGEN 206-100] Finished creating RTL model for 'MultiPixStream2Bytes_Pipeline_VITIS_LOOP_930_1'.
INFO: [HLS 200-111] Finished Creating RTL model: CPU user time: 0 seconds. CPU system time: 0 seconds. Elapsed time: 0.516 seconds; current allocated memory: 959.031 MB.
INFO: [HLS 200-10] ----------------------------------------------------------------
INFO: [HLS 200-10] -- Generating RTL for module 'MultiPixStream2Bytes' 
INFO: [HLS 200-10] ----------------------------------------------------------------
INFO: [RTGEN 206-100] Generating core module 'urem_13ns_6ns_13_17_seq_1': 1 instance(s).
INFO: [RTGEN 206-100] Finished creating RTL model for 'MultiPixStream2Bytes'.
INFO: [HLS 200-111] Finished Creating RTL model: CPU user time: 1 seconds. CPU system time: 0 seconds. Elapsed time: 0.662 seconds; current allocated memory: 959.031 MB.
INFO: [HLS 200-10] ----------------------------------------------------------------
INFO: [HLS 200-10] -- Generating RTL for module 'Bytes2AXIMMvideo_Pipeline_VITIS_LOOP_1086_1' 
INFO: [HLS 200-10] ----------------------------------------------------------------
INFO: [HLS 200-1030] Apply Unified Pipeline Control on module 'Bytes2AXIMMvideo_Pipeline_VITIS_LOOP_1086_1' pipeline 'VITIS_LOOP_1086_1' pipeline type 'loop pipeline'
WARNING: [RTGEN 206-101] Setting dangling out port 'Bytes2AXIMMvideo_Pipeline_VITIS_LOOP_1086_1/m_axi_mm_video_AWVALID' to 0.
WARNING: [RTGEN 206-101] Setting dangling out port 'Bytes2AXIMMvideo_Pipeline_VITIS_LOOP_1086_1/m_axi_mm_video_AWADDR' to 0.
WARNING: [RTGEN 206-101] Setting dangling out port 'Bytes2AXIMMvideo_Pipeline_VITIS_LOOP_1086_1/m_axi_mm_video_AWID' to 0.
WARNING: [RTGEN 206-101] Setting dangling out port 'Bytes2AXIMMvideo_Pipeline_VITIS_LOOP_1086_1/m_axi_mm_video_AWLEN' to 0.
WARNING: [RTGEN 206-101] Setting dangling out port 'Bytes2AXIMMvideo_Pipeline_VITIS_LOOP_1086_1/m_axi_mm_video_AWSIZE' to 0.
WARNING: [RTGEN 206-101] Setting dangling out port 'Bytes2AXIMMvideo_Pipeline_VITIS_LOOP_1086_1/m_axi_mm_video_AWBURST' to 0.
WARNING: [RTGEN 206-101] Setting dangling out port 'Bytes2AXIMMvideo_Pipeline_VITIS_LOOP_1086_1/m_axi_mm_video_AWLOCK' to 0.
WARNING: [RTGEN 206-101] Setting dangling out port 'Bytes2AXIMMvideo_Pipeline_VITIS_LOOP_1086_1/m_axi_mm_video_AWCACHE' to 0.
WARNING: [RTGEN 206-101] Setting dangling out port 'Bytes2AXIMMvideo_Pipeline_VITIS_LOOP_1086_1/m_axi_mm_video_AWPROT' to 0.
WARNING: [RTGEN 206-101] Setting dangling out port 'Bytes2AXIMMvideo_Pipeline_VITIS_LOOP_1086_1/m_axi_mm_video_AWQOS' to 0.
WARNING: [RTGEN 206-101] Setting dangling out port 'Bytes2AXIMMvideo_Pipeline_VITIS_LOOP_1086_1/m_axi_mm_video_AWREGION' to 0.
WARNING: [RTGEN 206-101] Setting dangling out port 'Bytes2AXIMMvideo_Pipeline_VITIS_LOOP_1086_1/m_axi_mm_video_AWUSER' to 0.
WARNING: [RTGEN 206-101] Setting dangling out port 'Bytes2AXIMMvideo_Pipeline_VITIS_LOOP_1086_1/m_axi_mm_video_BREADY' to 0.
INFO: [RTGEN 206-100] Finished creating RTL model for 'Bytes2AXIMMvideo_Pipeline_VITIS_LOOP_1086_1'.
INFO: [HLS 200-111] Finished Creating RTL model: CPU user time: 1 seconds. CPU system time: 0 seconds. Elapsed time: 0.651 seconds; current allocated memory: 959.031 MB.
INFO: [HLS 200-10] ----------------------------------------------------------------
INFO: [HLS 200-10] -- Generating RTL for module 'Bytes2AXIMMvideo' 
INFO: [HLS 200-10] ----------------------------------------------------------------
INFO: [RTGEN 206-100] Finished creating RTL model for 'Bytes2AXIMMvideo'.
INFO: [HLS 200-111] Finished Creating RTL model: CPU user time: 0 seconds. CPU system time: 1 seconds. Elapsed time: 0.181 seconds; current allocated memory: 959.031 MB.
INFO: [HLS 200-10] ----------------------------------------------------------------
INFO: [HLS 200-10] -- Generating RTL for module 'FrmbufWrHlsDataFlow' 
INFO: [HLS 200-10] ----------------------------------------------------------------
WARNING: [RTGEN 206-101] Setting dangling out port 'FrmbufWrHlsDataFlow/m_axi_mm_video_ARVALID' to 0.
WARNING: [RTGEN 206-101] Setting dangling out port 'FrmbufWrHlsDataFlow/m_axi_mm_video_ARADDR' to 0.
WARNING: [RTGEN 206-101] Setting dangling out port 'FrmbufWrHlsDataFlow/m_axi_mm_video_ARID' to 0.
WARNING: [RTGEN 206-101] Setting dangling out port 'FrmbufWrHlsDataFlow/m_axi_mm_video_ARLEN' to 0.
WARNING: [RTGEN 206-101] Setting dangling out port 'FrmbufWrHlsDataFlow/m_axi_mm_video_ARSIZE' to 0.
WARNING: [RTGEN 206-101] Setting dangling out port 'FrmbufWrHlsDataFlow/m_axi_mm_video_ARBURST' to 0.
WARNING: [RTGEN 206-101] Setting dangling out port 'FrmbufWrHlsDataFlow/m_axi_mm_video_ARLOCK' to 0.
WARNING: [RTGEN 206-101] Setting dangling out port 'FrmbufWrHlsDataFlow/m_axi_mm_video_ARCACHE' to 0.
WARNING: [RTGEN 206-101] Setting dangling out port 'FrmbufWrHlsDataFlow/m_axi_mm_video_ARPROT' to 0.
WARNING: [RTGEN 206-101] Setting dangling out port 'FrmbufWrHlsDataFlow/m_axi_mm_video_ARQOS' to 0.
WARNING: [RTGEN 206-101] Setting dangling out port 'FrmbufWrHlsDataFlow/m_axi_mm_video_ARREGION' to 0.
WARNING: [RTGEN 206-101] Setting dangling out port 'FrmbufWrHlsDataFlow/m_axi_mm_video_ARUSER' to 0.
WARNING: [RTGEN 206-101] Setting dangling out port 'FrmbufWrHlsDataFlow/m_axi_mm_video_RREADY' to 0.
INFO: [RTGEN 206-100] Finished creating RTL model for 'FrmbufWrHlsDataFlow'.
INFO: [HLS 200-111] Finished Creating RTL model: CPU user time: 0 seconds. CPU system time: 0 seconds. Elapsed time: 0.44 seconds; current allocated memory: 959.031 MB.
INFO: [HLS 200-10] ----------------------------------------------------------------
INFO: [HLS 200-10] -- Generating RTL for module 'v_frmbuf_wr' 
INFO: [HLS 200-10] ----------------------------------------------------------------
WARNING: [RTGEN 206-101] Design contains AXI ports. Reset is fixed to synchronous and active low.
INFO: [RTGEN 206-500] Setting interface mode on port 'v_frmbuf_wr/mm_video' to 'm_axi'.
INFO: [RTGEN 206-500] Setting interface mode on port 'v_frmbuf_wr/width' to 's_axilite & ap_none'.
INFO: [RTGEN 206-500] Setting interface mode on port 'v_frmbuf_wr/height' to 's_axilite & ap_none'.
INFO: [RTGEN 206-500] Setting interface mode on port 'v_frmbuf_wr/stride' to 's_axilite & ap_none'.
INFO: [RTGEN 206-500] Setting interface mode on port 'v_frmbuf_wr/video_format' to 's_axilite & ap_none'.
INFO: [RTGEN 206-500] Setting interface mode on port 'v_frmbuf_wr/frm_buffer' to 's_axilite & ap_none'.
INFO: [RTGEN 206-500] Setting interface mode on port 'v_frmbuf_wr/frm_buffer2' to 's_axilite & ap_none'.
INFO: [RTGEN 206-500] Setting interface mode on port 'v_frmbuf_wr/frm_buffer3' to 's_axilite & ap_none'.
INFO: [RTGEN 206-500] Setting interface mode on port 'v_frmbuf_wr/s_axis_video_V_data_V' to 'axis' (register, both mode).
INFO: [RTGEN 206-500] Setting interface mode on port 'v_frmbuf_wr/s_axis_video_V_keep_V' to 'axis' (register, both mode).
INFO: [RTGEN 206-500] Setting interface mode on port 'v_frmbuf_wr/s_axis_video_V_strb_V' to 'axis' (register, both mode).
INFO: [RTGEN 206-500] Setting interface mode on port 'v_frmbuf_wr/s_axis_video_V_user_V' to 'axis' (register, both mode).
INFO: [RTGEN 206-500] Setting interface mode on port 'v_frmbuf_wr/s_axis_video_V_last_V' to 'axis' (register, both mode).
INFO: [RTGEN 206-500] Setting interface mode on port 'v_frmbuf_wr/s_axis_video_V_id_V' to 'axis' (register, both mode).
INFO: [RTGEN 206-500] Setting interface mode on port 'v_frmbuf_wr/s_axis_video_V_dest_V' to 'axis' (register, both mode).
INFO: [RTGEN 206-500] Setting interface mode on function 'v_frmbuf_wr' to 's_axilite & ap_ctrl_hs'.
INFO: [RTGEN 206-100] Bundling port 'width', 'height', 'stride', 'video_format', 'frm_buffer', 'frm_buffer2', 'frm_buffer3' and 'return' to AXI-Lite port CTRL.
INFO: [RTGEN 206-100] Generating core module 'mul_15s_3ns_15_1_1': 1 instance(s).
INFO: [RTGEN 206-100] Generating core module 'mul_mul_15ns_16ns_31_4_1': 1 instance(s).
INFO: [RTGEN 206-100] Finished creating RTL model for 'v_frmbuf_wr'.
INFO: [HLS 200-111] Finished Creating RTL model: CPU user time: 1 seconds. CPU system time: 0 seconds. Elapsed time: 0.633 seconds; current allocated memory: 959.031 MB.
INFO: [RTMG 210-285] Implementing FIFO 'HwReg_frm_buffer_c_U(design_1_v_frmbuf_wr_0_0_fifo_w32_d4_S)' using Shift Registers.
INFO: [RTMG 210-285] Implementing FIFO 'WidthInBytes_c9_U(design_1_v_frmbuf_wr_0_0_fifo_w15_d3_S)' using Shift Registers.
INFO: [RTMG 210-285] Implementing FIFO 'stride_c_U(design_1_v_frmbuf_wr_0_0_fifo_w16_d4_S)' using Shift Registers.
INFO: [RTMG 210-285] Implementing FIFO 'video_format_c_U(design_1_v_frmbuf_wr_0_0_fifo_w6_d3_S)' using Shift Registers.
INFO: [RTMG 210-285] Implementing FIFO 'img_U(design_1_v_frmbuf_wr_0_0_fifo_w120_d2_S)' using Shift Registers.
INFO: [RTMG 210-285] Implementing FIFO 'width_c_U(design_1_v_frmbuf_wr_0_0_fifo_w13_d2_S)' using Shift Registers.
INFO: [RTMG 210-285] Implementing FIFO 'height_c10_U(design_1_v_frmbuf_wr_0_0_fifo_w12_d2_S)' using Shift Registers.
INFO: [RTMG 210-285] Implementing FIFO 'bytePlanes_plane0_U(design_1_v_frmbuf_wr_0_0_fifo_w256_d264_B)' using Block RAMs.
INFO: [RTMG 210-285] Implementing FIFO 'WidthInBytes_c_U(design_1_v_frmbuf_wr_0_0_fifo_w15_d2_S)' using Shift Registers.
INFO: [RTMG 210-285] Implementing FIFO 'height_c_U(design_1_v_frmbuf_wr_0_0_fifo_w12_d2_S)' using Shift Registers.
INFO: [RTMG 210-285] Implementing FIFO 'start_for_MultiPixStream2Bytes_U0_U(design_1_v_frmbuf_wr_0_0_start_for_MultiPixStream2Bytes_U0)' using Shift Registers.
INFO: [RTMG 210-285] Implementing FIFO 'start_for_Bytes2AXIMMvideo_U0_U(design_1_v_frmbuf_wr_0_0_start_for_Bytes2AXIMMvideo_U0)' using Shift Registers.
INFO: [RTMG 210-279] Implementing memory 'design_1_v_frmbuf_wr_0_0_BYTES_PER_PIXEL_ROM_AUTO_1R' using auto ROMs.
INFO: [RTMG 210-279] Implementing memory 'design_1_v_frmbuf_wr_0_0_MEMORY2LIVE_ROM_AUTO_1R' using auto ROMs.
INFO: [HLS 200-111] Finished Generating all RTL models: CPU user time: 1 seconds. CPU system time: 0 seconds. Elapsed time: 2.176 seconds; current allocated memory: 959.031 MB.
INFO: [HLS 200-1603] Design has inferred MAXI bursts and missed bursts, see Vitis HLS GUI synthesis summary report for detailed information.
INFO: [HLS 200-111] Finished Updating report files: CPU user time: 3 seconds. CPU system time: 1 seconds. Elapsed time: 3.91 seconds; current allocated memory: 959.031 MB.
INFO: [VHDL 208-304] Generating VHDL RTL for v_frmbuf_wr with prefix design_1_v_frmbuf_wr_0_0_.
INFO: [VLOG 209-307] Generating Verilog RTL for v_frmbuf_wr with prefix design_1_v_frmbuf_wr_0_0_.
INFO: [HLS 200-789] **** Estimated Fmax: 205.59 MHz
INFO: [HLS 200-111] Finished Command csynth_design CPU user time: 21 seconds. CPU system time: 3 seconds. Elapsed time: 83.948 seconds; current allocated memory: 920.980 MB.
INFO: [HLS 200-1510] Running: export_design -format ip_catalog 
INFO: [IMPL 213-8] Exporting RTL as a Vivado IP.
INFO: [HLS 200-802] Generated output file prj/sol/impl/export.zip
INFO: [HLS 200-111] Finished Command export_design CPU user time: 6 seconds. CPU system time: 0 seconds. Elapsed time: 17.229 seconds; current allocated memory: 0.000 MB.
INFO: [HLS 200-112] Total CPU user time: 28 seconds. Total CPU system time: 5 seconds. Total elapsed time: 119.772 seconds; peak allocated memory: 959.031 MB.
INFO: [Common 17-206] Exiting vitis_hls at Sat Dec 10 20:38:55 2022...
