

================================================================
== Vitis HLS Report for 'AXIvideo2MultiPixStream_Pipeline_loop_width'
================================================================
* Date:           Sat Dec 10 20:38:28 2022

* Version:        2022.1 (Build 3526262 on Mon Apr 18 15:48:16 MDT 2022)
* Project:        prj
* Solution:       sol (Vivado IP Flow Target)
* Product family: zynquplus
* Target device:  xck26-sfvc784-2LV-c


================================================================
== Performance Estimates
================================================================
+ Timing: 
    * Summary: 
    +--------+---------+----------+------------+
    |  Clock |  Target | Estimated| Uncertainty|
    +--------+---------+----------+------------+
    |ap_clk  |  6.66 ns|  2.241 ns|     1.80 ns|
    +--------+---------+----------+------------+

+ Latency: 
    * Summary: 
    +---------+---------+-----------+----------+-----+------+---------+
    |  Latency (cycles) |  Latency (absolute)  |  Interval  | Pipeline|
    |   min   |   max   |    min    |    max   | min |  max |   Type  |
    +---------+---------+-----------+----------+-----+------+---------+
    |        3|     1054|  19.989 ns|  7.023 us|    3|  1054|       no|
    +---------+---------+-----------+----------+-----+------+---------+

    + Detail: 
        * Instance: 
        N/A

        * Loop: 
        +--------------+---------+---------+----------+-----------+-----------+----------+----------+
        |              |  Latency (cycles) | Iteration|  Initiation Interval  |   Trip   |          |
        |   Loop Name  |   min   |   max   |  Latency |  achieved |   target  |   Count  | Pipelined|
        +--------------+---------+---------+----------+-----------+-----------+----------+----------+
        |- loop_width  |        1|     1052|         2|          1|          1|  1 ~ 1052|       yes|
        +--------------+---------+---------+----------+-----------+-----------+----------+----------+



================================================================
== Utilization Estimates
================================================================
* Summary: 
+-----------------+---------+------+--------+--------+-----+
|       Name      | BRAM_18K|  DSP |   FF   |   LUT  | URAM|
+-----------------+---------+------+--------+--------+-----+
|DSP              |        -|     -|       -|       -|    -|
|Expression       |        -|     -|       0|     237|    -|
|FIFO             |        -|     -|       -|       -|    -|
|Instance         |        -|     -|       -|       -|    -|
|Memory           |        -|     -|       -|       -|    -|
|Multiplexer      |        -|     -|       -|     104|    -|
|Register         |        -|     -|     137|       -|    -|
+-----------------+---------+------+--------+--------+-----+
|Total            |        0|     0|     137|     341|    0|
+-----------------+---------+------+--------+--------+-----+
|Available        |      288|  1248|  234240|  117120|   64|
+-----------------+---------+------+--------+--------+-----+
|Utilization (%)  |        0|     0|      ~0|      ~0|    0|
+-----------------+---------+------+--------+--------+-----+

+ Detail: 
    * Instance: 
    N/A

    * DSP: 
    N/A

    * Memory: 
    N/A

    * FIFO: 
    N/A

    * Expression: 
    +----------------------------------+----------+----+---+----+------------+------------+
    |           Variable Name          | Operation| DSP| FF| LUT| Bitwidth P0| Bitwidth P1|
    +----------------------------------+----------+----+---+----+------------+------------+
    |j_2_fu_263_p2                     |         +|   0|  0|  18|          11|           1|
    |ap_block_state1_pp0_stage0_iter0  |       and|   0|  0|   2|           1|           1|
    |ap_block_state2_pp0_stage0_iter1  |       and|   0|  0|   2|           1|           1|
    |ap_condition_423                  |       and|   0|  0|   2|           1|           1|
    |ap_condition_426                  |       and|   0|  0|   2|           1|           1|
    |ap_condition_430                  |       and|   0|  0|   2|           1|           1|
    |ap_predicate_op37_read_state1     |       and|   0|  0|   2|           1|           1|
    |icmp_ln207_fu_257_p2              |      icmp|   0|  0|  11|          11|          11|
    |ap_block_pp0_stage0_01001         |        or|   0|  0|   2|           1|           1|
    |or_ln210_fu_269_p2                |        or|   0|  0|   2|           1|           1|
    |pix_val_V_114_fu_318_p3           |    select|   0|  0|  10|           1|          10|
    |pix_val_V_115_fu_335_p3           |    select|   0|  0|  10|           1|          10|
    |pix_val_V_116_fu_342_p3           |    select|   0|  0|  10|           1|          10|
    |pix_val_V_118_fu_369_p3           |    select|   0|  0|  10|           1|          10|
    |pix_val_V_119_fu_376_p3           |    select|   0|  0|  10|           1|          10|
    |pix_val_V_120_fu_393_p3           |    select|   0|  0|  10|           1|          10|
    |pix_val_V_122_fu_400_p3           |    select|   0|  0|  10|           1|          10|
    |pix_val_V_124_fu_427_p3           |    select|   0|  0|  10|           1|          10|
    |pix_val_V_125_fu_434_p3           |    select|   0|  0|  10|           1|          10|
    |pix_val_V_126_fu_451_p3           |    select|   0|  0|  10|           1|          10|
    |pix_val_V_127_fu_458_p3           |    select|   0|  0|  10|           1|          10|
    |pix_val_V_129_fu_465_p3           |    select|   0|  0|  10|           1|          10|
    |pix_val_V_130_fu_472_p3           |    select|   0|  0|  10|           1|          10|
    |pix_val_V_132_fu_499_p3           |    select|   0|  0|  10|           1|          10|
    |pix_val_V_133_fu_506_p3           |    select|   0|  0|  10|           1|          10|
    |pix_val_V_134_fu_523_p3           |    select|   0|  0|  10|           1|          10|
    |pix_val_V_135_fu_530_p3           |    select|   0|  0|  10|           1|          10|
    |pix_val_V_137_fu_537_p3           |    select|   0|  0|  10|           1|          10|
    |pix_val_V_138_fu_544_p3           |    select|   0|  0|  10|           1|          10|
    |ap_enable_pp0                     |       xor|   0|  0|   2|           1|           2|
    +----------------------------------+----------+----+---+----+------------+------------+
    |Total                             |          |   0|  0| 237|          50|         212|
    +----------------------------------+----------+----+---+----+------------+------------+

    * Multiplexer: 
    +------------------------------+----+-----------+-----+-----------+
    |             Name             | LUT| Input Size| Bits| Total Bits|
    +------------------------------+----+-----------+-----+-----------+
    |ap_done_int                   |   9|          2|    1|          2|
    |ap_enable_reg_pp0_iter1       |   9|          2|    1|          2|
    |ap_phi_mux_eol_phi_fu_220_p4  |  14|          3|    1|          3|
    |ap_phi_mux_sof_phi_fu_231_p4  |   9|          2|    1|          2|
    |ap_sig_allocacmp_j_1          |   9|          2|   11|         22|
    |axi_data_V_fu_134             |   9|          2|  120|        240|
    |axi_last_V_fu_138             |   9|          2|    1|          2|
    |eol_reg_217                   |   9|          2|    1|          2|
    |img_blk_n                     |   9|          2|    1|          2|
    |j_fu_130                      |   9|          2|   11|         22|
    |s_axis_video_TDATA_blk_n      |   9|          2|    1|          2|
    +------------------------------+----+-----------+-----+-----------+
    |Total                         | 104|         23|  150|        301|
    +------------------------------+----+-----------+-----+-----------+

    * Register: 
    +-------------------------+-----+----+-----+-----------+
    |           Name          |  FF | LUT| Bits| Const Bits|
    +-------------------------+-----+----+-----+-----------+
    |ap_CS_fsm                |    1|   0|    1|          0|
    |ap_done_reg              |    1|   0|    1|          0|
    |ap_enable_reg_pp0_iter1  |    1|   0|    1|          0|
    |axi_data_V_fu_134        |  120|   0|  120|          0|
    |axi_last_V_fu_138        |    1|   0|    1|          0|
    |eol_reg_217              |    1|   0|    1|          0|
    |icmp_ln207_reg_633       |    1|   0|    1|          0|
    |j_fu_130                 |   11|   0|   11|          0|
    +-------------------------+-----+----+-----+-----------+
    |Total                    |  137|   0|  137|          0|
    +-------------------------+-----+----+-----+-----------+



================================================================
== Interface
================================================================
* Summary: 
+-------------------------+-----+-----+------------+---------------------------------------------+--------------+
|        RTL Ports        | Dir | Bits|  Protocol  |                Source Object                |    C Type    |
+-------------------------+-----+-----+------------+---------------------------------------------+--------------+
|ap_clk                   |   in|    1|  ap_ctrl_hs|  AXIvideo2MultiPixStream_Pipeline_loop_width|  return value|
|ap_rst                   |   in|    1|  ap_ctrl_hs|  AXIvideo2MultiPixStream_Pipeline_loop_width|  return value|
|ap_start                 |   in|    1|  ap_ctrl_hs|  AXIvideo2MultiPixStream_Pipeline_loop_width|  return value|
|ap_done                  |  out|    1|  ap_ctrl_hs|  AXIvideo2MultiPixStream_Pipeline_loop_width|  return value|
|ap_idle                  |  out|    1|  ap_ctrl_hs|  AXIvideo2MultiPixStream_Pipeline_loop_width|  return value|
|ap_ready                 |  out|    1|  ap_ctrl_hs|  AXIvideo2MultiPixStream_Pipeline_loop_width|  return value|
|s_axis_video_TVALID      |   in|    1|        axis|                        s_axis_video_V_data_V|       pointer|
|s_axis_video_TDATA       |   in|  120|        axis|                        s_axis_video_V_data_V|       pointer|
|img_din                  |  out|  120|     ap_fifo|                                          img|       pointer|
|img_num_data_valid       |   in|    2|     ap_fifo|                                          img|       pointer|
|img_fifo_cap             |   in|    2|     ap_fifo|                                          img|       pointer|
|img_full_n               |   in|    1|     ap_fifo|                                          img|       pointer|
|img_write                |  out|    1|     ap_fifo|                                          img|       pointer|
|sof_2                    |   in|    1|     ap_none|                                        sof_2|        scalar|
|axi_last_V_2             |   in|    1|     ap_none|                                 axi_last_V_2|        scalar|
|axi_data_V_2             |   in|  120|     ap_none|                                 axi_data_V_2|        scalar|
|div_cast                 |   in|   11|     ap_none|                                     div_cast|        scalar|
|cond                     |   in|    1|     ap_none|                                         cond|        scalar|
|icmp_ln235               |   in|    1|     ap_none|                                   icmp_ln235|        scalar|
|s_axis_video_TREADY      |  out|    1|        axis|                        s_axis_video_V_dest_V|       pointer|
|s_axis_video_TDEST       |   in|    1|        axis|                        s_axis_video_V_dest_V|       pointer|
|s_axis_video_TKEEP       |   in|   15|        axis|                        s_axis_video_V_keep_V|       pointer|
|s_axis_video_TSTRB       |   in|   15|        axis|                        s_axis_video_V_strb_V|       pointer|
|s_axis_video_TUSER       |   in|    1|        axis|                        s_axis_video_V_user_V|       pointer|
|s_axis_video_TLAST       |   in|    1|        axis|                        s_axis_video_V_last_V|       pointer|
|s_axis_video_TID         |   in|    1|        axis|                          s_axis_video_V_id_V|       pointer|
|eol_out                  |  out|    1|      ap_vld|                                      eol_out|       pointer|
|eol_out_ap_vld           |  out|    1|      ap_vld|                                      eol_out|       pointer|
|axi_data_V_3_out         |  out|  120|      ap_vld|                             axi_data_V_3_out|       pointer|
|axi_data_V_3_out_ap_vld  |  out|    1|      ap_vld|                             axi_data_V_3_out|       pointer|
+-------------------------+-----+-----+------------+---------------------------------------------+--------------+

