

================================================================
== Vitis HLS Report for 'Bytes2AXIMMvideo_Pipeline_VITIS_LOOP_1086_1'
================================================================
* Date:           Sat Dec 10 20:38:30 2022

* Version:        2022.1 (Build 3526262 on Mon Apr 18 15:48:16 MDT 2022)
* Project:        prj
* Solution:       sol (Vivado IP Flow Target)
* Product family: zynquplus
* Target device:  xck26-sfvc784-2LV-c


================================================================
== Performance Estimates
================================================================
+ Timing: 
    * Summary: 
    +--------+---------+----------+------------+
    |  Clock |  Target | Estimated| Uncertainty|
    +--------+---------+----------+------------+
    |ap_clk  |  6.66 ns|  4.864 ns|     1.80 ns|
    +--------+---------+----------+------------+

+ Latency: 
    * Summary: 
    +---------+---------+-----------+-----------+-----+------+---------+
    |  Latency (cycles) |   Latency (absolute)  |  Interval  | Pipeline|
    |   min   |   max   |    min    |    max    | min |  max |   Type  |
    +---------+---------+-----------+-----------+-----+------+---------+
    |        4|     2051|  26.652 ns|  13.666 us|    4|  2051|       no|
    +---------+---------+-----------+-----------+-----+------+---------+

    + Detail: 
        * Instance: 
        N/A

        * Loop: 
        +---------------------+---------+---------+----------+-----------+-----------+----------+----------+
        |                     |  Latency (cycles) | Iteration|  Initiation Interval  |   Trip   |          |
        |      Loop Name      |   min   |   max   |  Latency |  achieved |   target  |   Count  | Pipelined|
        +---------------------+---------+---------+----------+-----------+-----------+----------+----------+
        |- VITIS_LOOP_1086_1  |        2|     2049|         3|          1|          1|  1 ~ 2048|       yes|
        +---------------------+---------+---------+----------+-----------+-----------+----------+----------+



================================================================
== Utilization Estimates
================================================================
* Summary: 
+-----------------+---------+------+--------+--------+-----+
|       Name      | BRAM_18K|  DSP |   FF   |   LUT  | URAM|
+-----------------+---------+------+--------+--------+-----+
|DSP              |        -|     -|       -|       -|    -|
|Expression       |        -|     -|       0|      37|    -|
|FIFO             |        -|     -|       -|       -|    -|
|Instance         |        -|     -|       -|       -|    -|
|Memory           |        -|     -|       -|       -|    -|
|Multiplexer      |        -|     -|       -|      54|    -|
|Register         |        -|     -|     273|       -|    -|
+-----------------+---------+------+--------+--------+-----+
|Total            |        0|     0|     273|      91|    0|
+-----------------+---------+------+--------+--------+-----+
|Available        |      288|  1248|  234240|  117120|   64|
+-----------------+---------+------+--------+--------+-----+
|Utilization (%)  |        0|     0|      ~0|      ~0|    0|
+-----------------+---------+------+--------+--------+-----+

+ Detail: 
    * Instance: 
    N/A

    * DSP: 
    N/A

    * Memory: 
    N/A

    * FIFO: 
    N/A

    * Expression: 
    +----------------------------------+----------+----+---+----+------------+------------+
    |           Variable Name          | Operation| DSP| FF| LUT| Bitwidth P0| Bitwidth P1|
    +----------------------------------+----------+----+---+----+------------+------------+
    |add_ln1086_fu_116_p2              |         +|   0|  0|  18|          11|           1|
    |ap_block_pp0_stage0_01001         |       and|   0|  0|   2|           1|           1|
    |ap_block_state2_pp0_stage0_iter1  |       and|   0|  0|   2|           1|           1|
    |icmp_ln1086_fu_110_p2             |      icmp|   0|  0|  11|          11|          11|
    |ap_block_pp0_stage0_11001         |        or|   0|  0|   2|           1|           1|
    |ap_enable_pp0                     |       xor|   0|  0|   2|           1|           2|
    +----------------------------------+----------+----+---+----+------------+------------+
    |Total                             |          |   0|  0|  37|          26|          17|
    +----------------------------------+----------+----+---+----+------------+------------+

    * Multiplexer: 
    +-------------------------+----+-----------+-----+-----------+
    |           Name          | LUT| Input Size| Bits| Total Bits|
    +-------------------------+----+-----------+-----+-----------+
    |ap_done_int              |   9|          2|    1|          2|
    |ap_enable_reg_pp0_iter2  |   9|          2|    1|          2|
    |ap_sig_allocacmp_x_5     |   9|          2|   11|         22|
    |bytePlanes1_blk_n        |   9|          2|    1|          2|
    |mm_video_blk_n_W         |   9|          2|    1|          2|
    |x_fu_68                  |   9|          2|   11|         22|
    +-------------------------+----+-----------+-----+-----------+
    |Total                    |  54|         12|   26|         52|
    +-------------------------+----+-----------+-----+-----------+

    * Register: 
    +----------------------------------+-----+----+-----+-----------+
    |               Name               |  FF | LUT| Bits| Const Bits|
    +----------------------------------+-----+----+-----+-----------+
    |ap_CS_fsm                         |    1|   0|    1|          0|
    |ap_done_reg                       |    1|   0|    1|          0|
    |ap_enable_reg_pp0_iter1           |    1|   0|    1|          0|
    |ap_enable_reg_pp0_iter2           |    1|   0|    1|          0|
    |ap_loop_exit_ready_pp0_iter1_reg  |    1|   0|    1|          0|
    |icmp_ln1086_reg_144               |    1|   0|    1|          0|
    |mem_pix_reg_153                   |  256|   0|  256|          0|
    |x_fu_68                           |   11|   0|   11|          0|
    +----------------------------------+-----+----+-----+-----------+
    |Total                             |  273|   0|  273|          0|
    +----------------------------------+-----+----+-----+-----------+



================================================================
== Interface
================================================================
* Summary: 
+----------------------------+-----+-----+------------+---------------------------------------------+--------------+
|          RTL Ports         | Dir | Bits|  Protocol  |                Source Object                |    C Type    |
+----------------------------+-----+-----+------------+---------------------------------------------+--------------+
|ap_clk                      |   in|    1|  ap_ctrl_hs|  Bytes2AXIMMvideo_Pipeline_VITIS_LOOP_1086_1|  return value|
|ap_rst                      |   in|    1|  ap_ctrl_hs|  Bytes2AXIMMvideo_Pipeline_VITIS_LOOP_1086_1|  return value|
|ap_start                    |   in|    1|  ap_ctrl_hs|  Bytes2AXIMMvideo_Pipeline_VITIS_LOOP_1086_1|  return value|
|ap_done                     |  out|    1|  ap_ctrl_hs|  Bytes2AXIMMvideo_Pipeline_VITIS_LOOP_1086_1|  return value|
|ap_idle                     |  out|    1|  ap_ctrl_hs|  Bytes2AXIMMvideo_Pipeline_VITIS_LOOP_1086_1|  return value|
|ap_ready                    |  out|    1|  ap_ctrl_hs|  Bytes2AXIMMvideo_Pipeline_VITIS_LOOP_1086_1|  return value|
|bytePlanes1_dout            |   in|  256|     ap_fifo|                                  bytePlanes1|       pointer|
|bytePlanes1_num_data_valid  |   in|   10|     ap_fifo|                                  bytePlanes1|       pointer|
|bytePlanes1_fifo_cap        |   in|   10|     ap_fifo|                                  bytePlanes1|       pointer|
|bytePlanes1_empty_n         |   in|    1|     ap_fifo|                                  bytePlanes1|       pointer|
|bytePlanes1_read            |  out|    1|     ap_fifo|                                  bytePlanes1|       pointer|
|m_axi_mm_video_AWVALID      |  out|    1|       m_axi|                                     mm_video|       pointer|
|m_axi_mm_video_AWREADY      |   in|    1|       m_axi|                                     mm_video|       pointer|
|m_axi_mm_video_AWADDR       |  out|   32|       m_axi|                                     mm_video|       pointer|
|m_axi_mm_video_AWID         |  out|    1|       m_axi|                                     mm_video|       pointer|
|m_axi_mm_video_AWLEN        |  out|   32|       m_axi|                                     mm_video|       pointer|
|m_axi_mm_video_AWSIZE       |  out|    3|       m_axi|                                     mm_video|       pointer|
|m_axi_mm_video_AWBURST      |  out|    2|       m_axi|                                     mm_video|       pointer|
|m_axi_mm_video_AWLOCK       |  out|    2|       m_axi|                                     mm_video|       pointer|
|m_axi_mm_video_AWCACHE      |  out|    4|       m_axi|                                     mm_video|       pointer|
|m_axi_mm_video_AWPROT       |  out|    3|       m_axi|                                     mm_video|       pointer|
|m_axi_mm_video_AWQOS        |  out|    4|       m_axi|                                     mm_video|       pointer|
|m_axi_mm_video_AWREGION     |  out|    4|       m_axi|                                     mm_video|       pointer|
|m_axi_mm_video_AWUSER       |  out|    1|       m_axi|                                     mm_video|       pointer|
|m_axi_mm_video_WVALID       |  out|    1|       m_axi|                                     mm_video|       pointer|
|m_axi_mm_video_WREADY       |   in|    1|       m_axi|                                     mm_video|       pointer|
|m_axi_mm_video_WDATA        |  out|  256|       m_axi|                                     mm_video|       pointer|
|m_axi_mm_video_WSTRB        |  out|   32|       m_axi|                                     mm_video|       pointer|
|m_axi_mm_video_WLAST        |  out|    1|       m_axi|                                     mm_video|       pointer|
|m_axi_mm_video_WID          |  out|    1|       m_axi|                                     mm_video|       pointer|
|m_axi_mm_video_WUSER        |  out|    1|       m_axi|                                     mm_video|       pointer|
|m_axi_mm_video_ARVALID      |  out|    1|       m_axi|                                     mm_video|       pointer|
|m_axi_mm_video_ARREADY      |   in|    1|       m_axi|                                     mm_video|       pointer|
|m_axi_mm_video_ARADDR       |  out|   32|       m_axi|                                     mm_video|       pointer|
|m_axi_mm_video_ARID         |  out|    1|       m_axi|                                     mm_video|       pointer|
|m_axi_mm_video_ARLEN        |  out|   32|       m_axi|                                     mm_video|       pointer|
|m_axi_mm_video_ARSIZE       |  out|    3|       m_axi|                                     mm_video|       pointer|
|m_axi_mm_video_ARBURST      |  out|    2|       m_axi|                                     mm_video|       pointer|
|m_axi_mm_video_ARLOCK       |  out|    2|       m_axi|                                     mm_video|       pointer|
|m_axi_mm_video_ARCACHE      |  out|    4|       m_axi|                                     mm_video|       pointer|
|m_axi_mm_video_ARPROT       |  out|    3|       m_axi|                                     mm_video|       pointer|
|m_axi_mm_video_ARQOS        |  out|    4|       m_axi|                                     mm_video|       pointer|
|m_axi_mm_video_ARREGION     |  out|    4|       m_axi|                                     mm_video|       pointer|
|m_axi_mm_video_ARUSER       |  out|    1|       m_axi|                                     mm_video|       pointer|
|m_axi_mm_video_RVALID       |   in|    1|       m_axi|                                     mm_video|       pointer|
|m_axi_mm_video_RREADY       |  out|    1|       m_axi|                                     mm_video|       pointer|
|m_axi_mm_video_RDATA        |   in|  256|       m_axi|                                     mm_video|       pointer|
|m_axi_mm_video_RLAST        |   in|    1|       m_axi|                                     mm_video|       pointer|
|m_axi_mm_video_RID          |   in|    1|       m_axi|                                     mm_video|       pointer|
|m_axi_mm_video_RFIFONUM     |   in|    9|       m_axi|                                     mm_video|       pointer|
|m_axi_mm_video_RUSER        |   in|    1|       m_axi|                                     mm_video|       pointer|
|m_axi_mm_video_RRESP        |   in|    2|       m_axi|                                     mm_video|       pointer|
|m_axi_mm_video_BVALID       |   in|    1|       m_axi|                                     mm_video|       pointer|
|m_axi_mm_video_BREADY       |  out|    1|       m_axi|                                     mm_video|       pointer|
|m_axi_mm_video_BRESP        |   in|    2|       m_axi|                                     mm_video|       pointer|
|m_axi_mm_video_BID          |   in|    1|       m_axi|                                     mm_video|       pointer|
|m_axi_mm_video_BUSER        |   in|    1|       m_axi|                                     mm_video|       pointer|
|sext_ln1086                 |   in|   27|     ap_none|                                  sext_ln1086|        scalar|
|loopWidth                   |   in|   11|     ap_none|                                    loopWidth|        scalar|
+----------------------------+-----+-----+------------+---------------------------------------------+--------------+

