

================================================================
== Vitis HLS Report for 'Bytes2AXIMMvideo'
================================================================
* Date:           Fri Nov 25 21:03:39 2022

* Version:        2022.1 (Build 3526262 on Mon Apr 18 15:48:16 MDT 2022)
* Project:        prj
* Solution:       sol (Vivado IP Flow Target)
* Product family: zynquplus
* Target device:  xck26-sfvc784-2LV-c


================================================================
== Performance Estimates
================================================================
+ Timing: 
    * Summary: 
    +--------+---------+----------+------------+
    |  Clock |  Target | Estimated| Uncertainty|
    +--------+---------+----------+------------+
    |ap_clk  |  6.66 ns|  4.864 ns|     1.80 ns|
    +--------+---------+----------+------------+

+ Latency: 
    * Summary: 
    +---------+---------+----------+-----------+-----+---------+---------+
    |  Latency (cycles) |  Latency (absolute)  |    Interval   | Pipeline|
    |   min   |   max   |    min   |    max    | min |   max   |   Type  |
    +---------+---------+----------+-----------+-----+---------+---------+
    |        1|  9326881|  6.663 ns|  62.145 ms|    1|  9326881|       no|
    +---------+---------+----------+-----------+-----+---------+---------+

    + Detail: 
        * Instance: 
        +--------------------------------------------------------+---------------------------------------------+---------+---------+-----------+-----------+-----+------+---------+
        |                                                        |                                             |  Latency (cycles) |   Latency (absolute)  |  Interval  | Pipeline|
        |                        Instance                        |                    Module                   |   min   |   max   |    min    |    max    | min |  max |   Type  |
        +--------------------------------------------------------+---------------------------------------------+---------+---------+-----------+-----------+-----+------+---------+
        |grp_Bytes2AXIMMvideo_Pipeline_VITIS_LOOP_1086_1_fu_145  |Bytes2AXIMMvideo_Pipeline_VITIS_LOOP_1086_1  |        4|     2051|  26.652 ns|  13.666 us|    4|  2051|       no|
        +--------------------------------------------------------+---------------------------------------------+---------+---------+-----------+-----------+-----+------+---------+

        * Loop: 
        +--------------------------------+---------+---------+----------+-----------+-----------+----------+----------+
        |                                |  Latency (cycles) | Iteration|  Initiation Interval  |   Trip   |          |
        |            Loop Name           |   min   |   max   |  Latency |  achieved |   target  |   Count  | Pipelined|
        +--------------------------------+---------+---------+----------+-----------+-----------+----------+----------+
        |- loop_Bytes2AXIMMvideo_1plane  |        0|  9326880|  2 ~ 2159|          -|          -|  0 ~ 4320|        no|
        +--------------------------------+---------+---------+----------+-----------+-----------+----------+----------+



================================================================
== Utilization Estimates
================================================================
* Summary: 
+-----------------+---------+------+--------+--------+-----+
|       Name      | BRAM_18K|  DSP |   FF   |   LUT  | URAM|
+-----------------+---------+------+--------+--------+-----+
|DSP              |        -|     -|       -|       -|    -|
|Expression       |        -|     -|       0|     138|    -|
|FIFO             |        -|     -|       -|       -|    -|
|Instance         |        -|     -|     273|      91|    -|
|Memory           |        -|     -|       -|       -|    -|
|Multiplexer      |        -|     -|       -|     781|    -|
|Register         |        -|     -|     263|       -|    -|
+-----------------+---------+------+--------+--------+-----+
|Total            |        0|     0|     536|    1010|    0|
+-----------------+---------+------+--------+--------+-----+
|Available        |      288|  1248|  234240|  117120|   64|
+-----------------+---------+------+--------+--------+-----+
|Utilization (%)  |        0|     0|      ~0|      ~0|    0|
+-----------------+---------+------+--------+--------+-----+

+ Detail: 
    * Instance: 
    +--------------------------------------------------------+---------------------------------------------+---------+----+-----+----+-----+
    |                        Instance                        |                    Module                   | BRAM_18K| DSP|  FF | LUT| URAM|
    +--------------------------------------------------------+---------------------------------------------+---------+----+-----+----+-----+
    |grp_Bytes2AXIMMvideo_Pipeline_VITIS_LOOP_1086_1_fu_145  |Bytes2AXIMMvideo_Pipeline_VITIS_LOOP_1086_1  |        0|   0|  273|  91|    0|
    +--------------------------------------------------------+---------------------------------------------+---------+----+-----+----+-----+
    |Total                                                   |                                             |        0|   0|  273|  91|    0|
    +--------------------------------------------------------+---------------------------------------------+---------+----+-----+----+-----+

    * DSP: 
    N/A

    * Memory: 
    N/A

    * FIFO: 
    N/A

    * Expression: 
    +-----------------------+----------+----+---+----+------------+------------+
    |     Variable Name     | Operation| DSP| FF| LUT| Bitwidth P0| Bitwidth P1|
    +-----------------------+----------+----+---+----+------------+------------+
    |add_ln1076_fu_162_p2   |         +|   0|  0|  23|          16|           5|
    |add_ln1086_fu_238_p2   |         +|   0|  0|  39|          32|          32|
    |add_ln1092_fu_263_p2   |         +|   0|  0|  30|          23|          23|
    |y_7_fu_220_p2          |         +|   0|  0|  19|          12|           1|
    |ap_block_state109      |       and|   0|  0|   2|           1|           1|
    |cmp32_fu_192_p2        |      icmp|   0|  0|  11|          11|           1|
    |icmp_ln1082_fu_215_p2  |      icmp|   0|  0|  12|          12|          12|
    |ap_block_state1        |        or|   0|  0|   2|           1|           1|
    +-----------------------+----------+----+---+----+------------+------------+
    |Total                  |          |   0|  0| 138|         108|          76|
    +-----------------------+----------+----+---+----+------------+------------+

    * Multiplexer: 
    +-------------------------+-----+-----------+-----+-----------+
    |           Name          | LUT | Input Size| Bits| Total Bits|
    +-------------------------+-----+-----------+-----+-----------+
    |Height_blk_n             |    9|          2|    1|          2|
    |StrideInBytes_blk_n      |    9|          2|    1|          2|
    |WidthInBytes_blk_n       |    9|          2|    1|          2|
    |ap_NS_fsm                |  545|        110|    1|        110|
    |ap_done                  |    9|          2|    1|          2|
    |bytePlanes1_read         |    9|          2|    1|          2|
    |dstImg_blk_n             |    9|          2|    1|          2|
    |m_axi_mm_video_AWADDR    |   14|          3|   32|         96|
    |m_axi_mm_video_AWBURST   |    9|          2|    2|          4|
    |m_axi_mm_video_AWCACHE   |    9|          2|    4|          8|
    |m_axi_mm_video_AWID      |    9|          2|    1|          2|
    |m_axi_mm_video_AWLEN     |   14|          3|   32|         96|
    |m_axi_mm_video_AWLOCK    |    9|          2|    2|          4|
    |m_axi_mm_video_AWPROT    |    9|          2|    3|          6|
    |m_axi_mm_video_AWQOS     |    9|          2|    4|          8|
    |m_axi_mm_video_AWREGION  |    9|          2|    4|          8|
    |m_axi_mm_video_AWSIZE    |    9|          2|    3|          6|
    |m_axi_mm_video_AWUSER    |    9|          2|    1|          2|
    |m_axi_mm_video_AWVALID   |   14|          3|    1|          3|
    |m_axi_mm_video_BREADY    |   14|          3|    1|          3|
    |m_axi_mm_video_WVALID    |    9|          2|    1|          2|
    |mm_video_blk_n_AW        |    9|          2|    1|          2|
    |mm_video_blk_n_B         |    9|          2|    1|          2|
    |y_fu_106                 |    9|          2|   12|         24|
    |yoffset_fu_110           |    9|          2|   23|         46|
    +-------------------------+-----+-----------+-----+-----------+
    |Total                    |  781|        162|  135|        444|
    +-------------------------+-----+-----------+-----+-----------+

    * Register: 
    +---------------------------------------------------------------------+-----+----+-----+-----------+
    |                                 Name                                |  FF | LUT| Bits| Const Bits|
    +---------------------------------------------------------------------+-----+----+-----+-----------+
    |Height_read_reg_291                                                  |   12|   0|   12|          0|
    |ap_CS_fsm                                                            |  109|   0|  109|          0|
    |ap_done_reg                                                          |    1|   0|    1|          0|
    |cmp32_reg_311                                                        |    1|   0|    1|          0|
    |dstImg_read_reg_296                                                  |   32|   0|   32|          0|
    |grp_Bytes2AXIMMvideo_Pipeline_VITIS_LOOP_1086_1_fu_145_ap_start_reg  |    1|   0|    1|          0|
    |loopWidth_reg_301                                                    |   11|   0|   11|          0|
    |trunc_ln5_reg_328                                                    |   27|   0|   27|          0|
    |y_7_reg_323                                                          |   12|   0|   12|          0|
    |y_fu_106                                                             |   12|   0|   12|          0|
    |yoffset_fu_110                                                       |   23|   0|   23|          0|
    |zext_ln1076_1_reg_306                                                |   11|   0|   32|         21|
    |zext_ln1082_reg_315                                                  |   11|   0|   23|         12|
    +---------------------------------------------------------------------+-----+----+-----+-----------+
    |Total                                                                |  263|   0|  296|         33|
    +---------------------------------------------------------------------+-----+----+-----+-----------+



================================================================
== Interface
================================================================
* Summary: 
+------------------------------+-----+-----+------------+------------------+--------------+
|           RTL Ports          | Dir | Bits|  Protocol  |   Source Object  |    C Type    |
+------------------------------+-----+-----+------------+------------------+--------------+
|ap_clk                        |   in|    1|  ap_ctrl_hs|  Bytes2AXIMMvideo|  return value|
|ap_rst                        |   in|    1|  ap_ctrl_hs|  Bytes2AXIMMvideo|  return value|
|ap_start                      |   in|    1|  ap_ctrl_hs|  Bytes2AXIMMvideo|  return value|
|ap_done                       |  out|    1|  ap_ctrl_hs|  Bytes2AXIMMvideo|  return value|
|ap_continue                   |   in|    1|  ap_ctrl_hs|  Bytes2AXIMMvideo|  return value|
|ap_idle                       |  out|    1|  ap_ctrl_hs|  Bytes2AXIMMvideo|  return value|
|ap_ready                      |  out|    1|  ap_ctrl_hs|  Bytes2AXIMMvideo|  return value|
|bytePlanes1_dout              |   in|  256|     ap_fifo|       bytePlanes1|       pointer|
|bytePlanes1_num_data_valid    |   in|   10|     ap_fifo|       bytePlanes1|       pointer|
|bytePlanes1_fifo_cap          |   in|   10|     ap_fifo|       bytePlanes1|       pointer|
|bytePlanes1_empty_n           |   in|    1|     ap_fifo|       bytePlanes1|       pointer|
|bytePlanes1_read              |  out|    1|     ap_fifo|       bytePlanes1|       pointer|
|m_axi_mm_video_AWVALID        |  out|    1|       m_axi|          mm_video|       pointer|
|m_axi_mm_video_AWREADY        |   in|    1|       m_axi|          mm_video|       pointer|
|m_axi_mm_video_AWADDR         |  out|   32|       m_axi|          mm_video|       pointer|
|m_axi_mm_video_AWID           |  out|    1|       m_axi|          mm_video|       pointer|
|m_axi_mm_video_AWLEN          |  out|   32|       m_axi|          mm_video|       pointer|
|m_axi_mm_video_AWSIZE         |  out|    3|       m_axi|          mm_video|       pointer|
|m_axi_mm_video_AWBURST        |  out|    2|       m_axi|          mm_video|       pointer|
|m_axi_mm_video_AWLOCK         |  out|    2|       m_axi|          mm_video|       pointer|
|m_axi_mm_video_AWCACHE        |  out|    4|       m_axi|          mm_video|       pointer|
|m_axi_mm_video_AWPROT         |  out|    3|       m_axi|          mm_video|       pointer|
|m_axi_mm_video_AWQOS          |  out|    4|       m_axi|          mm_video|       pointer|
|m_axi_mm_video_AWREGION       |  out|    4|       m_axi|          mm_video|       pointer|
|m_axi_mm_video_AWUSER         |  out|    1|       m_axi|          mm_video|       pointer|
|m_axi_mm_video_WVALID         |  out|    1|       m_axi|          mm_video|       pointer|
|m_axi_mm_video_WREADY         |   in|    1|       m_axi|          mm_video|       pointer|
|m_axi_mm_video_WDATA          |  out|  256|       m_axi|          mm_video|       pointer|
|m_axi_mm_video_WSTRB          |  out|   32|       m_axi|          mm_video|       pointer|
|m_axi_mm_video_WLAST          |  out|    1|       m_axi|          mm_video|       pointer|
|m_axi_mm_video_WID            |  out|    1|       m_axi|          mm_video|       pointer|
|m_axi_mm_video_WUSER          |  out|    1|       m_axi|          mm_video|       pointer|
|m_axi_mm_video_ARVALID        |  out|    1|       m_axi|          mm_video|       pointer|
|m_axi_mm_video_ARREADY        |   in|    1|       m_axi|          mm_video|       pointer|
|m_axi_mm_video_ARADDR         |  out|   32|       m_axi|          mm_video|       pointer|
|m_axi_mm_video_ARID           |  out|    1|       m_axi|          mm_video|       pointer|
|m_axi_mm_video_ARLEN          |  out|   32|       m_axi|          mm_video|       pointer|
|m_axi_mm_video_ARSIZE         |  out|    3|       m_axi|          mm_video|       pointer|
|m_axi_mm_video_ARBURST        |  out|    2|       m_axi|          mm_video|       pointer|
|m_axi_mm_video_ARLOCK         |  out|    2|       m_axi|          mm_video|       pointer|
|m_axi_mm_video_ARCACHE        |  out|    4|       m_axi|          mm_video|       pointer|
|m_axi_mm_video_ARPROT         |  out|    3|       m_axi|          mm_video|       pointer|
|m_axi_mm_video_ARQOS          |  out|    4|       m_axi|          mm_video|       pointer|
|m_axi_mm_video_ARREGION       |  out|    4|       m_axi|          mm_video|       pointer|
|m_axi_mm_video_ARUSER         |  out|    1|       m_axi|          mm_video|       pointer|
|m_axi_mm_video_RVALID         |   in|    1|       m_axi|          mm_video|       pointer|
|m_axi_mm_video_RREADY         |  out|    1|       m_axi|          mm_video|       pointer|
|m_axi_mm_video_RDATA          |   in|  256|       m_axi|          mm_video|       pointer|
|m_axi_mm_video_RLAST          |   in|    1|       m_axi|          mm_video|       pointer|
|m_axi_mm_video_RID            |   in|    1|       m_axi|          mm_video|       pointer|
|m_axi_mm_video_RFIFONUM       |   in|    9|       m_axi|          mm_video|       pointer|
|m_axi_mm_video_RUSER          |   in|    1|       m_axi|          mm_video|       pointer|
|m_axi_mm_video_RRESP          |   in|    2|       m_axi|          mm_video|       pointer|
|m_axi_mm_video_BVALID         |   in|    1|       m_axi|          mm_video|       pointer|
|m_axi_mm_video_BREADY         |  out|    1|       m_axi|          mm_video|       pointer|
|m_axi_mm_video_BRESP          |   in|    2|       m_axi|          mm_video|       pointer|
|m_axi_mm_video_BID            |   in|    1|       m_axi|          mm_video|       pointer|
|m_axi_mm_video_BUSER          |   in|    1|       m_axi|          mm_video|       pointer|
|dstImg_dout                   |   in|   32|     ap_fifo|            dstImg|       pointer|
|dstImg_num_data_valid         |   in|    3|     ap_fifo|            dstImg|       pointer|
|dstImg_fifo_cap               |   in|    3|     ap_fifo|            dstImg|       pointer|
|dstImg_empty_n                |   in|    1|     ap_fifo|            dstImg|       pointer|
|dstImg_read                   |  out|    1|     ap_fifo|            dstImg|       pointer|
|Height_dout                   |   in|   12|     ap_fifo|            Height|       pointer|
|Height_num_data_valid         |   in|    2|     ap_fifo|            Height|       pointer|
|Height_fifo_cap               |   in|    2|     ap_fifo|            Height|       pointer|
|Height_empty_n                |   in|    1|     ap_fifo|            Height|       pointer|
|Height_read                   |  out|    1|     ap_fifo|            Height|       pointer|
|WidthInBytes_dout             |   in|   15|     ap_fifo|      WidthInBytes|       pointer|
|WidthInBytes_num_data_valid   |   in|    2|     ap_fifo|      WidthInBytes|       pointer|
|WidthInBytes_fifo_cap         |   in|    2|     ap_fifo|      WidthInBytes|       pointer|
|WidthInBytes_empty_n          |   in|    1|     ap_fifo|      WidthInBytes|       pointer|
|WidthInBytes_read             |  out|    1|     ap_fifo|      WidthInBytes|       pointer|
|StrideInBytes_dout            |   in|   16|     ap_fifo|     StrideInBytes|       pointer|
|StrideInBytes_num_data_valid  |   in|    3|     ap_fifo|     StrideInBytes|       pointer|
|StrideInBytes_fifo_cap        |   in|    3|     ap_fifo|     StrideInBytes|       pointer|
|StrideInBytes_empty_n         |   in|    1|     ap_fifo|     StrideInBytes|       pointer|
|StrideInBytes_read            |  out|    1|     ap_fifo|     StrideInBytes|       pointer|
+------------------------------+-----+-----+------------+------------------+--------------+

