

================================================================
== Vitis HLS Report for 'MultiPixStream2Bytes'
================================================================
* Date:           Fri Nov 25 21:03:38 2022

* Version:        2022.1 (Build 3526262 on Mon Apr 18 15:48:16 MDT 2022)
* Project:        prj
* Solution:       sol (Vivado IP Flow Target)
* Product family: zynquplus
* Target device:  xck26-sfvc784-2LV-c


================================================================
== Performance Estimates
================================================================
+ Timing: 
    * Summary: 
    +--------+---------+----------+------------+
    |  Clock |  Target | Estimated| Uncertainty|
    +--------+---------+----------+------------+
    |ap_clk  |  6.66 ns|  3.921 ns|     1.80 ns|
    +--------+---------+----------+------------+

+ Latency: 
    * Summary: 
    +---------+----------+----------+-----------+-----+----------+---------+
    |  Latency (cycles)  |  Latency (absolute)  |    Interval    | Pipeline|
    |   min   |    max   |    min   |    max    | min |    max   |   Type  |
    +---------+----------+----------+-----------+-----+----------+---------+
    |        1|  70804802|  6.663 ns|  0.472 sec|    1|  70804802|       no|
    +---------+----------+----------+-----------+-----+----------+---------+

    + Detail: 
        * Instance: 
        +-----------------------------------------------------------+------------------------------------------------+---------+---------+-----------+-----------+-----+-------+---------+
        |                                                           |                                                |  Latency (cycles) |   Latency (absolute)  |   Interval  | Pipeline|
        |                          Instance                         |                     Module                     |   min   |   max   |    min    |    max    | min |  max  |   Type  |
        +-----------------------------------------------------------+------------------------------------------------+---------+---------+-----------+-----------+-----+-------+---------+
        |grp_MultiPixStream2Bytes_Pipeline_VITIS_LOOP_966_4_fu_278  |MultiPixStream2Bytes_Pipeline_VITIS_LOOP_966_4  |        3|    12291|  19.989 ns|  81.895 us|    3|  12291|       no|
        |grp_MultiPixStream2Bytes_Pipeline_VITIS_LOOP_930_1_fu_304  |MultiPixStream2Bytes_Pipeline_VITIS_LOOP_930_1  |        3|    16387|  19.989 ns|   0.109 ms|    3|  16387|       no|
        +-----------------------------------------------------------+------------------------------------------------+---------+---------+-----------+-----------+-----+-------+---------+

        * Loop: 
        +------------+---------+----------+-----------+-----------+-----------+----------+----------+
        |            |  Latency (cycles)  | Iteration |  Initiation Interval  |   Trip   |          |
        |  Loop Name |   min   |    max   |  Latency  |  achieved |   target  |   Count  | Pipelined|
        +------------+---------+----------+-----------+-----------+-----------+----------+----------+
        |- loop_Y8   |        0|  70804800|  6 ~ 16390|          -|          -|  0 ~ 4320|        no|
        |- loop_Y10  |        0|  53110080|  6 ~ 12294|          -|          -|  0 ~ 4320|        no|
        +------------+---------+----------+-----------+-----------+-----------+----------+----------+



================================================================
== Utilization Estimates
================================================================
* Summary: 
+-----------------+---------+------+--------+--------+-----+
|       Name      | BRAM_18K|  DSP |   FF   |   LUT  | URAM|
+-----------------+---------+------+--------+--------+-----+
|DSP              |        -|     -|       -|       -|    -|
|Expression       |        -|     -|       0|     274|    -|
|FIFO             |        -|     -|       -|       -|    -|
|Instance         |        -|     -|    1138|    1201|    -|
|Memory           |        -|     -|       -|       -|    -|
|Multiplexer      |        -|     -|       -|     257|    -|
|Register         |        -|     -|     798|       -|    -|
+-----------------+---------+------+--------+--------+-----+
|Total            |        0|     0|    1936|    1732|    0|
+-----------------+---------+------+--------+--------+-----+
|Available        |      288|  1248|  234240|  117120|   64|
+-----------------+---------+------+--------+--------+-----+
|Utilization (%)  |        0|     0|      ~0|       1|    0|
+-----------------+---------+------+--------+--------+-----+

+ Detail: 
    * Instance: 
    +-----------------------------------------------------------+------------------------------------------------+---------+----+-----+-----+-----+
    |                          Instance                         |                     Module                     | BRAM_18K| DSP|  FF | LUT | URAM|
    +-----------------------------------------------------------+------------------------------------------------+---------+----+-----+-----+-----+
    |grp_MultiPixStream2Bytes_Pipeline_VITIS_LOOP_930_1_fu_304  |MultiPixStream2Bytes_Pipeline_VITIS_LOOP_930_1  |        0|   0|  544|  606|    0|
    |grp_MultiPixStream2Bytes_Pipeline_VITIS_LOOP_966_4_fu_278  |MultiPixStream2Bytes_Pipeline_VITIS_LOOP_966_4  |        0|   0|  428|  520|    0|
    |urem_13ns_6ns_13_17_seq_1_U100                             |urem_13ns_6ns_13_17_seq_1                       |        0|   0|  166|   75|    0|
    +-----------------------------------------------------------+------------------------------------------------+---------+----+-----+-----+-----+
    |Total                                                      |                                                |        0|   0| 1138| 1201|    0|
    +-----------------------------------------------------------+------------------------------------------------+---------+----+-----+-----+-----+

    * DSP: 
    N/A

    * Memory: 
    N/A

    * FIFO: 
    N/A

    * Expression: 
    +-----------------------+----------+----+---+----+------------+------------+
    |     Variable Name     | Operation| DSP| FF| LUT| Bitwidth P0| Bitwidth P1|
    +-----------------------+----------+----+---+----+------------+------------+
    |add_ln915_fu_379_p2    |         +|   0|  0|  23|          16|           5|
    |add_ln950_fu_334_p2    |         +|   0|  0|  23|          16|           5|
    |sub100_fu_423_p2       |         +|   0|  0|  18|          11|           2|
    |sub166_fu_524_p2       |         +|   0|  0|  18|          11|           2|
    |y_3_fu_616_p2          |         +|   0|  0|  19|          12|           1|
    |y_5_fu_585_p2          |         +|   0|  0|  19|          12|           1|
    |cmp103_2_fu_451_p2     |      icmp|   0|  0|   9|           4|           2|
    |cmp103_4_fu_473_p2     |      icmp|   0|  0|   9|           4|           3|
    |cmp103_5_fu_479_p2     |      icmp|   0|  0|   9|           4|           3|
    |cmp103_6_fu_485_p2     |      icmp|   0|  0|   9|           4|           3|
    |cmp103_fu_429_p2       |      icmp|   0|  0|   9|           4|           1|
    |cmp169_2_fu_551_p2     |      icmp|   0|  0|   8|           3|           2|
    |cmp169_4_fu_565_p2     |      icmp|   0|  0|   9|           3|           4|
    |cmp169_5_fu_571_p2     |      icmp|   0|  0|   8|           3|           3|
    |cmp169_fu_529_p2       |      icmp|   0|  0|   8|           3|           1|
    |icmp13_fu_467_p2       |      icmp|   0|  0|   8|           2|           1|
    |icmp16_fu_545_p2       |      icmp|   0|  0|   8|           2|           1|
    |icmp_fu_445_p2         |      icmp|   0|  0|   8|           3|           1|
    |icmp_ln920_fu_395_p2   |      icmp|   0|  0|   9|           5|           1|
    |icmp_ln927_fu_611_p2   |      icmp|   0|  0|  12|          12|          12|
    |icmp_ln955_fu_500_p2   |      icmp|   0|  0|   9|           5|           1|
    |icmp_ln963_fu_580_p2   |      icmp|   0|  0|  12|          12|          12|
    |ap_block_state1        |        or|   0|  0|   2|           1|           1|
    |remainPix_1_fu_415_p3  |    select|   0|  0|   5|           1|           5|
    |remainPix_3_fu_516_p3  |    select|   0|  0|   3|           1|           3|
    +-----------------------+----------+----+---+----+------------+------------+
    |Total                  |          |   0|  0| 274|         154|          76|
    +-----------------------+----------+----+---+----+------------+------------+

    * Multiplexer: 
    +----------------------+-----+-----------+-----+-----------+
    |         Name         | LUT | Input Size| Bits| Total Bits|
    +----------------------+-----+-----------+-----+-----------+
    |Height_blk_n          |    9|          2|    1|          2|
    |VideoFormat_blk_n     |    9|          2|    1|          2|
    |WidthInBytes_blk_n    |    9|          2|    1|          2|
    |WidthInBytes_c_blk_n  |    9|          2|    1|          2|
    |WidthInPix_blk_n      |    9|          2|    1|          2|
    |ap_NS_fsm             |  121|         24|    1|         24|
    |ap_done               |    9|          2|    1|          2|
    |bytePlanes1_din       |    9|          2|  256|        512|
    |bytePlanes1_write     |   14|          3|    1|          3|
    |height_c_blk_n        |    9|          2|    1|          2|
    |img_read              |   14|          3|    1|          3|
    |out_pix_V_fu_194      |    9|          2|  256|        512|
    |raw_pix_V_fu_190      |    9|          2|  256|        512|
    |y_1_fu_198            |    9|          2|   12|         24|
    |y_fu_218              |    9|          2|   12|         24|
    +----------------------+-----+-----------+-----+-----------+
    |Total                 |  257|         54|  802|       1628|
    +----------------------+-----+-----------+-----+-----------+

    * Register: 
    +------------------------------------------------------------------------+-----+----+-----+-----------+
    |                                  Name                                  |  FF | LUT| Bits| Const Bits|
    +------------------------------------------------------------------------+-----+----+-----+-----------+
    |Height_read_reg_643                                                     |   12|   0|   12|          0|
    |VideoFormat_read_reg_639                                                |    6|   0|    6|          0|
    |ap_CS_fsm                                                               |   23|   0|   23|          0|
    |ap_done_reg                                                             |    1|   0|    1|          0|
    |cmp103_2_reg_759                                                        |    1|   0|    1|          0|
    |cmp103_4_reg_769                                                        |    1|   0|    1|          0|
    |cmp103_5_reg_774                                                        |    1|   0|    1|          0|
    |cmp103_6_reg_779                                                        |    1|   0|    1|          0|
    |cmp103_reg_749                                                          |    1|   0|    1|          0|
    |cmp169_2_reg_799                                                        |    1|   0|    1|          0|
    |cmp169_4_reg_809                                                        |    1|   0|    1|          0|
    |cmp169_5_reg_814                                                        |    1|   0|    1|          0|
    |cmp169_reg_789                                                          |    1|   0|    1|          0|
    |grp_MultiPixStream2Bytes_Pipeline_VITIS_LOOP_930_1_fu_304_ap_start_reg  |    1|   0|    1|          0|
    |grp_MultiPixStream2Bytes_Pipeline_VITIS_LOOP_966_4_fu_278_ap_start_reg  |    1|   0|    1|          0|
    |icmp13_reg_764                                                          |    1|   0|    1|          0|
    |icmp16_reg_794                                                          |    1|   0|    1|          0|
    |icmp_ln920_reg_739                                                      |    1|   0|    1|          0|
    |icmp_reg_754                                                            |    1|   0|    1|          0|
    |out_pix_V_fu_194                                                        |  256|   0|  256|          0|
    |pix_val_V_1_fu_226                                                      |   10|   0|   10|          0|
    |pix_val_V_1_load_reg_850                                                |   10|   0|   10|          0|
    |pix_val_V_2_fu_230                                                      |   10|   0|   10|          0|
    |pix_val_V_2_load_reg_855                                                |   10|   0|   10|          0|
    |pix_val_V_3_fu_234                                                      |   10|   0|   10|          0|
    |pix_val_V_3_load_reg_860                                                |   10|   0|   10|          0|
    |pix_val_V_4_fu_202                                                      |   10|   0|   10|          0|
    |pix_val_V_4_load_reg_822                                                |   10|   0|   10|          0|
    |pix_val_V_5_fu_206                                                      |   10|   0|   10|          0|
    |pix_val_V_5_load_reg_827                                                |   10|   0|   10|          0|
    |pix_val_V_6_fu_210                                                      |   10|   0|   10|          0|
    |pix_val_V_6_load_reg_832                                                |   10|   0|   10|          0|
    |pix_val_V_7_fu_214                                                      |   10|   0|   10|          0|
    |pix_val_V_7_load_reg_837                                                |   10|   0|   10|          0|
    |pix_val_V_fu_222                                                        |   10|   0|   10|          0|
    |pix_val_V_load_reg_845                                                  |   10|   0|   10|          0|
    |raw_pix_V_fu_190                                                        |  256|   0|  256|          0|
    |sub100_reg_744                                                          |   11|   0|   11|          0|
    |sub166_reg_784                                                          |   11|   0|   11|          0|
    |tmp_3_reg_804                                                           |    1|   0|    1|          0|
    |trunc_ln1_reg_697                                                       |   11|   0|   11|          0|
    |trunc_ln915_1_reg_734                                                   |   11|   0|   11|          0|
    |y_1_fu_198                                                              |   12|   0|   12|          0|
    |y_fu_218                                                                |   12|   0|   12|          0|
    +------------------------------------------------------------------------+-----+----+-----+-----------+
    |Total                                                                   |  798|   0|  798|          0|
    +------------------------------------------------------------------------+-----+----+-----+-----------+



================================================================
== Interface
================================================================
* Summary: 
+-------------------------------+-----+-----+------------+----------------------+--------------+
|           RTL Ports           | Dir | Bits|  Protocol  |     Source Object    |    C Type    |
+-------------------------------+-----+-----+------------+----------------------+--------------+
|ap_clk                         |   in|    1|  ap_ctrl_hs|  MultiPixStream2Bytes|  return value|
|ap_rst                         |   in|    1|  ap_ctrl_hs|  MultiPixStream2Bytes|  return value|
|ap_start                       |   in|    1|  ap_ctrl_hs|  MultiPixStream2Bytes|  return value|
|ap_done                        |  out|    1|  ap_ctrl_hs|  MultiPixStream2Bytes|  return value|
|ap_continue                    |   in|    1|  ap_ctrl_hs|  MultiPixStream2Bytes|  return value|
|ap_idle                        |  out|    1|  ap_ctrl_hs|  MultiPixStream2Bytes|  return value|
|ap_ready                       |  out|    1|  ap_ctrl_hs|  MultiPixStream2Bytes|  return value|
|img_dout                       |   in|  120|     ap_fifo|                   img|       pointer|
|img_num_data_valid             |   in|    2|     ap_fifo|                   img|       pointer|
|img_fifo_cap                   |   in|    2|     ap_fifo|                   img|       pointer|
|img_empty_n                    |   in|    1|     ap_fifo|                   img|       pointer|
|img_read                       |  out|    1|     ap_fifo|                   img|       pointer|
|bytePlanes1_din                |  out|  256|     ap_fifo|           bytePlanes1|       pointer|
|bytePlanes1_num_data_valid     |   in|   10|     ap_fifo|           bytePlanes1|       pointer|
|bytePlanes1_fifo_cap           |   in|   10|     ap_fifo|           bytePlanes1|       pointer|
|bytePlanes1_full_n             |   in|    1|     ap_fifo|           bytePlanes1|       pointer|
|bytePlanes1_write              |  out|    1|     ap_fifo|           bytePlanes1|       pointer|
|Height_dout                    |   in|   12|     ap_fifo|                Height|       pointer|
|Height_num_data_valid          |   in|    2|     ap_fifo|                Height|       pointer|
|Height_fifo_cap                |   in|    2|     ap_fifo|                Height|       pointer|
|Height_empty_n                 |   in|    1|     ap_fifo|                Height|       pointer|
|Height_read                    |  out|    1|     ap_fifo|                Height|       pointer|
|WidthInPix_dout                |   in|   13|     ap_fifo|            WidthInPix|       pointer|
|WidthInPix_num_data_valid      |   in|    2|     ap_fifo|            WidthInPix|       pointer|
|WidthInPix_fifo_cap            |   in|    2|     ap_fifo|            WidthInPix|       pointer|
|WidthInPix_empty_n             |   in|    1|     ap_fifo|            WidthInPix|       pointer|
|WidthInPix_read                |  out|    1|     ap_fifo|            WidthInPix|       pointer|
|WidthInBytes_dout              |   in|   15|     ap_fifo|          WidthInBytes|       pointer|
|WidthInBytes_num_data_valid    |   in|    3|     ap_fifo|          WidthInBytes|       pointer|
|WidthInBytes_fifo_cap          |   in|    3|     ap_fifo|          WidthInBytes|       pointer|
|WidthInBytes_empty_n           |   in|    1|     ap_fifo|          WidthInBytes|       pointer|
|WidthInBytes_read              |  out|    1|     ap_fifo|          WidthInBytes|       pointer|
|VideoFormat_dout               |   in|    6|     ap_fifo|           VideoFormat|       pointer|
|VideoFormat_num_data_valid     |   in|    3|     ap_fifo|           VideoFormat|       pointer|
|VideoFormat_fifo_cap           |   in|    3|     ap_fifo|           VideoFormat|       pointer|
|VideoFormat_empty_n            |   in|    1|     ap_fifo|           VideoFormat|       pointer|
|VideoFormat_read               |  out|    1|     ap_fifo|           VideoFormat|       pointer|
|WidthInBytes_c_din             |  out|   15|     ap_fifo|        WidthInBytes_c|       pointer|
|WidthInBytes_c_num_data_valid  |   in|    2|     ap_fifo|        WidthInBytes_c|       pointer|
|WidthInBytes_c_fifo_cap        |   in|    2|     ap_fifo|        WidthInBytes_c|       pointer|
|WidthInBytes_c_full_n          |   in|    1|     ap_fifo|        WidthInBytes_c|       pointer|
|WidthInBytes_c_write           |  out|    1|     ap_fifo|        WidthInBytes_c|       pointer|
|height_c_din                   |  out|   12|     ap_fifo|              height_c|       pointer|
|height_c_num_data_valid        |   in|    2|     ap_fifo|              height_c|       pointer|
|height_c_fifo_cap              |   in|    2|     ap_fifo|              height_c|       pointer|
|height_c_full_n                |   in|    1|     ap_fifo|              height_c|       pointer|
|height_c_write                 |  out|    1|     ap_fifo|              height_c|       pointer|
+-------------------------------+-----+-----+------------+----------------------+--------------+

