

================================================================
== Vitis HLS Report for 'Bytes2AXIMMvideo_Pipeline_VITIS_LOOP_1086_1'
================================================================
* Date:           Fri Nov 25 21:03:32 2022

* Version:        2022.1 (Build 3526262 on Mon Apr 18 15:48:16 MDT 2022)
* Project:        prj
* Solution:       sol (Vivado IP Flow Target)
* Product family: zynquplus
* Target device:  xck26-sfvc784-2LV-c


================================================================
== Performance Estimates
================================================================
+ Timing: 
    * Summary: 
    +--------+---------+----------+------------+
    |  Clock |  Target | Estimated| Uncertainty|
    +--------+---------+----------+------------+
    |ap_clk  |  6.66 ns|  4.864 ns|     1.80 ns|
    +--------+---------+----------+------------+

+ Latency: 
    * Summary: 
    +---------+---------+-----------+-----------+-----+------+---------+
    |  Latency (cycles) |   Latency (absolute)  |  Interval  | Pipeline|
    |   min   |   max   |    min    |    max    | min |  max |   Type  |
    +---------+---------+-----------+-----------+-----+------+---------+
    |        4|     4099|  26.652 ns|  27.312 us|    4|  4099|       no|
    +---------+---------+-----------+-----------+-----+------+---------+

    + Detail: 
        * Instance: 
        N/A

        * Loop: 
        +---------------------+---------+---------+----------+-----------+-----------+----------+----------+
        |                     |  Latency (cycles) | Iteration|  Initiation Interval  |   Trip   |          |
        |      Loop Name      |   min   |   max   |  Latency |  achieved |   target  |   Count  | Pipelined|
        +---------------------+---------+---------+----------+-----------+-----------+----------+----------+
        |- VITIS_LOOP_1086_1  |        2|     4097|         3|          1|          1|  1 ~ 4096|       yes|
        +---------------------+---------+---------+----------+-----------+-----------+----------+----------+

============================================================
+ Verbose Summary: Synthesis Manager
============================================================
InlineROM: 1
ExposeGlobal: 0
============================================================
+ Verbose Summary: CDFG Model
============================================================
IsTopModel: 0
ResetActiveHigh: 1
IsCombinational: 0
IsDatapathOnly: 0
HasWiredReturn: 1
HasMFsm: 2
HasVarLatency: 1
IsPipeline: 0
IsRtlPipelined: 0
IsInstanceOverlapped: 0
IsDontTouch: 0
HasImplIP: 0
IsGatedGlobalClock: 0

+ Individual pipeline summary: 
  * Pipeline-0: initiation interval (II) = 1, depth = 3


============================================================
+ Verbose Summary: Schedule
============================================================
* Number of FSM states : 3
* Pipeline : 1
  Pipeline-0 : II = 1, D = 3, States = { 1 2 3 }
* Dataflow Pipeline: 0

* FSM state transitions: 
1 --> 2 
2 --> 3 
3 --> 

* FSM state operations: 

State 1 <SV = 0> <Delay = 1.40>
ST_1 : Operation 6 [1/1] (0.00ns)   --->   "%x = alloca i32 1"   --->   Operation 6 'alloca' 'x' <Predicate = true> <Delay = 0.00>
ST_1 : Operation 7 [1/1] (0.00ns)   --->   "%loopWidth_read = read i12 @_ssdm_op_Read.ap_auto.i12, i12 %loopWidth"   --->   Operation 7 'read' 'loopWidth_read' <Predicate = true> <Delay = 0.00>
ST_1 : Operation 8 [1/1] (0.00ns)   --->   "%sext_ln1086_read = read i28 @_ssdm_op_Read.ap_auto.i28, i28 %sext_ln1086"   --->   Operation 8 'read' 'sext_ln1086_read' <Predicate = true> <Delay = 0.00>
ST_1 : Operation 9 [1/1] (0.00ns)   --->   "%sext_ln1086_cast = sext i28 %sext_ln1086_read"   --->   Operation 9 'sext' 'sext_ln1086_cast' <Predicate = true> <Delay = 0.00>
ST_1 : Operation 10 [1/1] (0.00ns)   --->   "%specmemcore_ln0 = specmemcore void @_ssdm_op_SpecMemCore, i128 %bytePlanes1, i64 666, i64 8, i64 18446744073709551615"   --->   Operation 10 'specmemcore' 'specmemcore_ln0' <Predicate = true> <Delay = 0.00>
ST_1 : Operation 11 [1/1] (0.00ns)   --->   "%specinterface_ln0 = specinterface void @_ssdm_op_SpecInterface, i128 %mm_video, void @empty_13, i32 0, i32 0, void @empty_14, i32 100, i32 2073600, void @empty_15, void @empty_11, void @empty_14, i32 16, i32 4, i32 16, i32 16, void @empty_14, void @empty_14, i32 4294967295, i32 0"   --->   Operation 11 'specinterface' 'specinterface_ln0' <Predicate = true> <Delay = 0.00>
ST_1 : Operation 12 [1/1] (0.00ns)   --->   "%specinterface_ln0 = specinterface void @_ssdm_op_SpecInterface, i128 %bytePlanes1, void @empty_1, i32 0, i32 0, void @empty_14, i32 0, i32 0, void @empty_14, void @empty_14, void @empty_14, i32 0, i32 0, i32 0, i32 0, void @empty_14, void @empty_14, i32 4294967295, i32 0"   --->   Operation 12 'specinterface' 'specinterface_ln0' <Predicate = true> <Delay = 0.00>
ST_1 : Operation 13 [1/1] (0.42ns)   --->   "%store_ln0 = store i12 0, i12 %x"   --->   Operation 13 'store' 'store_ln0' <Predicate = true> <Delay = 0.42>
ST_1 : Operation 14 [1/1] (0.00ns)   --->   "%br_ln0 = br void %for.inc"   --->   Operation 14 'br' 'br_ln0' <Predicate = true> <Delay = 0.00>
ST_1 : Operation 15 [1/1] (0.00ns)   --->   "%x_5 = load i12 %x" [D:/zynqmp_cam_isp_demo/zynqmp_cam_isp_demo.runs/design_1_v_frm_wr_0_0_synth_1/prj/sol/.autopilot/db/v_frmbuf_wr.cpp:1086]   --->   Operation 15 'load' 'x_5' <Predicate = true> <Delay = 0.00>
ST_1 : Operation 16 [1/1] (0.97ns)   --->   "%icmp_ln1086 = icmp_eq  i12 %x_5, i12 %loopWidth_read" [D:/zynqmp_cam_isp_demo/zynqmp_cam_isp_demo.runs/design_1_v_frm_wr_0_0_synth_1/prj/sol/.autopilot/db/v_frmbuf_wr.cpp:1086]   --->   Operation 16 'icmp' 'icmp_ln1086' <Predicate = true> <Delay = 0.97> <CoreInst = "Cmp">   --->   Core 9 'Cmp' <Latency = 0> <II = 1> <Delay = 0.97> <FuncUnit> <Opcode : 'icmp'> <InPorts = 2> <OutPorts = 1>
ST_1 : Operation 17 [1/1] (0.80ns)   --->   "%add_ln1086 = add i12 %x_5, i12 1" [D:/zynqmp_cam_isp_demo/zynqmp_cam_isp_demo.runs/design_1_v_frm_wr_0_0_synth_1/prj/sol/.autopilot/db/v_frmbuf_wr.cpp:1086]   --->   Operation 17 'add' 'add_ln1086' <Predicate = true> <Delay = 0.80> <CoreInst = "Adder">   --->   Core 1 'Adder' <Latency = 0> <II = 1> <Delay = 0.80> <FuncUnit> <Opcode : 'add' 'sub'> <InPorts = 2> <OutPorts = 1>
ST_1 : Operation 18 [1/1] (0.00ns)   --->   "%br_ln1086 = br i1 %icmp_ln1086, void %for.inc.split, void %for.inc10.loopexit.exitStub" [D:/zynqmp_cam_isp_demo/zynqmp_cam_isp_demo.runs/design_1_v_frm_wr_0_0_synth_1/prj/sol/.autopilot/db/v_frmbuf_wr.cpp:1086]   --->   Operation 18 'br' 'br_ln1086' <Predicate = true> <Delay = 0.00>
ST_1 : Operation 19 [1/1] (0.42ns)   --->   "%store_ln1086 = store i12 %add_ln1086, i12 %x" [D:/zynqmp_cam_isp_demo/zynqmp_cam_isp_demo.runs/design_1_v_frm_wr_0_0_synth_1/prj/sol/.autopilot/db/v_frmbuf_wr.cpp:1086]   --->   Operation 19 'store' 'store_ln1086' <Predicate = (!icmp_ln1086)> <Delay = 0.42>

State 2 <SV = 1> <Delay = 1.74>
ST_2 : Operation 20 [1/1] (0.00ns)   --->   "%mm_video_addr = getelementptr i128 %mm_video, i32 %sext_ln1086_cast" [D:/zynqmp_cam_isp_demo/zynqmp_cam_isp_demo.runs/design_1_v_frm_wr_0_0_synth_1/prj/sol/.autopilot/db/v_frmbuf_wr.cpp:1086]   --->   Operation 20 'getelementptr' 'mm_video_addr' <Predicate = true> <Delay = 0.00>
ST_2 : Operation 21 [1/1] (0.00ns)   --->   "%speclooptripcount_ln0 = speclooptripcount void @_ssdm_op_SpecLoopTripCount, i64 1, i64 4096, i64 0"   --->   Operation 21 'speclooptripcount' 'speclooptripcount_ln0' <Predicate = true> <Delay = 0.00>
ST_2 : Operation 22 [1/1] (1.74ns)   --->   "%mem_pix = read i128 @_ssdm_op_Read.ap_fifo.volatile.i128P0A, i128 %bytePlanes1" [D:/Xilinx/Vitis_HLS/2022.1/common/technology/autopilot/hls_stream_39.h:145]   --->   Operation 22 'read' 'mem_pix' <Predicate = (!icmp_ln1086)> <Delay = 1.74> <CoreInst = "FIFO_BRAM">   --->   Core 79 'FIFO_BRAM' <Latency = 0> <II = 1> <Delay = 1.74> <Storage> <Opcode : 'read' 'write' 'nbread' 'nbwrite'> <Ports = 0> <Width = 128> <Depth = 480> <FIFO>
ST_2 : Operation 27 [1/1] (0.00ns)   --->   "%ret_ln0 = ret"   --->   Operation 27 'ret' 'ret_ln0' <Predicate = (icmp_ln1086)> <Delay = 0.00>

State 3 <SV = 2> <Delay = 4.86>
ST_3 : Operation 23 [1/1] (0.00ns)   --->   "%specpipeline_ln1088 = specpipeline void @_ssdm_op_SpecPipeline, i32 1, i32 0, i32 0, i32 0, void @empty_14" [D:/zynqmp_cam_isp_demo/zynqmp_cam_isp_demo.runs/design_1_v_frm_wr_0_0_synth_1/prj/sol/.autopilot/db/v_frmbuf_wr.cpp:1088]   --->   Operation 23 'specpipeline' 'specpipeline_ln1088' <Predicate = true> <Delay = 0.00>
ST_3 : Operation 24 [1/1] (0.00ns)   --->   "%specloopname_ln1086 = specloopname void @_ssdm_op_SpecLoopName, void @empty_12" [D:/zynqmp_cam_isp_demo/zynqmp_cam_isp_demo.runs/design_1_v_frm_wr_0_0_synth_1/prj/sol/.autopilot/db/v_frmbuf_wr.cpp:1086]   --->   Operation 24 'specloopname' 'specloopname_ln1086' <Predicate = true> <Delay = 0.00>
ST_3 : Operation 25 [1/1] (4.86ns)   --->   "%write_ln1090 = write void @_ssdm_op_Write.m_axi.p1i128, i128 %mm_video_addr, i128 %mem_pix, i16 65535" [D:/zynqmp_cam_isp_demo/zynqmp_cam_isp_demo.runs/design_1_v_frm_wr_0_0_synth_1/prj/sol/.autopilot/db/v_frmbuf_wr.cpp:1090]   --->   Operation 25 'write' 'write_ln1090' <Predicate = true> <Delay = 4.86> <CoreInst = "m_axi">   --->   Core 121 'm_axi' <Latency = 0> <II = 1> <Delay = 1.00> <Adapter> <Opcode : 'read' 'write' 'readreq' 'writereq' 'writeresp'>
ST_3 : Operation 26 [1/1] (0.00ns)   --->   "%br_ln1086 = br void %for.inc" [D:/zynqmp_cam_isp_demo/zynqmp_cam_isp_demo.runs/design_1_v_frm_wr_0_0_synth_1/prj/sol/.autopilot/db/v_frmbuf_wr.cpp:1086]   --->   Operation 26 'br' 'br_ln1086' <Predicate = true> <Delay = 0.00>


============================================================
+ Verbose Summary: Timing violations
============================================================
Target clock period: 6.66ns, clock uncertainty: 1.8ns.

 <State 1>: 1.4ns
The critical path consists of the following:
	'alloca' operation ('x') [5]  (0 ns)
	'load' operation ('x', D:/zynqmp_cam_isp_demo/zynqmp_cam_isp_demo.runs/design_1_v_frm_wr_0_0_synth_1/prj/sol/.autopilot/db/v_frmbuf_wr.cpp:1086) on local variable 'x' [15]  (0 ns)
	'add' operation ('add_ln1086', D:/zynqmp_cam_isp_demo/zynqmp_cam_isp_demo.runs/design_1_v_frm_wr_0_0_synth_1/prj/sol/.autopilot/db/v_frmbuf_wr.cpp:1086) [19]  (0.809 ns)
	'store' operation ('store_ln1086', D:/zynqmp_cam_isp_demo/zynqmp_cam_isp_demo.runs/design_1_v_frm_wr_0_0_synth_1/prj/sol/.autopilot/db/v_frmbuf_wr.cpp:1086) of variable 'add_ln1086', D:/zynqmp_cam_isp_demo/zynqmp_cam_isp_demo.runs/design_1_v_frm_wr_0_0_synth_1/prj/sol/.autopilot/db/v_frmbuf_wr.cpp:1086 on local variable 'x' [26]  (0.427 ns)
	blocking operation 0.167 ns on control path)

 <State 2>: 1.75ns
The critical path consists of the following:
	fifo read operation ('mem_pix', D:/Xilinx/Vitis_HLS/2022.1/common/technology/autopilot/hls_stream_39.h:145) on port 'bytePlanes1' (D:/Xilinx/Vitis_HLS/2022.1/common/technology/autopilot/hls_stream_39.h:145) [24]  (1.75 ns)

 <State 3>: 4.86ns
The critical path consists of the following:
	bus write operation ('write_ln1090', D:/zynqmp_cam_isp_demo/zynqmp_cam_isp_demo.runs/design_1_v_frm_wr_0_0_synth_1/prj/sol/.autopilot/db/v_frmbuf_wr.cpp:1090) on port 'mm_video' (D:/zynqmp_cam_isp_demo/zynqmp_cam_isp_demo.runs/design_1_v_frm_wr_0_0_synth_1/prj/sol/.autopilot/db/v_frmbuf_wr.cpp:1090) [25]  (4.86 ns)


============================================================
+ Verbose Summary: Binding
============================================================
N/A
* FSMD analyzer results:
  - Output states:
 - Input state : 
  - Chain level:
	State 1
	State 2
	State 3


============================================================
+ Verbose Summary: Datapath Resource usage 
============================================================
N/A
