

================================================================
== Vitis HLS Report for 'MultiPixStream2Bytes'
================================================================
* Date:           Fri Nov 25 21:03:31 2022

* Version:        2022.1 (Build 3526262 on Mon Apr 18 15:48:16 MDT 2022)
* Project:        prj
* Solution:       sol (Vivado IP Flow Target)
* Product family: zynquplus
* Target device:  xck26-sfvc784-2LV-c


================================================================
== Performance Estimates
================================================================
+ Timing: 
    * Summary: 
    +--------+---------+----------+------------+
    |  Clock |  Target | Estimated| Uncertainty|
    +--------+---------+----------+------------+
    |ap_clk  |  6.66 ns|  4.013 ns|     1.80 ns|
    +--------+---------+----------+------------+

+ Latency: 
    * Summary: 
    +---------+-----------+----------+-----------+-----+-----------+---------+
    |   Latency (cycles)  |  Latency (absolute)  |     Interval    | Pipeline|
    |   min   |    max    |    min   |    max    | min |    max    |   Type  |
    +---------+-----------+----------+-----------+-----+-----------+---------+
    |        1|  141583682|  6.663 ns|  0.943 sec|    1|  141583682|       no|
    +---------+-----------+----------+-----------+-----+-----------+---------+

    + Detail: 
        * Instance: 
        N/A

        * Loop: 
        +------------+---------+-----------+-----------+-----------+-----------+----------+----------+
        |            |   Latency (cycles)  | Iteration |  Initiation Interval  |   Trip   |          |
        |  Loop Name |   min   |    max    |  Latency  |  achieved |   target  |   Count  | Pipelined|
        +------------+---------+-----------+-----------+-----------+-----------+----------+----------+
        |- loop_Y8   |        0|  141583680|  6 ~ 32774|          -|          -|  0 ~ 4320|        no|
        |- loop_Y10  |        0|  106194240|  6 ~ 24582|          -|          -|  0 ~ 4320|        no|
        +------------+---------+-----------+-----------+-----------+-----------+----------+----------+

============================================================
+ Verbose Summary: Synthesis Manager
============================================================
InlineROM: 1
ExposeGlobal: 0
============================================================
+ Verbose Summary: CDFG Model
============================================================
IsTopModel: 0
ResetActiveHigh: 1
IsCombinational: 2
IsDatapathOnly: 0
HasWiredReturn: 1
HasMFsm: 0
HasVarLatency: 1
IsPipeline: 0
IsRtlPipelined: 0
IsInstanceOverlapped: 0
IsDontTouch: 0
HasImplIP: 0
IsGatedGlobalClock: 0


============================================================
+ Verbose Summary: Schedule
============================================================
* Number of FSM states : 22
* Pipeline : 0
* Dataflow Pipeline: 0

* FSM state transitions: 
1 --> 2 17 20 
2 --> 3 
3 --> 4 
4 --> 5 
5 --> 6 
6 --> 7 
7 --> 8 
8 --> 9 
9 --> 10 
10 --> 11 
11 --> 12 
12 --> 13 
13 --> 14 
14 --> 15 
15 --> 16 
16 --> 17 
17 --> 18 
18 --> 19 
19 --> 17 
20 --> 21 17 
21 --> 22 
22 --> 20 

* FSM state operations: 

State 1 <SV = 0> <Delay = 3.67>
ST_1 : Operation 23 [1/1] (0.00ns)   --->   "%specinterface_ln0 = specinterface void @_ssdm_op_SpecInterface, i6 %VideoFormat, void @ap_fifo_str, i32 0, i32 0, void @p_str, i32 0, i32 0, void @p_str, void @p_str, void @p_str, i32 2, i32 2, i32 16, i32 16, void @p_str, void @ScalarProp_str, i32 4294967295, i32 0"   --->   Operation 23 'specinterface' 'specinterface_ln0' <Predicate = true> <Delay = 0.00>
ST_1 : Operation 24 [1/1] (1.83ns)   --->   "%VideoFormat_read = read i6 @_ssdm_op_Read.ap_fifo.i6P0A, i6 %VideoFormat"   --->   Operation 24 'read' 'VideoFormat_read' <Predicate = true> <Delay = 1.83> <CoreInst = "FIFO_SRL">   --->   Core 81 'FIFO_SRL' <Latency = 0> <II = 1> <Delay = 1.83> <Storage> <Opcode : 'read' 'write' 'nbread' 'nbwrite'> <Ports = 0> <Width = 6> <Depth = 3> <FIFO>
ST_1 : Operation 25 [1/1] (0.00ns)   --->   "%specinterface_ln0 = specinterface void @_ssdm_op_SpecInterface, i12 %Height, void @ap_fifo_str, i32 0, i32 0, void @p_str, i32 0, i32 0, void @p_str, void @p_str, void @p_str, i32 2, i32 2, i32 16, i32 16, void @p_str, void @ScalarProp_str, i32 4294967295, i32 0"   --->   Operation 25 'specinterface' 'specinterface_ln0' <Predicate = true> <Delay = 0.00>
ST_1 : Operation 26 [1/1] (1.83ns)   --->   "%Height_read = read i12 @_ssdm_op_Read.ap_fifo.i12P0A, i12 %Height"   --->   Operation 26 'read' 'Height_read' <Predicate = true> <Delay = 1.83> <CoreInst = "FIFO_SRL">   --->   Core 81 'FIFO_SRL' <Latency = 0> <II = 1> <Delay = 1.83> <Storage> <Opcode : 'read' 'write' 'nbread' 'nbwrite'> <Ports = 0> <Width = 12> <Depth = 2> <FIFO>
ST_1 : Operation 27 [1/1] (0.00ns)   --->   "%specinterface_ln0 = specinterface void @_ssdm_op_SpecInterface, i12 %height_c, void @ap_fifo_str, i32 0, i32 0, void @p_str, i32 0, i32 0, void @p_str, void @p_str, void @p_str, i32 2, i32 2, i32 16, i32 16, void @p_str, void @ScalarProp_str, i32 4294967295, i32 0"   --->   Operation 27 'specinterface' 'specinterface_ln0' <Predicate = true> <Delay = 0.00>
ST_1 : Operation 28 [1/1] (1.83ns)   --->   "%write_ln0 = write void @_ssdm_op_Write.ap_fifo.i12P0A, i12 %height_c, i12 %Height_read"   --->   Operation 28 'write' 'write_ln0' <Predicate = true> <Delay = 1.83> <CoreInst = "FIFO_SRL">   --->   Core 81 'FIFO_SRL' <Latency = 0> <II = 1> <Delay = 1.83> <Storage> <Opcode : 'read' 'write' 'nbread' 'nbwrite'> <Ports = 0> <Width = 12> <Depth = 2> <FIFO>
ST_1 : Operation 29 [1/1] (0.00ns)   --->   "%specinterface_ln0 = specinterface void @_ssdm_op_SpecInterface, i12 %WidthInPix, void @ap_fifo_str, i32 0, i32 0, void @p_str, i32 0, i32 0, void @p_str, void @p_str, void @p_str, i32 2, i32 2, i32 16, i32 16, void @p_str, void @ScalarProp_str, i32 4294967295, i32 0"   --->   Operation 29 'specinterface' 'specinterface_ln0' <Predicate = true> <Delay = 0.00>
ST_1 : Operation 30 [1/1] (1.83ns)   --->   "%WidthInPix_read = read i12 @_ssdm_op_Read.ap_fifo.i12P0A, i12 %WidthInPix"   --->   Operation 30 'read' 'WidthInPix_read' <Predicate = true> <Delay = 1.83> <CoreInst = "FIFO_SRL">   --->   Core 81 'FIFO_SRL' <Latency = 0> <II = 1> <Delay = 1.83> <Storage> <Opcode : 'read' 'write' 'nbread' 'nbwrite'> <Ports = 0> <Width = 12> <Depth = 2> <FIFO>
ST_1 : Operation 31 [1/1] (0.00ns)   --->   "%specinterface_ln0 = specinterface void @_ssdm_op_SpecInterface, i15 %WidthInBytes, void @ap_fifo_str, i32 0, i32 0, void @p_str, i32 0, i32 0, void @p_str, void @p_str, void @p_str, i32 2, i32 2, i32 16, i32 16, void @p_str, void @ScalarProp_str, i32 4294967295, i32 0"   --->   Operation 31 'specinterface' 'specinterface_ln0' <Predicate = true> <Delay = 0.00>
ST_1 : Operation 32 [1/1] (1.83ns)   --->   "%widthInPix = read i15 @_ssdm_op_Read.ap_fifo.i15P0A, i15 %WidthInBytes"   --->   Operation 32 'read' 'widthInPix' <Predicate = true> <Delay = 1.83> <CoreInst = "FIFO_SRL">   --->   Core 81 'FIFO_SRL' <Latency = 0> <II = 1> <Delay = 1.83> <Storage> <Opcode : 'read' 'write' 'nbread' 'nbwrite'> <Ports = 0> <Width = 15> <Depth = 3> <FIFO>
ST_1 : Operation 33 [1/1] (0.00ns)   --->   "%specinterface_ln0 = specinterface void @_ssdm_op_SpecInterface, i15 %WidthInBytes_c, void @ap_fifo_str, i32 0, i32 0, void @p_str, i32 0, i32 0, void @p_str, void @p_str, void @p_str, i32 2, i32 2, i32 16, i32 16, void @p_str, void @ScalarProp_str, i32 4294967295, i32 0"   --->   Operation 33 'specinterface' 'specinterface_ln0' <Predicate = true> <Delay = 0.00>
ST_1 : Operation 34 [1/1] (1.83ns)   --->   "%write_ln0 = write void @_ssdm_op_Write.ap_fifo.i15P0A, i15 %WidthInBytes_c, i15 %widthInPix"   --->   Operation 34 'write' 'write_ln0' <Predicate = true> <Delay = 1.83> <CoreInst = "FIFO_SRL">   --->   Core 81 'FIFO_SRL' <Latency = 0> <II = 1> <Delay = 1.83> <Storage> <Opcode : 'read' 'write' 'nbread' 'nbwrite'> <Ports = 0> <Width = 15> <Depth = 2> <FIFO>
ST_1 : Operation 35 [1/1] (0.00ns)   --->   "%specmemcore_ln0 = specmemcore void @_ssdm_op_SpecMemCore, i128 %bytePlanes1, i64 666, i64 8, i64 18446744073709551615"   --->   Operation 35 'specmemcore' 'specmemcore_ln0' <Predicate = true> <Delay = 0.00>
ST_1 : Operation 36 [1/1] (0.00ns)   --->   "%specinterface_ln0 = specinterface void @_ssdm_op_SpecInterface, i128 %bytePlanes1, void @empty_1, i32 0, i32 0, void @empty_14, i32 0, i32 0, void @empty_14, void @empty_14, void @empty_14, i32 0, i32 0, i32 0, i32 0, void @empty_14, void @empty_14, i32 4294967295, i32 0"   --->   Operation 36 'specinterface' 'specinterface_ln0' <Predicate = true> <Delay = 0.00>
ST_1 : Operation 37 [1/1] (0.00ns)   --->   "%specinterface_ln0 = specinterface void @_ssdm_op_SpecInterface, i60 %img, void @empty_1, i32 0, i32 0, void @empty_14, i32 0, i32 0, void @empty_14, void @empty_14, void @empty_14, i32 0, i32 0, i32 0, i32 0, void @empty_14, void @empty_14, i32 4294967295, i32 0"   --->   Operation 37 'specinterface' 'specinterface_ln0' <Predicate = true> <Delay = 0.00>
ST_1 : Operation 38 [1/1] (0.44ns)   --->   "%switch_ln274 = switch i6 %VideoFormat_read, void %if.end234, i6 43, void %if.end250, i6 42, void %if.end249, i6 10, void %if.then9, i6 11, void %if.then9, i6 27, void %if.end247, i6 15, void %if.then20, i6 16, void %if.then20, i6 12, void %if.end245, i6 28, void %if.end244, i6 18, void %if.then35, i6 19, void %if.then35, i6 22, void %if.then42, i6 23, void %if.then42, i6 32, void %if.then49, i6 33, void %if.then49, i6 37, void %if.then56, i6 38, void %if.then56, i6 20, void %if.then63, i6 21, void %if.then63, i6 30, void %if.then70, i6 31, void %if.then70, i6 35, void %if.then77, i6 36, void %if.then77, i6 29, void %if.end236, i6 24, void %if.then85, i6 25, void %if.then132" [D:/zynqmp_cam_isp_demo/zynqmp_cam_isp_demo.runs/design_1_v_frm_wr_0_0_synth_1/prj/sol/.autopilot/db/v_frmbuf_wr.cpp:274]   --->   Operation 38 'switch' 'switch_ln274' <Predicate = true> <Delay = 0.44>
ST_1 : Operation 39 [1/1] (0.00ns)   --->   "%out_pix_V = alloca i32 1"   --->   Operation 39 'alloca' 'out_pix_V' <Predicate = (VideoFormat_read == 25)> <Delay = 0.00>
ST_1 : Operation 40 [1/1] (0.00ns)   --->   "%y_1 = alloca i32 1"   --->   Operation 40 'alloca' 'y_1' <Predicate = (VideoFormat_read == 25)> <Delay = 0.00>
ST_1 : Operation 41 [1/1] (0.00ns)   --->   "%p_0_0_0_0_0_5138_lcssa176 = alloca i32 1"   --->   Operation 41 'alloca' 'p_0_0_0_0_0_5138_lcssa176' <Predicate = (VideoFormat_read == 25)> <Delay = 0.00>
ST_1 : Operation 42 [1/1] (0.00ns)   --->   "%p_0_3_0_0_0_5159_lcssa185 = alloca i32 1"   --->   Operation 42 'alloca' 'p_0_3_0_0_0_5159_lcssa185' <Predicate = (VideoFormat_read == 25)> <Delay = 0.00>
ST_1 : Operation 43 [1/1] (0.00ns)   --->   "%zext_ln950 = zext i15 %widthInPix" [D:/zynqmp_cam_isp_demo/zynqmp_cam_isp_demo.runs/design_1_v_frm_wr_0_0_synth_1/prj/sol/.autopilot/db/v_frmbuf_wr.cpp:950]   --->   Operation 43 'zext' 'zext_ln950' <Predicate = (VideoFormat_read == 25)> <Delay = 0.00>
ST_1 : Operation 44 [1/1] (0.84ns)   --->   "%add_ln950 = add i16 %zext_ln950, i16 15" [D:/zynqmp_cam_isp_demo/zynqmp_cam_isp_demo.runs/design_1_v_frm_wr_0_0_synth_1/prj/sol/.autopilot/db/v_frmbuf_wr.cpp:950]   --->   Operation 44 'add' 'add_ln950' <Predicate = (VideoFormat_read == 25)> <Delay = 0.84> <CoreInst = "Adder">   --->   Core 1 'Adder' <Latency = 0> <II = 1> <Delay = 0.84> <FuncUnit> <Opcode : 'add' 'sub'> <InPorts = 2> <OutPorts = 1>
ST_1 : Operation 45 [1/1] (0.00ns)   --->   "%trunc_ln = partselect i12 @_ssdm_op_PartSelect.i12.i16.i32.i32, i16 %add_ln950, i32 4, i32 15" [D:/zynqmp_cam_isp_demo/zynqmp_cam_isp_demo.runs/design_1_v_frm_wr_0_0_synth_1/prj/sol/.autopilot/db/v_frmbuf_wr.cpp:950]   --->   Operation 45 'partselect' 'trunc_ln' <Predicate = (VideoFormat_read == 25)> <Delay = 0.00>
ST_1 : Operation 46 [16/16] (1.38ns)   --->   "%remainPix_2 = urem i12 %WidthInPix_read, i12 12" [D:/zynqmp_cam_isp_demo/zynqmp_cam_isp_demo.runs/design_1_v_frm_wr_0_0_synth_1/prj/sol/.autopilot/db/v_frmbuf_wr.cpp:953]   --->   Operation 46 'urem' 'remainPix_2' <Predicate = (VideoFormat_read == 25)> <Delay = 1.38> <CoreInst = "DivnS_SEQ">   --->   Core 7 'DivnS_SEQ' <Latency = 15> <II = 12> <Delay = 1.38> <FuncUnit> <Opcode : 'sdiv' 'srem' 'udiv' 'urem'> <InPorts = 2> <OutPorts = 1>
ST_1 : Operation 47 [1/1] (0.42ns)   --->   "%store_ln963 = store i12 0, i12 %y_1" [D:/zynqmp_cam_isp_demo/zynqmp_cam_isp_demo.runs/design_1_v_frm_wr_0_0_synth_1/prj/sol/.autopilot/db/v_frmbuf_wr.cpp:963]   --->   Operation 47 'store' 'store_ln963' <Predicate = (VideoFormat_read == 25)> <Delay = 0.42>
ST_1 : Operation 48 [1/1] (0.00ns)   --->   "%store_ln963 = store i128 0, i128 %out_pix_V" [D:/zynqmp_cam_isp_demo/zynqmp_cam_isp_demo.runs/design_1_v_frm_wr_0_0_synth_1/prj/sol/.autopilot/db/v_frmbuf_wr.cpp:963]   --->   Operation 48 'store' 'store_ln963' <Predicate = (VideoFormat_read == 25)> <Delay = 0.00>
ST_1 : Operation 49 [1/1] (0.00ns)   --->   "%y = alloca i32 1"   --->   Operation 49 'alloca' 'y' <Predicate = (VideoFormat_read == 24)> <Delay = 0.00>
ST_1 : Operation 50 [1/1] (0.00ns)   --->   "%p_0_0_0_0_0124_767_lcssa116 = alloca i32 1"   --->   Operation 50 'alloca' 'p_0_0_0_0_0124_767_lcssa116' <Predicate = (VideoFormat_read == 24)> <Delay = 0.00>
ST_1 : Operation 51 [1/1] (0.00ns)   --->   "%p_0_3_0_0_0130_795_lcssa125 = alloca i32 1"   --->   Operation 51 'alloca' 'p_0_3_0_0_0130_795_lcssa125' <Predicate = (VideoFormat_read == 24)> <Delay = 0.00>
ST_1 : Operation 52 [1/1] (0.00ns)   --->   "%remainPix = trunc i15 %widthInPix" [D:/zynqmp_cam_isp_demo/zynqmp_cam_isp_demo.runs/design_1_v_frm_wr_0_0_synth_1/prj/sol/.autopilot/db/v_frmbuf_wr.cpp:915]   --->   Operation 52 'trunc' 'remainPix' <Predicate = (VideoFormat_read == 24)> <Delay = 0.00>
ST_1 : Operation 53 [1/1] (0.00ns)   --->   "%zext_ln915 = zext i15 %widthInPix" [D:/zynqmp_cam_isp_demo/zynqmp_cam_isp_demo.runs/design_1_v_frm_wr_0_0_synth_1/prj/sol/.autopilot/db/v_frmbuf_wr.cpp:915]   --->   Operation 53 'zext' 'zext_ln915' <Predicate = (VideoFormat_read == 24)> <Delay = 0.00>
ST_1 : Operation 54 [1/1] (0.84ns)   --->   "%add_ln915 = add i16 %zext_ln915, i16 15" [D:/zynqmp_cam_isp_demo/zynqmp_cam_isp_demo.runs/design_1_v_frm_wr_0_0_synth_1/prj/sol/.autopilot/db/v_frmbuf_wr.cpp:915]   --->   Operation 54 'add' 'add_ln915' <Predicate = (VideoFormat_read == 24)> <Delay = 0.84> <CoreInst = "Adder">   --->   Core 1 'Adder' <Latency = 0> <II = 1> <Delay = 0.84> <FuncUnit> <Opcode : 'add' 'sub'> <InPorts = 2> <OutPorts = 1>
ST_1 : Operation 55 [1/1] (0.00ns)   --->   "%trunc_ln915_1 = partselect i12 @_ssdm_op_PartSelect.i12.i16.i32.i32, i16 %add_ln915, i32 4, i32 15" [D:/zynqmp_cam_isp_demo/zynqmp_cam_isp_demo.runs/design_1_v_frm_wr_0_0_synth_1/prj/sol/.autopilot/db/v_frmbuf_wr.cpp:915]   --->   Operation 55 'partselect' 'trunc_ln915_1' <Predicate = (VideoFormat_read == 24)> <Delay = 0.00>
ST_1 : Operation 56 [1/1] (0.72ns)   --->   "%icmp_ln920 = icmp_eq  i4 %remainPix, i4 0" [D:/zynqmp_cam_isp_demo/zynqmp_cam_isp_demo.runs/design_1_v_frm_wr_0_0_synth_1/prj/sol/.autopilot/db/v_frmbuf_wr.cpp:920]   --->   Operation 56 'icmp' 'icmp_ln920' <Predicate = (VideoFormat_read == 24)> <Delay = 0.72> <CoreInst = "Cmp">   --->   Core 9 'Cmp' <Latency = 0> <II = 1> <Delay = 0.72> <FuncUnit> <Opcode : 'icmp'> <InPorts = 2> <OutPorts = 1>
ST_1 : Operation 57 [1/1] (0.00ns)   --->   "%lshr_ln = partselect i3 @_ssdm_op_PartSelect.i3.i15.i32.i32, i15 %widthInPix, i32 1, i32 3" [D:/zynqmp_cam_isp_demo/zynqmp_cam_isp_demo.runs/design_1_v_frm_wr_0_0_synth_1/prj/sol/.autopilot/db/v_frmbuf_wr.cpp:922]   --->   Operation 57 'partselect' 'lshr_ln' <Predicate = (VideoFormat_read == 24)> <Delay = 0.00>
ST_1 : Operation 58 [1/1] (0.00ns)   --->   "%zext_ln922 = zext i3 %lshr_ln" [D:/zynqmp_cam_isp_demo/zynqmp_cam_isp_demo.runs/design_1_v_frm_wr_0_0_synth_1/prj/sol/.autopilot/db/v_frmbuf_wr.cpp:922]   --->   Operation 58 'zext' 'zext_ln922' <Predicate = (VideoFormat_read == 24)> <Delay = 0.00>
ST_1 : Operation 59 [1/1] (0.39ns)   --->   "%remainPix_1 = select i1 %icmp_ln920, i4 8, i4 %zext_ln922" [D:/zynqmp_cam_isp_demo/zynqmp_cam_isp_demo.runs/design_1_v_frm_wr_0_0_synth_1/prj/sol/.autopilot/db/v_frmbuf_wr.cpp:920]   --->   Operation 59 'select' 'remainPix_1' <Predicate = (VideoFormat_read == 24)> <Delay = 0.39> <CoreInst = "Sel">   --->   Core 73 'Sel' <Latency = 0> <II = 1> <Delay = 0.39> <FuncUnit> <Opcode : 'select'> <InPorts = 3> <OutPorts = 1>
ST_1 : Operation 60 [1/1] (0.80ns)   --->   "%sub100 = add i12 %trunc_ln915_1, i12 4095" [D:/zynqmp_cam_isp_demo/zynqmp_cam_isp_demo.runs/design_1_v_frm_wr_0_0_synth_1/prj/sol/.autopilot/db/v_frmbuf_wr.cpp:915]   --->   Operation 60 'add' 'sub100' <Predicate = (VideoFormat_read == 24)> <Delay = 0.80> <CoreInst = "Adder">   --->   Core 1 'Adder' <Latency = 0> <II = 1> <Delay = 0.80> <FuncUnit> <Opcode : 'add' 'sub'> <InPorts = 2> <OutPorts = 1>
ST_1 : Operation 61 [1/1] (0.72ns)   --->   "%cmp103 = icmp_ne  i4 %remainPix_1, i4 0" [D:/zynqmp_cam_isp_demo/zynqmp_cam_isp_demo.runs/design_1_v_frm_wr_0_0_synth_1/prj/sol/.autopilot/db/v_frmbuf_wr.cpp:920]   --->   Operation 61 'icmp' 'cmp103' <Predicate = (VideoFormat_read == 24)> <Delay = 0.72> <CoreInst = "Cmp">   --->   Core 9 'Cmp' <Latency = 0> <II = 1> <Delay = 0.72> <FuncUnit> <Opcode : 'icmp'> <InPorts = 2> <OutPorts = 1>
ST_1 : Operation 62 [1/1] (0.00ns)   --->   "%tmp = partselect i3 @_ssdm_op_PartSelect.i3.i4.i32.i32, i4 %remainPix_1, i32 1, i32 3" [D:/zynqmp_cam_isp_demo/zynqmp_cam_isp_demo.runs/design_1_v_frm_wr_0_0_synth_1/prj/sol/.autopilot/db/v_frmbuf_wr.cpp:920]   --->   Operation 62 'partselect' 'tmp' <Predicate = (VideoFormat_read == 24)> <Delay = 0.00>
ST_1 : Operation 63 [1/1] (0.58ns)   --->   "%icmp = icmp_ne  i3 %tmp, i3 0" [D:/zynqmp_cam_isp_demo/zynqmp_cam_isp_demo.runs/design_1_v_frm_wr_0_0_synth_1/prj/sol/.autopilot/db/v_frmbuf_wr.cpp:920]   --->   Operation 63 'icmp' 'icmp' <Predicate = (VideoFormat_read == 24)> <Delay = 0.58> <CoreInst = "Cmp">   --->   Core 9 'Cmp' <Latency = 0> <II = 1> <Delay = 0.58> <FuncUnit> <Opcode : 'icmp'> <InPorts = 2> <OutPorts = 1>
ST_1 : Operation 64 [1/1] (0.72ns)   --->   "%cmp103_2 = icmp_ugt  i4 %remainPix_1, i4 2" [D:/zynqmp_cam_isp_demo/zynqmp_cam_isp_demo.runs/design_1_v_frm_wr_0_0_synth_1/prj/sol/.autopilot/db/v_frmbuf_wr.cpp:920]   --->   Operation 64 'icmp' 'cmp103_2' <Predicate = (VideoFormat_read == 24)> <Delay = 0.72> <CoreInst = "Cmp">   --->   Core 9 'Cmp' <Latency = 0> <II = 1> <Delay = 0.72> <FuncUnit> <Opcode : 'icmp'> <InPorts = 2> <OutPorts = 1>
ST_1 : Operation 65 [1/1] (0.00ns)   --->   "%tmp_1 = partselect i2 @_ssdm_op_PartSelect.i2.i4.i32.i32, i4 %remainPix_1, i32 2, i32 3" [D:/zynqmp_cam_isp_demo/zynqmp_cam_isp_demo.runs/design_1_v_frm_wr_0_0_synth_1/prj/sol/.autopilot/db/v_frmbuf_wr.cpp:920]   --->   Operation 65 'partselect' 'tmp_1' <Predicate = (VideoFormat_read == 24)> <Delay = 0.00>
ST_1 : Operation 66 [1/1] (0.44ns)   --->   "%icmp13 = icmp_ne  i2 %tmp_1, i2 0" [D:/zynqmp_cam_isp_demo/zynqmp_cam_isp_demo.runs/design_1_v_frm_wr_0_0_synth_1/prj/sol/.autopilot/db/v_frmbuf_wr.cpp:920]   --->   Operation 66 'icmp' 'icmp13' <Predicate = (VideoFormat_read == 24)> <Delay = 0.44> <CoreInst = "Cmp">   --->   Core 9 'Cmp' <Latency = 0> <II = 1> <Delay = 0.44> <FuncUnit> <Opcode : 'icmp'> <InPorts = 2> <OutPorts = 1>
ST_1 : Operation 67 [1/1] (0.72ns)   --->   "%cmp103_4 = icmp_ugt  i4 %remainPix_1, i4 4" [D:/zynqmp_cam_isp_demo/zynqmp_cam_isp_demo.runs/design_1_v_frm_wr_0_0_synth_1/prj/sol/.autopilot/db/v_frmbuf_wr.cpp:920]   --->   Operation 67 'icmp' 'cmp103_4' <Predicate = (VideoFormat_read == 24)> <Delay = 0.72> <CoreInst = "Cmp">   --->   Core 9 'Cmp' <Latency = 0> <II = 1> <Delay = 0.72> <FuncUnit> <Opcode : 'icmp'> <InPorts = 2> <OutPorts = 1>
ST_1 : Operation 68 [1/1] (0.72ns)   --->   "%cmp103_5 = icmp_ugt  i4 %remainPix_1, i4 5" [D:/zynqmp_cam_isp_demo/zynqmp_cam_isp_demo.runs/design_1_v_frm_wr_0_0_synth_1/prj/sol/.autopilot/db/v_frmbuf_wr.cpp:920]   --->   Operation 68 'icmp' 'cmp103_5' <Predicate = (VideoFormat_read == 24)> <Delay = 0.72> <CoreInst = "Cmp">   --->   Core 9 'Cmp' <Latency = 0> <II = 1> <Delay = 0.72> <FuncUnit> <Opcode : 'icmp'> <InPorts = 2> <OutPorts = 1>
ST_1 : Operation 69 [1/1] (0.72ns)   --->   "%cmp103_6 = icmp_ugt  i4 %remainPix_1, i4 6" [D:/zynqmp_cam_isp_demo/zynqmp_cam_isp_demo.runs/design_1_v_frm_wr_0_0_synth_1/prj/sol/.autopilot/db/v_frmbuf_wr.cpp:920]   --->   Operation 69 'icmp' 'cmp103_6' <Predicate = (VideoFormat_read == 24)> <Delay = 0.72> <CoreInst = "Cmp">   --->   Core 9 'Cmp' <Latency = 0> <II = 1> <Delay = 0.72> <FuncUnit> <Opcode : 'icmp'> <InPorts = 2> <OutPorts = 1>
ST_1 : Operation 70 [1/1] (0.42ns)   --->   "%store_ln927 = store i12 0, i12 %y" [D:/zynqmp_cam_isp_demo/zynqmp_cam_isp_demo.runs/design_1_v_frm_wr_0_0_synth_1/prj/sol/.autopilot/db/v_frmbuf_wr.cpp:927]   --->   Operation 70 'store' 'store_ln927' <Predicate = (VideoFormat_read == 24)> <Delay = 0.42>
ST_1 : Operation 71 [1/1] (0.00ns)   --->   "%br_ln927 = br void %VITIS_LOOP_930_1" [D:/zynqmp_cam_isp_demo/zynqmp_cam_isp_demo.runs/design_1_v_frm_wr_0_0_synth_1/prj/sol/.autopilot/db/v_frmbuf_wr.cpp:927]   --->   Operation 71 'br' 'br_ln927' <Predicate = (VideoFormat_read == 24)> <Delay = 0.00>
ST_1 : Operation 72 [1/1] (0.00ns)   --->   "%br_ln864 = br void %if.end237" [D:/zynqmp_cam_isp_demo/zynqmp_cam_isp_demo.runs/design_1_v_frm_wr_0_0_synth_1/prj/sol/.autopilot/db/v_frmbuf_wr.cpp:864]   --->   Operation 72 'br' 'br_ln864' <Predicate = (VideoFormat_read == 36) | (VideoFormat_read == 35)> <Delay = 0.00>
ST_1 : Operation 73 [1/1] (0.00ns)   --->   "%br_ln826 = br void %if.end238" [D:/zynqmp_cam_isp_demo/zynqmp_cam_isp_demo.runs/design_1_v_frm_wr_0_0_synth_1/prj/sol/.autopilot/db/v_frmbuf_wr.cpp:826]   --->   Operation 73 'br' 'br_ln826' <Predicate = (VideoFormat_read == 31) | (VideoFormat_read == 30)> <Delay = 0.00>
ST_1 : Operation 74 [1/1] (0.00ns)   --->   "%br_ln789 = br void %if.end239" [D:/zynqmp_cam_isp_demo/zynqmp_cam_isp_demo.runs/design_1_v_frm_wr_0_0_synth_1/prj/sol/.autopilot/db/v_frmbuf_wr.cpp:789]   --->   Operation 74 'br' 'br_ln789' <Predicate = (VideoFormat_read == 21) | (VideoFormat_read == 20)> <Delay = 0.00>
ST_1 : Operation 75 [1/1] (0.00ns)   --->   "%br_ln740 = br void %if.end240" [D:/zynqmp_cam_isp_demo/zynqmp_cam_isp_demo.runs/design_1_v_frm_wr_0_0_synth_1/prj/sol/.autopilot/db/v_frmbuf_wr.cpp:740]   --->   Operation 75 'br' 'br_ln740' <Predicate = (VideoFormat_read == 38) | (VideoFormat_read == 37)> <Delay = 0.00>
ST_1 : Operation 76 [1/1] (0.00ns)   --->   "%br_ln705 = br void %if.end241" [D:/zynqmp_cam_isp_demo/zynqmp_cam_isp_demo.runs/design_1_v_frm_wr_0_0_synth_1/prj/sol/.autopilot/db/v_frmbuf_wr.cpp:705]   --->   Operation 76 'br' 'br_ln705' <Predicate = (VideoFormat_read == 33) | (VideoFormat_read == 32)> <Delay = 0.00>
ST_1 : Operation 77 [1/1] (0.00ns)   --->   "%br_ln662 = br void %if.end242" [D:/zynqmp_cam_isp_demo/zynqmp_cam_isp_demo.runs/design_1_v_frm_wr_0_0_synth_1/prj/sol/.autopilot/db/v_frmbuf_wr.cpp:662]   --->   Operation 77 'br' 'br_ln662' <Predicate = (VideoFormat_read == 23) | (VideoFormat_read == 22)> <Delay = 0.00>
ST_1 : Operation 78 [1/1] (0.00ns)   --->   "%br_ln611 = br void %if.end243" [D:/zynqmp_cam_isp_demo/zynqmp_cam_isp_demo.runs/design_1_v_frm_wr_0_0_synth_1/prj/sol/.autopilot/db/v_frmbuf_wr.cpp:611]   --->   Operation 78 'br' 'br_ln611' <Predicate = (VideoFormat_read == 19) | (VideoFormat_read == 18)> <Delay = 0.00>
ST_1 : Operation 79 [1/1] (0.00ns)   --->   "%br_ln494 = br void %if.end246" [D:/zynqmp_cam_isp_demo/zynqmp_cam_isp_demo.runs/design_1_v_frm_wr_0_0_synth_1/prj/sol/.autopilot/db/v_frmbuf_wr.cpp:494]   --->   Operation 79 'br' 'br_ln494' <Predicate = (VideoFormat_read == 16) | (VideoFormat_read == 15)> <Delay = 0.00>
ST_1 : Operation 80 [1/1] (0.00ns)   --->   "%br_ln415 = br void %if.end248" [D:/zynqmp_cam_isp_demo/zynqmp_cam_isp_demo.runs/design_1_v_frm_wr_0_0_synth_1/prj/sol/.autopilot/db/v_frmbuf_wr.cpp:415]   --->   Operation 80 'br' 'br_ln415' <Predicate = (VideoFormat_read == 11) | (VideoFormat_read == 10)> <Delay = 0.00>

State 2 <SV = 1> <Delay = 1.38>
ST_2 : Operation 81 [15/16] (1.38ns)   --->   "%remainPix_2 = urem i12 %WidthInPix_read, i12 12" [D:/zynqmp_cam_isp_demo/zynqmp_cam_isp_demo.runs/design_1_v_frm_wr_0_0_synth_1/prj/sol/.autopilot/db/v_frmbuf_wr.cpp:953]   --->   Operation 81 'urem' 'remainPix_2' <Predicate = true> <Delay = 1.38> <CoreInst = "DivnS_SEQ">   --->   Core 7 'DivnS_SEQ' <Latency = 15> <II = 12> <Delay = 1.38> <FuncUnit> <Opcode : 'sdiv' 'srem' 'udiv' 'urem'> <InPorts = 2> <OutPorts = 1>

State 3 <SV = 2> <Delay = 1.38>
ST_3 : Operation 82 [14/16] (1.38ns)   --->   "%remainPix_2 = urem i12 %WidthInPix_read, i12 12" [D:/zynqmp_cam_isp_demo/zynqmp_cam_isp_demo.runs/design_1_v_frm_wr_0_0_synth_1/prj/sol/.autopilot/db/v_frmbuf_wr.cpp:953]   --->   Operation 82 'urem' 'remainPix_2' <Predicate = true> <Delay = 1.38> <CoreInst = "DivnS_SEQ">   --->   Core 7 'DivnS_SEQ' <Latency = 15> <II = 12> <Delay = 1.38> <FuncUnit> <Opcode : 'sdiv' 'srem' 'udiv' 'urem'> <InPorts = 2> <OutPorts = 1>

State 4 <SV = 3> <Delay = 1.38>
ST_4 : Operation 83 [13/16] (1.38ns)   --->   "%remainPix_2 = urem i12 %WidthInPix_read, i12 12" [D:/zynqmp_cam_isp_demo/zynqmp_cam_isp_demo.runs/design_1_v_frm_wr_0_0_synth_1/prj/sol/.autopilot/db/v_frmbuf_wr.cpp:953]   --->   Operation 83 'urem' 'remainPix_2' <Predicate = true> <Delay = 1.38> <CoreInst = "DivnS_SEQ">   --->   Core 7 'DivnS_SEQ' <Latency = 15> <II = 12> <Delay = 1.38> <FuncUnit> <Opcode : 'sdiv' 'srem' 'udiv' 'urem'> <InPorts = 2> <OutPorts = 1>

State 5 <SV = 4> <Delay = 1.38>
ST_5 : Operation 84 [12/16] (1.38ns)   --->   "%remainPix_2 = urem i12 %WidthInPix_read, i12 12" [D:/zynqmp_cam_isp_demo/zynqmp_cam_isp_demo.runs/design_1_v_frm_wr_0_0_synth_1/prj/sol/.autopilot/db/v_frmbuf_wr.cpp:953]   --->   Operation 84 'urem' 'remainPix_2' <Predicate = true> <Delay = 1.38> <CoreInst = "DivnS_SEQ">   --->   Core 7 'DivnS_SEQ' <Latency = 15> <II = 12> <Delay = 1.38> <FuncUnit> <Opcode : 'sdiv' 'srem' 'udiv' 'urem'> <InPorts = 2> <OutPorts = 1>

State 6 <SV = 5> <Delay = 1.38>
ST_6 : Operation 85 [11/16] (1.38ns)   --->   "%remainPix_2 = urem i12 %WidthInPix_read, i12 12" [D:/zynqmp_cam_isp_demo/zynqmp_cam_isp_demo.runs/design_1_v_frm_wr_0_0_synth_1/prj/sol/.autopilot/db/v_frmbuf_wr.cpp:953]   --->   Operation 85 'urem' 'remainPix_2' <Predicate = true> <Delay = 1.38> <CoreInst = "DivnS_SEQ">   --->   Core 7 'DivnS_SEQ' <Latency = 15> <II = 12> <Delay = 1.38> <FuncUnit> <Opcode : 'sdiv' 'srem' 'udiv' 'urem'> <InPorts = 2> <OutPorts = 1>

State 7 <SV = 6> <Delay = 1.38>
ST_7 : Operation 86 [10/16] (1.38ns)   --->   "%remainPix_2 = urem i12 %WidthInPix_read, i12 12" [D:/zynqmp_cam_isp_demo/zynqmp_cam_isp_demo.runs/design_1_v_frm_wr_0_0_synth_1/prj/sol/.autopilot/db/v_frmbuf_wr.cpp:953]   --->   Operation 86 'urem' 'remainPix_2' <Predicate = true> <Delay = 1.38> <CoreInst = "DivnS_SEQ">   --->   Core 7 'DivnS_SEQ' <Latency = 15> <II = 12> <Delay = 1.38> <FuncUnit> <Opcode : 'sdiv' 'srem' 'udiv' 'urem'> <InPorts = 2> <OutPorts = 1>

State 8 <SV = 7> <Delay = 1.38>
ST_8 : Operation 87 [9/16] (1.38ns)   --->   "%remainPix_2 = urem i12 %WidthInPix_read, i12 12" [D:/zynqmp_cam_isp_demo/zynqmp_cam_isp_demo.runs/design_1_v_frm_wr_0_0_synth_1/prj/sol/.autopilot/db/v_frmbuf_wr.cpp:953]   --->   Operation 87 'urem' 'remainPix_2' <Predicate = true> <Delay = 1.38> <CoreInst = "DivnS_SEQ">   --->   Core 7 'DivnS_SEQ' <Latency = 15> <II = 12> <Delay = 1.38> <FuncUnit> <Opcode : 'sdiv' 'srem' 'udiv' 'urem'> <InPorts = 2> <OutPorts = 1>

State 9 <SV = 8> <Delay = 1.38>
ST_9 : Operation 88 [8/16] (1.38ns)   --->   "%remainPix_2 = urem i12 %WidthInPix_read, i12 12" [D:/zynqmp_cam_isp_demo/zynqmp_cam_isp_demo.runs/design_1_v_frm_wr_0_0_synth_1/prj/sol/.autopilot/db/v_frmbuf_wr.cpp:953]   --->   Operation 88 'urem' 'remainPix_2' <Predicate = true> <Delay = 1.38> <CoreInst = "DivnS_SEQ">   --->   Core 7 'DivnS_SEQ' <Latency = 15> <II = 12> <Delay = 1.38> <FuncUnit> <Opcode : 'sdiv' 'srem' 'udiv' 'urem'> <InPorts = 2> <OutPorts = 1>

State 10 <SV = 9> <Delay = 1.38>
ST_10 : Operation 89 [7/16] (1.38ns)   --->   "%remainPix_2 = urem i12 %WidthInPix_read, i12 12" [D:/zynqmp_cam_isp_demo/zynqmp_cam_isp_demo.runs/design_1_v_frm_wr_0_0_synth_1/prj/sol/.autopilot/db/v_frmbuf_wr.cpp:953]   --->   Operation 89 'urem' 'remainPix_2' <Predicate = true> <Delay = 1.38> <CoreInst = "DivnS_SEQ">   --->   Core 7 'DivnS_SEQ' <Latency = 15> <II = 12> <Delay = 1.38> <FuncUnit> <Opcode : 'sdiv' 'srem' 'udiv' 'urem'> <InPorts = 2> <OutPorts = 1>

State 11 <SV = 10> <Delay = 1.38>
ST_11 : Operation 90 [6/16] (1.38ns)   --->   "%remainPix_2 = urem i12 %WidthInPix_read, i12 12" [D:/zynqmp_cam_isp_demo/zynqmp_cam_isp_demo.runs/design_1_v_frm_wr_0_0_synth_1/prj/sol/.autopilot/db/v_frmbuf_wr.cpp:953]   --->   Operation 90 'urem' 'remainPix_2' <Predicate = true> <Delay = 1.38> <CoreInst = "DivnS_SEQ">   --->   Core 7 'DivnS_SEQ' <Latency = 15> <II = 12> <Delay = 1.38> <FuncUnit> <Opcode : 'sdiv' 'srem' 'udiv' 'urem'> <InPorts = 2> <OutPorts = 1>

State 12 <SV = 11> <Delay = 1.38>
ST_12 : Operation 91 [5/16] (1.38ns)   --->   "%remainPix_2 = urem i12 %WidthInPix_read, i12 12" [D:/zynqmp_cam_isp_demo/zynqmp_cam_isp_demo.runs/design_1_v_frm_wr_0_0_synth_1/prj/sol/.autopilot/db/v_frmbuf_wr.cpp:953]   --->   Operation 91 'urem' 'remainPix_2' <Predicate = true> <Delay = 1.38> <CoreInst = "DivnS_SEQ">   --->   Core 7 'DivnS_SEQ' <Latency = 15> <II = 12> <Delay = 1.38> <FuncUnit> <Opcode : 'sdiv' 'srem' 'udiv' 'urem'> <InPorts = 2> <OutPorts = 1>

State 13 <SV = 12> <Delay = 1.38>
ST_13 : Operation 92 [4/16] (1.38ns)   --->   "%remainPix_2 = urem i12 %WidthInPix_read, i12 12" [D:/zynqmp_cam_isp_demo/zynqmp_cam_isp_demo.runs/design_1_v_frm_wr_0_0_synth_1/prj/sol/.autopilot/db/v_frmbuf_wr.cpp:953]   --->   Operation 92 'urem' 'remainPix_2' <Predicate = true> <Delay = 1.38> <CoreInst = "DivnS_SEQ">   --->   Core 7 'DivnS_SEQ' <Latency = 15> <II = 12> <Delay = 1.38> <FuncUnit> <Opcode : 'sdiv' 'srem' 'udiv' 'urem'> <InPorts = 2> <OutPorts = 1>

State 14 <SV = 13> <Delay = 1.38>
ST_14 : Operation 93 [3/16] (1.38ns)   --->   "%remainPix_2 = urem i12 %WidthInPix_read, i12 12" [D:/zynqmp_cam_isp_demo/zynqmp_cam_isp_demo.runs/design_1_v_frm_wr_0_0_synth_1/prj/sol/.autopilot/db/v_frmbuf_wr.cpp:953]   --->   Operation 93 'urem' 'remainPix_2' <Predicate = true> <Delay = 1.38> <CoreInst = "DivnS_SEQ">   --->   Core 7 'DivnS_SEQ' <Latency = 15> <II = 12> <Delay = 1.38> <FuncUnit> <Opcode : 'sdiv' 'srem' 'udiv' 'urem'> <InPorts = 2> <OutPorts = 1>

State 15 <SV = 14> <Delay = 1.38>
ST_15 : Operation 94 [2/16] (1.38ns)   --->   "%remainPix_2 = urem i12 %WidthInPix_read, i12 12" [D:/zynqmp_cam_isp_demo/zynqmp_cam_isp_demo.runs/design_1_v_frm_wr_0_0_synth_1/prj/sol/.autopilot/db/v_frmbuf_wr.cpp:953]   --->   Operation 94 'urem' 'remainPix_2' <Predicate = true> <Delay = 1.38> <CoreInst = "DivnS_SEQ">   --->   Core 7 'DivnS_SEQ' <Latency = 15> <II = 12> <Delay = 1.38> <FuncUnit> <Opcode : 'sdiv' 'srem' 'udiv' 'urem'> <InPorts = 2> <OutPorts = 1>

State 16 <SV = 15> <Delay = 2.90>
ST_16 : Operation 95 [1/16] (1.38ns)   --->   "%remainPix_2 = urem i12 %WidthInPix_read, i12 12" [D:/zynqmp_cam_isp_demo/zynqmp_cam_isp_demo.runs/design_1_v_frm_wr_0_0_synth_1/prj/sol/.autopilot/db/v_frmbuf_wr.cpp:953]   --->   Operation 95 'urem' 'remainPix_2' <Predicate = true> <Delay = 1.38> <CoreInst = "DivnS_SEQ">   --->   Core 7 'DivnS_SEQ' <Latency = 15> <II = 12> <Delay = 1.38> <FuncUnit> <Opcode : 'sdiv' 'srem' 'udiv' 'urem'> <InPorts = 2> <OutPorts = 1>
ST_16 : Operation 96 [1/1] (0.00ns)   --->   "%trunc_ln953 = trunc i12 %remainPix_2" [D:/zynqmp_cam_isp_demo/zynqmp_cam_isp_demo.runs/design_1_v_frm_wr_0_0_synth_1/prj/sol/.autopilot/db/v_frmbuf_wr.cpp:953]   --->   Operation 96 'trunc' 'trunc_ln953' <Predicate = true> <Delay = 0.00>
ST_16 : Operation 97 [1/1] (0.72ns)   --->   "%icmp_ln955 = icmp_eq  i4 %trunc_ln953, i4 0" [D:/zynqmp_cam_isp_demo/zynqmp_cam_isp_demo.runs/design_1_v_frm_wr_0_0_synth_1/prj/sol/.autopilot/db/v_frmbuf_wr.cpp:955]   --->   Operation 97 'icmp' 'icmp_ln955' <Predicate = true> <Delay = 0.72> <CoreInst = "Cmp">   --->   Core 9 'Cmp' <Latency = 0> <II = 1> <Delay = 0.72> <FuncUnit> <Opcode : 'icmp'> <InPorts = 2> <OutPorts = 1>
ST_16 : Operation 98 [1/1] (0.00ns)   --->   "%trunc_ln2 = partselect i3 @_ssdm_op_PartSelect.i3.i12.i32.i32, i12 %remainPix_2, i32 1, i32 3" [D:/zynqmp_cam_isp_demo/zynqmp_cam_isp_demo.runs/design_1_v_frm_wr_0_0_synth_1/prj/sol/.autopilot/db/v_frmbuf_wr.cpp:955]   --->   Operation 98 'partselect' 'trunc_ln2' <Predicate = true> <Delay = 0.00>
ST_16 : Operation 99 [1/1] (0.20ns)   --->   "%remainPix_3 = select i1 %icmp_ln955, i3 6, i3 %trunc_ln2" [D:/zynqmp_cam_isp_demo/zynqmp_cam_isp_demo.runs/design_1_v_frm_wr_0_0_synth_1/prj/sol/.autopilot/db/v_frmbuf_wr.cpp:955]   --->   Operation 99 'select' 'remainPix_3' <Predicate = true> <Delay = 0.20> <CoreInst = "Sel">   --->   Core 73 'Sel' <Latency = 0> <II = 1> <Delay = 0.20> <FuncUnit> <Opcode : 'select'> <InPorts = 3> <OutPorts = 1>
ST_16 : Operation 100 [1/1] (0.80ns)   --->   "%sub166 = add i12 %trunc_ln, i12 4095" [D:/zynqmp_cam_isp_demo/zynqmp_cam_isp_demo.runs/design_1_v_frm_wr_0_0_synth_1/prj/sol/.autopilot/db/v_frmbuf_wr.cpp:950]   --->   Operation 100 'add' 'sub166' <Predicate = true> <Delay = 0.80> <CoreInst = "Adder">   --->   Core 1 'Adder' <Latency = 0> <II = 1> <Delay = 0.80> <FuncUnit> <Opcode : 'add' 'sub'> <InPorts = 2> <OutPorts = 1>
ST_16 : Operation 101 [1/1] (0.58ns)   --->   "%cmp169 = icmp_ne  i3 %remainPix_3, i3 0" [D:/zynqmp_cam_isp_demo/zynqmp_cam_isp_demo.runs/design_1_v_frm_wr_0_0_synth_1/prj/sol/.autopilot/db/v_frmbuf_wr.cpp:955]   --->   Operation 101 'icmp' 'cmp169' <Predicate = true> <Delay = 0.58> <CoreInst = "Cmp">   --->   Core 9 'Cmp' <Latency = 0> <II = 1> <Delay = 0.58> <FuncUnit> <Opcode : 'icmp'> <InPorts = 2> <OutPorts = 1>
ST_16 : Operation 102 [1/1] (0.00ns)   --->   "%tmp_2 = partselect i2 @_ssdm_op_PartSelect.i2.i3.i32.i32, i3 %remainPix_3, i32 1, i32 2" [D:/zynqmp_cam_isp_demo/zynqmp_cam_isp_demo.runs/design_1_v_frm_wr_0_0_synth_1/prj/sol/.autopilot/db/v_frmbuf_wr.cpp:955]   --->   Operation 102 'partselect' 'tmp_2' <Predicate = true> <Delay = 0.00>
ST_16 : Operation 103 [1/1] (0.44ns)   --->   "%icmp16 = icmp_ne  i2 %tmp_2, i2 0" [D:/zynqmp_cam_isp_demo/zynqmp_cam_isp_demo.runs/design_1_v_frm_wr_0_0_synth_1/prj/sol/.autopilot/db/v_frmbuf_wr.cpp:955]   --->   Operation 103 'icmp' 'icmp16' <Predicate = true> <Delay = 0.44> <CoreInst = "Cmp">   --->   Core 9 'Cmp' <Latency = 0> <II = 1> <Delay = 0.44> <FuncUnit> <Opcode : 'icmp'> <InPorts = 2> <OutPorts = 1>
ST_16 : Operation 104 [1/1] (0.58ns)   --->   "%cmp169_2 = icmp_ugt  i3 %remainPix_3, i3 2" [D:/zynqmp_cam_isp_demo/zynqmp_cam_isp_demo.runs/design_1_v_frm_wr_0_0_synth_1/prj/sol/.autopilot/db/v_frmbuf_wr.cpp:955]   --->   Operation 104 'icmp' 'cmp169_2' <Predicate = true> <Delay = 0.58> <CoreInst = "Cmp">   --->   Core 9 'Cmp' <Latency = 0> <II = 1> <Delay = 0.58> <FuncUnit> <Opcode : 'icmp'> <InPorts = 2> <OutPorts = 1>
ST_16 : Operation 105 [1/1] (0.00ns)   --->   "%tmp_3 = bitselect i1 @_ssdm_op_BitSelect.i1.i3.i32, i3 %remainPix_3, i32 2" [D:/zynqmp_cam_isp_demo/zynqmp_cam_isp_demo.runs/design_1_v_frm_wr_0_0_synth_1/prj/sol/.autopilot/db/v_frmbuf_wr.cpp:955]   --->   Operation 105 'bitselect' 'tmp_3' <Predicate = true> <Delay = 0.00>
ST_16 : Operation 106 [1/1] (0.58ns)   --->   "%cmp169_4 = icmp_ugt  i3 %remainPix_3, i3 4" [D:/zynqmp_cam_isp_demo/zynqmp_cam_isp_demo.runs/design_1_v_frm_wr_0_0_synth_1/prj/sol/.autopilot/db/v_frmbuf_wr.cpp:955]   --->   Operation 106 'icmp' 'cmp169_4' <Predicate = true> <Delay = 0.58> <CoreInst = "Cmp">   --->   Core 9 'Cmp' <Latency = 0> <II = 1> <Delay = 0.58> <FuncUnit> <Opcode : 'icmp'> <InPorts = 2> <OutPorts = 1>
ST_16 : Operation 107 [1/1] (0.58ns)   --->   "%cmp169_5 = icmp_ugt  i3 %remainPix_3, i3 5" [D:/zynqmp_cam_isp_demo/zynqmp_cam_isp_demo.runs/design_1_v_frm_wr_0_0_synth_1/prj/sol/.autopilot/db/v_frmbuf_wr.cpp:955]   --->   Operation 107 'icmp' 'cmp169_5' <Predicate = true> <Delay = 0.58> <CoreInst = "Cmp">   --->   Core 9 'Cmp' <Latency = 0> <II = 1> <Delay = 0.58> <FuncUnit> <Opcode : 'icmp'> <InPorts = 2> <OutPorts = 1>
ST_16 : Operation 108 [1/1] (0.00ns)   --->   "%br_ln963 = br void %VITIS_LOOP_966_4" [D:/zynqmp_cam_isp_demo/zynqmp_cam_isp_demo.runs/design_1_v_frm_wr_0_0_synth_1/prj/sol/.autopilot/db/v_frmbuf_wr.cpp:963]   --->   Operation 108 'br' 'br_ln963' <Predicate = true> <Delay = 0.00>

State 17 <SV = 16> <Delay = 1.40>
ST_17 : Operation 109 [1/1] (0.00ns)   --->   "%y_4 = load i12 %y_1" [D:/zynqmp_cam_isp_demo/zynqmp_cam_isp_demo.runs/design_1_v_frm_wr_0_0_synth_1/prj/sol/.autopilot/db/v_frmbuf_wr.cpp:963]   --->   Operation 109 'load' 'y_4' <Predicate = (VideoFormat_read == 25)> <Delay = 0.00>
ST_17 : Operation 110 [1/1] (0.97ns)   --->   "%icmp_ln963 = icmp_eq  i12 %y_4, i12 %Height_read" [D:/zynqmp_cam_isp_demo/zynqmp_cam_isp_demo.runs/design_1_v_frm_wr_0_0_synth_1/prj/sol/.autopilot/db/v_frmbuf_wr.cpp:963]   --->   Operation 110 'icmp' 'icmp_ln963' <Predicate = (VideoFormat_read == 25)> <Delay = 0.97> <CoreInst = "Cmp">   --->   Core 9 'Cmp' <Latency = 0> <II = 1> <Delay = 0.97> <FuncUnit> <Opcode : 'icmp'> <InPorts = 2> <OutPorts = 1>
ST_17 : Operation 111 [1/1] (0.80ns)   --->   "%y_5 = add i12 %y_4, i12 1" [D:/zynqmp_cam_isp_demo/zynqmp_cam_isp_demo.runs/design_1_v_frm_wr_0_0_synth_1/prj/sol/.autopilot/db/v_frmbuf_wr.cpp:963]   --->   Operation 111 'add' 'y_5' <Predicate = (VideoFormat_read == 25)> <Delay = 0.80> <CoreInst = "Adder">   --->   Core 1 'Adder' <Latency = 0> <II = 1> <Delay = 0.80> <FuncUnit> <Opcode : 'add' 'sub'> <InPorts = 2> <OutPorts = 1>
ST_17 : Operation 112 [1/1] (0.00ns)   --->   "%br_ln963 = br i1 %icmp_ln963, void %VITIS_LOOP_966_4.split, void %if.end234.loopexit" [D:/zynqmp_cam_isp_demo/zynqmp_cam_isp_demo.runs/design_1_v_frm_wr_0_0_synth_1/prj/sol/.autopilot/db/v_frmbuf_wr.cpp:963]   --->   Operation 112 'br' 'br_ln963' <Predicate = (VideoFormat_read == 25)> <Delay = 0.00>
ST_17 : Operation 113 [1/1] (0.00ns)   --->   "%p_0_0_0_0_0_5138_lcssa176_load = load i10 %p_0_0_0_0_0_5138_lcssa176"   --->   Operation 113 'load' 'p_0_0_0_0_0_5138_lcssa176_load' <Predicate = (VideoFormat_read == 25 & !icmp_ln963)> <Delay = 0.00>
ST_17 : Operation 114 [1/1] (0.00ns)   --->   "%p_0_3_0_0_0_5159_lcssa185_load = load i10 %p_0_3_0_0_0_5159_lcssa185"   --->   Operation 114 'load' 'p_0_3_0_0_0_5159_lcssa185_load' <Predicate = (VideoFormat_read == 25 & !icmp_ln963)> <Delay = 0.00>
ST_17 : Operation 115 [1/1] (0.00ns)   --->   "%empty_179 = wait i32 @_ssdm_op_Wait"   --->   Operation 115 'wait' 'empty_179' <Predicate = (VideoFormat_read == 25 & !icmp_ln963)> <Delay = 0.00>
ST_17 : Operation 116 [1/1] (0.42ns)   --->   "%store_ln963 = store i12 %y_5, i12 %y_1" [D:/zynqmp_cam_isp_demo/zynqmp_cam_isp_demo.runs/design_1_v_frm_wr_0_0_synth_1/prj/sol/.autopilot/db/v_frmbuf_wr.cpp:963]   --->   Operation 116 'store' 'store_ln963' <Predicate = (VideoFormat_read == 25 & !icmp_ln963)> <Delay = 0.42>
ST_17 : Operation 117 [1/1] (0.00ns)   --->   "%br_ln0 = br void %if.end234"   --->   Operation 117 'br' 'br_ln0' <Predicate = (VideoFormat_read == 25 & icmp_ln963)> <Delay = 0.00>
ST_17 : Operation 118 [1/1] (0.00ns)   --->   "%br_ln0 = br void %if.end235"   --->   Operation 118 'br' 'br_ln0' <Predicate = (VideoFormat_read == 63) | (VideoFormat_read == 62) | (VideoFormat_read == 61) | (VideoFormat_read == 60) | (VideoFormat_read == 59) | (VideoFormat_read == 58) | (VideoFormat_read == 57) | (VideoFormat_read == 56) | (VideoFormat_read == 55) | (VideoFormat_read == 54) | (VideoFormat_read == 53) | (VideoFormat_read == 52) | (VideoFormat_read == 51) | (VideoFormat_read == 50) | (VideoFormat_read == 49) | (VideoFormat_read == 48) | (VideoFormat_read == 47) | (VideoFormat_read == 46) | (VideoFormat_read == 45) | (VideoFormat_read == 44) | (VideoFormat_read == 41) | (VideoFormat_read == 40) | (VideoFormat_read == 39) | (VideoFormat_read == 34) | (VideoFormat_read == 26) | (VideoFormat_read == 17) | (VideoFormat_read == 14) | (VideoFormat_read == 13) | (VideoFormat_read == 9) | (VideoFormat_read == 8) | (VideoFormat_read == 7) | (VideoFormat_read == 6) | (VideoFormat_read == 5) | (VideoFormat_read == 4) | (VideoFormat_read == 3) | (VideoFormat_read == 2) | (VideoFormat_read == 1) | (VideoFormat_read == 0) | (VideoFormat_read == 25 & icmp_ln963)> <Delay = 0.00>
ST_17 : Operation 119 [1/1] (0.00ns)   --->   "%br_ln0 = br void %if.end236"   --->   Operation 119 'br' 'br_ln0' <Predicate = (VideoFormat_read == 25 & icmp_ln963) | (VideoFormat_read != 43 & VideoFormat_read != 42 & VideoFormat_read != 10 & VideoFormat_read != 11 & VideoFormat_read != 27 & VideoFormat_read != 15 & VideoFormat_read != 16 & VideoFormat_read != 12 & VideoFormat_read != 28 & VideoFormat_read != 18 & VideoFormat_read != 19 & VideoFormat_read != 22 & VideoFormat_read != 23 & VideoFormat_read != 32 & VideoFormat_read != 33 & VideoFormat_read != 37 & VideoFormat_read != 38 & VideoFormat_read != 20 & VideoFormat_read != 21 & VideoFormat_read != 30 & VideoFormat_read != 31 & VideoFormat_read != 35 & VideoFormat_read != 36 & VideoFormat_read != 29 & VideoFormat_read != 25)> <Delay = 0.00>
ST_17 : Operation 120 [1/1] (0.00ns)   --->   "%br_ln0 = br void %if.end237"   --->   Operation 120 'br' 'br_ln0' <Predicate = (VideoFormat_read == 25 & icmp_ln963) | (VideoFormat_read != 43 & VideoFormat_read != 42 & VideoFormat_read != 10 & VideoFormat_read != 11 & VideoFormat_read != 27 & VideoFormat_read != 15 & VideoFormat_read != 16 & VideoFormat_read != 12 & VideoFormat_read != 28 & VideoFormat_read != 18 & VideoFormat_read != 19 & VideoFormat_read != 22 & VideoFormat_read != 23 & VideoFormat_read != 32 & VideoFormat_read != 33 & VideoFormat_read != 37 & VideoFormat_read != 38 & VideoFormat_read != 20 & VideoFormat_read != 21 & VideoFormat_read != 30 & VideoFormat_read != 31 & VideoFormat_read != 35 & VideoFormat_read != 36 & VideoFormat_read != 25)> <Delay = 0.00>
ST_17 : Operation 121 [1/1] (0.00ns)   --->   "%br_ln0 = br void %if.end238"   --->   Operation 121 'br' 'br_ln0' <Predicate = (VideoFormat_read == 25 & icmp_ln963) | (VideoFormat_read != 43 & VideoFormat_read != 42 & VideoFormat_read != 10 & VideoFormat_read != 11 & VideoFormat_read != 27 & VideoFormat_read != 15 & VideoFormat_read != 16 & VideoFormat_read != 12 & VideoFormat_read != 28 & VideoFormat_read != 18 & VideoFormat_read != 19 & VideoFormat_read != 22 & VideoFormat_read != 23 & VideoFormat_read != 32 & VideoFormat_read != 33 & VideoFormat_read != 37 & VideoFormat_read != 38 & VideoFormat_read != 20 & VideoFormat_read != 21 & VideoFormat_read != 30 & VideoFormat_read != 31 & VideoFormat_read != 25)> <Delay = 0.00>
ST_17 : Operation 122 [1/1] (0.00ns)   --->   "%br_ln0 = br void %if.end239"   --->   Operation 122 'br' 'br_ln0' <Predicate = (VideoFormat_read == 25 & icmp_ln963) | (VideoFormat_read != 43 & VideoFormat_read != 42 & VideoFormat_read != 10 & VideoFormat_read != 11 & VideoFormat_read != 27 & VideoFormat_read != 15 & VideoFormat_read != 16 & VideoFormat_read != 12 & VideoFormat_read != 28 & VideoFormat_read != 18 & VideoFormat_read != 19 & VideoFormat_read != 22 & VideoFormat_read != 23 & VideoFormat_read != 32 & VideoFormat_read != 33 & VideoFormat_read != 37 & VideoFormat_read != 38 & VideoFormat_read != 20 & VideoFormat_read != 21 & VideoFormat_read != 25)> <Delay = 0.00>
ST_17 : Operation 123 [1/1] (0.00ns)   --->   "%br_ln0 = br void %if.end240"   --->   Operation 123 'br' 'br_ln0' <Predicate = (VideoFormat_read == 25 & icmp_ln963) | (VideoFormat_read != 43 & VideoFormat_read != 42 & VideoFormat_read != 10 & VideoFormat_read != 11 & VideoFormat_read != 27 & VideoFormat_read != 15 & VideoFormat_read != 16 & VideoFormat_read != 12 & VideoFormat_read != 28 & VideoFormat_read != 18 & VideoFormat_read != 19 & VideoFormat_read != 22 & VideoFormat_read != 23 & VideoFormat_read != 32 & VideoFormat_read != 33 & VideoFormat_read != 37 & VideoFormat_read != 38 & VideoFormat_read != 25)> <Delay = 0.00>
ST_17 : Operation 124 [1/1] (0.00ns)   --->   "%br_ln0 = br void %if.end241"   --->   Operation 124 'br' 'br_ln0' <Predicate = (VideoFormat_read == 25 & icmp_ln963) | (VideoFormat_read != 43 & VideoFormat_read != 42 & VideoFormat_read != 10 & VideoFormat_read != 11 & VideoFormat_read != 27 & VideoFormat_read != 15 & VideoFormat_read != 16 & VideoFormat_read != 12 & VideoFormat_read != 28 & VideoFormat_read != 18 & VideoFormat_read != 19 & VideoFormat_read != 22 & VideoFormat_read != 23 & VideoFormat_read != 32 & VideoFormat_read != 33 & VideoFormat_read != 25)> <Delay = 0.00>
ST_17 : Operation 125 [1/1] (0.00ns)   --->   "%br_ln0 = br void %if.end242"   --->   Operation 125 'br' 'br_ln0' <Predicate = (VideoFormat_read == 25 & icmp_ln963) | (VideoFormat_read != 43 & VideoFormat_read != 42 & VideoFormat_read != 10 & VideoFormat_read != 11 & VideoFormat_read != 27 & VideoFormat_read != 15 & VideoFormat_read != 16 & VideoFormat_read != 12 & VideoFormat_read != 28 & VideoFormat_read != 18 & VideoFormat_read != 19 & VideoFormat_read != 22 & VideoFormat_read != 23 & VideoFormat_read != 25)> <Delay = 0.00>
ST_17 : Operation 126 [1/1] (0.00ns)   --->   "%br_ln0 = br void %if.end243"   --->   Operation 126 'br' 'br_ln0' <Predicate = (VideoFormat_read == 25 & icmp_ln963) | (VideoFormat_read != 43 & VideoFormat_read != 42 & VideoFormat_read != 10 & VideoFormat_read != 11 & VideoFormat_read != 27 & VideoFormat_read != 15 & VideoFormat_read != 16 & VideoFormat_read != 12 & VideoFormat_read != 28 & VideoFormat_read != 18 & VideoFormat_read != 19 & VideoFormat_read != 25)> <Delay = 0.00>
ST_17 : Operation 127 [1/1] (0.00ns)   --->   "%br_ln0 = br void %if.end244"   --->   Operation 127 'br' 'br_ln0' <Predicate = (VideoFormat_read == 25 & icmp_ln963) | (VideoFormat_read != 43 & VideoFormat_read != 42 & VideoFormat_read != 10 & VideoFormat_read != 11 & VideoFormat_read != 27 & VideoFormat_read != 15 & VideoFormat_read != 16 & VideoFormat_read != 12 & VideoFormat_read != 28 & VideoFormat_read != 25)> <Delay = 0.00>
ST_17 : Operation 128 [1/1] (0.00ns)   --->   "%br_ln0 = br void %if.end245"   --->   Operation 128 'br' 'br_ln0' <Predicate = (VideoFormat_read == 25 & icmp_ln963) | (VideoFormat_read != 43 & VideoFormat_read != 42 & VideoFormat_read != 10 & VideoFormat_read != 11 & VideoFormat_read != 27 & VideoFormat_read != 15 & VideoFormat_read != 16 & VideoFormat_read != 12 & VideoFormat_read != 25)> <Delay = 0.00>
ST_17 : Operation 129 [1/1] (0.00ns)   --->   "%br_ln0 = br void %if.end246"   --->   Operation 129 'br' 'br_ln0' <Predicate = (VideoFormat_read == 25 & icmp_ln963) | (VideoFormat_read != 43 & VideoFormat_read != 42 & VideoFormat_read != 10 & VideoFormat_read != 11 & VideoFormat_read != 27 & VideoFormat_read != 15 & VideoFormat_read != 16 & VideoFormat_read != 25)> <Delay = 0.00>
ST_17 : Operation 130 [1/1] (0.00ns)   --->   "%br_ln0 = br void %if.end247"   --->   Operation 130 'br' 'br_ln0' <Predicate = (VideoFormat_read == 25 & icmp_ln963) | (VideoFormat_read != 43 & VideoFormat_read != 42 & VideoFormat_read != 10 & VideoFormat_read != 11 & VideoFormat_read != 27 & VideoFormat_read != 25)> <Delay = 0.00>
ST_17 : Operation 131 [1/1] (0.00ns)   --->   "%br_ln0 = br void %if.end248"   --->   Operation 131 'br' 'br_ln0' <Predicate = (VideoFormat_read == 25 & icmp_ln963) | (VideoFormat_read != 43 & VideoFormat_read != 42 & VideoFormat_read != 10 & VideoFormat_read != 11 & VideoFormat_read != 25)> <Delay = 0.00>
ST_17 : Operation 132 [1/1] (0.00ns)   --->   "%br_ln0 = br void %if.end249"   --->   Operation 132 'br' 'br_ln0' <Predicate = (VideoFormat_read == 25 & icmp_ln963) | (VideoFormat_read != 43 & VideoFormat_read != 42 & VideoFormat_read != 25)> <Delay = 0.00>
ST_17 : Operation 133 [1/1] (0.00ns)   --->   "%br_ln0 = br void %if.end250"   --->   Operation 133 'br' 'br_ln0' <Predicate = (VideoFormat_read != 43 & icmp_ln963) | (VideoFormat_read != 43 & VideoFormat_read != 25) | (VideoFormat_read != 43 & VideoFormat_read == 24) | (VideoFormat_read != 43 & VideoFormat_read == 29) | (VideoFormat_read != 43 & VideoFormat_read == 36) | (VideoFormat_read != 43 & VideoFormat_read == 35) | (VideoFormat_read != 43 & VideoFormat_read == 31) | (VideoFormat_read != 43 & VideoFormat_read == 30) | (VideoFormat_read != 43 & VideoFormat_read == 21) | (VideoFormat_read != 43 & VideoFormat_read == 20) | (VideoFormat_read != 43 & VideoFormat_read == 38) | (VideoFormat_read != 43 & VideoFormat_read == 37) | (VideoFormat_read != 43 & VideoFormat_read == 33) | (VideoFormat_read != 43 & VideoFormat_read == 32) | (VideoFormat_read != 43 & VideoFormat_read == 23) | (VideoFormat_read != 43 & VideoFormat_read == 22) | (VideoFormat_read != 43 & VideoFormat_read == 19) | (VideoFormat_read != 43 & VideoFormat_read == 18) | (VideoFormat_read != 43 & VideoFormat_read == 28) | (VideoFormat_read != 43 & VideoFormat_read == 12) | (VideoFormat_read != 43 & VideoFormat_read == 16) | (VideoFormat_read != 43 & VideoFormat_read == 15) | (VideoFormat_read != 43 & VideoFormat_read == 27) | (VideoFormat_read != 43 & VideoFormat_read == 11) | (VideoFormat_read != 43 & VideoFormat_read == 10) | (VideoFormat_read != 43 & VideoFormat_read == 42)> <Delay = 0.00>
ST_17 : Operation 134 [1/1] (0.00ns)   --->   "%ret_ln1056 = ret" [D:/zynqmp_cam_isp_demo/zynqmp_cam_isp_demo.runs/design_1_v_frm_wr_0_0_synth_1/prj/sol/.autopilot/db/v_frmbuf_wr.cpp:1056]   --->   Operation 134 'ret' 'ret_ln1056' <Predicate = (icmp_ln963) | (VideoFormat_read != 25)> <Delay = 0.00>

State 18 <SV = 17> <Delay = 1.40>
ST_18 : Operation 135 [2/2] (1.40ns)   --->   "%call_ln950 = call void @MultiPixStream2Bytes_Pipeline_VITIS_LOOP_966_4, i10 %p_0_3_0_0_0_5159_lcssa185_load, i10 %p_0_0_0_0_0_5138_lcssa176_load, i12 %trunc_ln, i128 %bytePlanes1, i1 %cmp169_5, i1 %cmp169_4, i1 %tmp_3, i1 %cmp169_2, i1 %icmp16, i12 %sub166, i1 %cmp169, i60 %img, i10 %p_0_3_0_0_0_5159_lcssa185, i10 %p_0_0_0_0_0_5138_lcssa176, i128 %out_pix_V" [D:/zynqmp_cam_isp_demo/zynqmp_cam_isp_demo.runs/design_1_v_frm_wr_0_0_synth_1/prj/sol/.autopilot/db/v_frmbuf_wr.cpp:950]   --->   Operation 135 'call' 'call_ln950' <Predicate = true> <Delay = 1.40> <CoreType = "Generic">   --->   Core 0 '' <Latency = 0> <II = 1> <Delay = 1.00> <Generic> <Opcode : >

State 19 <SV = 18> <Delay = 0.00>
ST_19 : Operation 136 [1/1] (0.00ns)   --->   "%speclooptripcount_ln964 = speclooptripcount void @_ssdm_op_SpecLoopTripCount, i64 0, i64 4320, i64 2160" [D:/zynqmp_cam_isp_demo/zynqmp_cam_isp_demo.runs/design_1_v_frm_wr_0_0_synth_1/prj/sol/.autopilot/db/v_frmbuf_wr.cpp:964]   --->   Operation 136 'speclooptripcount' 'speclooptripcount_ln964' <Predicate = true> <Delay = 0.00>
ST_19 : Operation 137 [1/1] (0.00ns)   --->   "%specloopname_ln960 = specloopname void @_ssdm_op_SpecLoopName, void @empty_10" [D:/zynqmp_cam_isp_demo/zynqmp_cam_isp_demo.runs/design_1_v_frm_wr_0_0_synth_1/prj/sol/.autopilot/db/v_frmbuf_wr.cpp:960]   --->   Operation 137 'specloopname' 'specloopname_ln960' <Predicate = true> <Delay = 0.00>
ST_19 : Operation 138 [1/2] (0.00ns)   --->   "%call_ln950 = call void @MultiPixStream2Bytes_Pipeline_VITIS_LOOP_966_4, i10 %p_0_3_0_0_0_5159_lcssa185_load, i10 %p_0_0_0_0_0_5138_lcssa176_load, i12 %trunc_ln, i128 %bytePlanes1, i1 %cmp169_5, i1 %cmp169_4, i1 %tmp_3, i1 %cmp169_2, i1 %icmp16, i12 %sub166, i1 %cmp169, i60 %img, i10 %p_0_3_0_0_0_5159_lcssa185, i10 %p_0_0_0_0_0_5138_lcssa176, i128 %out_pix_V" [D:/zynqmp_cam_isp_demo/zynqmp_cam_isp_demo.runs/design_1_v_frm_wr_0_0_synth_1/prj/sol/.autopilot/db/v_frmbuf_wr.cpp:950]   --->   Operation 138 'call' 'call_ln950' <Predicate = true> <Delay = 0.00> <CoreType = "Generic">   --->   Core 0 '' <Latency = 0> <II = 1> <Delay = 1.00> <Generic> <Opcode : >
ST_19 : Operation 139 [1/1] (0.00ns)   --->   "%br_ln963 = br void %VITIS_LOOP_966_4" [D:/zynqmp_cam_isp_demo/zynqmp_cam_isp_demo.runs/design_1_v_frm_wr_0_0_synth_1/prj/sol/.autopilot/db/v_frmbuf_wr.cpp:963]   --->   Operation 139 'br' 'br_ln963' <Predicate = true> <Delay = 0.00>

State 20 <SV = 1> <Delay = 1.40>
ST_20 : Operation 140 [1/1] (0.00ns)   --->   "%y_2 = load i12 %y" [D:/zynqmp_cam_isp_demo/zynqmp_cam_isp_demo.runs/design_1_v_frm_wr_0_0_synth_1/prj/sol/.autopilot/db/v_frmbuf_wr.cpp:927]   --->   Operation 140 'load' 'y_2' <Predicate = true> <Delay = 0.00>
ST_20 : Operation 141 [1/1] (0.97ns)   --->   "%icmp_ln927 = icmp_eq  i12 %y_2, i12 %Height_read" [D:/zynqmp_cam_isp_demo/zynqmp_cam_isp_demo.runs/design_1_v_frm_wr_0_0_synth_1/prj/sol/.autopilot/db/v_frmbuf_wr.cpp:927]   --->   Operation 141 'icmp' 'icmp_ln927' <Predicate = true> <Delay = 0.97> <CoreInst = "Cmp">   --->   Core 9 'Cmp' <Latency = 0> <II = 1> <Delay = 0.97> <FuncUnit> <Opcode : 'icmp'> <InPorts = 2> <OutPorts = 1>
ST_20 : Operation 142 [1/1] (0.80ns)   --->   "%y_3 = add i12 %y_2, i12 1" [D:/zynqmp_cam_isp_demo/zynqmp_cam_isp_demo.runs/design_1_v_frm_wr_0_0_synth_1/prj/sol/.autopilot/db/v_frmbuf_wr.cpp:927]   --->   Operation 142 'add' 'y_3' <Predicate = true> <Delay = 0.80> <CoreInst = "Adder">   --->   Core 1 'Adder' <Latency = 0> <II = 1> <Delay = 0.80> <FuncUnit> <Opcode : 'add' 'sub'> <InPorts = 2> <OutPorts = 1>
ST_20 : Operation 143 [1/1] (0.00ns)   --->   "%br_ln927 = br i1 %icmp_ln927, void %VITIS_LOOP_930_1.split, void %if.end235.loopexit" [D:/zynqmp_cam_isp_demo/zynqmp_cam_isp_demo.runs/design_1_v_frm_wr_0_0_synth_1/prj/sol/.autopilot/db/v_frmbuf_wr.cpp:927]   --->   Operation 143 'br' 'br_ln927' <Predicate = true> <Delay = 0.00>
ST_20 : Operation 144 [1/1] (0.00ns)   --->   "%p_0_0_0_0_0124_767_lcssa116_load = load i10 %p_0_0_0_0_0124_767_lcssa116"   --->   Operation 144 'load' 'p_0_0_0_0_0124_767_lcssa116_load' <Predicate = (!icmp_ln927)> <Delay = 0.00>
ST_20 : Operation 145 [1/1] (0.00ns)   --->   "%p_0_3_0_0_0130_795_lcssa125_load = load i10 %p_0_3_0_0_0130_795_lcssa125"   --->   Operation 145 'load' 'p_0_3_0_0_0130_795_lcssa125_load' <Predicate = (!icmp_ln927)> <Delay = 0.00>
ST_20 : Operation 146 [1/1] (0.00ns)   --->   "%empty = wait i32 @_ssdm_op_Wait"   --->   Operation 146 'wait' 'empty' <Predicate = (!icmp_ln927)> <Delay = 0.00>
ST_20 : Operation 147 [1/1] (0.42ns)   --->   "%store_ln927 = store i12 %y_3, i12 %y" [D:/zynqmp_cam_isp_demo/zynqmp_cam_isp_demo.runs/design_1_v_frm_wr_0_0_synth_1/prj/sol/.autopilot/db/v_frmbuf_wr.cpp:927]   --->   Operation 147 'store' 'store_ln927' <Predicate = (!icmp_ln927)> <Delay = 0.42>
ST_20 : Operation 148 [1/1] (0.00ns)   --->   "%br_ln0 = br void %if.end235"   --->   Operation 148 'br' 'br_ln0' <Predicate = (icmp_ln927)> <Delay = 0.00>

State 21 <SV = 2> <Delay = 1.40>
ST_21 : Operation 149 [2/2] (1.40ns)   --->   "%call_ln915 = call void @MultiPixStream2Bytes_Pipeline_VITIS_LOOP_930_1, i10 %p_0_3_0_0_0130_795_lcssa125_load, i10 %p_0_0_0_0_0124_767_lcssa116_load, i12 %trunc_ln915_1, i128 %bytePlanes1, i1 %icmp_ln920, i1 %cmp103_6, i1 %cmp103_5, i1 %cmp103_4, i1 %icmp13, i1 %cmp103_2, i1 %icmp, i12 %sub100, i1 %cmp103, i60 %img, i10 %p_0_3_0_0_0130_795_lcssa125, i10 %p_0_0_0_0_0124_767_lcssa116" [D:/zynqmp_cam_isp_demo/zynqmp_cam_isp_demo.runs/design_1_v_frm_wr_0_0_synth_1/prj/sol/.autopilot/db/v_frmbuf_wr.cpp:915]   --->   Operation 149 'call' 'call_ln915' <Predicate = true> <Delay = 1.40> <CoreType = "Generic">   --->   Core 0 '' <Latency = 0> <II = 1> <Delay = 1.00> <Generic> <Opcode : >

State 22 <SV = 3> <Delay = 0.00>
ST_22 : Operation 150 [1/1] (0.00ns)   --->   "%speclooptripcount_ln928 = speclooptripcount void @_ssdm_op_SpecLoopTripCount, i64 0, i64 4320, i64 2160" [D:/zynqmp_cam_isp_demo/zynqmp_cam_isp_demo.runs/design_1_v_frm_wr_0_0_synth_1/prj/sol/.autopilot/db/v_frmbuf_wr.cpp:928]   --->   Operation 150 'speclooptripcount' 'speclooptripcount_ln928' <Predicate = true> <Delay = 0.00>
ST_22 : Operation 151 [1/1] (0.00ns)   --->   "%specloopname_ln927 = specloopname void @_ssdm_op_SpecLoopName, void @empty_8" [D:/zynqmp_cam_isp_demo/zynqmp_cam_isp_demo.runs/design_1_v_frm_wr_0_0_synth_1/prj/sol/.autopilot/db/v_frmbuf_wr.cpp:927]   --->   Operation 151 'specloopname' 'specloopname_ln927' <Predicate = true> <Delay = 0.00>
ST_22 : Operation 152 [1/2] (0.00ns)   --->   "%call_ln915 = call void @MultiPixStream2Bytes_Pipeline_VITIS_LOOP_930_1, i10 %p_0_3_0_0_0130_795_lcssa125_load, i10 %p_0_0_0_0_0124_767_lcssa116_load, i12 %trunc_ln915_1, i128 %bytePlanes1, i1 %icmp_ln920, i1 %cmp103_6, i1 %cmp103_5, i1 %cmp103_4, i1 %icmp13, i1 %cmp103_2, i1 %icmp, i12 %sub100, i1 %cmp103, i60 %img, i10 %p_0_3_0_0_0130_795_lcssa125, i10 %p_0_0_0_0_0124_767_lcssa116" [D:/zynqmp_cam_isp_demo/zynqmp_cam_isp_demo.runs/design_1_v_frm_wr_0_0_synth_1/prj/sol/.autopilot/db/v_frmbuf_wr.cpp:915]   --->   Operation 152 'call' 'call_ln915' <Predicate = true> <Delay = 0.00> <CoreType = "Generic">   --->   Core 0 '' <Latency = 0> <II = 1> <Delay = 1.00> <Generic> <Opcode : >
ST_22 : Operation 153 [1/1] (0.00ns)   --->   "%br_ln927 = br void %VITIS_LOOP_930_1" [D:/zynqmp_cam_isp_demo/zynqmp_cam_isp_demo.runs/design_1_v_frm_wr_0_0_synth_1/prj/sol/.autopilot/db/v_frmbuf_wr.cpp:927]   --->   Operation 153 'br' 'br_ln927' <Predicate = true> <Delay = 0.00>


============================================================
+ Verbose Summary: Timing violations
============================================================
Target clock period: 6.66ns, clock uncertainty: 1.8ns.

 <State 1>: 3.68ns
The critical path consists of the following:
	fifo read operation ('Height_read') on port 'Height' [12]  (1.84 ns)
	fifo write operation ('write_ln0') on port 'height_c' [14]  (1.84 ns)

 <State 2>: 1.39ns
The critical path consists of the following:
	'urem' operation ('remainPix', D:/zynqmp_cam_isp_demo/zynqmp_cam_isp_demo.runs/design_1_v_frm_wr_0_0_synth_1/prj/sol/.autopilot/db/v_frmbuf_wr.cpp:953) [33]  (1.39 ns)

 <State 3>: 1.39ns
The critical path consists of the following:
	'urem' operation ('remainPix', D:/zynqmp_cam_isp_demo/zynqmp_cam_isp_demo.runs/design_1_v_frm_wr_0_0_synth_1/prj/sol/.autopilot/db/v_frmbuf_wr.cpp:953) [33]  (1.39 ns)

 <State 4>: 1.39ns
The critical path consists of the following:
	'urem' operation ('remainPix', D:/zynqmp_cam_isp_demo/zynqmp_cam_isp_demo.runs/design_1_v_frm_wr_0_0_synth_1/prj/sol/.autopilot/db/v_frmbuf_wr.cpp:953) [33]  (1.39 ns)

 <State 5>: 1.39ns
The critical path consists of the following:
	'urem' operation ('remainPix', D:/zynqmp_cam_isp_demo/zynqmp_cam_isp_demo.runs/design_1_v_frm_wr_0_0_synth_1/prj/sol/.autopilot/db/v_frmbuf_wr.cpp:953) [33]  (1.39 ns)

 <State 6>: 1.39ns
The critical path consists of the following:
	'urem' operation ('remainPix', D:/zynqmp_cam_isp_demo/zynqmp_cam_isp_demo.runs/design_1_v_frm_wr_0_0_synth_1/prj/sol/.autopilot/db/v_frmbuf_wr.cpp:953) [33]  (1.39 ns)

 <State 7>: 1.39ns
The critical path consists of the following:
	'urem' operation ('remainPix', D:/zynqmp_cam_isp_demo/zynqmp_cam_isp_demo.runs/design_1_v_frm_wr_0_0_synth_1/prj/sol/.autopilot/db/v_frmbuf_wr.cpp:953) [33]  (1.39 ns)

 <State 8>: 1.39ns
The critical path consists of the following:
	'urem' operation ('remainPix', D:/zynqmp_cam_isp_demo/zynqmp_cam_isp_demo.runs/design_1_v_frm_wr_0_0_synth_1/prj/sol/.autopilot/db/v_frmbuf_wr.cpp:953) [33]  (1.39 ns)

 <State 9>: 1.39ns
The critical path consists of the following:
	'urem' operation ('remainPix', D:/zynqmp_cam_isp_demo/zynqmp_cam_isp_demo.runs/design_1_v_frm_wr_0_0_synth_1/prj/sol/.autopilot/db/v_frmbuf_wr.cpp:953) [33]  (1.39 ns)

 <State 10>: 1.39ns
The critical path consists of the following:
	'urem' operation ('remainPix', D:/zynqmp_cam_isp_demo/zynqmp_cam_isp_demo.runs/design_1_v_frm_wr_0_0_synth_1/prj/sol/.autopilot/db/v_frmbuf_wr.cpp:953) [33]  (1.39 ns)

 <State 11>: 1.39ns
The critical path consists of the following:
	'urem' operation ('remainPix', D:/zynqmp_cam_isp_demo/zynqmp_cam_isp_demo.runs/design_1_v_frm_wr_0_0_synth_1/prj/sol/.autopilot/db/v_frmbuf_wr.cpp:953) [33]  (1.39 ns)

 <State 12>: 1.39ns
The critical path consists of the following:
	'urem' operation ('remainPix', D:/zynqmp_cam_isp_demo/zynqmp_cam_isp_demo.runs/design_1_v_frm_wr_0_0_synth_1/prj/sol/.autopilot/db/v_frmbuf_wr.cpp:953) [33]  (1.39 ns)

 <State 13>: 1.39ns
The critical path consists of the following:
	'urem' operation ('remainPix', D:/zynqmp_cam_isp_demo/zynqmp_cam_isp_demo.runs/design_1_v_frm_wr_0_0_synth_1/prj/sol/.autopilot/db/v_frmbuf_wr.cpp:953) [33]  (1.39 ns)

 <State 14>: 1.39ns
The critical path consists of the following:
	'urem' operation ('remainPix', D:/zynqmp_cam_isp_demo/zynqmp_cam_isp_demo.runs/design_1_v_frm_wr_0_0_synth_1/prj/sol/.autopilot/db/v_frmbuf_wr.cpp:953) [33]  (1.39 ns)

 <State 15>: 1.39ns
The critical path consists of the following:
	'urem' operation ('remainPix', D:/zynqmp_cam_isp_demo/zynqmp_cam_isp_demo.runs/design_1_v_frm_wr_0_0_synth_1/prj/sol/.autopilot/db/v_frmbuf_wr.cpp:953) [33]  (1.39 ns)

 <State 16>: 2.9ns
The critical path consists of the following:
	'urem' operation ('remainPix', D:/zynqmp_cam_isp_demo/zynqmp_cam_isp_demo.runs/design_1_v_frm_wr_0_0_synth_1/prj/sol/.autopilot/db/v_frmbuf_wr.cpp:953) [33]  (1.39 ns)
	'icmp' operation ('icmp_ln955', D:/zynqmp_cam_isp_demo/zynqmp_cam_isp_demo.runs/design_1_v_frm_wr_0_0_synth_1/prj/sol/.autopilot/db/v_frmbuf_wr.cpp:955) [35]  (0.721 ns)
	'select' operation ('remainPix', D:/zynqmp_cam_isp_demo/zynqmp_cam_isp_demo.runs/design_1_v_frm_wr_0_0_synth_1/prj/sol/.autopilot/db/v_frmbuf_wr.cpp:955) [37]  (0.208 ns)
	'icmp' operation ('cmp169', D:/zynqmp_cam_isp_demo/zynqmp_cam_isp_demo.runs/design_1_v_frm_wr_0_0_synth_1/prj/sol/.autopilot/db/v_frmbuf_wr.cpp:955) [39]  (0.584 ns)

 <State 17>: 1.4ns
The critical path consists of the following:
	'load' operation ('y', D:/zynqmp_cam_isp_demo/zynqmp_cam_isp_demo.runs/design_1_v_frm_wr_0_0_synth_1/prj/sol/.autopilot/db/v_frmbuf_wr.cpp:963) on local variable 'y' [50]  (0 ns)
	'add' operation ('y', D:/zynqmp_cam_isp_demo/zynqmp_cam_isp_demo.runs/design_1_v_frm_wr_0_0_synth_1/prj/sol/.autopilot/db/v_frmbuf_wr.cpp:963) [52]  (0.809 ns)
	'store' operation ('store_ln963', D:/zynqmp_cam_isp_demo/zynqmp_cam_isp_demo.runs/design_1_v_frm_wr_0_0_synth_1/prj/sol/.autopilot/db/v_frmbuf_wr.cpp:963) of variable 'y', D:/zynqmp_cam_isp_demo/zynqmp_cam_isp_demo.runs/design_1_v_frm_wr_0_0_synth_1/prj/sol/.autopilot/db/v_frmbuf_wr.cpp:963 on local variable 'y' [61]  (0.427 ns)
	blocking operation 0.167 ns on control path)

 <State 18>: 1.4ns
The critical path consists of the following:
	'call' operation ('call_ln950', D:/zynqmp_cam_isp_demo/zynqmp_cam_isp_demo.runs/design_1_v_frm_wr_0_0_synth_1/prj/sol/.autopilot/db/v_frmbuf_wr.cpp:950) to 'MultiPixStream2Bytes_Pipeline_VITIS_LOOP_966_4' [60]  (1.4 ns)

 <State 19>: 0ns
The critical path consists of the following:

 <State 20>: 1.4ns
The critical path consists of the following:
	'load' operation ('y', D:/zynqmp_cam_isp_demo/zynqmp_cam_isp_demo.runs/design_1_v_frm_wr_0_0_synth_1/prj/sol/.autopilot/db/v_frmbuf_wr.cpp:927) on local variable 'y' [90]  (0 ns)
	'add' operation ('y', D:/zynqmp_cam_isp_demo/zynqmp_cam_isp_demo.runs/design_1_v_frm_wr_0_0_synth_1/prj/sol/.autopilot/db/v_frmbuf_wr.cpp:927) [92]  (0.809 ns)
	'store' operation ('store_ln927', D:/zynqmp_cam_isp_demo/zynqmp_cam_isp_demo.runs/design_1_v_frm_wr_0_0_synth_1/prj/sol/.autopilot/db/v_frmbuf_wr.cpp:927) of variable 'y', D:/zynqmp_cam_isp_demo/zynqmp_cam_isp_demo.runs/design_1_v_frm_wr_0_0_synth_1/prj/sol/.autopilot/db/v_frmbuf_wr.cpp:927 on local variable 'y' [101]  (0.427 ns)
	blocking operation 0.167 ns on control path)

 <State 21>: 1.4ns
The critical path consists of the following:
	'call' operation ('call_ln915', D:/zynqmp_cam_isp_demo/zynqmp_cam_isp_demo.runs/design_1_v_frm_wr_0_0_synth_1/prj/sol/.autopilot/db/v_frmbuf_wr.cpp:915) to 'MultiPixStream2Bytes_Pipeline_VITIS_LOOP_930_1' [100]  (1.4 ns)

 <State 22>: 0ns
The critical path consists of the following:


============================================================
+ Verbose Summary: Binding
============================================================
N/A
* FSMD analyzer results:
  - Output states:
 - Input state : 
  - Chain level:
	State 1
	State 2
	State 3
	State 4
	State 5
	State 6
	State 7
	State 8
	State 9
	State 10
	State 11
	State 12
	State 13
	State 14
	State 15
	State 16
	State 17
	State 18
	State 19
	State 20
	State 21
	State 22


============================================================
+ Verbose Summary: Datapath Resource usage 
============================================================
N/A
