

================================================================
== Vitis HLS Report for 'AXIvideo2MultiPixStream'
================================================================
* Date:           Fri Nov 25 21:03:35 2022

* Version:        2022.1 (Build 3526262 on Mon Apr 18 15:48:16 MDT 2022)
* Project:        prj
* Solution:       sol (Vivado IP Flow Target)
* Product family: zynquplus
* Target device:  xck26-sfvc784-2LV-c


================================================================
== Performance Estimates
================================================================
+ Timing: 
    * Summary: 
    +--------+---------+----------+------------+
    |  Clock |  Target | Estimated| Uncertainty|
    +--------+---------+----------+------------+
    |ap_clk  |  6.66 ns|  2.559 ns|     1.80 ns|
    +--------+---------+----------+------------+

+ Latency: 
    * Summary: 
    +---------+---------+-----------+-----------+-----+---------+---------+
    |  Latency (cycles) |   Latency (absolute)  |    Interval   | Pipeline|
    |   min   |   max   |    min    |    max    | min |   max   |   Type  |
    +---------+---------+-----------+-----------+-----+---------+---------+
    |        6|  4168806|  39.978 ns|  27.777 ms|    6|  4168806|       no|
    +---------+---------+-----------+-----------+-----+---------+---------+

    + Detail: 
        * Instance: 
        +-----------------------------------------------------------------+------------------------------------------------------+---------+---------+-----------+-----------+-----+------+---------+
        |                                                                 |                                                      |  Latency (cycles) |   Latency (absolute)  |  Interval  | Pipeline|
        |                             Instance                            |                        Module                        |   min   |   max   |    min    |    max    | min |  max |   Type  |
        +-----------------------------------------------------------------+------------------------------------------------------+---------+---------+-----------+-----------+-----+------+---------+
        |grp_AXIvideo2MultiPixStream_Pipeline_loop_wait_for_start_fu_201  |AXIvideo2MultiPixStream_Pipeline_loop_wait_for_start  |        2|        2|  13.326 ns|  13.326 ns|    2|     2|       no|
        |grp_AXIvideo2MultiPixStream_Pipeline_loop_width_fu_221           |AXIvideo2MultiPixStream_Pipeline_loop_width           |        3|     1922|  19.989 ns|  12.806 us|    3|  1922|       no|
        |grp_AXIvideo2MultiPixStream_Pipeline_loop_wait_for_eol_fu_251    |AXIvideo2MultiPixStream_Pipeline_loop_wait_for_eol    |        2|        2|  13.326 ns|  13.326 ns|    2|     2|       no|
        |grp_reg_unsigned_short_s_fu_277                                  |reg_unsigned_short_s                                  |        1|        1|   6.663 ns|   6.663 ns|    1|     1|      yes|
        |grp_reg_unsigned_short_s_fu_303                                  |reg_unsigned_short_s                                  |        1|        1|   6.663 ns|   6.663 ns|    1|     1|      yes|
        +-----------------------------------------------------------------+------------------------------------------------------+---------+---------+-----------+-----------+-----+------+---------+

        * Loop: 
        +---------------+---------+---------+----------+-----------+-----------+----------+----------+
        |               |  Latency (cycles) | Iteration|  Initiation Interval  |   Trip   |          |
        |   Loop Name   |   min   |   max   |  Latency |  achieved |   target  |   Count  | Pipelined|
        +---------------+---------+---------+----------+-----------+-----------+----------+----------+
        |- loop_height  |        0|  4168800|  7 ~ 1930|          -|          -|  0 ~ 2160|        no|
        +---------------+---------+---------+----------+-----------+-----------+----------+----------+



================================================================
== Utilization Estimates
================================================================
* Summary: 
+-----------------+---------+------+--------+--------+-----+
|       Name      | BRAM_18K|  DSP |   FF   |   LUT  | URAM|
+-----------------+---------+------+--------+--------+-----+
|DSP              |        -|     -|       -|       -|    -|
|Expression       |        -|     -|       0|      60|    -|
|FIFO             |        -|     -|       -|       -|    -|
|Instance         |        -|     -|     108|     330|    -|
|Memory           |        -|     -|       -|       -|    -|
|Multiplexer      |        -|     -|       -|     169|    -|
|Register         |        -|     -|     189|       -|    -|
+-----------------+---------+------+--------+--------+-----+
|Total            |        0|     0|     297|     559|    0|
+-----------------+---------+------+--------+--------+-----+
|Available        |      288|  1248|  234240|  117120|   64|
+-----------------+---------+------+--------+--------+-----+
|Utilization (%)  |        0|     0|      ~0|      ~0|    0|
+-----------------+---------+------+--------+--------+-----+

+ Detail: 
    * Instance: 
    +-----------------------------------------------------------------+------------------------------------------------------+---------+----+----+-----+-----+
    |                             Instance                            |                        Module                        | BRAM_18K| DSP| FF | LUT | URAM|
    +-----------------------------------------------------------------+------------------------------------------------------+---------+----+----+-----+-----+
    |grp_AXIvideo2MultiPixStream_Pipeline_loop_wait_for_eol_fu_251    |AXIvideo2MultiPixStream_Pipeline_loop_wait_for_eol    |        0|   0|   4|   52|    0|
    |grp_AXIvideo2MultiPixStream_Pipeline_loop_wait_for_start_fu_201  |AXIvideo2MultiPixStream_Pipeline_loop_wait_for_start  |        0|   0|   3|   34|    0|
    |grp_AXIvideo2MultiPixStream_Pipeline_loop_width_fu_221           |AXIvideo2MultiPixStream_Pipeline_loop_width           |        0|   0|  77|  244|    0|
    |grp_reg_unsigned_short_s_fu_277                                  |reg_unsigned_short_s                                  |        0|   0|  12|    0|    0|
    |grp_reg_unsigned_short_s_fu_303                                  |reg_unsigned_short_s                                  |        0|   0|  12|    0|    0|
    +-----------------------------------------------------------------+------------------------------------------------------+---------+----+----+-----+-----+
    |Total                                                            |                                                      |        0|   0| 108|  330|    0|
    +-----------------------------------------------------------------+------------------------------------------------------+---------+----+----+-----+-----+

    * DSP: 
    N/A

    * Memory: 
    N/A

    * FIFO: 
    N/A

    * Expression: 
    +----------------------+----------+----+---+----+------------+------------+
    |     Variable Name    | Operation| DSP| FF| LUT| Bitwidth P0| Bitwidth P1|
    +----------------------+----------+----+---+----+------------+------------+
    |i_2_fu_338_p2         |         +|   0|  0|  19|          12|           1|
    |cmp12455_fu_311_p2    |      icmp|   0|  0|  11|          11|           1|
    |cond_fu_316_p2        |      icmp|   0|  0|   8|           3|           1|
    |icmp_ln205_fu_333_p2  |      icmp|   0|  0|  12|          12|          12|
    |icmp_ln235_fu_321_p2  |      icmp|   0|  0|   8|           3|           1|
    |ap_block_state1       |        or|   0|  0|   2|           1|           1|
    +----------------------+----------+----+---+----+------------+------------+
    |Total                 |          |   0|  0|  60|          42|          17|
    +----------------------+----------+----+---+----+------------+------------+

    * Multiplexer: 
    +--------------------------+----+-----------+-----+-----------+
    |           Name           | LUT| Input Size| Bits| Total Bits|
    +--------------------------+----+-----------+-----+-----------+
    |ap_NS_fsm                 |  59|         11|    1|         11|
    |ap_done                   |   9|          2|    1|          2|
    |axi_data_2_lcssa_reg_168  |   9|          2|   60|        120|
    |axi_data_V_2_fu_100       |   9|          2|   60|        120|
    |axi_last_2_lcssa_reg_178  |   9|          2|    1|          2|
    |axi_last_V_2_reg_158      |   9|          2|    1|          2|
    |eol_0_lcssa_reg_189       |   9|          2|    1|          2|
    |height_c10_blk_n          |   9|          2|    1|          2|
    |i_fu_96                   |   9|          2|   12|         24|
    |img_write                 |   9|          2|    1|          2|
    |s_axis_video_TREADY       |  20|          4|    1|          4|
    |width_c_blk_n             |   9|          2|    1|          2|
    +--------------------------+----+-----------+-----+-----------+
    |Total                     | 169|         35|  141|        293|
    +--------------------------+----+-----------+-----+-----------+

    * Register: 
    +------------------------------------------------------------------------------+----+----+-----+-----------+
    |                                     Name                                     | FF | LUT| Bits| Const Bits|
    +------------------------------------------------------------------------------+----+----+-----+-----------+
    |ap_CS_fsm                                                                     |  10|   0|   10|          0|
    |ap_done_reg                                                                   |   1|   0|    1|          0|
    |axi_data_2_lcssa_reg_168                                                      |  60|   0|   60|          0|
    |axi_data_V_2_fu_100                                                           |  60|   0|   60|          0|
    |axi_last_2_lcssa_reg_178                                                      |   1|   0|    1|          0|
    |axi_last_V_2_reg_158                                                          |   1|   0|    1|          0|
    |axi_last_V_4_loc_fu_108                                                       |   1|   0|    1|          0|
    |cmp12455_reg_437                                                              |   1|   0|    1|          0|
    |cond_reg_441                                                                  |   1|   0|    1|          0|
    |div_cast_reg_423                                                              |  11|   0|   11|          0|
    |eol_0_lcssa_reg_189                                                           |   1|   0|    1|          0|
    |grp_AXIvideo2MultiPixStream_Pipeline_loop_wait_for_eol_fu_251_ap_start_reg    |   1|   0|    1|          0|
    |grp_AXIvideo2MultiPixStream_Pipeline_loop_wait_for_start_fu_201_ap_start_reg  |   1|   0|    1|          0|
    |grp_AXIvideo2MultiPixStream_Pipeline_loop_width_fu_221_ap_start_reg           |   1|   0|    1|          0|
    |i_2_reg_457                                                                   |  12|   0|   12|          0|
    |i_fu_96                                                                       |  12|   0|   12|          0|
    |icmp_ln235_reg_446                                                            |   1|   0|    1|          0|
    |rows_reg_429                                                                  |  12|   0|   12|          0|
    |sof_fu_104                                                                    |   1|   0|    1|          0|
    +------------------------------------------------------------------------------+----+----+-----+-----------+
    |Total                                                                         | 189|   0|  189|          0|
    +------------------------------------------------------------------------------+----+----+-----+-----------+



================================================================
== Interface
================================================================
* Summary: 
+---------------------------+-----+-----+------------+-------------------------+--------------+
|         RTL Ports         | Dir | Bits|  Protocol  |      Source Object      |    C Type    |
+---------------------------+-----+-----+------------+-------------------------+--------------+
|ap_clk                     |   in|    1|  ap_ctrl_hs|  AXIvideo2MultiPixStream|  return value|
|ap_rst                     |   in|    1|  ap_ctrl_hs|  AXIvideo2MultiPixStream|  return value|
|ap_start                   |   in|    1|  ap_ctrl_hs|  AXIvideo2MultiPixStream|  return value|
|ap_done                    |  out|    1|  ap_ctrl_hs|  AXIvideo2MultiPixStream|  return value|
|ap_continue                |   in|    1|  ap_ctrl_hs|  AXIvideo2MultiPixStream|  return value|
|ap_idle                    |  out|    1|  ap_ctrl_hs|  AXIvideo2MultiPixStream|  return value|
|ap_ready                   |  out|    1|  ap_ctrl_hs|  AXIvideo2MultiPixStream|  return value|
|s_axis_video_TDATA         |   in|   64|        axis|    s_axis_video_V_data_V|       pointer|
|s_axis_video_TVALID        |   in|    1|        axis|    s_axis_video_V_dest_V|       pointer|
|s_axis_video_TREADY        |  out|    1|        axis|    s_axis_video_V_dest_V|       pointer|
|s_axis_video_TDEST         |   in|    1|        axis|    s_axis_video_V_dest_V|       pointer|
|s_axis_video_TKEEP         |   in|    8|        axis|    s_axis_video_V_keep_V|       pointer|
|s_axis_video_TSTRB         |   in|    8|        axis|    s_axis_video_V_strb_V|       pointer|
|s_axis_video_TUSER         |   in|    1|        axis|    s_axis_video_V_user_V|       pointer|
|s_axis_video_TLAST         |   in|    1|        axis|    s_axis_video_V_last_V|       pointer|
|s_axis_video_TID           |   in|    1|        axis|      s_axis_video_V_id_V|       pointer|
|img_din                    |  out|   60|     ap_fifo|                      img|       pointer|
|img_num_data_valid         |   in|    2|     ap_fifo|                      img|       pointer|
|img_fifo_cap               |   in|    2|     ap_fifo|                      img|       pointer|
|img_full_n                 |   in|    1|     ap_fifo|                      img|       pointer|
|img_write                  |  out|    1|     ap_fifo|                      img|       pointer|
|p_read                     |   in|   12|     ap_none|                   p_read|        scalar|
|p_read1                    |   in|   12|     ap_none|                  p_read1|        scalar|
|p_read2                    |   in|    3|     ap_none|                  p_read2|        scalar|
|width_c_din                |  out|   12|     ap_fifo|                  width_c|       pointer|
|width_c_num_data_valid     |   in|    2|     ap_fifo|                  width_c|       pointer|
|width_c_fifo_cap           |   in|    2|     ap_fifo|                  width_c|       pointer|
|width_c_full_n             |   in|    1|     ap_fifo|                  width_c|       pointer|
|width_c_write              |  out|    1|     ap_fifo|                  width_c|       pointer|
|height_c10_din             |  out|   12|     ap_fifo|               height_c10|       pointer|
|height_c10_num_data_valid  |   in|    2|     ap_fifo|               height_c10|       pointer|
|height_c10_fifo_cap        |   in|    2|     ap_fifo|               height_c10|       pointer|
|height_c10_full_n          |   in|    1|     ap_fifo|               height_c10|       pointer|
|height_c10_write           |  out|    1|     ap_fifo|               height_c10|       pointer|
+---------------------------+-----+-----+------------+-------------------------+--------------+

