

================================================================
== Vitis HLS Report for 'MultiPixStream2Bytes_Pipeline_VITIS_LOOP_966_4'
================================================================
* Date:           Sat Dec 17 00:28:20 2022

* Version:        2022.1 (Build 3526262 on Mon Apr 18 15:48:16 MDT 2022)
* Project:        prj
* Solution:       sol (Vivado IP Flow Target)
* Product family: zynquplus
* Target device:  xck26-sfvc784-2LV-c


================================================================
== Performance Estimates
================================================================
+ Timing: 
    * Summary: 
    +--------+----------+----------+------------+
    |  Clock |  Target  | Estimated| Uncertainty|
    +--------+----------+----------+------------+
    |ap_clk  |  10.00 ns|  4.013 ns|     2.70 ns|
    +--------+----------+----------+------------+

+ Latency: 
    * Summary: 
    +---------+---------+-----------+----------+-----+-------+---------+
    |  Latency (cycles) |  Latency (absolute)  |   Interval  | Pipeline|
    |   min   |   max   |    min    |    max   | min |  max  |   Type  |
    +---------+---------+-----------+----------+-----+-------+---------+
    |        3|    24579|  30.000 ns|  0.246 ms|    3|  24579|       no|
    +---------+---------+-----------+----------+-----+-------+---------+

    + Detail: 
        * Instance: 
        N/A

        * Loop: 
        +--------------------+---------+---------+----------+-----------+-----------+----------+----------+
        |                    |  Latency (cycles) | Iteration|  Initiation Interval  |   Trip   |          |
        |      Loop Name     |   min   |   max   |  Latency |  achieved |   target  |   Count  | Pipelined|
        +--------------------+---------+---------+----------+-----------+-----------+----------+----------+
        |- VITIS_LOOP_966_4  |        1|    24577|         7|          6|          6|  0 ~ 4096|       yes|
        +--------------------+---------+---------+----------+-----------+-----------+----------+----------+



================================================================
== Utilization Estimates
================================================================
* Summary: 
+-----------------+---------+------+--------+--------+-----+
|       Name      | BRAM_18K|  DSP |   FF   |   LUT  | URAM|
+-----------------+---------+------+--------+--------+-----+
|DSP              |        -|     -|       -|       -|    -|
|Expression       |        -|     -|       0|     103|    -|
|FIFO             |        -|     -|       -|       -|    -|
|Instance         |        -|     -|       -|       -|    -|
|Memory           |        -|     -|       -|       -|    -|
|Multiplexer      |        -|     -|       -|     264|    -|
|Register         |        -|     -|     229|       -|    -|
+-----------------+---------+------+--------+--------+-----+
|Total            |        0|     0|     229|     367|    0|
+-----------------+---------+------+--------+--------+-----+
|Available        |      288|  1248|  234240|  117120|   64|
+-----------------+---------+------+--------+--------+-----+
|Utilization (%)  |        0|     0|      ~0|      ~0|    0|
+-----------------+---------+------+--------+--------+-----+

+ Detail: 
    * Instance: 
    N/A

    * DSP: 
    N/A

    * Memory: 
    N/A

    * FIFO: 
    N/A

    * Expression: 
    +----------------------------------+----------+----+---+----+------------+------------+
    |           Variable Name          | Operation| DSP| FF| LUT| Bitwidth P0| Bitwidth P1|
    +----------------------------------+----------+----+---+----+------------+------------+
    |x_2_fu_365_p2                     |         +|   0|  0|  19|          12|           1|
    |ap_block_pp0_stage0_01001         |       and|   0|  0|   2|           1|           1|
    |ap_block_pp0_stage1_11001         |       and|   0|  0|   2|           1|           1|
    |ap_block_pp0_stage2_11001         |       and|   0|  0|   2|           1|           1|
    |ap_block_pp0_stage3_11001         |       and|   0|  0|   2|           1|           1|
    |ap_block_pp0_stage4_11001         |       and|   0|  0|   2|           1|           1|
    |ap_block_pp0_stage5_11001         |       and|   0|  0|   2|           1|           1|
    |ap_block_state2_pp0_stage1_iter0  |       and|   0|  0|   2|           1|           1|
    |ap_block_state3_pp0_stage2_iter0  |       and|   0|  0|   2|           1|           1|
    |ap_block_state4_pp0_stage3_iter0  |       and|   0|  0|   2|           1|           1|
    |ap_block_state5_pp0_stage4_iter0  |       and|   0|  0|   2|           1|           1|
    |ap_block_state6_pp0_stage5_iter0  |       and|   0|  0|   2|           1|           1|
    |ap_condition_227                  |       and|   0|  0|   2|           1|           1|
    |ap_condition_588                  |       and|   0|  0|   2|           1|           1|
    |ap_condition_593                  |       and|   0|  0|   2|           1|           1|
    |ap_condition_597                  |       and|   0|  0|   2|           1|           1|
    |ap_condition_601                  |       and|   0|  0|   2|           1|           1|
    |ap_predicate_op45_read_state2     |       and|   0|  0|   2|           1|           1|
    |ap_predicate_op53_read_state3     |       and|   0|  0|   2|           1|           1|
    |ap_predicate_op64_read_state4     |       and|   0|  0|   2|           1|           1|
    |ap_predicate_op71_read_state5     |       and|   0|  0|   2|           1|           1|
    |ap_predicate_op78_read_state6     |       and|   0|  0|   2|           1|           1|
    |ap_predicate_op85_read_state7     |       and|   0|  0|   2|           1|           1|
    |cmp167_fu_375_p2                  |      icmp|   0|  0|  12|          13|          13|
    |icmp_ln966_fu_359_p2              |      icmp|   0|  0|  12|          12|          12|
    |ap_block_state7_pp0_stage0_iter1  |        or|   0|  0|   2|           1|           1|
    |or_ln971_1_fu_402_p2              |        or|   0|  0|   2|           1|           1|
    |or_ln971_2_fu_410_p2              |        or|   0|  0|   2|           1|           1|
    |or_ln971_3_fu_414_p2              |        or|   0|  0|   2|           1|           1|
    |or_ln971_4_fu_418_p2              |        or|   0|  0|   2|           1|           1|
    |or_ln971_5_fu_422_p2              |        or|   0|  0|   2|           1|           1|
    |or_ln971_fu_381_p2                |        or|   0|  0|   2|           1|           1|
    |ap_enable_pp0                     |       xor|   0|  0|   2|           1|           2|
    +----------------------------------+----------+----+---+----+------------+------------+
    |Total                             |          |   0|  0| 103|          67|          57|
    +----------------------------------+----------+----+---+----+------------+------------+

    * Multiplexer: 
    +------------------------------------+----+-----------+-----+-----------+
    |                Name                | LUT| Input Size| Bits| Total Bits|
    +------------------------------------+----+-----------+-----+-----------+
    |ap_NS_fsm                           |  37|          7|    1|          7|
    |ap_done_int                         |   9|          2|    1|          2|
    |ap_enable_reg_pp0_iter0             |   9|          2|    1|          2|
    |ap_enable_reg_pp0_iter0_reg         |   9|          2|    1|          2|
    |ap_enable_reg_pp0_iter1             |   9|          2|    1|          2|
    |ap_phi_mux_r_V_10_phi_fu_306_p4     |  14|          3|   10|         30|
    |ap_phi_mux_r_V_11_phi_fu_296_p4     |  14|          3|   10|         30|
    |ap_phi_reg_pp0_iter0_r_V_1_reg_187  |   9|          2|   10|         20|
    |ap_phi_reg_pp0_iter0_r_V_2_reg_218  |   9|          2|   10|         20|
    |ap_phi_reg_pp0_iter0_r_V_3_reg_207  |   9|          2|   10|         20|
    |ap_phi_reg_pp0_iter0_r_V_4_reg_240  |   9|          2|   10|         20|
    |ap_phi_reg_pp0_iter0_r_V_5_reg_229  |   9|          2|   10|         20|
    |ap_phi_reg_pp0_iter0_r_V_6_reg_262  |   9|          2|   10|         20|
    |ap_phi_reg_pp0_iter0_r_V_7_reg_251  |   9|          2|   10|         20|
    |ap_phi_reg_pp0_iter0_r_V_reg_197    |   9|          2|   10|         20|
    |ap_phi_reg_pp0_iter1_r_V_8_reg_283  |  14|          3|   10|         30|
    |ap_phi_reg_pp0_iter1_r_V_9_reg_273  |  14|          3|   10|         30|
    |ap_sig_allocacmp_x_1                |   9|          2|   12|         24|
    |bytePlanes1_blk_n                   |   9|          2|    1|          2|
    |img_blk_n                           |   9|          2|    1|          2|
    |out_pix_V_7_out_o                   |   9|          2|  128|        256|
    |r_V_12_fu_106                       |   9|          2|   10|         20|
    |r_V_13_fu_110                       |   9|          2|   10|         20|
    |x_fu_102                            |   9|          2|   12|         24|
    +------------------------------------+----+-----------+-----+-----------+
    |Total                               | 264|         57|  299|        643|
    +------------------------------------+----+-----------+-----+-----------+

    * Register: 
    +------------------------------------+----+----+-----+-----------+
    |                Name                | FF | LUT| Bits| Const Bits|
    +------------------------------------+----+----+-----+-----------+
    |ap_CS_fsm                           |   6|   0|    6|          0|
    |ap_done_reg                         |   1|   0|    1|          0|
    |ap_enable_reg_pp0_iter0_reg         |   1|   0|    1|          0|
    |ap_enable_reg_pp0_iter1             |   1|   0|    1|          0|
    |ap_phi_reg_pp0_iter0_r_V_1_reg_187  |  10|   0|   10|          0|
    |ap_phi_reg_pp0_iter0_r_V_2_reg_218  |  10|   0|   10|          0|
    |ap_phi_reg_pp0_iter0_r_V_3_reg_207  |  10|   0|   10|          0|
    |ap_phi_reg_pp0_iter0_r_V_4_reg_240  |  10|   0|   10|          0|
    |ap_phi_reg_pp0_iter0_r_V_5_reg_229  |  10|   0|   10|          0|
    |ap_phi_reg_pp0_iter0_r_V_6_reg_262  |  10|   0|   10|          0|
    |ap_phi_reg_pp0_iter0_r_V_7_reg_251  |  10|   0|   10|          0|
    |ap_phi_reg_pp0_iter0_r_V_reg_197    |  10|   0|   10|          0|
    |ap_phi_reg_pp0_iter1_r_V_8_reg_283  |  10|   0|   10|          0|
    |ap_phi_reg_pp0_iter1_r_V_9_reg_273  |  10|   0|   10|          0|
    |cmp167_reg_614                      |   1|   0|    1|          0|
    |icmp_ln966_reg_610                  |   1|   0|    1|          0|
    |or_ln971_1_reg_642                  |   1|   0|    1|          0|
    |or_ln971_2_reg_651                  |   1|   0|    1|          0|
    |or_ln971_3_reg_655                  |   1|   0|    1|          0|
    |or_ln971_4_reg_659                  |   1|   0|    1|          0|
    |or_ln971_5_reg_663                  |   1|   0|    1|          0|
    |or_ln971_reg_623                    |   1|   0|    1|          0|
    |r_V_12_fu_106                       |  10|   0|   10|          0|
    |r_V_13_fu_110                       |  10|   0|   10|          0|
    |r_V_1_reg_187                       |  10|   0|   10|          0|
    |r_V_2_reg_218                       |  10|   0|   10|          0|
    |r_V_3_reg_207                       |  10|   0|   10|          0|
    |r_V_4_reg_240                       |  10|   0|   10|          0|
    |r_V_5_reg_229                       |  10|   0|   10|          0|
    |r_V_6_reg_262                       |  10|   0|   10|          0|
    |r_V_7_reg_251                       |  10|   0|   10|          0|
    |r_V_reg_197                         |  10|   0|   10|          0|
    |x_fu_102                            |  12|   0|   12|          0|
    +------------------------------------+----+----+-----+-----------+
    |Total                               | 229|   0|  229|          0|
    +------------------------------------+----+----+-----+-----------+



================================================================
== Interface
================================================================
* Summary: 
+-----------------------------+-----+-----+------------+------------------------------------------------+--------------+
|          RTL Ports          | Dir | Bits|  Protocol  |                  Source Object                 |    C Type    |
+-----------------------------+-----+-----+------------+------------------------------------------------+--------------+
|ap_clk                       |   in|    1|  ap_ctrl_hs|  MultiPixStream2Bytes_Pipeline_VITIS_LOOP_966_4|  return value|
|ap_rst                       |   in|    1|  ap_ctrl_hs|  MultiPixStream2Bytes_Pipeline_VITIS_LOOP_966_4|  return value|
|ap_start                     |   in|    1|  ap_ctrl_hs|  MultiPixStream2Bytes_Pipeline_VITIS_LOOP_966_4|  return value|
|ap_done                      |  out|    1|  ap_ctrl_hs|  MultiPixStream2Bytes_Pipeline_VITIS_LOOP_966_4|  return value|
|ap_idle                      |  out|    1|  ap_ctrl_hs|  MultiPixStream2Bytes_Pipeline_VITIS_LOOP_966_4|  return value|
|ap_ready                     |  out|    1|  ap_ctrl_hs|  MultiPixStream2Bytes_Pipeline_VITIS_LOOP_966_4|  return value|
|img_dout                     |   in|   60|     ap_fifo|                                             img|       pointer|
|img_num_data_valid           |   in|    2|     ap_fifo|                                             img|       pointer|
|img_fifo_cap                 |   in|    2|     ap_fifo|                                             img|       pointer|
|img_empty_n                  |   in|    1|     ap_fifo|                                             img|       pointer|
|img_read                     |  out|    1|     ap_fifo|                                             img|       pointer|
|p_0_3_0_0_0_5159_lcssa185    |   in|   10|     ap_none|                       p_0_3_0_0_0_5159_lcssa185|        scalar|
|p_0_0_0_0_0_5138_lcssa176    |   in|   10|     ap_none|                       p_0_0_0_0_0_5138_lcssa176|        scalar|
|trunc_ln                     |   in|   12|     ap_none|                                        trunc_ln|        scalar|
|bytePlanes1_din              |  out|  128|     ap_fifo|                                     bytePlanes1|       pointer|
|bytePlanes1_num_data_valid   |   in|   10|     ap_fifo|                                     bytePlanes1|       pointer|
|bytePlanes1_fifo_cap         |   in|   10|     ap_fifo|                                     bytePlanes1|       pointer|
|bytePlanes1_full_n           |   in|    1|     ap_fifo|                                     bytePlanes1|       pointer|
|bytePlanes1_write            |  out|    1|     ap_fifo|                                     bytePlanes1|       pointer|
|cmp169_5                     |   in|    1|     ap_none|                                        cmp169_5|        scalar|
|cmp169_4                     |   in|    1|     ap_none|                                        cmp169_4|        scalar|
|cmp169_3                     |   in|    1|     ap_none|                                        cmp169_3|        scalar|
|cmp169_2                     |   in|    1|     ap_none|                                        cmp169_2|        scalar|
|cmp169_1                     |   in|    1|     ap_none|                                        cmp169_1|        scalar|
|sub166_cast44                |   in|   12|     ap_none|                                   sub166_cast44|        scalar|
|cmp169                       |   in|    1|     ap_none|                                          cmp169|        scalar|
|p_0_3_0_0_0_5158_out         |  out|   10|      ap_vld|                            p_0_3_0_0_0_5158_out|       pointer|
|p_0_3_0_0_0_5158_out_ap_vld  |  out|    1|      ap_vld|                            p_0_3_0_0_0_5158_out|       pointer|
|p_0_0_0_0_0_5137_out         |  out|   10|      ap_vld|                            p_0_0_0_0_0_5137_out|       pointer|
|p_0_0_0_0_0_5137_out_ap_vld  |  out|    1|      ap_vld|                            p_0_0_0_0_0_5137_out|       pointer|
|out_pix_V_7_out_i            |   in|  128|     ap_ovld|                                 out_pix_V_7_out|       pointer|
|out_pix_V_7_out_o            |  out|  128|     ap_ovld|                                 out_pix_V_7_out|       pointer|
|out_pix_V_7_out_o_ap_vld     |  out|    1|     ap_ovld|                                 out_pix_V_7_out|       pointer|
+-----------------------------+-----+-----+------------+------------------------------------------------+--------------+

