

================================================================
== Vitis HLS Report for 'MultiPixStream2Bytes'
================================================================
* Date:           Fri Nov 25 21:03:36 2022

* Version:        2022.1 (Build 3526262 on Mon Apr 18 15:48:16 MDT 2022)
* Project:        prj
* Solution:       sol (Vivado IP Flow Target)
* Product family: zynquplus
* Target device:  xck26-sfvc784-2LV-c


================================================================
== Performance Estimates
================================================================
+ Timing: 
    * Summary: 
    +--------+---------+----------+------------+
    |  Clock |  Target | Estimated| Uncertainty|
    +--------+---------+----------+------------+
    |ap_clk  |  6.66 ns|  4.013 ns|     1.80 ns|
    +--------+---------+----------+------------+

+ Latency: 
    * Summary: 
    +---------+-----------+----------+-----------+-----+-----------+---------+
    |   Latency (cycles)  |  Latency (absolute)  |     Interval    | Pipeline|
    |   min   |    max    |    min   |    max    | min |    max    |   Type  |
    +---------+-----------+----------+-----------+-----+-----------+---------+
    |        1|  141583682|  6.663 ns|  0.943 sec|    1|  141583682|       no|
    +---------+-----------+----------+-----------+-----+-----------+---------+

    + Detail: 
        * Instance: 
        +-----------------------------------------------------------+------------------------------------------------+---------+---------+-----------+----------+-----+-------+---------+
        |                                                           |                                                |  Latency (cycles) |  Latency (absolute)  |   Interval  | Pipeline|
        |                          Instance                         |                     Module                     |   min   |   max   |    min    |    max   | min |  max  |   Type  |
        +-----------------------------------------------------------+------------------------------------------------+---------+---------+-----------+----------+-----+-------+---------+
        |grp_MultiPixStream2Bytes_Pipeline_VITIS_LOOP_966_4_fu_252  |MultiPixStream2Bytes_Pipeline_VITIS_LOOP_966_4  |        3|    24579|  19.989 ns|  0.164 ms|    3|  24579|       no|
        |grp_MultiPixStream2Bytes_Pipeline_VITIS_LOOP_930_1_fu_273  |MultiPixStream2Bytes_Pipeline_VITIS_LOOP_930_1  |        3|    32771|  19.989 ns|  0.218 ms|    3|  32771|       no|
        +-----------------------------------------------------------+------------------------------------------------+---------+---------+-----------+----------+-----+-------+---------+

        * Loop: 
        +------------+---------+-----------+-----------+-----------+-----------+----------+----------+
        |            |   Latency (cycles)  | Iteration |  Initiation Interval  |   Trip   |          |
        |  Loop Name |   min   |    max    |  Latency  |  achieved |   target  |   Count  | Pipelined|
        +------------+---------+-----------+-----------+-----------+-----------+----------+----------+
        |- loop_Y8   |        0|  141583680|  6 ~ 32774|          -|          -|  0 ~ 4320|        no|
        |- loop_Y10  |        0|  106194240|  6 ~ 24582|          -|          -|  0 ~ 4320|        no|
        +------------+---------+-----------+-----------+-----------+-----------+----------+----------+



================================================================
== Utilization Estimates
================================================================
* Summary: 
+-----------------+---------+------+--------+--------+-----+
|       Name      | BRAM_18K|  DSP |   FF   |   LUT  | URAM|
+-----------------+---------+------+--------+--------+-----+
|DSP              |        -|     -|       -|       -|    -|
|Expression       |        -|     -|       0|     276|    -|
|FIFO             |        -|     -|       -|       -|    -|
|Instance         |        -|     -|     672|     862|    -|
|Memory           |        -|     -|       -|       -|    -|
|Multiplexer      |        -|     -|       -|     243|    -|
|Register         |        -|     -|     337|       -|    -|
+-----------------+---------+------+--------+--------+-----+
|Total            |        0|     0|    1009|    1381|    0|
+-----------------+---------+------+--------+--------+-----+
|Available        |      288|  1248|  234240|  117120|   64|
+-----------------+---------+------+--------+--------+-----+
|Utilization (%)  |        0|     0|      ~0|       1|    0|
+-----------------+---------+------+--------+--------+-----+

+ Detail: 
    * Instance: 
    +-----------------------------------------------------------+------------------------------------------------+---------+----+-----+-----+-----+
    |                          Instance                         |                     Module                     | BRAM_18K| DSP|  FF | LUT | URAM|
    +-----------------------------------------------------------+------------------------------------------------+---------+----+-----+-----+-----+
    |grp_MultiPixStream2Bytes_Pipeline_VITIS_LOOP_930_1_fu_273  |MultiPixStream2Bytes_Pipeline_VITIS_LOOP_930_1  |        0|   0|  289|  426|    0|
    |grp_MultiPixStream2Bytes_Pipeline_VITIS_LOOP_966_4_fu_252  |MultiPixStream2Bytes_Pipeline_VITIS_LOOP_966_4  |        0|   0|  229|  367|    0|
    |urem_12ns_5ns_12_16_seq_1_U94                              |urem_12ns_5ns_12_16_seq_1                       |        0|   0|  154|   69|    0|
    +-----------------------------------------------------------+------------------------------------------------+---------+----+-----+-----+-----+
    |Total                                                      |                                                |        0|   0|  672|  862|    0|
    +-----------------------------------------------------------+------------------------------------------------+---------+----+-----+-----+-----+

    * DSP: 
    N/A

    * Memory: 
    N/A

    * FIFO: 
    N/A

    * Expression: 
    +-----------------------+----------+----+---+----+------------+------------+
    |     Variable Name     | Operation| DSP| FF| LUT| Bitwidth P0| Bitwidth P1|
    +-----------------------+----------+----+---+----+------------+------------+
    |add_ln915_fu_339_p2    |         +|   0|  0|  23|          16|           4|
    |add_ln950_fu_299_p2    |         +|   0|  0|  23|          16|           4|
    |sub100_fu_383_p2       |         +|   0|  0|  19|          12|           2|
    |sub166_fu_484_p2       |         +|   0|  0|  19|          12|           2|
    |y_3_fu_570_p2          |         +|   0|  0|  19|          12|           1|
    |y_5_fu_545_p2          |         +|   0|  0|  19|          12|           1|
    |cmp103_2_fu_411_p2     |      icmp|   0|  0|   9|           4|           2|
    |cmp103_4_fu_433_p2     |      icmp|   0|  0|   9|           4|           3|
    |cmp103_5_fu_439_p2     |      icmp|   0|  0|   9|           4|           3|
    |cmp103_6_fu_445_p2     |      icmp|   0|  0|   9|           4|           3|
    |cmp103_fu_389_p2       |      icmp|   0|  0|   9|           4|           1|
    |cmp169_2_fu_511_p2     |      icmp|   0|  0|   8|           3|           2|
    |cmp169_4_fu_525_p2     |      icmp|   0|  0|   9|           3|           4|
    |cmp169_5_fu_531_p2     |      icmp|   0|  0|   8|           3|           3|
    |cmp169_fu_489_p2       |      icmp|   0|  0|   8|           3|           1|
    |icmp13_fu_427_p2       |      icmp|   0|  0|   8|           2|           1|
    |icmp16_fu_505_p2       |      icmp|   0|  0|   8|           2|           1|
    |icmp_fu_405_p2         |      icmp|   0|  0|   8|           3|           1|
    |icmp_ln920_fu_355_p2   |      icmp|   0|  0|   9|           4|           1|
    |icmp_ln927_fu_565_p2   |      icmp|   0|  0|  12|          12|          12|
    |icmp_ln955_fu_460_p2   |      icmp|   0|  0|   9|           4|           1|
    |icmp_ln963_fu_540_p2   |      icmp|   0|  0|  12|          12|          12|
    |ap_block_state1        |        or|   0|  0|   2|           1|           1|
    |remainPix_1_fu_375_p3  |    select|   0|  0|   5|           1|           5|
    |remainPix_3_fu_476_p3  |    select|   0|  0|   3|           1|           3|
    +-----------------------+----------+----+---+----+------------+------------+
    |Total                  |          |   0|  0| 276|         154|          74|
    +-----------------------+----------+----+---+----+------------+------------+

    * Multiplexer: 
    +----------------------+-----+-----------+-----+-----------+
    |         Name         | LUT | Input Size| Bits| Total Bits|
    +----------------------+-----+-----------+-----+-----------+
    |Height_blk_n          |    9|          2|    1|          2|
    |VideoFormat_blk_n     |    9|          2|    1|          2|
    |WidthInBytes_blk_n    |    9|          2|    1|          2|
    |WidthInBytes_c_blk_n  |    9|          2|    1|          2|
    |WidthInPix_blk_n      |    9|          2|    1|          2|
    |ap_NS_fsm             |  116|         23|    1|         23|
    |ap_done               |    9|          2|    1|          2|
    |bytePlanes1_din       |    9|          2|  128|        256|
    |bytePlanes1_write     |   14|          3|    1|          3|
    |height_c_blk_n        |    9|          2|    1|          2|
    |img_read              |   14|          3|    1|          3|
    |out_pix_V_fu_184      |    9|          2|  128|        256|
    |y_1_fu_188            |    9|          2|   12|         24|
    |y_fu_200              |    9|          2|   12|         24|
    +----------------------+-----+-----------+-----+-----------+
    |Total                 |  243|         51|  290|        603|
    +----------------------+-----+-----------+-----+-----------+

    * Register: 
    +------------------------------------------------------------------------+-----+----+-----+-----------+
    |                                  Name                                  |  FF | LUT| Bits| Const Bits|
    +------------------------------------------------------------------------+-----+----+-----+-----------+
    |Height_read_reg_591                                                     |   12|   0|   12|          0|
    |VideoFormat_read_reg_587                                                |    6|   0|    6|          0|
    |ap_CS_fsm                                                               |   22|   0|   22|          0|
    |ap_done_reg                                                             |    1|   0|    1|          0|
    |cmp103_2_reg_677                                                        |    1|   0|    1|          0|
    |cmp103_4_reg_687                                                        |    1|   0|    1|          0|
    |cmp103_5_reg_692                                                        |    1|   0|    1|          0|
    |cmp103_6_reg_697                                                        |    1|   0|    1|          0|
    |cmp103_reg_667                                                          |    1|   0|    1|          0|
    |cmp169_2_reg_717                                                        |    1|   0|    1|          0|
    |cmp169_4_reg_727                                                        |    1|   0|    1|          0|
    |cmp169_5_reg_732                                                        |    1|   0|    1|          0|
    |cmp169_reg_707                                                          |    1|   0|    1|          0|
    |grp_MultiPixStream2Bytes_Pipeline_VITIS_LOOP_930_1_fu_273_ap_start_reg  |    1|   0|    1|          0|
    |grp_MultiPixStream2Bytes_Pipeline_VITIS_LOOP_966_4_fu_252_ap_start_reg  |    1|   0|    1|          0|
    |icmp13_reg_682                                                          |    1|   0|    1|          0|
    |icmp16_reg_712                                                          |    1|   0|    1|          0|
    |icmp_ln920_reg_657                                                      |    1|   0|    1|          0|
    |icmp_reg_672                                                            |    1|   0|    1|          0|
    |out_pix_V_fu_184                                                        |  128|   0|  128|          0|
    |p_0_0_0_0_0124_767_lcssa116_fu_204                                      |   10|   0|   10|          0|
    |p_0_0_0_0_0124_767_lcssa116_load_reg_753                                |   10|   0|   10|          0|
    |p_0_0_0_0_0_5138_lcssa176_fu_192                                        |   10|   0|   10|          0|
    |p_0_0_0_0_0_5138_lcssa176_load_reg_740                                  |   10|   0|   10|          0|
    |p_0_3_0_0_0130_795_lcssa125_fu_208                                      |   10|   0|   10|          0|
    |p_0_3_0_0_0130_795_lcssa125_load_reg_758                                |   10|   0|   10|          0|
    |p_0_3_0_0_0_5159_lcssa185_fu_196                                        |   10|   0|   10|          0|
    |p_0_3_0_0_0_5159_lcssa185_load_reg_745                                  |   10|   0|   10|          0|
    |sub100_reg_662                                                          |   12|   0|   12|          0|
    |sub166_reg_702                                                          |   12|   0|   12|          0|
    |tmp_3_reg_722                                                           |    1|   0|    1|          0|
    |trunc_ln915_1_reg_652                                                   |   12|   0|   12|          0|
    |trunc_ln_reg_627                                                        |   12|   0|   12|          0|
    |y_1_fu_188                                                              |   12|   0|   12|          0|
    |y_fu_200                                                                |   12|   0|   12|          0|
    +------------------------------------------------------------------------+-----+----+-----+-----------+
    |Total                                                                   |  337|   0|  337|          0|
    +------------------------------------------------------------------------+-----+----+-----+-----------+



================================================================
== Interface
================================================================
* Summary: 
+-------------------------------+-----+-----+------------+----------------------+--------------+
|           RTL Ports           | Dir | Bits|  Protocol  |     Source Object    |    C Type    |
+-------------------------------+-----+-----+------------+----------------------+--------------+
|ap_clk                         |   in|    1|  ap_ctrl_hs|  MultiPixStream2Bytes|  return value|
|ap_rst                         |   in|    1|  ap_ctrl_hs|  MultiPixStream2Bytes|  return value|
|ap_start                       |   in|    1|  ap_ctrl_hs|  MultiPixStream2Bytes|  return value|
|ap_done                        |  out|    1|  ap_ctrl_hs|  MultiPixStream2Bytes|  return value|
|ap_continue                    |   in|    1|  ap_ctrl_hs|  MultiPixStream2Bytes|  return value|
|ap_idle                        |  out|    1|  ap_ctrl_hs|  MultiPixStream2Bytes|  return value|
|ap_ready                       |  out|    1|  ap_ctrl_hs|  MultiPixStream2Bytes|  return value|
|img_dout                       |   in|   60|     ap_fifo|                   img|       pointer|
|img_num_data_valid             |   in|    2|     ap_fifo|                   img|       pointer|
|img_fifo_cap                   |   in|    2|     ap_fifo|                   img|       pointer|
|img_empty_n                    |   in|    1|     ap_fifo|                   img|       pointer|
|img_read                       |  out|    1|     ap_fifo|                   img|       pointer|
|bytePlanes1_din                |  out|  128|     ap_fifo|           bytePlanes1|       pointer|
|bytePlanes1_num_data_valid     |   in|   10|     ap_fifo|           bytePlanes1|       pointer|
|bytePlanes1_fifo_cap           |   in|   10|     ap_fifo|           bytePlanes1|       pointer|
|bytePlanes1_full_n             |   in|    1|     ap_fifo|           bytePlanes1|       pointer|
|bytePlanes1_write              |  out|    1|     ap_fifo|           bytePlanes1|       pointer|
|Height_dout                    |   in|   12|     ap_fifo|                Height|       pointer|
|Height_num_data_valid          |   in|    2|     ap_fifo|                Height|       pointer|
|Height_fifo_cap                |   in|    2|     ap_fifo|                Height|       pointer|
|Height_empty_n                 |   in|    1|     ap_fifo|                Height|       pointer|
|Height_read                    |  out|    1|     ap_fifo|                Height|       pointer|
|WidthInPix_dout                |   in|   12|     ap_fifo|            WidthInPix|       pointer|
|WidthInPix_num_data_valid      |   in|    2|     ap_fifo|            WidthInPix|       pointer|
|WidthInPix_fifo_cap            |   in|    2|     ap_fifo|            WidthInPix|       pointer|
|WidthInPix_empty_n             |   in|    1|     ap_fifo|            WidthInPix|       pointer|
|WidthInPix_read                |  out|    1|     ap_fifo|            WidthInPix|       pointer|
|WidthInBytes_dout              |   in|   15|     ap_fifo|          WidthInBytes|       pointer|
|WidthInBytes_num_data_valid    |   in|    3|     ap_fifo|          WidthInBytes|       pointer|
|WidthInBytes_fifo_cap          |   in|    3|     ap_fifo|          WidthInBytes|       pointer|
|WidthInBytes_empty_n           |   in|    1|     ap_fifo|          WidthInBytes|       pointer|
|WidthInBytes_read              |  out|    1|     ap_fifo|          WidthInBytes|       pointer|
|VideoFormat_dout               |   in|    6|     ap_fifo|           VideoFormat|       pointer|
|VideoFormat_num_data_valid     |   in|    3|     ap_fifo|           VideoFormat|       pointer|
|VideoFormat_fifo_cap           |   in|    3|     ap_fifo|           VideoFormat|       pointer|
|VideoFormat_empty_n            |   in|    1|     ap_fifo|           VideoFormat|       pointer|
|VideoFormat_read               |  out|    1|     ap_fifo|           VideoFormat|       pointer|
|WidthInBytes_c_din             |  out|   15|     ap_fifo|        WidthInBytes_c|       pointer|
|WidthInBytes_c_num_data_valid  |   in|    2|     ap_fifo|        WidthInBytes_c|       pointer|
|WidthInBytes_c_fifo_cap        |   in|    2|     ap_fifo|        WidthInBytes_c|       pointer|
|WidthInBytes_c_full_n          |   in|    1|     ap_fifo|        WidthInBytes_c|       pointer|
|WidthInBytes_c_write           |  out|    1|     ap_fifo|        WidthInBytes_c|       pointer|
|height_c_din                   |  out|   12|     ap_fifo|              height_c|       pointer|
|height_c_num_data_valid        |   in|    2|     ap_fifo|              height_c|       pointer|
|height_c_fifo_cap              |   in|    2|     ap_fifo|              height_c|       pointer|
|height_c_full_n                |   in|    1|     ap_fifo|              height_c|       pointer|
|height_c_write                 |  out|    1|     ap_fifo|              height_c|       pointer|
+-------------------------------+-----+-----+------------+----------------------+--------------+

