

================================================================
== Vitis HLS Report for 'MultiPixStream2Bytes_Pipeline_VITIS_LOOP_930_1'
================================================================
* Date:           Fri Nov 25 21:03:36 2022

* Version:        2022.1 (Build 3526262 on Mon Apr 18 15:48:16 MDT 2022)
* Project:        prj
* Solution:       sol (Vivado IP Flow Target)
* Product family: zynquplus
* Target device:  xck26-sfvc784-2LV-c


================================================================
== Performance Estimates
================================================================
+ Timing: 
    * Summary: 
    +--------+---------+----------+------------+
    |  Clock |  Target | Estimated| Uncertainty|
    +--------+---------+----------+------------+
    |ap_clk  |  6.66 ns|  4.013 ns|     1.80 ns|
    +--------+---------+----------+------------+

+ Latency: 
    * Summary: 
    +---------+---------+-----------+----------+-----+-------+---------+
    |  Latency (cycles) |  Latency (absolute)  |   Interval  | Pipeline|
    |   min   |   max   |    min    |    max   | min |  max  |   Type  |
    +---------+---------+-----------+----------+-----+-------+---------+
    |        3|    32771|  19.989 ns|  0.218 ms|    3|  32771|       no|
    +---------+---------+-----------+----------+-----+-------+---------+

    + Detail: 
        * Instance: 
        N/A

        * Loop: 
        +--------------------+---------+---------+----------+-----------+-----------+----------+----------+
        |                    |  Latency (cycles) | Iteration|  Initiation Interval  |   Trip   |          |
        |      Loop Name     |   min   |   max   |  Latency |  achieved |   target  |   Count  | Pipelined|
        +--------------------+---------+---------+----------+-----------+-----------+----------+----------+
        |- VITIS_LOOP_930_1  |        1|    32769|         9|          8|          8|  0 ~ 4096|       yes|
        +--------------------+---------+---------+----------+-----------+-----------+----------+----------+



================================================================
== Utilization Estimates
================================================================
* Summary: 
+-----------------+---------+------+--------+--------+-----+
|       Name      | BRAM_18K|  DSP |   FF   |   LUT  | URAM|
+-----------------+---------+------+--------+--------+-----+
|DSP              |        -|     -|       -|       -|    -|
|Expression       |        -|     -|       0|     123|    -|
|FIFO             |        -|     -|       -|       -|    -|
|Instance         |        -|     -|       -|       -|    -|
|Memory           |        -|     -|       -|       -|    -|
|Multiplexer      |        -|     -|       -|     303|    -|
|Register         |        -|     -|     289|       -|    -|
+-----------------+---------+------+--------+--------+-----+
|Total            |        0|     0|     289|     426|    0|
+-----------------+---------+------+--------+--------+-----+
|Available        |      288|  1248|  234240|  117120|   64|
+-----------------+---------+------+--------+--------+-----+
|Utilization (%)  |        0|     0|      ~0|      ~0|    0|
+-----------------+---------+------+--------+--------+-----+

+ Detail: 
    * Instance: 
    N/A

    * DSP: 
    N/A

    * Memory: 
    N/A

    * FIFO: 
    N/A

    * Expression: 
    +----------------------------------+----------+----+---+----+------------+------------+
    |           Variable Name          | Operation| DSP| FF| LUT| Bitwidth P0| Bitwidth P1|
    +----------------------------------+----------+----+---+----+------------+------------+
    |x_4_fu_415_p2                     |         +|   0|  0|  19|          12|           1|
    |ap_block_pp0_stage0_01001         |       and|   0|  0|   2|           1|           1|
    |ap_block_pp0_stage1_11001         |       and|   0|  0|   2|           1|           1|
    |ap_block_pp0_stage2_11001         |       and|   0|  0|   2|           1|           1|
    |ap_block_pp0_stage3_11001         |       and|   0|  0|   2|           1|           1|
    |ap_block_pp0_stage4_11001         |       and|   0|  0|   2|           1|           1|
    |ap_block_pp0_stage5_11001         |       and|   0|  0|   2|           1|           1|
    |ap_block_pp0_stage6_11001         |       and|   0|  0|   2|           1|           1|
    |ap_block_pp0_stage7_11001         |       and|   0|  0|   2|           1|           1|
    |ap_block_state2_pp0_stage1_iter0  |       and|   0|  0|   2|           1|           1|
    |ap_block_state3_pp0_stage2_iter0  |       and|   0|  0|   2|           1|           1|
    |ap_block_state4_pp0_stage3_iter0  |       and|   0|  0|   2|           1|           1|
    |ap_block_state5_pp0_stage4_iter0  |       and|   0|  0|   2|           1|           1|
    |ap_block_state6_pp0_stage5_iter0  |       and|   0|  0|   2|           1|           1|
    |ap_block_state7_pp0_stage6_iter0  |       and|   0|  0|   2|           1|           1|
    |ap_block_state8_pp0_stage7_iter0  |       and|   0|  0|   2|           1|           1|
    |ap_condition_277                  |       and|   0|  0|   2|           1|           1|
    |ap_condition_773                  |       and|   0|  0|   2|           1|           1|
    |ap_condition_777                  |       and|   0|  0|   2|           1|           1|
    |ap_condition_781                  |       and|   0|  0|   2|           1|           1|
    |ap_condition_785                  |       and|   0|  0|   2|           1|           1|
    |ap_condition_789                  |       and|   0|  0|   2|           1|           1|
    |ap_condition_794                  |       and|   0|  0|   2|           1|           1|
    |ap_predicate_op101_read_state7    |       and|   0|  0|   2|           1|           1|
    |ap_predicate_op110_read_state8    |       and|   0|  0|   2|           1|           1|
    |ap_predicate_op119_read_state9    |       and|   0|  0|   2|           1|           1|
    |ap_predicate_op49_read_state2     |       and|   0|  0|   2|           1|           1|
    |ap_predicate_op59_read_state3     |       and|   0|  0|   2|           1|           1|
    |ap_predicate_op69_read_state4     |       and|   0|  0|   2|           1|           1|
    |ap_predicate_op83_read_state5     |       and|   0|  0|   2|           1|           1|
    |ap_predicate_op92_read_state6     |       and|   0|  0|   2|           1|           1|
    |cmp101_fu_425_p2                  |      icmp|   0|  0|  12|          13|          13|
    |icmp_ln930_fu_409_p2              |      icmp|   0|  0|  12|          12|          12|
    |ap_block_state9_pp0_stage0_iter1  |        or|   0|  0|   2|           1|           1|
    |or_ln934_1_fu_452_p2              |        or|   0|  0|   2|           1|           1|
    |or_ln934_2_fu_480_p2              |        or|   0|  0|   2|           1|           1|
    |or_ln934_3_fu_508_p2              |        or|   0|  0|   2|           1|           1|
    |or_ln934_4_fu_512_p2              |        or|   0|  0|   2|           1|           1|
    |or_ln934_5_fu_516_p2              |        or|   0|  0|   2|           1|           1|
    |or_ln934_6_fu_520_p2              |        or|   0|  0|   2|           1|           1|
    |or_ln934_7_fu_524_p2              |        or|   0|  0|   2|           1|           1|
    |or_ln934_fu_431_p2                |        or|   0|  0|   2|           1|           1|
    |ap_enable_pp0                     |       xor|   0|  0|   2|           1|           2|
    +----------------------------------+----------+----+---+----+------------+------------+
    |Total                             |          |   0|  0| 123|          77|          67|
    +----------------------------------+----------+----+---+----+------------+------------+

    * Multiplexer: 
    +-------------------------------------------------+----+-----------+-----+-----------+
    |                       Name                      | LUT| Input Size| Bits| Total Bits|
    +-------------------------------------------------+----+-----------+-----+-----------+
    |ap_NS_fsm                                        |  49|          9|    1|          9|
    |ap_done_int                                      |   9|          2|    1|          2|
    |ap_enable_reg_pp0_iter0                          |   9|          2|    1|          2|
    |ap_enable_reg_pp0_iter0_reg                      |   9|          2|    1|          2|
    |ap_enable_reg_pp0_iter1                          |   9|          2|    1|          2|
    |ap_phi_mux_p_0_0_0_0_0124_767_phi_fu_354_p4      |  14|          3|   10|         30|
    |ap_phi_mux_p_0_3_0_0_0130_795_phi_fu_344_p4      |  14|          3|   10|         30|
    |ap_phi_reg_pp0_iter0_p_0_0_0_0_0124_760_reg_310  |   9|          2|   10|         20|
    |ap_phi_reg_pp0_iter0_p_0_0_0_0_0124_761_reg_288  |   9|          2|   10|         20|
    |ap_phi_reg_pp0_iter0_p_0_0_0_0_0124_762_reg_266  |   9|          2|   10|         20|
    |ap_phi_reg_pp0_iter0_p_0_0_0_0_0124_763_reg_244  |   9|          2|   10|         20|
    |ap_phi_reg_pp0_iter0_p_0_0_0_0_0124_764_reg_222  |   9|          2|   10|         20|
    |ap_phi_reg_pp0_iter0_p_0_0_0_0_0124_765_reg_201  |   9|          2|   10|         20|
    |ap_phi_reg_pp0_iter0_p_0_3_0_0_0130_788_reg_299  |   9|          2|   10|         20|
    |ap_phi_reg_pp0_iter0_p_0_3_0_0_0130_789_reg_277  |   9|          2|   10|         20|
    |ap_phi_reg_pp0_iter0_p_0_3_0_0_0130_790_reg_255  |   9|          2|   10|         20|
    |ap_phi_reg_pp0_iter0_p_0_3_0_0_0130_791_reg_233  |   9|          2|   10|         20|
    |ap_phi_reg_pp0_iter0_p_0_3_0_0_0130_792_reg_211  |   9|          2|   10|         20|
    |ap_phi_reg_pp0_iter0_p_0_3_0_0_0130_793_reg_191  |   9|          2|   10|         20|
    |ap_phi_reg_pp0_iter1_p_0_0_0_0_0124_768_reg_331  |  14|          3|   10|         30|
    |ap_phi_reg_pp0_iter1_p_0_3_0_0_0130_787_reg_321  |  14|          3|   10|         30|
    |ap_sig_allocacmp_x_3                             |   9|          2|   12|         24|
    |bytePlanes1_blk_n                                |   9|          2|    1|          2|
    |img_blk_n                                        |   9|          2|    1|          2|
    |p_0_0_0_0_0124_766_fu_98                         |   9|          2|   10|         20|
    |p_0_3_0_0_0130_794_fu_102                        |   9|          2|   10|         20|
    |x_fu_94                                          |   9|          2|   12|         24|
    +-------------------------------------------------+----+-----------+-----+-----------+
    |Total                                            | 303|         65|  211|        469|
    +-------------------------------------------------+----+-----------+-----+-----------+

    * Register: 
    +-------------------------------------------------+----+----+-----+-----------+
    |                       Name                      | FF | LUT| Bits| Const Bits|
    +-------------------------------------------------+----+----+-----+-----------+
    |ap_CS_fsm                                        |   8|   0|    8|          0|
    |ap_done_reg                                      |   1|   0|    1|          0|
    |ap_enable_reg_pp0_iter0_reg                      |   1|   0|    1|          0|
    |ap_enable_reg_pp0_iter1                          |   1|   0|    1|          0|
    |ap_phi_reg_pp0_iter0_p_0_0_0_0_0124_760_reg_310  |  10|   0|   10|          0|
    |ap_phi_reg_pp0_iter0_p_0_0_0_0_0124_761_reg_288  |  10|   0|   10|          0|
    |ap_phi_reg_pp0_iter0_p_0_0_0_0_0124_762_reg_266  |  10|   0|   10|          0|
    |ap_phi_reg_pp0_iter0_p_0_0_0_0_0124_763_reg_244  |  10|   0|   10|          0|
    |ap_phi_reg_pp0_iter0_p_0_0_0_0_0124_764_reg_222  |  10|   0|   10|          0|
    |ap_phi_reg_pp0_iter0_p_0_0_0_0_0124_765_reg_201  |  10|   0|   10|          0|
    |ap_phi_reg_pp0_iter0_p_0_3_0_0_0130_788_reg_299  |  10|   0|   10|          0|
    |ap_phi_reg_pp0_iter0_p_0_3_0_0_0130_789_reg_277  |  10|   0|   10|          0|
    |ap_phi_reg_pp0_iter0_p_0_3_0_0_0130_790_reg_255  |  10|   0|   10|          0|
    |ap_phi_reg_pp0_iter0_p_0_3_0_0_0130_791_reg_233  |  10|   0|   10|          0|
    |ap_phi_reg_pp0_iter0_p_0_3_0_0_0130_792_reg_211  |  10|   0|   10|          0|
    |ap_phi_reg_pp0_iter0_p_0_3_0_0_0130_793_reg_191  |  10|   0|   10|          0|
    |ap_phi_reg_pp0_iter1_p_0_0_0_0_0124_768_reg_331  |  10|   0|   10|          0|
    |ap_phi_reg_pp0_iter1_p_0_3_0_0_0130_787_reg_321  |  10|   0|   10|          0|
    |cmp101_reg_776                                   |   1|   0|    1|          0|
    |icmp_ln930_reg_772                               |   1|   0|    1|          0|
    |or_ln934_1_reg_806                               |   1|   0|    1|          0|
    |or_ln934_2_reg_825                               |   1|   0|    1|          0|
    |or_ln934_3_reg_844                               |   1|   0|    1|          0|
    |or_ln934_4_reg_848                               |   1|   0|    1|          0|
    |or_ln934_5_reg_852                               |   1|   0|    1|          0|
    |or_ln934_6_reg_856                               |   1|   0|    1|          0|
    |or_ln934_7_reg_860                               |   1|   0|    1|          0|
    |or_ln934_reg_787                                 |   1|   0|    1|          0|
    |p_0_0_0_0_0124_766_fu_98                         |  10|   0|   10|          0|
    |p_0_3_0_0_0130_794_fu_102                        |  10|   0|   10|          0|
    |trunc_ln414_10_reg_914                           |   8|   0|    8|          0|
    |trunc_ln414_1_reg_815                            |   8|   0|    8|          0|
    |trunc_ln414_2_reg_829                            |   8|   0|    8|          0|
    |trunc_ln414_3_reg_834                            |   8|   0|    8|          0|
    |trunc_ln414_4_reg_864                            |   8|   0|    8|          0|
    |trunc_ln414_5_reg_869                            |   8|   0|    8|          0|
    |trunc_ln414_6_reg_879                            |   8|   0|    8|          0|
    |trunc_ln414_7_reg_884                            |   8|   0|    8|          0|
    |trunc_ln414_8_reg_894                            |   8|   0|    8|          0|
    |trunc_ln414_9_reg_899                            |   8|   0|    8|          0|
    |trunc_ln414_s_reg_909                            |   8|   0|    8|          0|
    |trunc_ln4_reg_810                                |   8|   0|    8|          0|
    |x_fu_94                                          |  12|   0|   12|          0|
    +-------------------------------------------------+----+----+-----+-----------+
    |Total                                            | 289|   0|  289|          0|
    +-------------------------------------------------+----+----+-----+-----------+



================================================================
== Interface
================================================================
* Summary: 
+-------------------------------+-----+-----+------------+------------------------------------------------+--------------+
|           RTL Ports           | Dir | Bits|  Protocol  |                  Source Object                 |    C Type    |
+-------------------------------+-----+-----+------------+------------------------------------------------+--------------+
|ap_clk                         |   in|    1|  ap_ctrl_hs|  MultiPixStream2Bytes_Pipeline_VITIS_LOOP_930_1|  return value|
|ap_rst                         |   in|    1|  ap_ctrl_hs|  MultiPixStream2Bytes_Pipeline_VITIS_LOOP_930_1|  return value|
|ap_start                       |   in|    1|  ap_ctrl_hs|  MultiPixStream2Bytes_Pipeline_VITIS_LOOP_930_1|  return value|
|ap_done                        |  out|    1|  ap_ctrl_hs|  MultiPixStream2Bytes_Pipeline_VITIS_LOOP_930_1|  return value|
|ap_idle                        |  out|    1|  ap_ctrl_hs|  MultiPixStream2Bytes_Pipeline_VITIS_LOOP_930_1|  return value|
|ap_ready                       |  out|    1|  ap_ctrl_hs|  MultiPixStream2Bytes_Pipeline_VITIS_LOOP_930_1|  return value|
|img_dout                       |   in|   60|     ap_fifo|                                             img|       pointer|
|img_num_data_valid             |   in|    2|     ap_fifo|                                             img|       pointer|
|img_fifo_cap                   |   in|    2|     ap_fifo|                                             img|       pointer|
|img_empty_n                    |   in|    1|     ap_fifo|                                             img|       pointer|
|img_read                       |  out|    1|     ap_fifo|                                             img|       pointer|
|p_0_3_0_0_0130_795_lcssa125    |   in|   10|     ap_none|                     p_0_3_0_0_0130_795_lcssa125|        scalar|
|p_0_0_0_0_0124_767_lcssa116    |   in|   10|     ap_none|                     p_0_0_0_0_0124_767_lcssa116|        scalar|
|trunc_ln915_1                  |   in|   12|     ap_none|                                   trunc_ln915_1|        scalar|
|bytePlanes1_din                |  out|  128|     ap_fifo|                                     bytePlanes1|       pointer|
|bytePlanes1_num_data_valid     |   in|   10|     ap_fifo|                                     bytePlanes1|       pointer|
|bytePlanes1_fifo_cap           |   in|   10|     ap_fifo|                                     bytePlanes1|       pointer|
|bytePlanes1_full_n             |   in|    1|     ap_fifo|                                     bytePlanes1|       pointer|
|bytePlanes1_write              |  out|    1|     ap_fifo|                                     bytePlanes1|       pointer|
|icmp_ln920                     |   in|    1|     ap_none|                                      icmp_ln920|        scalar|
|cmp103_6                       |   in|    1|     ap_none|                                        cmp103_6|        scalar|
|cmp103_5                       |   in|    1|     ap_none|                                        cmp103_5|        scalar|
|cmp103_4                       |   in|    1|     ap_none|                                        cmp103_4|        scalar|
|cmp103_3                       |   in|    1|     ap_none|                                        cmp103_3|        scalar|
|cmp103_2                       |   in|    1|     ap_none|                                        cmp103_2|        scalar|
|cmp103_1                       |   in|    1|     ap_none|                                        cmp103_1|        scalar|
|sub100_cast43                  |   in|   12|     ap_none|                                   sub100_cast43|        scalar|
|cmp103                         |   in|    1|     ap_none|                                          cmp103|        scalar|
|p_0_3_0_0_0130_794_out         |  out|   10|      ap_vld|                          p_0_3_0_0_0130_794_out|       pointer|
|p_0_3_0_0_0130_794_out_ap_vld  |  out|    1|      ap_vld|                          p_0_3_0_0_0130_794_out|       pointer|
|p_0_0_0_0_0124_766_out         |  out|   10|      ap_vld|                          p_0_0_0_0_0124_766_out|       pointer|
|p_0_0_0_0_0124_766_out_ap_vld  |  out|    1|      ap_vld|                          p_0_0_0_0_0124_766_out|       pointer|
+-------------------------------+-----+-----+------------+------------------------------------------------+--------------+

